[1.814s] Invoking command in '/home/jack/ros2_ws/src/DoosanBootcamp3rd/m0609_block_assembly_rl': PYTHONPATH=/home/jack/ros2_ws/build/m0609_block_assembly_rl/prefix_override:/home/jack/.local/lib/python3.10/site-packages/colcon_core/task/python/colcon_distutils_commands:/home/jack/ros2_ws/install/m0609_block_assembly_rl/lib/python3.10/site-packages:${PYTHONPATH} /usr/bin/python3 -W ignore:setup.py install is deprecated -W ignore:easy_install command is deprecated setup.py egg_info --egg-base ../../../build/m0609_block_assembly_rl build --build-base /home/jack/ros2_ws/build/m0609_block_assembly_rl/build install --record /home/jack/ros2_ws/build/m0609_block_assembly_rl/install.log --single-version-externally-managed install_data
[2.146s] running egg_info
[2.147s] writing ../../../build/m0609_block_assembly_rl/m0609_block_assembly_rl.egg-info/PKG-INFO
[2.147s] writing dependency_links to ../../../build/m0609_block_assembly_rl/m0609_block_assembly_rl.egg-info/dependency_links.txt
[2.147s] writing entry points to ../../../build/m0609_block_assembly_rl/m0609_block_assembly_rl.egg-info/entry_points.txt
[2.147s] writing requirements to ../../../build/m0609_block_assembly_rl/m0609_block_assembly_rl.egg-info/requires.txt
[2.147s] writing top-level names to ../../../build/m0609_block_assembly_rl/m0609_block_assembly_rl.egg-info/top_level.txt
[2.150s] reading manifest file '../../../build/m0609_block_assembly_rl/m0609_block_assembly_rl.egg-info/SOURCES.txt'
[2.151s] writing manifest file '../../../build/m0609_block_assembly_rl/m0609_block_assembly_rl.egg-info/SOURCES.txt'
[2.151s] running build
[2.151s] running build_py
[2.153s] running install
[2.154s] running install_lib
[2.156s] running install_data
[2.157s] running install_egg_info
[2.159s] removing '/home/jack/ros2_ws/install/m0609_block_assembly_rl/lib/python3.10/site-packages/m0609_block_assembly_rl-0.0.0-py3.10.egg-info' (and everything under it)
[2.159s] Copying ../../../build/m0609_block_assembly_rl/m0609_block_assembly_rl.egg-info to /home/jack/ros2_ws/install/m0609_block_assembly_rl/lib/python3.10/site-packages/m0609_block_assembly_rl-0.0.0-py3.10.egg-info
[2.160s] running install_scripts
[2.185s] Installing soma_demo script to /home/jack/ros2_ws/install/m0609_block_assembly_rl/lib/m0609_block_assembly_rl
[2.185s] Installing soma_rl_node script to /home/jack/ros2_ws/install/m0609_block_assembly_rl/lib/m0609_block_assembly_rl
[2.185s] Installing soma_train script to /home/jack/ros2_ws/install/m0609_block_assembly_rl/lib/m0609_block_assembly_rl
[2.185s] Installing soma_validation script to /home/jack/ros2_ws/install/m0609_block_assembly_rl/lib/m0609_block_assembly_rl
[2.186s] writing list of installed files to '/home/jack/ros2_ws/build/m0609_block_assembly_rl/install.log'
[2.233s] Invoked command in '/home/jack/ros2_ws/src/DoosanBootcamp3rd/m0609_block_assembly_rl' returned '0': PYTHONPATH=/home/jack/ros2_ws/build/m0609_block_assembly_rl/prefix_override:/home/jack/.local/lib/python3.10/site-packages/colcon_core/task/python/colcon_distutils_commands:/home/jack/ros2_ws/install/m0609_block_assembly_rl/lib/python3.10/site-packages:${PYTHONPATH} /usr/bin/python3 -W ignore:setup.py install is deprecated -W ignore:easy_install command is deprecated setup.py egg_info --egg-base ../../../build/m0609_block_assembly_rl build --build-base /home/jack/ros2_ws/build/m0609_block_assembly_rl/build install --record /home/jack/ros2_ws/build/m0609_block_assembly_rl/install.log --single-version-externally-managed install_data
