[0.040s] Invoking command in '/home/jack/ros2_ws/build/dsr_moveit_config_m1013': CMAKE_PREFIX_PATH=/opt/ros/humble /usr/bin/cmake /home/jack/ros2_ws/src/DoosanBootcamp3rd/dsr_moveit2/dsr_moveit_config_m1013 -DCMAKE_INSTALL_PREFIX=/home/jack/ros2_ws/install/dsr_moveit_config_m1013
[0.737s] -- The C compiler identification is GNU 11.4.0
[0.737s] -- The CXX compiler identification is GNU 11.4.0
[0.737s] -- Detecting C compiler ABI info
[0.737s] -- Detecting C compiler ABI info - done
[0.737s] -- Check for working C compiler: /usr/bin/cc - skipped
[0.737s] -- Detecting C compile features
[0.737s] -- Detecting C compile features - done
[0.738s] -- Detecting CXX compiler ABI info
[0.738s] -- Detecting CXX compiler ABI info - done
[0.738s] -- Check for working CXX compiler: /usr/bin/c++ - skipped
[0.738s] -- Detecting CXX compile features
[0.738s] -- Detecting CXX compile features - done
[0.738s] -- Found ament_cmake: 1.3.11 (/opt/ros/humble/share/ament_cmake/cmake)
[0.738s] -- Found Python3: /usr/bin/python3 (found version "3.10.12") found components: Interpreter 
[0.738s] -- Configuring done
[0.738s] -- Generating done
[0.738s] -- Build files have been written to: /home/jack/ros2_ws/build/dsr_moveit_config_m1013
[0.755s] Invoked command in '/home/jack/ros2_ws/build/dsr_moveit_config_m1013' returned '0': CMAKE_PREFIX_PATH=/opt/ros/humble /usr/bin/cmake /home/jack/ros2_ws/src/DoosanBootcamp3rd/dsr_moveit2/dsr_moveit_config_m1013 -DCMAKE_INSTALL_PREFIX=/home/jack/ros2_ws/install/dsr_moveit_config_m1013
[0.755s] Invoking command in '/home/jack/ros2_ws/build/dsr_moveit_config_m1013': CMAKE_PREFIX_PATH=/opt/ros/humble /usr/bin/cmake --build /home/jack/ros2_ws/build/dsr_moveit_config_m1013 -- -j16 -l16
[0.780s] Invoked command in '/home/jack/ros2_ws/build/dsr_moveit_config_m1013' returned '0': CMAKE_PREFIX_PATH=/opt/ros/humble /usr/bin/cmake --build /home/jack/ros2_ws/build/dsr_moveit_config_m1013 -- -j16 -l16
[0.782s] Invoking command in '/home/jack/ros2_ws/build/dsr_moveit_config_m1013': CMAKE_PREFIX_PATH=/opt/ros/humble /usr/bin/cmake --install /home/jack/ros2_ws/build/dsr_moveit_config_m1013
[0.824s] -- Install configuration: ""
[0.866s] -- Installing: /home/jack/ros2_ws/install/dsr_moveit_config_m1013/share/ament_index/resource_index/package_run_dependencies/dsr_moveit_config_m1013
[0.866s] -- Installing: /home/jack/ros2_ws/install/dsr_moveit_config_m1013/share/ament_index/resource_index/parent_prefix_path/dsr_moveit_config_m1013
[0.866s] -- Installing: /home/jack/ros2_ws/install/dsr_moveit_config_m1013/share/dsr_moveit_config_m1013/environment/ament_prefix_path.sh
[0.867s] -- Installing: /home/jack/ros2_ws/install/dsr_moveit_config_m1013/share/dsr_moveit_config_m1013/environment/ament_prefix_path.dsv
[0.867s] -- Installing: /home/jack/ros2_ws/install/dsr_moveit_config_m1013/share/dsr_moveit_config_m1013/environment/path.sh
[0.867s] -- Installing: /home/jack/ros2_ws/install/dsr_moveit_config_m1013/share/dsr_moveit_config_m1013/environment/path.dsv
[0.867s] -- Installing: /home/jack/ros2_ws/install/dsr_moveit_config_m1013/share/dsr_moveit_config_m1013/local_setup.bash
[0.867s] -- Installing: /home/jack/ros2_ws/install/dsr_moveit_config_m1013/share/dsr_moveit_config_m1013/local_setup.sh
[0.868s] -- Installing: /home/jack/ros2_ws/install/dsr_moveit_config_m1013/share/dsr_moveit_config_m1013/local_setup.zsh
[0.868s] -- Installing: /home/jack/ros2_ws/install/dsr_moveit_config_m1013/share/dsr_moveit_config_m1013/local_setup.dsv
[0.868s] -- Installing: /home/jack/ros2_ws/install/dsr_moveit_config_m1013/share/dsr_moveit_config_m1013/package.dsv
[0.869s] -- Installing: /home/jack/ros2_ws/install/dsr_moveit_config_m1013/share/ament_index/resource_index/packages/dsr_moveit_config_m1013
[0.869s] -- Installing: /home/jack/ros2_ws/install/dsr_moveit_config_m1013/share/dsr_moveit_config_m1013/cmake/dsr_moveit_config_m1013Config.cmake
[0.869s] -- Installing: /home/jack/ros2_ws/install/dsr_moveit_config_m1013/share/dsr_moveit_config_m1013/cmake/dsr_moveit_config_m1013Config-version.cmake
[0.869s] -- Installing: /home/jack/ros2_ws/install/dsr_moveit_config_m1013/share/dsr_moveit_config_m1013/package.xml
[0.869s] -- Installing: /home/jack/ros2_ws/install/dsr_moveit_config_m1013/share/dsr_moveit_config_m1013/launch
[0.869s] -- Installing: /home/jack/ros2_ws/install/dsr_moveit_config_m1013/share/dsr_moveit_config_m1013/launch/demo.launch.py
[0.869s] -- Installing: /home/jack/ros2_ws/install/dsr_moveit_config_m1013/share/dsr_moveit_config_m1013/launch/start.launch.py
[0.870s] -- Installing: /home/jack/ros2_ws/install/dsr_moveit_config_m1013/share/dsr_moveit_config_m1013/launch/moveit.rviz
[0.870s] -- Installing: /home/jack/ros2_ws/install/dsr_moveit_config_m1013/share/dsr_moveit_config_m1013/config
[0.870s] -- Installing: /home/jack/ros2_ws/install/dsr_moveit_config_m1013/share/dsr_moveit_config_m1013/config/pilz_cartesian_limits.yaml
[0.870s] -- Installing: /home/jack/ros2_ws/install/dsr_moveit_config_m1013/share/dsr_moveit_config_m1013/config/dsr.ros2_control.xacro
[0.870s] -- Installing: /home/jack/ros2_ws/install/dsr_moveit_config_m1013/share/dsr_moveit_config_m1013/config/kinematics.yaml
[0.870s] -- Installing: /home/jack/ros2_ws/install/dsr_moveit_config_m1013/share/dsr_moveit_config_m1013/config/sensors_3d.yaml
[0.870s] -- Installing: /home/jack/ros2_ws/install/dsr_moveit_config_m1013/share/dsr_moveit_config_m1013/config/joint_limits.yaml
[0.870s] -- Installing: /home/jack/ros2_ws/install/dsr_moveit_config_m1013/share/dsr_moveit_config_m1013/config/chomp_planning.yaml
[0.871s] -- Installing: /home/jack/ros2_ws/install/dsr_moveit_config_m1013/share/dsr_moveit_config_m1013/config/m1013.urdf.xacro
[0.871s] -- Installing: /home/jack/ros2_ws/install/dsr_moveit_config_m1013/share/dsr_moveit_config_m1013/config/initial_positions.yaml
[0.871s] -- Installing: /home/jack/ros2_ws/install/dsr_moveit_config_m1013/share/dsr_moveit_config_m1013/config/dsr.srdf
[0.871s] -- Installing: /home/jack/ros2_ws/install/dsr_moveit_config_m1013/share/dsr_moveit_config_m1013/config/moveit_controllers.yaml
[0.872s] -- Installing: /home/jack/ros2_ws/install/dsr_moveit_config_m1013/share/dsr_moveit_config_m1013/config/ompl_planning.yaml
[0.872s] -- Installing: /home/jack/ros2_ws/install/dsr_moveit_config_m1013/share/dsr_moveit_config_m1013/config/ros2_controllers.yaml
[0.872s] -- Installing: /home/jack/ros2_ws/install/dsr_moveit_config_m1013/share/dsr_moveit_config_m1013/.setup_assistant
[0.913s] Invoked command in '/home/jack/ros2_ws/build/dsr_moveit_config_m1013' returned '0': CMAKE_PREFIX_PATH=/opt/ros/humble /usr/bin/cmake --install /home/jack/ros2_ws/build/dsr_moveit_config_m1013
