running egg_info
creating ../../../build/dsr_bringup2/dsr_bringup2.egg-info
writing ../../../build/dsr_bringup2/dsr_bringup2.egg-info/PKG-INFO
writing dependency_links to ../../../build/dsr_bringup2/dsr_bringup2.egg-info/dependency_links.txt
writing entry points to ../../../build/dsr_bringup2/dsr_bringup2.egg-info/entry_points.txt
writing requirements to ../../../build/dsr_bringup2/dsr_bringup2.egg-info/requires.txt
writing top-level names to ../../../build/dsr_bringup2/dsr_bringup2.egg-info/top_level.txt
writing manifest file '../../../build/dsr_bringup2/dsr_bringup2.egg-info/SOURCES.txt'
reading manifest file '../../../build/dsr_bringup2/dsr_bringup2.egg-info/SOURCES.txt'
writing manifest file '../../../build/dsr_bringup2/dsr_bringup2.egg-info/SOURCES.txt'
running build
running build_py
creating /home/jack/ros2_ws/build/dsr_bringup2/build
creating /home/jack/ros2_ws/build/dsr_bringup2/build/lib
creating /home/jack/ros2_ws/build/dsr_bringup2/build/lib/dsr_bringup2
copying dsr_bringup2/moveit_connection.py -> /home/jack/ros2_ws/build/dsr_bringup2/build/lib/dsr_bringup2
copying dsr_bringup2/gazebo_connection_pos.py -> /home/jack/ros2_ws/build/dsr_bringup2/build/lib/dsr_bringup2
copying dsr_bringup2/__init__.py -> /home/jack/ros2_ws/build/dsr_bringup2/build/lib/dsr_bringup2
copying dsr_bringup2/set_config.py -> /home/jack/ros2_ws/build/dsr_bringup2/build/lib/dsr_bringup2
copying dsr_bringup2/gazebo_connection.py -> /home/jack/ros2_ws/build/dsr_bringup2/build/lib/dsr_bringup2
copying dsr_bringup2/run_emulator.py -> /home/jack/ros2_ws/build/dsr_bringup2/build/lib/dsr_bringup2
running install
running install_lib
creating /home/jack/ros2_ws/install/dsr_bringup2/lib/python3.10/site-packages/dsr_bringup2
copying /home/jack/ros2_ws/build/dsr_bringup2/build/lib/dsr_bringup2/moveit_connection.py -> /home/jack/ros2_ws/install/dsr_bringup2/lib/python3.10/site-packages/dsr_bringup2
copying /home/jack/ros2_ws/build/dsr_bringup2/build/lib/dsr_bringup2/gazebo_connection_pos.py -> /home/jack/ros2_ws/install/dsr_bringup2/lib/python3.10/site-packages/dsr_bringup2
copying /home/jack/ros2_ws/build/dsr_bringup2/build/lib/dsr_bringup2/__init__.py -> /home/jack/ros2_ws/install/dsr_bringup2/lib/python3.10/site-packages/dsr_bringup2
copying /home/jack/ros2_ws/build/dsr_bringup2/build/lib/dsr_bringup2/set_config.py -> /home/jack/ros2_ws/install/dsr_bringup2/lib/python3.10/site-packages/dsr_bringup2
copying /home/jack/ros2_ws/build/dsr_bringup2/build/lib/dsr_bringup2/gazebo_connection.py -> /home/jack/ros2_ws/install/dsr_bringup2/lib/python3.10/site-packages/dsr_bringup2
copying /home/jack/ros2_ws/build/dsr_bringup2/build/lib/dsr_bringup2/run_emulator.py -> /home/jack/ros2_ws/install/dsr_bringup2/lib/python3.10/site-packages/dsr_bringup2
byte-compiling /home/jack/ros2_ws/install/dsr_bringup2/lib/python3.10/site-packages/dsr_bringup2/moveit_connection.py to moveit_connection.cpython-310.pyc
byte-compiling /home/jack/ros2_ws/install/dsr_bringup2/lib/python3.10/site-packages/dsr_bringup2/gazebo_connection_pos.py to gazebo_connection_pos.cpython-310.pyc
byte-compiling /home/jack/ros2_ws/install/dsr_bringup2/lib/python3.10/site-packages/dsr_bringup2/__init__.py to __init__.cpython-310.pyc
byte-compiling /home/jack/ros2_ws/install/dsr_bringup2/lib/python3.10/site-packages/dsr_bringup2/set_config.py to set_config.cpython-310.pyc
byte-compiling /home/jack/ros2_ws/install/dsr_bringup2/lib/python3.10/site-packages/dsr_bringup2/gazebo_connection.py to gazebo_connection.cpython-310.pyc
byte-compiling /home/jack/ros2_ws/install/dsr_bringup2/lib/python3.10/site-packages/dsr_bringup2/run_emulator.py to run_emulator.cpython-310.pyc
running install_data
creating /home/jack/ros2_ws/install/dsr_bringup2/share/ament_index
creating /home/jack/ros2_ws/install/dsr_bringup2/share/ament_index/resource_index
creating /home/jack/ros2_ws/install/dsr_bringup2/share/ament_index/resource_index/packages
copying resource/dsr_bringup2 -> /home/jack/ros2_ws/install/dsr_bringup2/share/ament_index/resource_index/packages
copying package.xml -> /home/jack/ros2_ws/install/dsr_bringup2/share/dsr_bringup2
creating /home/jack/ros2_ws/install/dsr_bringup2/share/dsr_bringup2/launch
copying launch/dsr_bringup2_moveit.launch.py -> /home/jack/ros2_ws/install/dsr_bringup2/share/dsr_bringup2/launch
copying launch/dsr_bringup2_spawn_on_gazebo.launch.py -> /home/jack/ros2_ws/install/dsr_bringup2/share/dsr_bringup2/launch
copying launch/dsr_bringup2_gazebo.launch.py -> /home/jack/ros2_ws/install/dsr_bringup2/share/dsr_bringup2/launch
copying launch/dsr_bringup2_rviz.launch.py -> /home/jack/ros2_ws/install/dsr_bringup2/share/dsr_bringup2/launch
creating /home/jack/ros2_ws/install/dsr_bringup2/share/dsr_bringup2/rviz
copying rviz/default.rviz -> /home/jack/ros2_ws/install/dsr_bringup2/share/dsr_bringup2/rviz
running install_egg_info
Copying ../../../build/dsr_bringup2/dsr_bringup2.egg-info to /home/jack/ros2_ws/install/dsr_bringup2/lib/python3.10/site-packages/dsr_bringup2-0.1.2-py3.10.egg-info
running install_scripts
Installing gazebo_connection script to /home/jack/ros2_ws/install/dsr_bringup2/lib/dsr_bringup2
Installing moveit_connection script to /home/jack/ros2_ws/install/dsr_bringup2/lib/dsr_bringup2
Installing run_emulator script to /home/jack/ros2_ws/install/dsr_bringup2/lib/dsr_bringup2
Installing set_config script to /home/jack/ros2_ws/install/dsr_bringup2/lib/dsr_bringup2
writing list of installed files to '/home/jack/ros2_ws/build/dsr_bringup2/install.log'
