[0.701s] Invoking command in '/home/jack/ros2_ws/src/DoosanBootcamp3rd/dsr_bringup2': AMENT_PREFIX_PATH=/home/jack/ros2_ws/install/dsr_msgs2:${AMENT_PREFIX_PATH} CMAKE_PREFIX_PATH=/home/jack/ros2_ws/install/dsr_msgs2 LD_LIBRARY_PATH=/home/jack/ros2_ws/install/dsr_msgs2/lib:${LD_LIBRARY_PATH} PYTHONPATH=/home/jack/ros2_ws/build/dsr_bringup2/prefix_override:/home/jack/.local/lib/python3.10/site-packages/colcon_core/task/python/colcon_distutils_commands:/home/jack/ros2_ws/install/dsr_bringup2/lib/python3.10/site-packages:/home/jack/ros2_ws/install/dsr_msgs2/local/lib/python3.10/dist-packages:${PYTHONPATH} /usr/bin/python3 -W ignore:setup.py install is deprecated -W ignore:easy_install command is deprecated setup.py egg_info --egg-base ../../../build/dsr_bringup2 build --build-base /home/jack/ros2_ws/build/dsr_bringup2/build install --record /home/jack/ros2_ws/build/dsr_bringup2/install.log --single-version-externally-managed install_data
[0.897s] running egg_info
[0.898s] creating ../../../build/dsr_bringup2/dsr_bringup2.egg-info
[0.898s] writing ../../../build/dsr_bringup2/dsr_bringup2.egg-info/PKG-INFO
[0.898s] writing dependency_links to ../../../build/dsr_bringup2/dsr_bringup2.egg-info/dependency_links.txt
[0.898s] writing entry points to ../../../build/dsr_bringup2/dsr_bringup2.egg-info/entry_points.txt
[0.898s] writing requirements to ../../../build/dsr_bringup2/dsr_bringup2.egg-info/requires.txt
[0.898s] writing top-level names to ../../../build/dsr_bringup2/dsr_bringup2.egg-info/top_level.txt
[0.898s] writing manifest file '../../../build/dsr_bringup2/dsr_bringup2.egg-info/SOURCES.txt'
[0.899s] reading manifest file '../../../build/dsr_bringup2/dsr_bringup2.egg-info/SOURCES.txt'
[0.900s] writing manifest file '../../../build/dsr_bringup2/dsr_bringup2.egg-info/SOURCES.txt'
[0.900s] running build
[0.900s] running build_py
[0.900s] creating /home/jack/ros2_ws/build/dsr_bringup2/build
[0.900s] creating /home/jack/ros2_ws/build/dsr_bringup2/build/lib
[0.900s] creating /home/jack/ros2_ws/build/dsr_bringup2/build/lib/dsr_bringup2
[0.900s] copying dsr_bringup2/moveit_connection.py -> /home/jack/ros2_ws/build/dsr_bringup2/build/lib/dsr_bringup2
[0.900s] copying dsr_bringup2/gazebo_connection_pos.py -> /home/jack/ros2_ws/build/dsr_bringup2/build/lib/dsr_bringup2
[0.901s] copying dsr_bringup2/__init__.py -> /home/jack/ros2_ws/build/dsr_bringup2/build/lib/dsr_bringup2
[0.901s] copying dsr_bringup2/set_config.py -> /home/jack/ros2_ws/build/dsr_bringup2/build/lib/dsr_bringup2
[0.901s] copying dsr_bringup2/gazebo_connection.py -> /home/jack/ros2_ws/build/dsr_bringup2/build/lib/dsr_bringup2
[0.901s] copying dsr_bringup2/run_emulator.py -> /home/jack/ros2_ws/build/dsr_bringup2/build/lib/dsr_bringup2
[0.901s] running install
[0.901s] running install_lib
[0.901s] creating /home/jack/ros2_ws/install/dsr_bringup2/lib/python3.10/site-packages/dsr_bringup2
[0.901s] copying /home/jack/ros2_ws/build/dsr_bringup2/build/lib/dsr_bringup2/moveit_connection.py -> /home/jack/ros2_ws/install/dsr_bringup2/lib/python3.10/site-packages/dsr_bringup2
[0.901s] copying /home/jack/ros2_ws/build/dsr_bringup2/build/lib/dsr_bringup2/gazebo_connection_pos.py -> /home/jack/ros2_ws/install/dsr_bringup2/lib/python3.10/site-packages/dsr_bringup2
[0.901s] copying /home/jack/ros2_ws/build/dsr_bringup2/build/lib/dsr_bringup2/__init__.py -> /home/jack/ros2_ws/install/dsr_bringup2/lib/python3.10/site-packages/dsr_bringup2
[0.901s] copying /home/jack/ros2_ws/build/dsr_bringup2/build/lib/dsr_bringup2/set_config.py -> /home/jack/ros2_ws/install/dsr_bringup2/lib/python3.10/site-packages/dsr_bringup2
[0.902s] copying /home/jack/ros2_ws/build/dsr_bringup2/build/lib/dsr_bringup2/gazebo_connection.py -> /home/jack/ros2_ws/install/dsr_bringup2/lib/python3.10/site-packages/dsr_bringup2
[0.902s] copying /home/jack/ros2_ws/build/dsr_bringup2/build/lib/dsr_bringup2/run_emulator.py -> /home/jack/ros2_ws/install/dsr_bringup2/lib/python3.10/site-packages/dsr_bringup2
[0.902s] byte-compiling /home/jack/ros2_ws/install/dsr_bringup2/lib/python3.10/site-packages/dsr_bringup2/moveit_connection.py to moveit_connection.cpython-310.pyc
[0.903s] byte-compiling /home/jack/ros2_ws/install/dsr_bringup2/lib/python3.10/site-packages/dsr_bringup2/gazebo_connection_pos.py to gazebo_connection_pos.cpython-310.pyc
[0.903s] byte-compiling /home/jack/ros2_ws/install/dsr_bringup2/lib/python3.10/site-packages/dsr_bringup2/__init__.py to __init__.cpython-310.pyc
[0.903s] byte-compiling /home/jack/ros2_ws/install/dsr_bringup2/lib/python3.10/site-packages/dsr_bringup2/set_config.py to set_config.cpython-310.pyc
[0.903s] byte-compiling /home/jack/ros2_ws/install/dsr_bringup2/lib/python3.10/site-packages/dsr_bringup2/gazebo_connection.py to gazebo_connection.cpython-310.pyc
[0.904s] byte-compiling /home/jack/ros2_ws/install/dsr_bringup2/lib/python3.10/site-packages/dsr_bringup2/run_emulator.py to run_emulator.cpython-310.pyc
[0.904s] running install_data
[0.904s] creating /home/jack/ros2_ws/install/dsr_bringup2/share/ament_index
[0.904s] creating /home/jack/ros2_ws/install/dsr_bringup2/share/ament_index/resource_index
[0.904s] creating /home/jack/ros2_ws/install/dsr_bringup2/share/ament_index/resource_index/packages
[0.904s] copying resource/dsr_bringup2 -> /home/jack/ros2_ws/install/dsr_bringup2/share/ament_index/resource_index/packages
[0.905s] copying package.xml -> /home/jack/ros2_ws/install/dsr_bringup2/share/dsr_bringup2
[0.905s] creating /home/jack/ros2_ws/install/dsr_bringup2/share/dsr_bringup2/launch
[0.905s] copying launch/dsr_bringup2_moveit.launch.py -> /home/jack/ros2_ws/install/dsr_bringup2/share/dsr_bringup2/launch
[0.905s] copying launch/dsr_bringup2_spawn_on_gazebo.launch.py -> /home/jack/ros2_ws/install/dsr_bringup2/share/dsr_bringup2/launch
[0.905s] copying launch/dsr_bringup2_gazebo.launch.py -> /home/jack/ros2_ws/install/dsr_bringup2/share/dsr_bringup2/launch
[0.905s] copying launch/dsr_bringup2_rviz.launch.py -> /home/jack/ros2_ws/install/dsr_bringup2/share/dsr_bringup2/launch
[0.905s] creating /home/jack/ros2_ws/install/dsr_bringup2/share/dsr_bringup2/rviz
[0.905s] copying rviz/default.rviz -> /home/jack/ros2_ws/install/dsr_bringup2/share/dsr_bringup2/rviz
[0.905s] running install_egg_info
[0.906s] Copying ../../../build/dsr_bringup2/dsr_bringup2.egg-info to /home/jack/ros2_ws/install/dsr_bringup2/lib/python3.10/site-packages/dsr_bringup2-0.1.2-py3.10.egg-info
[0.907s] running install_scripts
[0.919s] Installing gazebo_connection script to /home/jack/ros2_ws/install/dsr_bringup2/lib/dsr_bringup2
[0.919s] Installing moveit_connection script to /home/jack/ros2_ws/install/dsr_bringup2/lib/dsr_bringup2
[0.919s] Installing run_emulator script to /home/jack/ros2_ws/install/dsr_bringup2/lib/dsr_bringup2
[0.919s] Installing set_config script to /home/jack/ros2_ws/install/dsr_bringup2/lib/dsr_bringup2
[0.920s] writing list of installed files to '/home/jack/ros2_ws/build/dsr_bringup2/install.log'
[0.934s] Invoked command in '/home/jack/ros2_ws/src/DoosanBootcamp3rd/dsr_bringup2' returned '0': AMENT_PREFIX_PATH=/home/jack/ros2_ws/install/dsr_msgs2:${AMENT_PREFIX_PATH} CMAKE_PREFIX_PATH=/home/jack/ros2_ws/install/dsr_msgs2 LD_LIBRARY_PATH=/home/jack/ros2_ws/install/dsr_msgs2/lib:${LD_LIBRARY_PATH} PYTHONPATH=/home/jack/ros2_ws/build/dsr_bringup2/prefix_override:/home/jack/.local/lib/python3.10/site-packages/colcon_core/task/python/colcon_distutils_commands:/home/jack/ros2_ws/install/dsr_bringup2/lib/python3.10/site-packages:/home/jack/ros2_ws/install/dsr_msgs2/local/lib/python3.10/dist-packages:${PYTHONPATH} /usr/bin/python3 -W ignore:setup.py install is deprecated -W ignore:easy_install command is deprecated setup.py egg_info --egg-base ../../../build/dsr_bringup2 build --build-base /home/jack/ros2_ws/build/dsr_bringup2/build install --record /home/jack/ros2_ws/build/dsr_bringup2/install.log --single-version-externally-managed install_data
