running egg_info
creating ../../../../build/pick_and_place_voice/pick_and_place_voice.egg-info
writing ../../../../build/pick_and_place_voice/pick_and_place_voice.egg-info/PKG-INFO
writing dependency_links to ../../../../build/pick_and_place_voice/pick_and_place_voice.egg-info/dependency_links.txt
writing entry points to ../../../../build/pick_and_place_voice/pick_and_place_voice.egg-info/entry_points.txt
writing requirements to ../../../../build/pick_and_place_voice/pick_and_place_voice.egg-info/requires.txt
writing top-level names to ../../../../build/pick_and_place_voice/pick_and_place_voice.egg-info/top_level.txt
writing manifest file '../../../../build/pick_and_place_voice/pick_and_place_voice.egg-info/SOURCES.txt'
reading manifest file '../../../../build/pick_and_place_voice/pick_and_place_voice.egg-info/SOURCES.txt'
writing manifest file '../../../../build/pick_and_place_voice/pick_and_place_voice.egg-info/SOURCES.txt'
running build
running build_py
creating /home/jack/ros2_ws/build/pick_and_place_voice/build
creating /home/jack/ros2_ws/build/pick_and_place_voice/build/lib
creating /home/jack/ros2_ws/build/pick_and_place_voice/build/lib/object_detection
copying object_detection/yolo.py -> /home/jack/ros2_ws/build/pick_and_place_voice/build/lib/object_detection
copying object_detection/detection.py -> /home/jack/ros2_ws/build/pick_and_place_voice/build/lib/object_detection
copying object_detection/realsense.py -> /home/jack/ros2_ws/build/pick_and_place_voice/build/lib/object_detection
copying object_detection/__init__.py -> /home/jack/ros2_ws/build/pick_and_place_voice/build/lib/object_detection
creating /home/jack/ros2_ws/build/pick_and_place_voice/build/lib/robot_control
copying robot_control/robot_control.py -> /home/jack/ros2_ws/build/pick_and_place_voice/build/lib/robot_control
copying robot_control/__init__.py -> /home/jack/ros2_ws/build/pick_and_place_voice/build/lib/robot_control
copying robot_control/onrobot.py -> /home/jack/ros2_ws/build/pick_and_place_voice/build/lib/robot_control
creating /home/jack/ros2_ws/build/pick_and_place_voice/build/lib/voice_processing
copying voice_processing/wakeup_word.py -> /home/jack/ros2_ws/build/pick_and_place_voice/build/lib/voice_processing
copying voice_processing/stt.py -> /home/jack/ros2_ws/build/pick_and_place_voice/build/lib/voice_processing
copying voice_processing/__init__.py -> /home/jack/ros2_ws/build/pick_and_place_voice/build/lib/voice_processing
copying voice_processing/MicController.py -> /home/jack/ros2_ws/build/pick_and_place_voice/build/lib/voice_processing
copying voice_processing/get_keyword.py -> /home/jack/ros2_ws/build/pick_and_place_voice/build/lib/voice_processing
running install
running install_lib
creating /home/jack/ros2_ws/install/pick_and_place_voice/lib/python3.10/site-packages/object_detection
copying /home/jack/ros2_ws/build/pick_and_place_voice/build/lib/object_detection/yolo.py -> /home/jack/ros2_ws/install/pick_and_place_voice/lib/python3.10/site-packages/object_detection
copying /home/jack/ros2_ws/build/pick_and_place_voice/build/lib/object_detection/detection.py -> /home/jack/ros2_ws/install/pick_and_place_voice/lib/python3.10/site-packages/object_detection
copying /home/jack/ros2_ws/build/pick_and_place_voice/build/lib/object_detection/realsense.py -> /home/jack/ros2_ws/install/pick_and_place_voice/lib/python3.10/site-packages/object_detection
copying /home/jack/ros2_ws/build/pick_and_place_voice/build/lib/object_detection/__init__.py -> /home/jack/ros2_ws/install/pick_and_place_voice/lib/python3.10/site-packages/object_detection
creating /home/jack/ros2_ws/install/pick_and_place_voice/lib/python3.10/site-packages/robot_control
copying /home/jack/ros2_ws/build/pick_and_place_voice/build/lib/robot_control/robot_control.py -> /home/jack/ros2_ws/install/pick_and_place_voice/lib/python3.10/site-packages/robot_control
copying /home/jack/ros2_ws/build/pick_and_place_voice/build/lib/robot_control/__init__.py -> /home/jack/ros2_ws/install/pick_and_place_voice/lib/python3.10/site-packages/robot_control
copying /home/jack/ros2_ws/build/pick_and_place_voice/build/lib/robot_control/onrobot.py -> /home/jack/ros2_ws/install/pick_and_place_voice/lib/python3.10/site-packages/robot_control
creating /home/jack/ros2_ws/install/pick_and_place_voice/lib/python3.10/site-packages/voice_processing
copying /home/jack/ros2_ws/build/pick_and_place_voice/build/lib/voice_processing/wakeup_word.py -> /home/jack/ros2_ws/install/pick_and_place_voice/lib/python3.10/site-packages/voice_processing
copying /home/jack/ros2_ws/build/pick_and_place_voice/build/lib/voice_processing/stt.py -> /home/jack/ros2_ws/install/pick_and_place_voice/lib/python3.10/site-packages/voice_processing
copying /home/jack/ros2_ws/build/pick_and_place_voice/build/lib/voice_processing/__init__.py -> /home/jack/ros2_ws/install/pick_and_place_voice/lib/python3.10/site-packages/voice_processing
copying /home/jack/ros2_ws/build/pick_and_place_voice/build/lib/voice_processing/MicController.py -> /home/jack/ros2_ws/install/pick_and_place_voice/lib/python3.10/site-packages/voice_processing
copying /home/jack/ros2_ws/build/pick_and_place_voice/build/lib/voice_processing/get_keyword.py -> /home/jack/ros2_ws/install/pick_and_place_voice/lib/python3.10/site-packages/voice_processing
byte-compiling /home/jack/ros2_ws/install/pick_and_place_voice/lib/python3.10/site-packages/object_detection/yolo.py to yolo.cpython-310.pyc
byte-compiling /home/jack/ros2_ws/install/pick_and_place_voice/lib/python3.10/site-packages/object_detection/detection.py to detection.cpython-310.pyc
byte-compiling /home/jack/ros2_ws/install/pick_and_place_voice/lib/python3.10/site-packages/object_detection/realsense.py to realsense.cpython-310.pyc
byte-compiling /home/jack/ros2_ws/install/pick_and_place_voice/lib/python3.10/site-packages/object_detection/__init__.py to __init__.cpython-310.pyc
byte-compiling /home/jack/ros2_ws/install/pick_and_place_voice/lib/python3.10/site-packages/robot_control/robot_control.py to robot_control.cpython-310.pyc
byte-compiling /home/jack/ros2_ws/install/pick_and_place_voice/lib/python3.10/site-packages/robot_control/__init__.py to __init__.cpython-310.pyc
byte-compiling /home/jack/ros2_ws/install/pick_and_place_voice/lib/python3.10/site-packages/robot_control/onrobot.py to onrobot.cpython-310.pyc
byte-compiling /home/jack/ros2_ws/install/pick_and_place_voice/lib/python3.10/site-packages/voice_processing/wakeup_word.py to wakeup_word.cpython-310.pyc
byte-compiling /home/jack/ros2_ws/install/pick_and_place_voice/lib/python3.10/site-packages/voice_processing/stt.py to stt.cpython-310.pyc
byte-compiling /home/jack/ros2_ws/install/pick_and_place_voice/lib/python3.10/site-packages/voice_processing/__init__.py to __init__.cpython-310.pyc
byte-compiling /home/jack/ros2_ws/install/pick_and_place_voice/lib/python3.10/site-packages/voice_processing/MicController.py to MicController.cpython-310.pyc
byte-compiling /home/jack/ros2_ws/install/pick_and_place_voice/lib/python3.10/site-packages/voice_processing/get_keyword.py to get_keyword.cpython-310.pyc
running install_data
copying package.xml -> /home/jack/ros2_ws/install/pick_and_place_voice/share/pick_and_place_voice
creating /home/jack/ros2_ws/install/pick_and_place_voice/share/pick_and_place_voice/resource
copying resource/pick_and_place_voice -> /home/jack/ros2_ws/install/pick_and_place_voice/share/pick_and_place_voice/resource
copying resource/hello_rokey_8332_32.tflite -> /home/jack/ros2_ws/install/pick_and_place_voice/share/pick_and_place_voice/resource
running install_egg_info
Copying ../../../../build/pick_and_place_voice/pick_and_place_voice.egg-info to /home/jack/ros2_ws/install/pick_and_place_voice/lib/python3.10/site-packages/pick_and_place_voice-0.0.0-py3.10.egg-info
running install_scripts
Installing get_keyword script to /home/jack/ros2_ws/install/pick_and_place_voice/lib/pick_and_place_voice
Installing object_detection script to /home/jack/ros2_ws/install/pick_and_place_voice/lib/pick_and_place_voice
Installing robot_control script to /home/jack/ros2_ws/install/pick_and_place_voice/lib/pick_and_place_voice
writing list of installed files to '/home/jack/ros2_ws/build/pick_and_place_voice/install.log'
