[1.291s] Invoking command in '/home/jack/ros2_ws/src/DoosanBootcamp3rd/dsr_rokey/pick_and_place_text': PYTHONPATH=/home/jack/ros2_ws/build/pick_and_place_text/prefix_override:/home/jack/.local/lib/python3.10/site-packages/colcon_core/task/python/colcon_distutils_commands:/home/jack/ros2_ws/install/pick_and_place_text/lib/python3.10/site-packages:${PYTHONPATH} /usr/bin/python3 -W ignore:setup.py install is deprecated -W ignore:easy_install command is deprecated setup.py egg_info --egg-base ../../../../build/pick_and_place_text build --build-base /home/jack/ros2_ws/build/pick_and_place_text/build install --record /home/jack/ros2_ws/build/pick_and_place_text/install.log --single-version-externally-managed install_data
[1.603s] running egg_info
[1.603s] creating ../../../../build/pick_and_place_text/pick_and_place_text.egg-info
[1.604s] writing ../../../../build/pick_and_place_text/pick_and_place_text.egg-info/PKG-INFO
[1.604s] writing dependency_links to ../../../../build/pick_and_place_text/pick_and_place_text.egg-info/dependency_links.txt
[1.604s] writing entry points to ../../../../build/pick_and_place_text/pick_and_place_text.egg-info/entry_points.txt
[1.604s] writing requirements to ../../../../build/pick_and_place_text/pick_and_place_text.egg-info/requires.txt
[1.604s] writing top-level names to ../../../../build/pick_and_place_text/pick_and_place_text.egg-info/top_level.txt
[1.604s] writing manifest file '../../../../build/pick_and_place_text/pick_and_place_text.egg-info/SOURCES.txt'
[1.605s] reading manifest file '../../../../build/pick_and_place_text/pick_and_place_text.egg-info/SOURCES.txt'
[1.606s] writing manifest file '../../../../build/pick_and_place_text/pick_and_place_text.egg-info/SOURCES.txt'
[1.606s] running build
[1.606s] running build_py
[1.606s] creating /home/jack/ros2_ws/build/pick_and_place_text/build
[1.607s] creating /home/jack/ros2_ws/build/pick_and_place_text/build/lib
[1.607s] creating /home/jack/ros2_ws/build/pick_and_place_text/build/lib/pick_and_place_text
[1.607s] copying pick_and_place_text/yolo.py -> /home/jack/ros2_ws/build/pick_and_place_text/build/lib/pick_and_place_text
[1.607s] copying pick_and_place_text/detection.py -> /home/jack/ros2_ws/build/pick_and_place_text/build/lib/pick_and_place_text
[1.607s] copying pick_and_place_text/realsense.py -> /home/jack/ros2_ws/build/pick_and_place_text/build/lib/pick_and_place_text
[1.607s] copying pick_and_place_text/robot_move.py -> /home/jack/ros2_ws/build/pick_and_place_text/build/lib/pick_and_place_text
[1.607s] copying pick_and_place_text/__init__.py -> /home/jack/ros2_ws/build/pick_and_place_text/build/lib/pick_and_place_text
[1.607s] copying pick_and_place_text/onrobot.py -> /home/jack/ros2_ws/build/pick_and_place_text/build/lib/pick_and_place_text
[1.607s] running install
[1.607s] running install_lib
[1.608s] creating /home/jack/ros2_ws/install/pick_and_place_text/lib/python3.10/site-packages/pick_and_place_text
[1.608s] copying /home/jack/ros2_ws/build/pick_and_place_text/build/lib/pick_and_place_text/yolo.py -> /home/jack/ros2_ws/install/pick_and_place_text/lib/python3.10/site-packages/pick_and_place_text
[1.608s] copying /home/jack/ros2_ws/build/pick_and_place_text/build/lib/pick_and_place_text/detection.py -> /home/jack/ros2_ws/install/pick_and_place_text/lib/python3.10/site-packages/pick_and_place_text
[1.608s] copying /home/jack/ros2_ws/build/pick_and_place_text/build/lib/pick_and_place_text/realsense.py -> /home/jack/ros2_ws/install/pick_and_place_text/lib/python3.10/site-packages/pick_and_place_text
[1.608s] copying /home/jack/ros2_ws/build/pick_and_place_text/build/lib/pick_and_place_text/robot_move.py -> /home/jack/ros2_ws/install/pick_and_place_text/lib/python3.10/site-packages/pick_and_place_text
[1.608s] copying /home/jack/ros2_ws/build/pick_and_place_text/build/lib/pick_and_place_text/__init__.py -> /home/jack/ros2_ws/install/pick_and_place_text/lib/python3.10/site-packages/pick_and_place_text
[1.608s] copying /home/jack/ros2_ws/build/pick_and_place_text/build/lib/pick_and_place_text/onrobot.py -> /home/jack/ros2_ws/install/pick_and_place_text/lib/python3.10/site-packages/pick_and_place_text
[1.608s] byte-compiling /home/jack/ros2_ws/install/pick_and_place_text/lib/python3.10/site-packages/pick_and_place_text/yolo.py to yolo.cpython-310.pyc
[1.609s] byte-compiling /home/jack/ros2_ws/install/pick_and_place_text/lib/python3.10/site-packages/pick_and_place_text/detection.py to detection.cpython-310.pyc
[1.610s] byte-compiling /home/jack/ros2_ws/install/pick_and_place_text/lib/python3.10/site-packages/pick_and_place_text/realsense.py to realsense.cpython-310.pyc
[1.610s] byte-compiling /home/jack/ros2_ws/install/pick_and_place_text/lib/python3.10/site-packages/pick_and_place_text/robot_move.py to robot_move.cpython-310.pyc
[1.611s] byte-compiling /home/jack/ros2_ws/install/pick_and_place_text/lib/python3.10/site-packages/pick_and_place_text/__init__.py to __init__.cpython-310.pyc
[1.611s] byte-compiling /home/jack/ros2_ws/install/pick_and_place_text/lib/python3.10/site-packages/pick_and_place_text/onrobot.py to onrobot.cpython-310.pyc
[1.611s] running install_data
[1.612s] copying package.xml -> /home/jack/ros2_ws/install/pick_and_place_text/share/pick_and_place_text
[1.612s] creating /home/jack/ros2_ws/install/pick_and_place_text/share/pick_and_place_text/resource
[1.612s] copying resource/pick_and_place_text -> /home/jack/ros2_ws/install/pick_and_place_text/share/pick_and_place_text/resource
[1.612s] copying resource/yolov8n_tools_0122.pt -> /home/jack/ros2_ws/install/pick_and_place_text/share/pick_and_place_text/resource
[1.616s] copying resource/T_gripper2camera.npy -> /home/jack/ros2_ws/install/pick_and_place_text/share/pick_and_place_text/resource
[1.616s] copying resource/class_name_tool.json -> /home/jack/ros2_ws/install/pick_and_place_text/share/pick_and_place_text/resource
[1.616s] running install_egg_info
[1.618s] Copying ../../../../build/pick_and_place_text/pick_and_place_text.egg-info to /home/jack/ros2_ws/install/pick_and_place_text/lib/python3.10/site-packages/pick_and_place_text-0.0.0-py3.10.egg-info
[1.619s] running install_scripts
[1.632s] Installing detection script to /home/jack/ros2_ws/install/pick_and_place_text/lib/pick_and_place_text
[1.633s] Installing robot_move script to /home/jack/ros2_ws/install/pick_and_place_text/lib/pick_and_place_text
[1.633s] writing list of installed files to '/home/jack/ros2_ws/build/pick_and_place_text/install.log'
[1.655s] Invoked command in '/home/jack/ros2_ws/src/DoosanBootcamp3rd/dsr_rokey/pick_and_place_text' returned '0': PYTHONPATH=/home/jack/ros2_ws/build/pick_and_place_text/prefix_override:/home/jack/.local/lib/python3.10/site-packages/colcon_core/task/python/colcon_distutils_commands:/home/jack/ros2_ws/install/pick_and_place_text/lib/python3.10/site-packages:${PYTHONPATH} /usr/bin/python3 -W ignore:setup.py install is deprecated -W ignore:easy_install command is deprecated setup.py egg_info --egg-base ../../../../build/pick_and_place_text build --build-base /home/jack/ros2_ws/build/pick_and_place_text/build install --record /home/jack/ros2_ws/build/pick_and_place_text/install.log --single-version-externally-managed install_data
