[0.046s] Invoking command in '/home/jack/ros2_ws/build/dsr_moveit_config_h2515': CMAKE_PREFIX_PATH=/home/jack/ros2_ws/install/rokey:/home/jack/ros2_ws/install/pick_and_place_voice:/home/jack/ros2_ws/install/pick_and_place_text:/home/jack/ros2_ws/install/m0609_block_assembly_rl:/home/jack/ros2_ws/install/dsr_visualservoing:/home/jack/ros2_ws/install/dsr_bringup2:/home/jack/ros2_ws/install/dsr_example:/opt/ros/humble:${CMAKE_PREFIX_PATH} /usr/bin/cmake --build /home/jack/ros2_ws/build/dsr_moveit_config_h2515 -- -j16 -l16
[0.534s] Invoked command in '/home/jack/ros2_ws/build/dsr_moveit_config_h2515' returned '0': CMAKE_PREFIX_PATH=/home/jack/ros2_ws/install/rokey:/home/jack/ros2_ws/install/pick_and_place_voice:/home/jack/ros2_ws/install/pick_and_place_text:/home/jack/ros2_ws/install/m0609_block_assembly_rl:/home/jack/ros2_ws/install/dsr_visualservoing:/home/jack/ros2_ws/install/dsr_bringup2:/home/jack/ros2_ws/install/dsr_example:/opt/ros/humble:${CMAKE_PREFIX_PATH} /usr/bin/cmake --build /home/jack/ros2_ws/build/dsr_moveit_config_h2515 -- -j16 -l16
[0.535s] Invoking command in '/home/jack/ros2_ws/build/dsr_moveit_config_h2515': CMAKE_PREFIX_PATH=/home/jack/ros2_ws/install/rokey:/home/jack/ros2_ws/install/pick_and_place_voice:/home/jack/ros2_ws/install/pick_and_place_text:/home/jack/ros2_ws/install/m0609_block_assembly_rl:/home/jack/ros2_ws/install/dsr_visualservoing:/home/jack/ros2_ws/install/dsr_bringup2:/home/jack/ros2_ws/install/dsr_example:/opt/ros/humble:${CMAKE_PREFIX_PATH} /usr/bin/cmake --install /home/jack/ros2_ws/build/dsr_moveit_config_h2515
[0.570s] -- Install configuration: ""
[0.570s] -- Up-to-date: /home/jack/ros2_ws/install/dsr_moveit_config_h2515/share/ament_index/resource_index/package_run_dependencies/dsr_moveit_config_h2515
[0.570s] -- Up-to-date: /home/jack/ros2_ws/install/dsr_moveit_config_h2515/share/ament_index/resource_index/parent_prefix_path/dsr_moveit_config_h2515
[0.570s] -- Up-to-date: /home/jack/ros2_ws/install/dsr_moveit_config_h2515/share/dsr_moveit_config_h2515/environment/ament_prefix_path.sh
[0.570s] -- Up-to-date: /home/jack/ros2_ws/install/dsr_moveit_config_h2515/share/dsr_moveit_config_h2515/environment/ament_prefix_path.dsv
[0.570s] -- Up-to-date: /home/jack/ros2_ws/install/dsr_moveit_config_h2515/share/dsr_moveit_config_h2515/environment/path.sh
[0.571s] -- Up-to-date: /home/jack/ros2_ws/install/dsr_moveit_config_h2515/share/dsr_moveit_config_h2515/environment/path.dsv
[0.571s] -- Up-to-date: /home/jack/ros2_ws/install/dsr_moveit_config_h2515/share/dsr_moveit_config_h2515/local_setup.bash
[0.571s] -- Up-to-date: /home/jack/ros2_ws/install/dsr_moveit_config_h2515/share/dsr_moveit_config_h2515/local_setup.sh
[0.571s] -- Up-to-date: /home/jack/ros2_ws/install/dsr_moveit_config_h2515/share/dsr_moveit_config_h2515/local_setup.zsh
[0.571s] -- Up-to-date: /home/jack/ros2_ws/install/dsr_moveit_config_h2515/share/dsr_moveit_config_h2515/local_setup.dsv
[0.571s] -- Up-to-date: /home/jack/ros2_ws/install/dsr_moveit_config_h2515/share/dsr_moveit_config_h2515/package.dsv
[0.571s] -- Up-to-date: /home/jack/ros2_ws/install/dsr_moveit_config_h2515/share/ament_index/resource_index/packages/dsr_moveit_config_h2515
[0.571s] -- Up-to-date: /home/jack/ros2_ws/install/dsr_moveit_config_h2515/share/dsr_moveit_config_h2515/cmake/dsr_moveit_config_h2515Config.cmake
[0.571s] -- Up-to-date: /home/jack/ros2_ws/install/dsr_moveit_config_h2515/share/dsr_moveit_config_h2515/cmake/dsr_moveit_config_h2515Config-version.cmake
[0.571s] -- Up-to-date: /home/jack/ros2_ws/install/dsr_moveit_config_h2515/share/dsr_moveit_config_h2515/package.xml
[0.571s] -- Up-to-date: /home/jack/ros2_ws/install/dsr_moveit_config_h2515/share/dsr_moveit_config_h2515/launch
[0.572s] -- Up-to-date: /home/jack/ros2_ws/install/dsr_moveit_config_h2515/share/dsr_moveit_config_h2515/launch/demo.launch.py
[0.572s] -- Up-to-date: /home/jack/ros2_ws/install/dsr_moveit_config_h2515/share/dsr_moveit_config_h2515/launch/start.launch.py
[0.572s] -- Up-to-date: /home/jack/ros2_ws/install/dsr_moveit_config_h2515/share/dsr_moveit_config_h2515/launch/moveit.rviz
[0.572s] -- Up-to-date: /home/jack/ros2_ws/install/dsr_moveit_config_h2515/share/dsr_moveit_config_h2515/config
[0.572s] -- Up-to-date: /home/jack/ros2_ws/install/dsr_moveit_config_h2515/share/dsr_moveit_config_h2515/config/pilz_cartesian_limits.yaml
[0.572s] -- Up-to-date: /home/jack/ros2_ws/install/dsr_moveit_config_h2515/share/dsr_moveit_config_h2515/config/dsr.ros2_control.xacro
[0.573s] -- Up-to-date: /home/jack/ros2_ws/install/dsr_moveit_config_h2515/share/dsr_moveit_config_h2515/config/kinematics.yaml
[0.573s] -- Up-to-date: /home/jack/ros2_ws/install/dsr_moveit_config_h2515/share/dsr_moveit_config_h2515/config/sensors_3d.yaml
[0.573s] -- Up-to-date: /home/jack/ros2_ws/install/dsr_moveit_config_h2515/share/dsr_moveit_config_h2515/config/joint_limits.yaml
[0.573s] -- Up-to-date: /home/jack/ros2_ws/install/dsr_moveit_config_h2515/share/dsr_moveit_config_h2515/config/chomp_planning.yaml
[0.573s] -- Up-to-date: /home/jack/ros2_ws/install/dsr_moveit_config_h2515/share/dsr_moveit_config_h2515/config/initial_positions.yaml
[0.573s] -- Up-to-date: /home/jack/ros2_ws/install/dsr_moveit_config_h2515/share/dsr_moveit_config_h2515/config/dsr.srdf
[0.573s] -- Up-to-date: /home/jack/ros2_ws/install/dsr_moveit_config_h2515/share/dsr_moveit_config_h2515/config/h2515.urdf.xacro
[0.574s] -- Up-to-date: /home/jack/ros2_ws/install/dsr_moveit_config_h2515/share/dsr_moveit_config_h2515/config/moveit_controllers.yaml
[0.574s] -- Up-to-date: /home/jack/ros2_ws/install/dsr_moveit_config_h2515/share/dsr_moveit_config_h2515/config/ompl_planning.yaml
[0.574s] -- Up-to-date: /home/jack/ros2_ws/install/dsr_moveit_config_h2515/share/dsr_moveit_config_h2515/config/ros2_controllers.yaml
[0.574s] -- Up-to-date: /home/jack/ros2_ws/install/dsr_moveit_config_h2515/share/dsr_moveit_config_h2515/.setup_assistant
[0.723s] Invoked command in '/home/jack/ros2_ws/build/dsr_moveit_config_h2515' returned '0': CMAKE_PREFIX_PATH=/home/jack/ros2_ws/install/rokey:/home/jack/ros2_ws/install/pick_and_place_voice:/home/jack/ros2_ws/install/pick_and_place_text:/home/jack/ros2_ws/install/m0609_block_assembly_rl:/home/jack/ros2_ws/install/dsr_visualservoing:/home/jack/ros2_ws/install/dsr_bringup2:/home/jack/ros2_ws/install/dsr_example:/opt/ros/humble:${CMAKE_PREFIX_PATH} /usr/bin/cmake --install /home/jack/ros2_ws/build/dsr_moveit_config_h2515
