[0.696s] Invoking command in '/home/jack/ros2_ws/build/od_msg': /usr/bin/cmake /home/jack/ros2_ws/src/DoosanBootcamp3rd/dsr_rokey/od_msg -DCATKIN_INSTALL_INTO_PREFIX_ROOT=0 -DCMAKE_INSTALL_PREFIX=/home/jack/ros2_ws/install/od_msg
[0.763s] -- The C compiler identification is GNU 11.4.0
[0.884s] -- The CXX compiler identification is GNU 11.4.0
[0.884s] -- Detecting C compiler ABI info
[0.937s] -- Detecting C compiler ABI info - done
[0.937s] -- Check for working C compiler: /usr/bin/cc - skipped
[0.937s] -- Detecting C compile features
[0.937s] -- Detecting C compile features - done
[0.937s] -- Detecting CXX compiler ABI info
[0.943s] -- Detecting CXX compiler ABI info - done
[1.796s] -- Check for working CXX compiler: /usr/bin/c++ - skipped
[1.796s] -- Detecting CXX compile features
[1.796s] -- Detecting CXX compile features - done
[1.796s] -- Found ament_cmake: 1.3.11 (/opt/ros/humble/share/ament_cmake/cmake)
[1.796s] -- Found Python3: /usr/bin/python3 (found version "3.10.12") found components: Interpreter 
[1.796s] -- Found rosidl_default_generators: 1.2.0 (/opt/ros/humble/share/rosidl_default_generators/cmake)
[1.796s] -- Using all available rosidl_typesupport_c: rosidl_typesupport_fastrtps_c;rosidl_typesupport_introspection_c
[1.796s] -- Found rosidl_adapter: 3.1.6 (/opt/ros/humble/share/rosidl_adapter/cmake)
[1.797s] -- Using all available rosidl_typesupport_cpp: rosidl_typesupport_fastrtps_cpp;rosidl_typesupport_introspection_cpp
[1.797s] -- Found ament_cmake_ros: 0.10.0 (/opt/ros/humble/share/ament_cmake_ros/cmake)
[1.797s] -- Using all available rosidl_typesupport_c: rosidl_typesupport_fastrtps_c;rosidl_typesupport_introspection_c
[1.797s] -- Using all available rosidl_typesupport_cpp: rosidl_typesupport_fastrtps_cpp;rosidl_typesupport_introspection_cpp
[1.797s] -- Found PythonInterp: /usr/bin/python3 (found suitable version "3.10.12", minimum required is "3.6") 
[1.797s] -- Found python_cmake_module: 0.10.0 (/opt/ros/humble/share/python_cmake_module/cmake)
[1.797s] -- Found PythonLibs: /usr/lib/x86_64-linux-gnu/libpython3.10.so (found suitable version "3.10.12", minimum required is "3.5") 
[1.797s] -- Using PYTHON_EXECUTABLE: /usr/bin/python3
[1.797s] -- Using PYTHON_INCLUDE_DIRS: /usr/include/python3.10
[1.797s] -- Using PYTHON_LIBRARIES: /usr/lib/x86_64-linux-gnu/libpython3.10.so
[1.797s] -- Found PythonExtra: .so  
[1.797s] -- Configuring done
[1.797s] -- Generating done
[1.797s] -- Build files have been written to: /home/jack/ros2_ws/build/od_msg
[1.797s] CMake Warning:
[1.797s]   Manually-specified variables were not used by the project:
[1.797s] 
[1.797s]     CATKIN_INSTALL_INTO_PREFIX_ROOT
[1.797s] 
[1.798s] 
[1.807s] Invoked command in '/home/jack/ros2_ws/build/od_msg' returned '0': /usr/bin/cmake /home/jack/ros2_ws/src/DoosanBootcamp3rd/dsr_rokey/od_msg -DCATKIN_INSTALL_INTO_PREFIX_ROOT=0 -DCMAKE_INSTALL_PREFIX=/home/jack/ros2_ws/install/od_msg
[1.808s] Invoking command in '/home/jack/ros2_ws/build/od_msg': /usr/bin/cmake --build /home/jack/ros2_ws/build/od_msg -- -j16 -l16
[1.843s] [  3%] Generating C code for ROS interfaces
[1.850s] [  6%] Generating C++ code for ROS interfaces
[1.860s] [  6%] Built target ament_cmake_python_copy_od_msg
[2.039s] [  9%] Building C object CMakeFiles/od_msg__rosidl_generator_c.dir/rosidl_generator_c/od_msg/srv/detail/srv_depth_position__functions.c.o
[2.087s] [ 12%] Linking C shared library libod_msg__rosidl_generator_c.so
[2.118s] [ 12%] Built target od_msg__rosidl_generator_c
[2.130s] [ 16%] Generating C type support for eProsima Fast-RTPS
[2.130s] [ 22%] Generating C introspection for ROS interfaces
[2.130s] [ 22%] Generating C type support dispatch for ROS interfaces
[2.140s] [ 22%] Built target od_msg__cpp
[2.150s] [ 25%] Generating C++ introspection for ROS interfaces
[2.151s] [ 32%] Generating C++ type support dispatch for ROS interfaces
[2.151s] [ 32%] Generating C++ type support for eProsima Fast-RTPS
[2.182s] running egg_info
[2.182s] creating od_msg.egg-info
[2.182s] writing od_msg.egg-info/PKG-INFO
[2.182s] writing dependency_links to od_msg.egg-info/dependency_links.txt
[2.182s] writing top-level names to od_msg.egg-info/top_level.txt
[2.182s] writing manifest file 'od_msg.egg-info/SOURCES.txt'
[2.183s] reading manifest file 'od_msg.egg-info/SOURCES.txt'
[2.184s] writing manifest file 'od_msg.egg-info/SOURCES.txt'
[2.218s] [ 32%] Built target ament_cmake_python_build_od_msg_egg
[2.373s] [ 35%] Building CXX object CMakeFiles/od_msg__rosidl_typesupport_c.dir/rosidl_typesupport_c/od_msg/srv/srv_depth_position__type_support.cpp.o
[2.376s] [ 38%] Building CXX object CMakeFiles/od_msg__rosidl_typesupport_introspection_cpp.dir/rosidl_typesupport_introspection_cpp/od_msg/srv/detail/srv_depth_position__type_support.cpp.o
[2.379s] [ 41%] Building CXX object CMakeFiles/od_msg__rosidl_typesupport_cpp.dir/rosidl_typesupport_cpp/od_msg/srv/srv_depth_position__type_support.cpp.o
[2.389s] [ 45%] Building CXX object CMakeFiles/od_msg__rosidl_typesupport_fastrtps_c.dir/rosidl_typesupport_fastrtps_c/od_msg/srv/detail/srv_depth_position__type_support_c.cpp.o
[2.404s] [ 48%] Linking CXX shared library libod_msg__rosidl_typesupport_c.so
[2.408s] [ 51%] Building C object CMakeFiles/od_msg__rosidl_typesupport_introspection_c.dir/rosidl_typesupport_introspection_c/od_msg/srv/detail/srv_depth_position__type_support.c.o
[2.436s] [ 54%] Building CXX object CMakeFiles/od_msg__rosidl_typesupport_fastrtps_cpp.dir/rosidl_typesupport_fastrtps_cpp/od_msg/srv/detail/dds_fastrtps/srv_depth_position__type_support.cpp.o
[2.443s] [ 54%] Built target od_msg__rosidl_typesupport_c
[2.447s] [ 58%] Linking C shared library libod_msg__rosidl_typesupport_introspection_c.so
[2.473s] [ 58%] Built target od_msg__rosidl_typesupport_introspection_c
[2.575s] [ 61%] Linking CXX shared library libod_msg__rosidl_typesupport_cpp.so
[2.606s] [ 61%] Built target od_msg__rosidl_typesupport_cpp
[2.648s] [ 64%] Linking CXX shared library libod_msg__rosidl_typesupport_fastrtps_c.so
[2.666s] [ 67%] Linking CXX shared library libod_msg__rosidl_typesupport_introspection_cpp.so
[2.697s] [ 67%] Built target od_msg__rosidl_typesupport_fastrtps_c
[2.714s] [ 67%] Built target od_msg__rosidl_typesupport_introspection_cpp
[2.771s] [ 70%] Linking CXX shared library libod_msg__rosidl_typesupport_fastrtps_cpp.so
[2.817s] [ 70%] Built target od_msg__rosidl_typesupport_fastrtps_cpp
[2.831s] [ 70%] Built target od_msg
[2.844s] [ 74%] Generating Python code for ROS interfaces
[3.060s] [ 74%] Built target od_msg__py
[3.074s] [ 77%] Building C object CMakeFiles/od_msg__rosidl_generator_py.dir/rosidl_generator_py/od_msg/srv/_srv_depth_position_s.c.o
[3.145s] [ 80%] Linking C shared library rosidl_generator_py/od_msg/libod_msg__rosidl_generator_py.so
[3.173s] [ 80%] Built target od_msg__rosidl_generator_py
[3.187s] [ 87%] Building C object CMakeFiles/od_msg__rosidl_typesupport_c__pyext.dir/rosidl_generator_py/od_msg/_od_msg_s.ep.rosidl_typesupport_c.c.o
[3.187s] [ 90%] Building C object CMakeFiles/od_msg__rosidl_typesupport_fastrtps_c__pyext.dir/rosidl_generator_py/od_msg/_od_msg_s.ep.rosidl_typesupport_fastrtps_c.c.o
[3.188s] [ 90%] Building C object CMakeFiles/od_msg__rosidl_typesupport_introspection_c__pyext.dir/rosidl_generator_py/od_msg/_od_msg_s.ep.rosidl_typesupport_introspection_c.c.o
[3.248s] [ 93%] Linking C shared library rosidl_generator_py/od_msg/od_msg_s__rosidl_typesupport_c.cpython-310-x86_64-linux-gnu.so
[3.248s] [ 96%] Linking C shared library rosidl_generator_py/od_msg/od_msg_s__rosidl_typesupport_introspection_c.cpython-310-x86_64-linux-gnu.so
[3.250s] [100%] Linking C shared library rosidl_generator_py/od_msg/od_msg_s__rosidl_typesupport_fastrtps_c.cpython-310-x86_64-linux-gnu.so
[3.273s] [100%] Built target od_msg__rosidl_typesupport_introspection_c__pyext
[3.273s] [100%] Built target od_msg__rosidl_typesupport_c__pyext
[3.274s] [100%] Built target od_msg__rosidl_typesupport_fastrtps_c__pyext
[3.282s] Invoked command in '/home/jack/ros2_ws/build/od_msg' returned '0': /usr/bin/cmake --build /home/jack/ros2_ws/build/od_msg -- -j16 -l16
[3.283s] Invoking command in '/home/jack/ros2_ws/build/od_msg': /usr/bin/cmake --install /home/jack/ros2_ws/build/od_msg
[3.289s] -- Install configuration: ""
[3.289s] -- Installing: /home/jack/ros2_ws/install/od_msg/share/ament_index/resource_index/rosidl_interfaces/od_msg
[3.289s] -- Installing: /home/jack/ros2_ws/install/od_msg/include/od_msg/od_msg
[3.289s] -- Installing: /home/jack/ros2_ws/install/od_msg/include/od_msg/od_msg/srv
[3.289s] -- Installing: /home/jack/ros2_ws/install/od_msg/include/od_msg/od_msg/srv/detail
[3.289s] -- Installing: /home/jack/ros2_ws/install/od_msg/include/od_msg/od_msg/srv/detail/srv_depth_position__type_support.h
[3.289s] -- Installing: /home/jack/ros2_ws/install/od_msg/include/od_msg/od_msg/srv/detail/srv_depth_position__functions.h
[3.289s] -- Installing: /home/jack/ros2_ws/install/od_msg/include/od_msg/od_msg/srv/detail/srv_depth_position__functions.c
[3.290s] -- Installing: /home/jack/ros2_ws/install/od_msg/include/od_msg/od_msg/srv/detail/srv_depth_position__struct.h
[3.290s] -- Installing: /home/jack/ros2_ws/install/od_msg/include/od_msg/od_msg/srv/srv_depth_position.h
[3.290s] -- Installing: /home/jack/ros2_ws/install/od_msg/include/od_msg/od_msg/msg
[3.290s] -- Installing: /home/jack/ros2_ws/install/od_msg/include/od_msg/od_msg/msg/rosidl_generator_c__visibility_control.h
[3.290s] -- Installing: /home/jack/ros2_ws/install/od_msg/share/od_msg/environment/library_path.sh
[3.290s] -- Installing: /home/jack/ros2_ws/install/od_msg/share/od_msg/environment/library_path.dsv
[3.290s] -- Installing: /home/jack/ros2_ws/install/od_msg/lib/libod_msg__rosidl_generator_c.so
[3.291s] -- Set runtime path of "/home/jack/ros2_ws/install/od_msg/lib/libod_msg__rosidl_generator_c.so" to ""
[3.291s] -- Up-to-date: /home/jack/ros2_ws/install/od_msg/include/od_msg/od_msg
[3.291s] -- Up-to-date: /home/jack/ros2_ws/install/od_msg/include/od_msg/od_msg/srv
[3.291s] -- Up-to-date: /home/jack/ros2_ws/install/od_msg/include/od_msg/od_msg/srv/detail
[3.291s] -- Installing: /home/jack/ros2_ws/install/od_msg/include/od_msg/od_msg/srv/detail/srv_depth_position__rosidl_typesupport_fastrtps_c.h
[3.291s] -- Up-to-date: /home/jack/ros2_ws/install/od_msg/include/od_msg/od_msg/msg
[3.291s] -- Installing: /home/jack/ros2_ws/install/od_msg/include/od_msg/od_msg/msg/rosidl_typesupport_fastrtps_c__visibility_control.h
[3.291s] -- Installing: /home/jack/ros2_ws/install/od_msg/lib/libod_msg__rosidl_typesupport_fastrtps_c.so
[3.292s] -- Set runtime path of "/home/jack/ros2_ws/install/od_msg/lib/libod_msg__rosidl_typesupport_fastrtps_c.so" to ""
[3.292s] -- Up-to-date: /home/jack/ros2_ws/install/od_msg/include/od_msg/od_msg
[3.292s] -- Up-to-date: /home/jack/ros2_ws/install/od_msg/include/od_msg/od_msg/srv
[3.292s] -- Up-to-date: /home/jack/ros2_ws/install/od_msg/include/od_msg/od_msg/srv/detail
[3.292s] -- Installing: /home/jack/ros2_ws/install/od_msg/include/od_msg/od_msg/srv/detail/srv_depth_position__type_support.c
[3.292s] -- Installing: /home/jack/ros2_ws/install/od_msg/include/od_msg/od_msg/srv/detail/srv_depth_position__rosidl_typesupport_introspection_c.h
[3.292s] -- Up-to-date: /home/jack/ros2_ws/install/od_msg/include/od_msg/od_msg/msg
[3.292s] -- Installing: /home/jack/ros2_ws/install/od_msg/include/od_msg/od_msg/msg/rosidl_typesupport_introspection_c__visibility_control.h
[3.292s] -- Installing: /home/jack/ros2_ws/install/od_msg/lib/libod_msg__rosidl_typesupport_introspection_c.so
[3.292s] -- Set runtime path of "/home/jack/ros2_ws/install/od_msg/lib/libod_msg__rosidl_typesupport_introspection_c.so" to ""
[3.292s] -- Installing: /home/jack/ros2_ws/install/od_msg/lib/libod_msg__rosidl_typesupport_c.so
[3.293s] -- Set runtime path of "/home/jack/ros2_ws/install/od_msg/lib/libod_msg__rosidl_typesupport_c.so" to ""
[3.293s] -- Up-to-date: /home/jack/ros2_ws/install/od_msg/include/od_msg/od_msg
[3.293s] -- Up-to-date: /home/jack/ros2_ws/install/od_msg/include/od_msg/od_msg/srv
[3.293s] -- Up-to-date: /home/jack/ros2_ws/install/od_msg/include/od_msg/od_msg/srv/detail
[3.293s] -- Installing: /home/jack/ros2_ws/install/od_msg/include/od_msg/od_msg/srv/detail/srv_depth_position__builder.hpp
[3.293s] -- Installing: /home/jack/ros2_ws/install/od_msg/include/od_msg/od_msg/srv/detail/srv_depth_position__struct.hpp
[3.293s] -- Installing: /home/jack/ros2_ws/install/od_msg/include/od_msg/od_msg/srv/detail/srv_depth_position__type_support.hpp
[3.293s] -- Installing: /home/jack/ros2_ws/install/od_msg/include/od_msg/od_msg/srv/detail/srv_depth_position__traits.hpp
[3.293s] -- Installing: /home/jack/ros2_ws/install/od_msg/include/od_msg/od_msg/srv/srv_depth_position.hpp
[3.293s] -- Up-to-date: /home/jack/ros2_ws/install/od_msg/include/od_msg/od_msg/msg
[3.293s] -- Installing: /home/jack/ros2_ws/install/od_msg/include/od_msg/od_msg/msg/rosidl_generator_cpp__visibility_control.hpp
[3.294s] -- Up-to-date: /home/jack/ros2_ws/install/od_msg/include/od_msg/od_msg
[3.294s] -- Up-to-date: /home/jack/ros2_ws/install/od_msg/include/od_msg/od_msg/srv
[3.294s] -- Up-to-date: /home/jack/ros2_ws/install/od_msg/include/od_msg/od_msg/srv/detail
[3.294s] -- Installing: /home/jack/ros2_ws/install/od_msg/include/od_msg/od_msg/srv/detail/dds_fastrtps
[3.294s] -- Installing: /home/jack/ros2_ws/install/od_msg/include/od_msg/od_msg/srv/detail/srv_depth_position__rosidl_typesupport_fastrtps_cpp.hpp
[3.294s] -- Up-to-date: /home/jack/ros2_ws/install/od_msg/include/od_msg/od_msg/msg
[3.294s] -- Installing: /home/jack/ros2_ws/install/od_msg/include/od_msg/od_msg/msg/rosidl_typesupport_fastrtps_cpp__visibility_control.h
[3.294s] -- Installing: /home/jack/ros2_ws/install/od_msg/lib/libod_msg__rosidl_typesupport_fastrtps_cpp.so
[3.294s] -- Set runtime path of "/home/jack/ros2_ws/install/od_msg/lib/libod_msg__rosidl_typesupport_fastrtps_cpp.so" to ""
[3.294s] -- Up-to-date: /home/jack/ros2_ws/install/od_msg/include/od_msg/od_msg
[3.294s] -- Up-to-date: /home/jack/ros2_ws/install/od_msg/include/od_msg/od_msg/srv
[3.295s] -- Up-to-date: /home/jack/ros2_ws/install/od_msg/include/od_msg/od_msg/srv/detail
[3.295s] -- Installing: /home/jack/ros2_ws/install/od_msg/include/od_msg/od_msg/srv/detail/srv_depth_position__rosidl_typesupport_introspection_cpp.hpp
[3.295s] -- Installing: /home/jack/ros2_ws/install/od_msg/include/od_msg/od_msg/srv/detail/srv_depth_position__type_support.cpp
[3.295s] -- Installing: /home/jack/ros2_ws/install/od_msg/lib/libod_msg__rosidl_typesupport_introspection_cpp.so
[3.295s] -- Set runtime path of "/home/jack/ros2_ws/install/od_msg/lib/libod_msg__rosidl_typesupport_introspection_cpp.so" to ""
[3.295s] -- Installing: /home/jack/ros2_ws/install/od_msg/lib/libod_msg__rosidl_typesupport_cpp.so
[3.295s] -- Set runtime path of "/home/jack/ros2_ws/install/od_msg/lib/libod_msg__rosidl_typesupport_cpp.so" to ""
[3.295s] -- Installing: /home/jack/ros2_ws/install/od_msg/share/od_msg/environment/pythonpath.sh
[3.295s] -- Installing: /home/jack/ros2_ws/install/od_msg/share/od_msg/environment/pythonpath.dsv
[3.295s] -- Installing: /home/jack/ros2_ws/install/od_msg/local/lib/python3.10/dist-packages/od_msg-0.0.0-py3.10.egg-info
[3.295s] -- Installing: /home/jack/ros2_ws/install/od_msg/local/lib/python3.10/dist-packages/od_msg-0.0.0-py3.10.egg-info/SOURCES.txt
[3.296s] -- Installing: /home/jack/ros2_ws/install/od_msg/local/lib/python3.10/dist-packages/od_msg-0.0.0-py3.10.egg-info/PKG-INFO
[3.296s] -- Installing: /home/jack/ros2_ws/install/od_msg/local/lib/python3.10/dist-packages/od_msg-0.0.0-py3.10.egg-info/dependency_links.txt
[3.296s] -- Installing: /home/jack/ros2_ws/install/od_msg/local/lib/python3.10/dist-packages/od_msg-0.0.0-py3.10.egg-info/top_level.txt
[3.296s] -- Installing: /home/jack/ros2_ws/install/od_msg/local/lib/python3.10/dist-packages/od_msg
[3.296s] -- Installing: /home/jack/ros2_ws/install/od_msg/local/lib/python3.10/dist-packages/od_msg/libod_msg__rosidl_generator_py.so
[3.296s] -- Installing: /home/jack/ros2_ws/install/od_msg/local/lib/python3.10/dist-packages/od_msg/od_msg_s__rosidl_typesupport_introspection_c.cpython-310-x86_64-linux-gnu.so
[3.296s] -- Installing: /home/jack/ros2_ws/install/od_msg/local/lib/python3.10/dist-packages/od_msg/od_msg_s__rosidl_typesupport_fastrtps_c.cpython-310-x86_64-linux-gnu.so
[3.296s] -- Installing: /home/jack/ros2_ws/install/od_msg/local/lib/python3.10/dist-packages/od_msg/od_msg_s__rosidl_typesupport_c.cpython-310-x86_64-linux-gnu.so
[3.296s] -- Installing: /home/jack/ros2_ws/install/od_msg/local/lib/python3.10/dist-packages/od_msg/srv
[3.296s] -- Installing: /home/jack/ros2_ws/install/od_msg/local/lib/python3.10/dist-packages/od_msg/srv/_srv_depth_position_s.c
[3.297s] -- Installing: /home/jack/ros2_ws/install/od_msg/local/lib/python3.10/dist-packages/od_msg/srv/__init__.py
[3.297s] -- Installing: /home/jack/ros2_ws/install/od_msg/local/lib/python3.10/dist-packages/od_msg/srv/_srv_depth_position.py
[3.297s] -- Installing: /home/jack/ros2_ws/install/od_msg/local/lib/python3.10/dist-packages/od_msg/_od_msg_s.ep.rosidl_typesupport_fastrtps_c.c
[3.297s] -- Installing: /home/jack/ros2_ws/install/od_msg/local/lib/python3.10/dist-packages/od_msg/__init__.py
[3.297s] -- Installing: /home/jack/ros2_ws/install/od_msg/local/lib/python3.10/dist-packages/od_msg/_od_msg_s.ep.rosidl_typesupport_c.c
[3.297s] -- Installing: /home/jack/ros2_ws/install/od_msg/local/lib/python3.10/dist-packages/od_msg/_od_msg_s.ep.rosidl_typesupport_introspection_c.c
[3.320s] Listing '/home/jack/ros2_ws/install/od_msg/local/lib/python3.10/dist-packages/od_msg'...
[3.320s] Compiling '/home/jack/ros2_ws/install/od_msg/local/lib/python3.10/dist-packages/od_msg/__init__.py'...
[3.320s] Listing '/home/jack/ros2_ws/install/od_msg/local/lib/python3.10/dist-packages/od_msg/srv'...
[3.320s] Compiling '/home/jack/ros2_ws/install/od_msg/local/lib/python3.10/dist-packages/od_msg/srv/__init__.py'...
[3.320s] Compiling '/home/jack/ros2_ws/install/od_msg/local/lib/python3.10/dist-packages/od_msg/srv/_srv_depth_position.py'...
[3.323s] -- Installing: /home/jack/ros2_ws/install/od_msg/local/lib/python3.10/dist-packages/od_msg/od_msg_s__rosidl_typesupport_fastrtps_c.cpython-310-x86_64-linux-gnu.so
[3.323s] -- Set runtime path of "/home/jack/ros2_ws/install/od_msg/local/lib/python3.10/dist-packages/od_msg/od_msg_s__rosidl_typesupport_fastrtps_c.cpython-310-x86_64-linux-gnu.so" to ""
[3.323s] -- Installing: /home/jack/ros2_ws/install/od_msg/local/lib/python3.10/dist-packages/od_msg/od_msg_s__rosidl_typesupport_introspection_c.cpython-310-x86_64-linux-gnu.so
[3.324s] -- Set runtime path of "/home/jack/ros2_ws/install/od_msg/local/lib/python3.10/dist-packages/od_msg/od_msg_s__rosidl_typesupport_introspection_c.cpython-310-x86_64-linux-gnu.so" to ""
[3.324s] -- Installing: /home/jack/ros2_ws/install/od_msg/local/lib/python3.10/dist-packages/od_msg/od_msg_s__rosidl_typesupport_c.cpython-310-x86_64-linux-gnu.so
[3.324s] -- Set runtime path of "/home/jack/ros2_ws/install/od_msg/local/lib/python3.10/dist-packages/od_msg/od_msg_s__rosidl_typesupport_c.cpython-310-x86_64-linux-gnu.so" to ""
[3.324s] -- Installing: /home/jack/ros2_ws/install/od_msg/lib/libod_msg__rosidl_generator_py.so
[3.325s] -- Set runtime path of "/home/jack/ros2_ws/install/od_msg/lib/libod_msg__rosidl_generator_py.so" to ""
[3.325s] -- Installing: /home/jack/ros2_ws/install/od_msg/share/od_msg/srv/SrvDepthPosition.idl
[3.325s] -- Installing: /home/jack/ros2_ws/install/od_msg/share/od_msg/srv/SrvDepthPosition.srv
[3.325s] -- Installing: /home/jack/ros2_ws/install/od_msg/share/od_msg/srv/SrvDepthPosition_Request.msg
[3.325s] -- Installing: /home/jack/ros2_ws/install/od_msg/share/od_msg/srv/SrvDepthPosition_Response.msg
[3.325s] -- Installing: /home/jack/ros2_ws/install/od_msg/share/ament_index/resource_index/package_run_dependencies/od_msg
[3.325s] -- Installing: /home/jack/ros2_ws/install/od_msg/share/ament_index/resource_index/parent_prefix_path/od_msg
[3.325s] -- Installing: /home/jack/ros2_ws/install/od_msg/share/od_msg/environment/ament_prefix_path.sh
[3.326s] -- Installing: /home/jack/ros2_ws/install/od_msg/share/od_msg/environment/ament_prefix_path.dsv
[3.326s] -- Installing: /home/jack/ros2_ws/install/od_msg/share/od_msg/environment/path.sh
[3.326s] -- Installing: /home/jack/ros2_ws/install/od_msg/share/od_msg/environment/path.dsv
[3.326s] -- Installing: /home/jack/ros2_ws/install/od_msg/share/od_msg/local_setup.bash
[3.326s] -- Installing: /home/jack/ros2_ws/install/od_msg/share/od_msg/local_setup.sh
[3.326s] -- Installing: /home/jack/ros2_ws/install/od_msg/share/od_msg/local_setup.zsh
[3.326s] -- Installing: /home/jack/ros2_ws/install/od_msg/share/od_msg/local_setup.dsv
[3.327s] -- Installing: /home/jack/ros2_ws/install/od_msg/share/od_msg/package.dsv
[3.327s] -- Installing: /home/jack/ros2_ws/install/od_msg/share/ament_index/resource_index/packages/od_msg
[3.327s] -- Installing: /home/jack/ros2_ws/install/od_msg/share/od_msg/cmake/export_od_msg__rosidl_generator_cExport.cmake
[3.327s] -- Installing: /home/jack/ros2_ws/install/od_msg/share/od_msg/cmake/export_od_msg__rosidl_generator_cExport-noconfig.cmake
[3.327s] -- Installing: /home/jack/ros2_ws/install/od_msg/share/od_msg/cmake/export_od_msg__rosidl_typesupport_fastrtps_cExport.cmake
[3.327s] -- Installing: /home/jack/ros2_ws/install/od_msg/share/od_msg/cmake/export_od_msg__rosidl_typesupport_fastrtps_cExport-noconfig.cmake
[3.327s] -- Installing: /home/jack/ros2_ws/install/od_msg/share/od_msg/cmake/od_msg__rosidl_typesupport_introspection_cExport.cmake
[3.328s] -- Installing: /home/jack/ros2_ws/install/od_msg/share/od_msg/cmake/od_msg__rosidl_typesupport_introspection_cExport-noconfig.cmake
[3.328s] -- Installing: /home/jack/ros2_ws/install/od_msg/share/od_msg/cmake/od_msg__rosidl_typesupport_cExport.cmake
[3.328s] -- Installing: /home/jack/ros2_ws/install/od_msg/share/od_msg/cmake/od_msg__rosidl_typesupport_cExport-noconfig.cmake
[3.328s] -- Installing: /home/jack/ros2_ws/install/od_msg/share/od_msg/cmake/export_od_msg__rosidl_generator_cppExport.cmake
[3.328s] -- Installing: /home/jack/ros2_ws/install/od_msg/share/od_msg/cmake/export_od_msg__rosidl_typesupport_fastrtps_cppExport.cmake
[3.328s] -- Installing: /home/jack/ros2_ws/install/od_msg/share/od_msg/cmake/export_od_msg__rosidl_typesupport_fastrtps_cppExport-noconfig.cmake
[3.328s] -- Installing: /home/jack/ros2_ws/install/od_msg/share/od_msg/cmake/od_msg__rosidl_typesupport_introspection_cppExport.cmake
[3.329s] -- Installing: /home/jack/ros2_ws/install/od_msg/share/od_msg/cmake/od_msg__rosidl_typesupport_introspection_cppExport-noconfig.cmake
[3.329s] -- Installing: /home/jack/ros2_ws/install/od_msg/share/od_msg/cmake/od_msg__rosidl_typesupport_cppExport.cmake
[3.329s] -- Installing: /home/jack/ros2_ws/install/od_msg/share/od_msg/cmake/od_msg__rosidl_typesupport_cppExport-noconfig.cmake
[3.329s] -- Installing: /home/jack/ros2_ws/install/od_msg/share/od_msg/cmake/export_od_msg__rosidl_generator_pyExport.cmake
[3.329s] -- Installing: /home/jack/ros2_ws/install/od_msg/share/od_msg/cmake/export_od_msg__rosidl_generator_pyExport-noconfig.cmake
[3.329s] -- Installing: /home/jack/ros2_ws/install/od_msg/share/od_msg/cmake/rosidl_cmake-extras.cmake
[3.329s] -- Installing: /home/jack/ros2_ws/install/od_msg/share/od_msg/cmake/ament_cmake_export_include_directories-extras.cmake
[3.330s] -- Installing: /home/jack/ros2_ws/install/od_msg/share/od_msg/cmake/ament_cmake_export_libraries-extras.cmake
[3.330s] -- Installing: /home/jack/ros2_ws/install/od_msg/share/od_msg/cmake/ament_cmake_export_targets-extras.cmake
[3.330s] -- Installing: /home/jack/ros2_ws/install/od_msg/share/od_msg/cmake/rosidl_cmake_export_typesupport_targets-extras.cmake
[3.330s] -- Installing: /home/jack/ros2_ws/install/od_msg/share/od_msg/cmake/ament_cmake_export_dependencies-extras.cmake
[3.330s] -- Installing: /home/jack/ros2_ws/install/od_msg/share/od_msg/cmake/rosidl_cmake_export_typesupport_libraries-extras.cmake
[3.331s] -- Installing: /home/jack/ros2_ws/install/od_msg/share/od_msg/cmake/od_msgConfig.cmake
[3.331s] -- Installing: /home/jack/ros2_ws/install/od_msg/share/od_msg/cmake/od_msgConfig-version.cmake
[3.331s] -- Installing: /home/jack/ros2_ws/install/od_msg/share/od_msg/package.xml
[3.333s] Invoked command in '/home/jack/ros2_ws/build/od_msg' returned '0': /usr/bin/cmake --install /home/jack/ros2_ws/build/od_msg
