[1.424s] Invoking command in '/home/jack/ros2_ws/src/DoosanBootcamp3rd/dsr_example2/dsr_example': AMENT_PREFIX_PATH=/home/jack/ros2_ws/install/dsr_common2:${AMENT_PREFIX_PATH} CMAKE_PREFIX_PATH=/home/jack/ros2_ws/install/dsr_common2 PYTHONPATH=/home/jack/ros2_ws/build/dsr_example/prefix_override:/home/jack/.local/lib/python3.10/site-packages/colcon_core/task/python/colcon_distutils_commands:/home/jack/ros2_ws/install/dsr_example/lib/python3.10/site-packages:${PYTHONPATH} /usr/bin/python3 -W ignore:setup.py install is deprecated -W ignore:easy_install command is deprecated setup.py egg_info --egg-base ../../../../build/dsr_example build --build-base /home/jack/ros2_ws/build/dsr_example/build install --record /home/jack/ros2_ws/build/dsr_example/install.log --single-version-externally-managed install_data
[1.660s] running egg_info
[1.661s] creating ../../../../build/dsr_example/dsr_example.egg-info
[1.661s] writing ../../../../build/dsr_example/dsr_example.egg-info/PKG-INFO
[1.661s] writing dependency_links to ../../../../build/dsr_example/dsr_example.egg-info/dependency_links.txt
[1.661s] writing entry points to ../../../../build/dsr_example/dsr_example.egg-info/entry_points.txt
[1.662s] writing requirements to ../../../../build/dsr_example/dsr_example.egg-info/requires.txt
[1.662s] writing top-level names to ../../../../build/dsr_example/dsr_example.egg-info/top_level.txt
[1.662s] writing manifest file '../../../../build/dsr_example/dsr_example.egg-info/SOURCES.txt'
[1.664s] reading manifest file '../../../../build/dsr_example/dsr_example.egg-info/SOURCES.txt'
[1.664s] writing manifest file '../../../../build/dsr_example/dsr_example.egg-info/SOURCES.txt'
[1.664s] running build
[1.664s] running build_py
[1.665s] creating /home/jack/ros2_ws/build/dsr_example/build
[1.665s] creating /home/jack/ros2_ws/build/dsr_example/build/lib
[1.665s] creating /home/jack/ros2_ws/build/dsr_example/build/lib/dsr_example
[1.665s] copying dsr_example/__init__.py -> /home/jack/ros2_ws/build/dsr_example/build/lib/dsr_example
[1.665s] creating /home/jack/ros2_ws/build/dsr_example/build/lib/dsr_example/simple
[1.665s] copying dsr_example/simple/__init__.py -> /home/jack/ros2_ws/build/dsr_example/build/lib/dsr_example/simple
[1.665s] copying dsr_example/simple/single_robot_simple.py -> /home/jack/ros2_ws/build/dsr_example/build/lib/dsr_example/simple
[1.665s] creating /home/jack/ros2_ws/build/dsr_example/build/lib/dsr_example/demo
[1.665s] copying dsr_example/demo/dance_m1013.py -> /home/jack/ros2_ws/build/dsr_example/build/lib/dsr_example/demo
[1.665s] copying dsr_example/demo/__init__.py -> /home/jack/ros2_ws/build/dsr_example/build/lib/dsr_example/demo
[1.666s] running install
[1.666s] running install_lib
[1.667s] creating /home/jack/ros2_ws/install/dsr_example/lib/python3.10/site-packages/dsr_example
[1.667s] creating /home/jack/ros2_ws/install/dsr_example/lib/python3.10/site-packages/dsr_example/simple
[1.667s] copying /home/jack/ros2_ws/build/dsr_example/build/lib/dsr_example/simple/__init__.py -> /home/jack/ros2_ws/install/dsr_example/lib/python3.10/site-packages/dsr_example/simple
[1.667s] copying /home/jack/ros2_ws/build/dsr_example/build/lib/dsr_example/simple/single_robot_simple.py -> /home/jack/ros2_ws/install/dsr_example/lib/python3.10/site-packages/dsr_example/simple
[1.667s] creating /home/jack/ros2_ws/install/dsr_example/lib/python3.10/site-packages/dsr_example/demo
[1.667s] copying /home/jack/ros2_ws/build/dsr_example/build/lib/dsr_example/demo/dance_m1013.py -> /home/jack/ros2_ws/install/dsr_example/lib/python3.10/site-packages/dsr_example/demo
[1.667s] copying /home/jack/ros2_ws/build/dsr_example/build/lib/dsr_example/demo/__init__.py -> /home/jack/ros2_ws/install/dsr_example/lib/python3.10/site-packages/dsr_example/demo
[1.668s] copying /home/jack/ros2_ws/build/dsr_example/build/lib/dsr_example/__init__.py -> /home/jack/ros2_ws/install/dsr_example/lib/python3.10/site-packages/dsr_example
[1.668s] byte-compiling /home/jack/ros2_ws/install/dsr_example/lib/python3.10/site-packages/dsr_example/simple/__init__.py to __init__.cpython-310.pyc
[1.669s] byte-compiling /home/jack/ros2_ws/install/dsr_example/lib/python3.10/site-packages/dsr_example/simple/single_robot_simple.py to single_robot_simple.cpython-310.pyc
[1.670s] byte-compiling /home/jack/ros2_ws/install/dsr_example/lib/python3.10/site-packages/dsr_example/demo/dance_m1013.py to dance_m1013.cpython-310.pyc
[1.671s] byte-compiling /home/jack/ros2_ws/install/dsr_example/lib/python3.10/site-packages/dsr_example/demo/__init__.py to __init__.cpython-310.pyc
[1.671s] byte-compiling /home/jack/ros2_ws/install/dsr_example/lib/python3.10/site-packages/dsr_example/__init__.py to __init__.cpython-310.pyc
[1.671s] running install_data
[1.671s] creating /home/jack/ros2_ws/install/dsr_example/share/ament_index
[1.671s] creating /home/jack/ros2_ws/install/dsr_example/share/ament_index/resource_index
[1.671s] creating /home/jack/ros2_ws/install/dsr_example/share/ament_index/resource_index/packages
[1.672s] copying resource/dsr_example -> /home/jack/ros2_ws/install/dsr_example/share/ament_index/resource_index/packages
[1.672s] copying package.xml -> /home/jack/ros2_ws/install/dsr_example/share/dsr_example
[1.672s] running install_egg_info
[1.674s] Copying ../../../../build/dsr_example/dsr_example.egg-info to /home/jack/ros2_ws/install/dsr_example/lib/python3.10/site-packages/dsr_example-0.0.0-py3.10.egg-info
[1.675s] running install_scripts
[1.696s] Installing dance script to /home/jack/ros2_ws/install/dsr_example/lib/dsr_example
[1.696s] Installing single_robot_simple script to /home/jack/ros2_ws/install/dsr_example/lib/dsr_example
[1.697s] writing list of installed files to '/home/jack/ros2_ws/build/dsr_example/install.log'
[1.723s] Invoked command in '/home/jack/ros2_ws/src/DoosanBootcamp3rd/dsr_example2/dsr_example' returned '0': AMENT_PREFIX_PATH=/home/jack/ros2_ws/install/dsr_common2:${AMENT_PREFIX_PATH} CMAKE_PREFIX_PATH=/home/jack/ros2_ws/install/dsr_common2 PYTHONPATH=/home/jack/ros2_ws/build/dsr_example/prefix_override:/home/jack/.local/lib/python3.10/site-packages/colcon_core/task/python/colcon_distutils_commands:/home/jack/ros2_ws/install/dsr_example/lib/python3.10/site-packages:${PYTHONPATH} /usr/bin/python3 -W ignore:setup.py install is deprecated -W ignore:easy_install command is deprecated setup.py egg_info --egg-base ../../../../build/dsr_example build --build-base /home/jack/ros2_ws/build/dsr_example/build install --record /home/jack/ros2_ws/build/dsr_example/install.log --single-version-externally-managed install_data
