/home/jack/ros2_ws/install/pick_and_place_text/lib/python3.10/site-packages/pick_and_place_text/yolo.py
/home/jack/ros2_ws/install/pick_and_place_text/lib/python3.10/site-packages/pick_and_place_text/detection.py
/home/jack/ros2_ws/install/pick_and_place_text/lib/python3.10/site-packages/pick_and_place_text/realsense.py
/home/jack/ros2_ws/install/pick_and_place_text/lib/python3.10/site-packages/pick_and_place_text/robot_move.py
/home/jack/ros2_ws/install/pick_and_place_text/lib/python3.10/site-packages/pick_and_place_text/__init__.py
/home/jack/ros2_ws/install/pick_and_place_text/lib/python3.10/site-packages/pick_and_place_text/onrobot.py
/home/jack/ros2_ws/install/pick_and_place_text/lib/python3.10/site-packages/pick_and_place_text/__pycache__/yolo.cpython-310.pyc
/home/jack/ros2_ws/install/pick_and_place_text/lib/python3.10/site-packages/pick_and_place_text/__pycache__/detection.cpython-310.pyc
/home/jack/ros2_ws/install/pick_and_place_text/lib/python3.10/site-packages/pick_and_place_text/__pycache__/realsense.cpython-310.pyc
/home/jack/ros2_ws/install/pick_and_place_text/lib/python3.10/site-packages/pick_and_place_text/__pycache__/robot_move.cpython-310.pyc
/home/jack/ros2_ws/install/pick_and_place_text/lib/python3.10/site-packages/pick_and_place_text/__pycache__/__init__.cpython-310.pyc
/home/jack/ros2_ws/install/pick_and_place_text/lib/python3.10/site-packages/pick_and_place_text/__pycache__/onrobot.cpython-310.pyc
/home/jack/ros2_ws/install/pick_and_place_text/share/ament_index/resource_index/packages/pick_and_place_text
/home/jack/ros2_ws/install/pick_and_place_text/share/pick_and_place_text/package.xml
/home/jack/ros2_ws/install/pick_and_place_text/share/pick_and_place_text/resource/pick_and_place_text
/home/jack/ros2_ws/install/pick_and_place_text/share/pick_and_place_text/resource/yolov8n_tools_0122.pt
/home/jack/ros2_ws/install/pick_and_place_text/share/pick_and_place_text/resource/T_gripper2camera.npy
/home/jack/ros2_ws/install/pick_and_place_text/share/pick_and_place_text/resource/class_name_tool.json
/home/jack/ros2_ws/install/pick_and_place_text/lib/python3.10/site-packages/pick_and_place_text-0.0.0-py3.10.egg-info/SOURCES.txt
/home/jack/ros2_ws/install/pick_and_place_text/lib/python3.10/site-packages/pick_and_place_text-0.0.0-py3.10.egg-info/entry_points.txt
/home/jack/ros2_ws/install/pick_and_place_text/lib/python3.10/site-packages/pick_and_place_text-0.0.0-py3.10.egg-info/PKG-INFO
/home/jack/ros2_ws/install/pick_and_place_text/lib/python3.10/site-packages/pick_and_place_text-0.0.0-py3.10.egg-info/dependency_links.txt
/home/jack/ros2_ws/install/pick_and_place_text/lib/python3.10/site-packages/pick_and_place_text-0.0.0-py3.10.egg-info/top_level.txt
/home/jack/ros2_ws/install/pick_and_place_text/lib/python3.10/site-packages/pick_and_place_text-0.0.0-py3.10.egg-info/zip-safe
/home/jack/ros2_ws/install/pick_and_place_text/lib/python3.10/site-packages/pick_and_place_text-0.0.0-py3.10.egg-info/requires.txt
/home/jack/ros2_ws/install/pick_and_place_text/lib/pick_and_place_text/detection
/home/jack/ros2_ws/install/pick_and_place_text/lib/pick_and_place_text/robot_move
