running egg_info
writing ../../../../build/pick_and_place_text/pick_and_place_text.egg-info/PKG-INFO
writing dependency_links to ../../../../build/pick_and_place_text/pick_and_place_text.egg-info/dependency_links.txt
writing entry points to ../../../../build/pick_and_place_text/pick_and_place_text.egg-info/entry_points.txt
writing requirements to ../../../../build/pick_and_place_text/pick_and_place_text.egg-info/requires.txt
writing top-level names to ../../../../build/pick_and_place_text/pick_and_place_text.egg-info/top_level.txt
reading manifest file '../../../../build/pick_and_place_text/pick_and_place_text.egg-info/SOURCES.txt'
writing manifest file '../../../../build/pick_and_place_text/pick_and_place_text.egg-info/SOURCES.txt'
running build
running build_py
running install
running install_lib
running install_data
running install_egg_info
removing '/home/jack/ros2_ws/install/pick_and_place_text/lib/python3.10/site-packages/pick_and_place_text-0.0.0-py3.10.egg-info' (and everything under it)
Copying ../../../../build/pick_and_place_text/pick_and_place_text.egg-info to /home/jack/ros2_ws/install/pick_and_place_text/lib/python3.10/site-packages/pick_and_place_text-0.0.0-py3.10.egg-info
running install_scripts
Installing detection script to /home/jack/ros2_ws/install/pick_and_place_text/lib/pick_and_place_text
Installing robot_move script to /home/jack/ros2_ws/install/pick_and_place_text/lib/pick_and_place_text
writing list of installed files to '/home/jack/ros2_ws/build/pick_and_place_text/install.log'
