[1.575s] Invoking command in '/home/jack/ros2_ws/src/DoosanBootcamp3rd/dsr_rokey/pick_and_place_text': PYTHONPATH=/home/jack/ros2_ws/build/pick_and_place_text/prefix_override:/home/jack/.local/lib/python3.10/site-packages/colcon_core/task/python/colcon_distutils_commands:/home/jack/ros2_ws/install/pick_and_place_text/lib/python3.10/site-packages:${PYTHONPATH} /usr/bin/python3 -W ignore:setup.py install is deprecated -W ignore:easy_install command is deprecated setup.py egg_info --egg-base ../../../../build/pick_and_place_text build --build-base /home/jack/ros2_ws/build/pick_and_place_text/build install --record /home/jack/ros2_ws/build/pick_and_place_text/install.log --single-version-externally-managed install_data
[1.776s] running egg_info
[1.776s] writing ../../../../build/pick_and_place_text/pick_and_place_text.egg-info/PKG-INFO
[1.776s] writing dependency_links to ../../../../build/pick_and_place_text/pick_and_place_text.egg-info/dependency_links.txt
[1.776s] writing entry points to ../../../../build/pick_and_place_text/pick_and_place_text.egg-info/entry_points.txt
[1.776s] writing requirements to ../../../../build/pick_and_place_text/pick_and_place_text.egg-info/requires.txt
[1.777s] writing top-level names to ../../../../build/pick_and_place_text/pick_and_place_text.egg-info/top_level.txt
[1.778s] reading manifest file '../../../../build/pick_and_place_text/pick_and_place_text.egg-info/SOURCES.txt'
[1.779s] writing manifest file '../../../../build/pick_and_place_text/pick_and_place_text.egg-info/SOURCES.txt'
[1.779s] running build
[1.779s] running build_py
[1.779s] running install
[1.779s] running install_lib
[1.780s] running install_data
[1.781s] running install_egg_info
[1.782s] removing '/home/jack/ros2_ws/install/pick_and_place_text/lib/python3.10/site-packages/pick_and_place_text-0.0.0-py3.10.egg-info' (and everything under it)
[1.782s] Copying ../../../../build/pick_and_place_text/pick_and_place_text.egg-info to /home/jack/ros2_ws/install/pick_and_place_text/lib/python3.10/site-packages/pick_and_place_text-0.0.0-py3.10.egg-info
[1.782s] running install_scripts
[1.796s] Installing detection script to /home/jack/ros2_ws/install/pick_and_place_text/lib/pick_and_place_text
[1.796s] Installing robot_move script to /home/jack/ros2_ws/install/pick_and_place_text/lib/pick_and_place_text
[1.796s] writing list of installed files to '/home/jack/ros2_ws/build/pick_and_place_text/install.log'
