[0.040s] Invoking command in '/home/jack/ros2_ws/build/dsr_moveit_config_p3020': CMAKE_PREFIX_PATH=/opt/ros/humble /usr/bin/cmake /home/jack/ros2_ws/src/DoosanBootcamp3rd/dsr_moveit2/dsr_moveit_config_p3020 -DCMAKE_INSTALL_PREFIX=/home/jack/ros2_ws/install/dsr_moveit_config_p3020
[0.736s] -- The C compiler identification is GNU 11.4.0
[0.736s] -- The CXX compiler identification is GNU 11.4.0
[0.736s] -- Detecting C compiler ABI info
[0.736s] -- Detecting C compiler ABI info - done
[0.736s] -- Check for working C compiler: /usr/bin/cc - skipped
[0.736s] -- Detecting C compile features
[0.736s] -- Detecting C compile features - done
[0.736s] -- Detecting CXX compiler ABI info
[0.736s] -- Detecting CXX compiler ABI info - done
[0.736s] -- Check for working CXX compiler: /usr/bin/c++ - skipped
[0.736s] -- Detecting CXX compile features
[0.736s] -- Detecting CXX compile features - done
[0.740s] -- Found ament_cmake: 1.3.11 (/opt/ros/humble/share/ament_cmake/cmake)
[0.740s] -- Found Python3: /usr/bin/python3 (found version "3.10.12") found components: Interpreter 
[0.740s] -- Configuring done
[0.740s] -- Generating done
[0.740s] -- Build files have been written to: /home/jack/ros2_ws/build/dsr_moveit_config_p3020
[0.752s] Invoked command in '/home/jack/ros2_ws/build/dsr_moveit_config_p3020' returned '0': CMAKE_PREFIX_PATH=/opt/ros/humble /usr/bin/cmake /home/jack/ros2_ws/src/DoosanBootcamp3rd/dsr_moveit2/dsr_moveit_config_p3020 -DCMAKE_INSTALL_PREFIX=/home/jack/ros2_ws/install/dsr_moveit_config_p3020
[0.752s] Invoking command in '/home/jack/ros2_ws/build/dsr_moveit_config_p3020': CMAKE_PREFIX_PATH=/opt/ros/humble /usr/bin/cmake --build /home/jack/ros2_ws/build/dsr_moveit_config_p3020 -- -j16 -l16
[0.780s] Invoked command in '/home/jack/ros2_ws/build/dsr_moveit_config_p3020' returned '0': CMAKE_PREFIX_PATH=/opt/ros/humble /usr/bin/cmake --build /home/jack/ros2_ws/build/dsr_moveit_config_p3020 -- -j16 -l16
[0.781s] Invoking command in '/home/jack/ros2_ws/build/dsr_moveit_config_p3020': CMAKE_PREFIX_PATH=/opt/ros/humble /usr/bin/cmake --install /home/jack/ros2_ws/build/dsr_moveit_config_p3020
[0.887s] -- Install configuration: ""
[0.888s] -- Installing: /home/jack/ros2_ws/install/dsr_moveit_config_p3020/share/ament_index/resource_index/package_run_dependencies/dsr_moveit_config_p3020
[0.888s] -- Installing: /home/jack/ros2_ws/install/dsr_moveit_config_p3020/share/ament_index/resource_index/parent_prefix_path/dsr_moveit_config_p3020
[0.888s] -- Installing: /home/jack/ros2_ws/install/dsr_moveit_config_p3020/share/dsr_moveit_config_p3020/environment/ament_prefix_path.sh
[0.889s] -- Installing: /home/jack/ros2_ws/install/dsr_moveit_config_p3020/share/dsr_moveit_config_p3020/environment/ament_prefix_path.dsv
[0.889s] -- Installing: /home/jack/ros2_ws/install/dsr_moveit_config_p3020/share/dsr_moveit_config_p3020/environment/path.sh
[0.889s] -- Installing: /home/jack/ros2_ws/install/dsr_moveit_config_p3020/share/dsr_moveit_config_p3020/environment/path.dsv
[0.889s] -- Installing: /home/jack/ros2_ws/install/dsr_moveit_config_p3020/share/dsr_moveit_config_p3020/local_setup.bash
[0.889s] -- Installing: /home/jack/ros2_ws/install/dsr_moveit_config_p3020/share/dsr_moveit_config_p3020/local_setup.sh
[0.889s] -- Installing: /home/jack/ros2_ws/install/dsr_moveit_config_p3020/share/dsr_moveit_config_p3020/local_setup.zsh
[0.889s] -- Installing: /home/jack/ros2_ws/install/dsr_moveit_config_p3020/share/dsr_moveit_config_p3020/local_setup.dsv
[0.889s] -- Installing: /home/jack/ros2_ws/install/dsr_moveit_config_p3020/share/dsr_moveit_config_p3020/package.dsv
[0.889s] -- Installing: /home/jack/ros2_ws/install/dsr_moveit_config_p3020/share/ament_index/resource_index/packages/dsr_moveit_config_p3020
[0.889s] -- Installing: /home/jack/ros2_ws/install/dsr_moveit_config_p3020/share/dsr_moveit_config_p3020/cmake/dsr_moveit_config_p3020Config.cmake
[0.889s] -- Installing: /home/jack/ros2_ws/install/dsr_moveit_config_p3020/share/dsr_moveit_config_p3020/cmake/dsr_moveit_config_p3020Config-version.cmake
[0.890s] -- Installing: /home/jack/ros2_ws/install/dsr_moveit_config_p3020/share/dsr_moveit_config_p3020/package.xml
[0.890s] -- Installing: /home/jack/ros2_ws/install/dsr_moveit_config_p3020/share/dsr_moveit_config_p3020/launch
[0.890s] -- Installing: /home/jack/ros2_ws/install/dsr_moveit_config_p3020/share/dsr_moveit_config_p3020/launch/start.launch.py
[0.890s] -- Installing: /home/jack/ros2_ws/install/dsr_moveit_config_p3020/share/dsr_moveit_config_p3020/launch/moveit.rviz
[0.890s] -- Installing: /home/jack/ros2_ws/install/dsr_moveit_config_p3020/share/dsr_moveit_config_p3020/config
[0.890s] -- Installing: /home/jack/ros2_ws/install/dsr_moveit_config_p3020/share/dsr_moveit_config_p3020/config/pilz_cartesian_limits.yaml
[0.890s] -- Installing: /home/jack/ros2_ws/install/dsr_moveit_config_p3020/share/dsr_moveit_config_p3020/config/dsr.ros2_control.xacro
[0.890s] -- Installing: /home/jack/ros2_ws/install/dsr_moveit_config_p3020/share/dsr_moveit_config_p3020/config/kinematics.yaml
[0.890s] -- Installing: /home/jack/ros2_ws/install/dsr_moveit_config_p3020/share/dsr_moveit_config_p3020/config/sensors_3d.yaml
[0.890s] -- Installing: /home/jack/ros2_ws/install/dsr_moveit_config_p3020/share/dsr_moveit_config_p3020/config/joint_limits.yaml
[0.890s] -- Installing: /home/jack/ros2_ws/install/dsr_moveit_config_p3020/share/dsr_moveit_config_p3020/config/chomp_planning.yaml
[0.891s] -- Installing: /home/jack/ros2_ws/install/dsr_moveit_config_p3020/share/dsr_moveit_config_p3020/config/initial_positions.yaml
[0.891s] -- Installing: /home/jack/ros2_ws/install/dsr_moveit_config_p3020/share/dsr_moveit_config_p3020/config/dsr.srdf
[0.891s] -- Installing: /home/jack/ros2_ws/install/dsr_moveit_config_p3020/share/dsr_moveit_config_p3020/config/moveit_controllers.yaml
[0.891s] -- Installing: /home/jack/ros2_ws/install/dsr_moveit_config_p3020/share/dsr_moveit_config_p3020/config/p3020.urdf.xacro
[0.891s] -- Installing: /home/jack/ros2_ws/install/dsr_moveit_config_p3020/share/dsr_moveit_config_p3020/config/ompl_planning.yaml
[0.891s] -- Installing: /home/jack/ros2_ws/install/dsr_moveit_config_p3020/share/dsr_moveit_config_p3020/config/ros2_controllers.yaml
[0.891s] -- Installing: /home/jack/ros2_ws/install/dsr_moveit_config_p3020/share/dsr_moveit_config_p3020/.setup_assistant
[0.928s] Invoked command in '/home/jack/ros2_ws/build/dsr_moveit_config_p3020' returned '0': CMAKE_PREFIX_PATH=/opt/ros/humble /usr/bin/cmake --install /home/jack/ros2_ws/build/dsr_moveit_config_p3020
