-- Found ament_cmake: 1.3.11 (/opt/ros/humble/share/ament_cmake/cmake)
-- Found rclcpp: 16.0.12 (/opt/ros/humble/share/rclcpp/cmake)
-- Found rosidl_generator_c: 3.1.6 (/opt/ros/humble/share/rosidl_generator_c/cmake)
-- Found rosidl_adapter: 3.1.6 (/opt/ros/humble/share/rosidl_adapter/cmake)
-- Found rosidl_generator_cpp: 3.1.6 (/opt/ros/humble/share/rosidl_generator_cpp/cmake)
-- Using all available rosidl_typesupport_c: rosidl_typesupport_fastrtps_c;rosidl_typesupport_introspection_c
-- Using all available rosidl_typesupport_cpp: rosidl_typesupport_fastrtps_cpp;rosidl_typesupport_introspection_cpp
-- Found rmw_implementation_cmake: 6.1.2 (/opt/ros/humble/share/rmw_implementation_cmake/cmake)
-- Found rmw_fastrtps_cpp: 6.2.7 (/opt/ros/humble/share/rmw_fastrtps_cpp/cmake)
-- Using RMW implementation 'rmw_fastrtps_cpp' as default
-- Found rclcpp_lifecycle: 16.0.12 (/opt/ros/humble/share/rclcpp_lifecycle/cmake)
-- Found geometry_msgs: 4.9.0 (/opt/ros/humble/share/geometry_msgs/cmake)
-- Found sensor_msgs: 4.9.0 (/opt/ros/humble/share/sensor_msgs/cmake)
-- Found rosidl_default_generators: 1.2.0 (/opt/ros/humble/share/rosidl_default_generators/cmake)
-- Found dsr_msgs2: 1.1.0 (/home/jack/ros2_ws/install/dsr_msgs2/share/dsr_msgs2/cmake)
-- Found dsr_common2: 1.1.0 (/home/jack/ros2_ws/install/dsr_common2/share/dsr_common2/cmake)
-- Found ament_cmake_ros: 0.10.0 (/opt/ros/humble/share/ament_cmake_ros/cmake)
-- Using all available rosidl_typesupport_c: rosidl_typesupport_fastrtps_c;rosidl_typesupport_introspection_c
-- Using all available rosidl_typesupport_cpp: rosidl_typesupport_fastrtps_cpp;rosidl_typesupport_introspection_cpp
-- Found PythonInterp: /usr/bin/python3 (found suitable version "3.10.12", minimum required is "3.6") 
-- Found python_cmake_module: 0.10.0 (/opt/ros/humble/share/python_cmake_module/cmake)
-- Found PythonLibs: /usr/lib/x86_64-linux-gnu/libpython3.10.so (found suitable version "3.10.12", minimum required is "3.5") 
-- Using PYTHON_EXECUTABLE: /usr/bin/python3
-- Using PYTHON_INCLUDE_DIRS: /usr/include/python3.10
-- Using PYTHON_LIBRARIES: /usr/lib/x86_64-linux-gnu/libpython3.10.so
-- Found PythonExtra: .so  
-- Found ament_lint_auto: 0.12.12 (/opt/ros/humble/share/ament_lint_auto/cmake)
-- Added test 'copyright' to check source files copyright and LICENSE
-- Added test 'cppcheck' to perform static code analysis on C / C++ code
-- Configured cppcheck include dirs: /home/jack/ros2_ws/src/DoosanBootcamp3rd/soma_cube_rl_bridge/include
-- Configured cppcheck exclude dirs and/or files: 
-- Added test 'cpplint' to check C / C++ code against the Google style
-- Configured cpplint exclude dirs and/or files: 
-- Added test 'flake8' to check Python code syntax and style conventions
-- Added test 'lint_cmake' to check CMake code style
-- Added test 'pep257' to check Python code against some of the docstring style conventions in PEP 257
-- Added test 'uncrustify' to check C / C++ code style
-- Configured uncrustify additional arguments: 
-- Added test 'xmllint' to check XML markup files
-- Configuring done
-- Generating done
-- Build files have been written to: /home/jack/ros2_ws/build/soma_cube_rl_bridge
[  1%] Generating C++ code for ROS interfaces
[  1%] Built target soma_cube_rl_bridge__cpp
[  1%] Built target ament_cmake_python_copy_soma_cube_rl_bridge
[  2%] Generating C++ introspection for ROS interfaces
[  4%] Building CXX object CMakeFiles/soma_cube_rl_bridge__rosidl_typesupport_introspection_cpp.dir/rosidl_typesupport_introspection_cpp/soma_cube_rl_bridge/srv/detail/rl_reset__type_support.cpp.o
[  5%] Building CXX object CMakeFiles/soma_cube_rl_bridge__rosidl_typesupport_introspection_cpp.dir/rosidl_typesupport_introspection_cpp/soma_cube_rl_bridge/msg/detail/safety_state__type_support.cpp.o
[  7%] Building CXX object CMakeFiles/soma_cube_rl_bridge__rosidl_typesupport_introspection_cpp.dir/rosidl_typesupport_introspection_cpp/soma_cube_rl_bridge/msg/detail/rl_observation__type_support.cpp.o
[  8%] Building CXX object CMakeFiles/soma_cube_rl_bridge__rosidl_typesupport_introspection_cpp.dir/rosidl_typesupport_introspection_cpp/soma_cube_rl_bridge/srv/detail/get_safety_state__type_support.cpp.o
[ 10%] Building CXX object CMakeFiles/soma_cube_rl_bridge__rosidl_typesupport_introspection_cpp.dir/rosidl_typesupport_introspection_cpp/soma_cube_rl_bridge/srv/detail/rl_step__type_support.cpp.o
[ 11%] Linking CXX shared library libsoma_cube_rl_bridge__rosidl_typesupport_introspection_cpp.so
[ 11%] Built target soma_cube_rl_bridge__rosidl_typesupport_introspection_cpp
running egg_info
creating soma_cube_rl_bridge.egg-info
writing soma_cube_rl_bridge.egg-info/PKG-INFO
writing dependency_links to soma_cube_rl_bridge.egg-info/dependency_links.txt
writing top-level names to soma_cube_rl_bridge.egg-info/top_level.txt
writing manifest file 'soma_cube_rl_bridge.egg-info/SOURCES.txt'
reading manifest file 'soma_cube_rl_bridge.egg-info/SOURCES.txt'
writing manifest file 'soma_cube_rl_bridge.egg-info/SOURCES.txt'
[ 11%] Built target ament_cmake_python_build_soma_cube_rl_bridge_egg
[ 13%] Generating C++ type support for eProsima Fast-RTPS
[ 14%] Building CXX object CMakeFiles/soma_cube_rl_bridge__rosidl_typesupport_fastrtps_cpp.dir/rosidl_typesupport_fastrtps_cpp/soma_cube_rl_bridge/srv/detail/dds_fastrtps/rl_reset__type_support.cpp.o
[ 15%] Building CXX object CMakeFiles/soma_cube_rl_bridge__rosidl_typesupport_fastrtps_cpp.dir/rosidl_typesupport_fastrtps_cpp/soma_cube_rl_bridge/msg/detail/dds_fastrtps/safety_state__type_support.cpp.o
[ 17%] Building CXX object CMakeFiles/soma_cube_rl_bridge__rosidl_typesupport_fastrtps_cpp.dir/rosidl_typesupport_fastrtps_cpp/soma_cube_rl_bridge/msg/detail/dds_fastrtps/rl_observation__type_support.cpp.o
[ 18%] Building CXX object CMakeFiles/soma_cube_rl_bridge__rosidl_typesupport_fastrtps_cpp.dir/rosidl_typesupport_fastrtps_cpp/soma_cube_rl_bridge/srv/detail/dds_fastrtps/get_safety_state__type_support.cpp.o
[ 20%] Building CXX object CMakeFiles/soma_cube_rl_bridge__rosidl_typesupport_fastrtps_cpp.dir/rosidl_typesupport_fastrtps_cpp/soma_cube_rl_bridge/srv/detail/dds_fastrtps/rl_step__type_support.cpp.o
[ 21%] Linking CXX shared library libsoma_cube_rl_bridge__rosidl_typesupport_fastrtps_cpp.so
[ 21%] Built target soma_cube_rl_bridge__rosidl_typesupport_fastrtps_cpp
[ 23%] Generating C++ type support dispatch for ROS interfaces
[ 24%] Building CXX object CMakeFiles/soma_cube_rl_bridge__rosidl_typesupport_cpp.dir/rosidl_typesupport_cpp/soma_cube_rl_bridge/srv/rl_reset__type_support.cpp.o
[ 26%] Building CXX object CMakeFiles/soma_cube_rl_bridge__rosidl_typesupport_cpp.dir/rosidl_typesupport_cpp/soma_cube_rl_bridge/msg/safety_state__type_support.cpp.o
[ 27%] Building CXX object CMakeFiles/soma_cube_rl_bridge__rosidl_typesupport_cpp.dir/rosidl_typesupport_cpp/soma_cube_rl_bridge/msg/rl_observation__type_support.cpp.o
[ 28%] Building CXX object CMakeFiles/soma_cube_rl_bridge__rosidl_typesupport_cpp.dir/rosidl_typesupport_cpp/soma_cube_rl_bridge/srv/get_safety_state__type_support.cpp.o
[ 30%] Building CXX object CMakeFiles/soma_cube_rl_bridge__rosidl_typesupport_cpp.dir/rosidl_typesupport_cpp/soma_cube_rl_bridge/srv/rl_step__type_support.cpp.o
[ 31%] Linking CXX shared library libsoma_cube_rl_bridge__rosidl_typesupport_cpp.so
[ 31%] Built target soma_cube_rl_bridge__rosidl_typesupport_cpp
[ 33%] Generating C code for ROS interfaces
[ 34%] Building C object CMakeFiles/soma_cube_rl_bridge__rosidl_generator_c.dir/rosidl_generator_c/soma_cube_rl_bridge/srv/detail/rl_reset__functions.c.o
[ 36%] Building C object CMakeFiles/soma_cube_rl_bridge__rosidl_generator_c.dir/rosidl_generator_c/soma_cube_rl_bridge/msg/detail/safety_state__functions.c.o
[ 37%] Building C object CMakeFiles/soma_cube_rl_bridge__rosidl_generator_c.dir/rosidl_generator_c/soma_cube_rl_bridge/msg/detail/rl_observation__functions.c.o
[ 39%] Building C object CMakeFiles/soma_cube_rl_bridge__rosidl_generator_c.dir/rosidl_generator_c/soma_cube_rl_bridge/srv/detail/get_safety_state__functions.c.o
[ 40%] Building C object CMakeFiles/soma_cube_rl_bridge__rosidl_generator_c.dir/rosidl_generator_c/soma_cube_rl_bridge/srv/detail/rl_step__functions.c.o
[ 42%] Linking C shared library libsoma_cube_rl_bridge__rosidl_generator_c.so
[ 42%] Built target soma_cube_rl_bridge__rosidl_generator_c
[ 43%] Building CXX object CMakeFiles/rl_env_node.dir/src/rl_env_node.cpp.o
