[0.011s] Invoking command in '/home/jack/ros2_ws/build/soma_cube_rl_bridge': AMENT_PREFIX_PATH=/home/jack/ros2_ws/install/dsr_msgs2:/home/jack/ros2_ws/install/dsr_common2:${AMENT_PREFIX_PATH} CMAKE_PREFIX_PATH=/home/jack/ros2_ws/install/dsr_msgs2:/home/jack/ros2_ws/install/dsr_common2:/opt/ros/humble LD_LIBRARY_PATH=/home/jack/ros2_ws/install/dsr_msgs2/lib:${LD_LIBRARY_PATH} PYTHONPATH=/home/jack/ros2_ws/install/dsr_msgs2/local/lib/python3.10/dist-packages:${PYTHONPATH} /usr/bin/cmake /home/jack/ros2_ws/src/DoosanBootcamp3rd/soma_cube_rl_bridge -DCMAKE_INSTALL_PREFIX=/home/jack/ros2_ws/install/soma_cube_rl_bridge
[0.023s] -- Found ament_cmake: 1.3.11 (/opt/ros/humble/share/ament_cmake/cmake)
[0.116s] -- Found rclcpp: 16.0.12 (/opt/ros/humble/share/rclcpp/cmake)
[0.144s] -- Found rosidl_generator_c: 3.1.6 (/opt/ros/humble/share/rosidl_generator_c/cmake)
[0.146s] -- Found rosidl_adapter: 3.1.6 (/opt/ros/humble/share/rosidl_adapter/cmake)
[0.152s] -- Found rosidl_generator_cpp: 3.1.6 (/opt/ros/humble/share/rosidl_generator_cpp/cmake)
[0.161s] -- Using all available rosidl_typesupport_c: rosidl_typesupport_fastrtps_c;rosidl_typesupport_introspection_c
[0.175s] -- Using all available rosidl_typesupport_cpp: rosidl_typesupport_fastrtps_cpp;rosidl_typesupport_introspection_cpp
[0.203s] -- Found rmw_implementation_cmake: 6.1.2 (/opt/ros/humble/share/rmw_implementation_cmake/cmake)
[0.204s] -- Found rmw_fastrtps_cpp: 6.2.7 (/opt/ros/humble/share/rmw_fastrtps_cpp/cmake)
[0.319s] -- Using RMW implementation 'rmw_fastrtps_cpp' as default
[0.367s] -- Found rclcpp_lifecycle: 16.0.12 (/opt/ros/humble/share/rclcpp_lifecycle/cmake)
[0.382s] -- Found geometry_msgs: 4.9.0 (/opt/ros/humble/share/geometry_msgs/cmake)
[0.395s] -- Found sensor_msgs: 4.9.0 (/opt/ros/humble/share/sensor_msgs/cmake)
[0.412s] -- Found rosidl_default_generators: 1.2.0 (/opt/ros/humble/share/rosidl_default_generators/cmake)
[0.419s] -- Found dsr_msgs2: 1.1.0 (/home/jack/ros2_ws/install/dsr_msgs2/share/dsr_msgs2/cmake)
[0.433s] -- Found dsr_common2: 1.1.0 (/home/jack/ros2_ws/install/dsr_common2/share/dsr_common2/cmake)
[0.733s] -- Found ament_cmake_ros: 0.10.0 (/opt/ros/humble/share/ament_cmake_ros/cmake)
[1.141s] -- Using all available rosidl_typesupport_c: rosidl_typesupport_fastrtps_c;rosidl_typesupport_introspection_c
[1.284s] -- Using all available rosidl_typesupport_cpp: rosidl_typesupport_fastrtps_cpp;rosidl_typesupport_introspection_cpp
[1.303s] -- Found PythonInterp: /usr/bin/python3 (found suitable version "3.10.12", minimum required is "3.6") 
[1.304s] -- Found python_cmake_module: 0.10.0 (/opt/ros/humble/share/python_cmake_module/cmake)
[1.324s] -- Found PythonLibs: /usr/lib/x86_64-linux-gnu/libpython3.10.so (found suitable version "3.10.12", minimum required is "3.5") 
[1.324s] -- Using PYTHON_EXECUTABLE: /usr/bin/python3
[1.324s] -- Using PYTHON_INCLUDE_DIRS: /usr/include/python3.10
[1.324s] -- Using PYTHON_LIBRARIES: /usr/lib/x86_64-linux-gnu/libpython3.10.so
[1.341s] -- Found PythonExtra: .so  
[1.392s] -- Found ament_lint_auto: 0.12.12 (/opt/ros/humble/share/ament_lint_auto/cmake)
[1.426s] -- Added test 'copyright' to check source files copyright and LICENSE
[1.428s] -- Added test 'cppcheck' to perform static code analysis on C / C++ code
[1.429s] -- Configured cppcheck include dirs: /home/jack/ros2_ws/src/DoosanBootcamp3rd/soma_cube_rl_bridge/include
[1.429s] -- Configured cppcheck exclude dirs and/or files: 
[1.431s] -- Added test 'cpplint' to check C / C++ code against the Google style
[1.431s] -- Configured cpplint exclude dirs and/or files: 
[1.431s] -- Added test 'flake8' to check Python code syntax and style conventions
[1.432s] -- Added test 'lint_cmake' to check CMake code style
[1.433s] -- Added test 'pep257' to check Python code against some of the docstring style conventions in PEP 257
[1.435s] -- Added test 'uncrustify' to check C / C++ code style
[1.435s] -- Configured uncrustify additional arguments: 
[1.437s] -- Added test 'xmllint' to check XML markup files
[1.439s] -- Configuring done
[1.502s] -- Generating done
[1.518s] -- Build files have been written to: /home/jack/ros2_ws/build/soma_cube_rl_bridge
[1.532s] Invoked command in '/home/jack/ros2_ws/build/soma_cube_rl_bridge' returned '0': AMENT_PREFIX_PATH=/home/jack/ros2_ws/install/dsr_msgs2:/home/jack/ros2_ws/install/dsr_common2:${AMENT_PREFIX_PATH} CMAKE_PREFIX_PATH=/home/jack/ros2_ws/install/dsr_msgs2:/home/jack/ros2_ws/install/dsr_common2:/opt/ros/humble LD_LIBRARY_PATH=/home/jack/ros2_ws/install/dsr_msgs2/lib:${LD_LIBRARY_PATH} PYTHONPATH=/home/jack/ros2_ws/install/dsr_msgs2/local/lib/python3.10/dist-packages:${PYTHONPATH} /usr/bin/cmake /home/jack/ros2_ws/src/DoosanBootcamp3rd/soma_cube_rl_bridge -DCMAKE_INSTALL_PREFIX=/home/jack/ros2_ws/install/soma_cube_rl_bridge
[1.532s] Invoking command in '/home/jack/ros2_ws/build/soma_cube_rl_bridge': AMENT_PREFIX_PATH=/home/jack/ros2_ws/install/dsr_msgs2:/home/jack/ros2_ws/install/dsr_common2:${AMENT_PREFIX_PATH} CMAKE_PREFIX_PATH=/home/jack/ros2_ws/install/dsr_msgs2:/home/jack/ros2_ws/install/dsr_common2:/opt/ros/humble LD_LIBRARY_PATH=/home/jack/ros2_ws/install/dsr_msgs2/lib:${LD_LIBRARY_PATH} PYTHONPATH=/home/jack/ros2_ws/install/dsr_msgs2/local/lib/python3.10/dist-packages:${PYTHONPATH} /usr/bin/cmake --build /home/jack/ros2_ws/build/soma_cube_rl_bridge -- -j16 -l16
[1.588s] [  1%] Generating C++ code for ROS interfaces
[2.251s] [  1%] Built target soma_cube_rl_bridge__cpp
[2.277s] [  1%] Built target ament_cmake_python_copy_soma_cube_rl_bridge
[2.287s] [  2%] Generating C++ introspection for ROS interfaces
[2.733s] [  4%] Building CXX object CMakeFiles/soma_cube_rl_bridge__rosidl_typesupport_introspection_cpp.dir/rosidl_typesupport_introspection_cpp/soma_cube_rl_bridge/srv/detail/rl_reset__type_support.cpp.o
[3.152s] [  5%] Building CXX object CMakeFiles/soma_cube_rl_bridge__rosidl_typesupport_introspection_cpp.dir/rosidl_typesupport_introspection_cpp/soma_cube_rl_bridge/msg/detail/safety_state__type_support.cpp.o
[3.543s] [  7%] Building CXX object CMakeFiles/soma_cube_rl_bridge__rosidl_typesupport_introspection_cpp.dir/rosidl_typesupport_introspection_cpp/soma_cube_rl_bridge/msg/detail/rl_observation__type_support.cpp.o
[3.919s] [  8%] Building CXX object CMakeFiles/soma_cube_rl_bridge__rosidl_typesupport_introspection_cpp.dir/rosidl_typesupport_introspection_cpp/soma_cube_rl_bridge/srv/detail/get_safety_state__type_support.cpp.o
[4.266s] [ 10%] Building CXX object CMakeFiles/soma_cube_rl_bridge__rosidl_typesupport_introspection_cpp.dir/rosidl_typesupport_introspection_cpp/soma_cube_rl_bridge/srv/detail/rl_step__type_support.cpp.o
[4.631s] [ 11%] Linking CXX shared library libsoma_cube_rl_bridge__rosidl_typesupport_introspection_cpp.so
[4.708s] [ 11%] Built target soma_cube_rl_bridge__rosidl_typesupport_introspection_cpp
[4.992s] running egg_info
[4.992s] creating soma_cube_rl_bridge.egg-info
[4.992s] writing soma_cube_rl_bridge.egg-info/PKG-INFO
[4.992s] writing dependency_links to soma_cube_rl_bridge.egg-info/dependency_links.txt
[4.992s] writing top-level names to soma_cube_rl_bridge.egg-info/top_level.txt
[4.993s] writing manifest file 'soma_cube_rl_bridge.egg-info/SOURCES.txt'
[4.994s] reading manifest file 'soma_cube_rl_bridge.egg-info/SOURCES.txt'
[4.995s] writing manifest file 'soma_cube_rl_bridge.egg-info/SOURCES.txt'
[5.021s] [ 11%] Built target ament_cmake_python_build_soma_cube_rl_bridge_egg
[5.031s] [ 13%] Generating C++ type support for eProsima Fast-RTPS
[5.479s] [ 14%] Building CXX object CMakeFiles/soma_cube_rl_bridge__rosidl_typesupport_fastrtps_cpp.dir/rosidl_typesupport_fastrtps_cpp/soma_cube_rl_bridge/srv/detail/dds_fastrtps/rl_reset__type_support.cpp.o
[5.894s] [ 15%] Building CXX object CMakeFiles/soma_cube_rl_bridge__rosidl_typesupport_fastrtps_cpp.dir/rosidl_typesupport_fastrtps_cpp/soma_cube_rl_bridge/msg/detail/dds_fastrtps/safety_state__type_support.cpp.o
[6.185s] [ 17%] Building CXX object CMakeFiles/soma_cube_rl_bridge__rosidl_typesupport_fastrtps_cpp.dir/rosidl_typesupport_fastrtps_cpp/soma_cube_rl_bridge/msg/detail/dds_fastrtps/rl_observation__type_support.cpp.o
[6.507s] [ 18%] Building CXX object CMakeFiles/soma_cube_rl_bridge__rosidl_typesupport_fastrtps_cpp.dir/rosidl_typesupport_fastrtps_cpp/soma_cube_rl_bridge/srv/detail/dds_fastrtps/get_safety_state__type_support.cpp.o
[6.866s] [ 20%] Building CXX object CMakeFiles/soma_cube_rl_bridge__rosidl_typesupport_fastrtps_cpp.dir/rosidl_typesupport_fastrtps_cpp/soma_cube_rl_bridge/srv/detail/dds_fastrtps/rl_step__type_support.cpp.o
[7.227s] [ 21%] Linking CXX shared library libsoma_cube_rl_bridge__rosidl_typesupport_fastrtps_cpp.so
[7.295s] [ 21%] Built target soma_cube_rl_bridge__rosidl_typesupport_fastrtps_cpp
[7.305s] [ 23%] Generating C++ type support dispatch for ROS interfaces
[7.674s] [ 24%] Building CXX object CMakeFiles/soma_cube_rl_bridge__rosidl_typesupport_cpp.dir/rosidl_typesupport_cpp/soma_cube_rl_bridge/srv/rl_reset__type_support.cpp.o
[7.882s] [ 26%] Building CXX object CMakeFiles/soma_cube_rl_bridge__rosidl_typesupport_cpp.dir/rosidl_typesupport_cpp/soma_cube_rl_bridge/msg/safety_state__type_support.cpp.o
[8.118s] [ 27%] Building CXX object CMakeFiles/soma_cube_rl_bridge__rosidl_typesupport_cpp.dir/rosidl_typesupport_cpp/soma_cube_rl_bridge/msg/rl_observation__type_support.cpp.o
[8.355s] [ 28%] Building CXX object CMakeFiles/soma_cube_rl_bridge__rosidl_typesupport_cpp.dir/rosidl_typesupport_cpp/soma_cube_rl_bridge/srv/get_safety_state__type_support.cpp.o
[8.573s] [ 30%] Building CXX object CMakeFiles/soma_cube_rl_bridge__rosidl_typesupport_cpp.dir/rosidl_typesupport_cpp/soma_cube_rl_bridge/srv/rl_step__type_support.cpp.o
[8.820s] [ 31%] Linking CXX shared library libsoma_cube_rl_bridge__rosidl_typesupport_cpp.so
[8.872s] [ 31%] Built target soma_cube_rl_bridge__rosidl_typesupport_cpp
[8.880s] [ 33%] Generating C code for ROS interfaces
[9.554s] [ 34%] Building C object CMakeFiles/soma_cube_rl_bridge__rosidl_generator_c.dir/rosidl_generator_c/soma_cube_rl_bridge/srv/detail/rl_reset__functions.c.o
[9.622s] [ 36%] Building C object CMakeFiles/soma_cube_rl_bridge__rosidl_generator_c.dir/rosidl_generator_c/soma_cube_rl_bridge/msg/detail/safety_state__functions.c.o
[9.673s] [ 37%] Building C object CMakeFiles/soma_cube_rl_bridge__rosidl_generator_c.dir/rosidl_generator_c/soma_cube_rl_bridge/msg/detail/rl_observation__functions.c.o
[9.725s] [ 39%] Building C object CMakeFiles/soma_cube_rl_bridge__rosidl_generator_c.dir/rosidl_generator_c/soma_cube_rl_bridge/srv/detail/get_safety_state__functions.c.o
[9.782s] [ 40%] Building C object CMakeFiles/soma_cube_rl_bridge__rosidl_generator_c.dir/rosidl_generator_c/soma_cube_rl_bridge/srv/detail/rl_step__functions.c.o
[9.840s] [ 42%] Linking C shared library libsoma_cube_rl_bridge__rosidl_generator_c.so
[9.882s] [ 42%] Built target soma_cube_rl_bridge__rosidl_generator_c
[9.901s] [ 43%] Building CXX object CMakeFiles/rl_env_node.dir/src/rl_env_node.cpp.o
[12.633s] /home/jack/ros2_ws/src/DoosanBootcamp3rd/soma_cube_rl_bridge/src/rl_env_node.cpp: In member function ‘bool soma_cube_rl_bridge::RLEnvironmentNode::resetToHome()’:
[12.633s] /home/jack/ros2_ws/src/DoosanBootcamp3rd/soma_cube_rl_bridge/src/rl_env_node.cpp:394:18: error: no match for ‘operator=’ (operand types are ‘dsr_msgs2::srv::MoveJoint_Request_<std::allocator<void> >::_pos_type’ {aka ‘std::array<double, 6>’} and ‘std::vector<double, std::allocator<double> >’)
[12.633s]   394 |   request->pos = home_joint_positions_;
[12.633s]       |                  ^~~~~~~~~~~~~~~~~~~~~
[12.633s] In file included from /usr/include/c++/11/tuple:39,
[12.633s]                  from /usr/include/c++/11/bits/unique_ptr.h:37,
[12.633s]                  from /usr/include/c++/11/memory:76,
[12.633s]                  from /opt/ros/humble/include/rclcpp/rclcpp/rclcpp.hpp:153,
[12.633s]                  from /home/jack/ros2_ws/src/DoosanBootcamp3rd/soma_cube_rl_bridge/include/soma_cube_rl_bridge/rl_env_node.hpp:4,
[12.633s]                  from /home/jack/ros2_ws/src/DoosanBootcamp3rd/soma_cube_rl_bridge/src/rl_env_node.cpp:1:
[12.633s] /usr/include/c++/11/array:95:12: note: candidate: ‘constexpr std::array<double, 6>& std::array<double, 6>::operator=(const std::array<double, 6>&)’
[12.633s]    95 |     struct array
[12.633s]       |            ^~~~~
[12.633s] /usr/include/c++/11/array:95:12: note:   no known conversion for argument 1 from ‘std::vector<double, std::allocator<double> >’ to ‘const std::array<double, 6>&’
[12.633s] /usr/include/c++/11/array:95:12: note: candidate: ‘constexpr std::array<double, 6>& std::array<double, 6>::operator=(std::array<double, 6>&&)’
[12.633s] /usr/include/c++/11/array:95:12: note:   no known conversion for argument 1 from ‘std::vector<double, std::allocator<double> >’ to ‘std::array<double, 6>&&’
[12.633s] /home/jack/ros2_ws/src/DoosanBootcamp3rd/soma_cube_rl_bridge/src/rl_env_node.cpp:400:12: error: ‘using element_type = struct dsr_msgs2::srv::MoveJoint_Request_<std::allocator<void> >’ {aka ‘struct dsr_msgs2::srv::MoveJoint_Request_<std::allocator<void> >’} has no member named ‘blending_type’; did you mean ‘blend_type’?
[12.633s]   400 |   request->blending_type = 0;
[12.633s]       |            ^~~~~~~~~~~~~
[12.633s]       |            blend_type
[12.635s] /home/jack/ros2_ws/src/DoosanBootcamp3rd/soma_cube_rl_bridge/src/rl_env_node.cpp: In member function ‘bool soma_cube_rl_bridge::RLEnvironmentNode::executeAction(const std::vector<double, std::allocator<double> >&)’:
[12.635s] /home/jack/ros2_ws/src/DoosanBootcamp3rd/soma_cube_rl_bridge/src/rl_env_node.cpp:424:18: error: no match for ‘operator=’ (operand types are ‘dsr_msgs2::srv::MoveJoint_Request_<std::allocator<void> >::_pos_type’ {aka ‘std::array<double, 6>’} and ‘const std::vector<double, std::allocator<double> >’)
[12.635s]   424 |   request->pos = processed_action;
[12.635s]       |                  ^~~~~~~~~~~~~~~~
[12.635s] In file included from /usr/include/c++/11/tuple:39,
[12.635s]                  from /usr/include/c++/11/bits/unique_ptr.h:37,
[12.635s]                  from /usr/include/c++/11/memory:76,
[12.635s]                  from /opt/ros/humble/include/rclcpp/rclcpp/rclcpp.hpp:153,
[12.635s]                  from /home/jack/ros2_ws/src/DoosanBootcamp3rd/soma_cube_rl_bridge/include/soma_cube_rl_bridge/rl_env_node.hpp:4,
[12.635s]                  from /home/jack/ros2_ws/src/DoosanBootcamp3rd/soma_cube_rl_bridge/src/rl_env_node.cpp:1:
[12.635s] /usr/include/c++/11/array:95:12: note: candidate: ‘constexpr std::array<double, 6>& std::array<double, 6>::operator=(const std::array<double, 6>&)’
[12.635s]    95 |     struct array
[12.635s]       |            ^~~~~
[12.635s] /usr/include/c++/11/array:95:12: note:   no known conversion for argument 1 from ‘const std::vector<double, std::allocator<double> >’ to ‘const std::array<double, 6>&’
[12.635s] /usr/include/c++/11/array:95:12: note: candidate: ‘constexpr std::array<double, 6>& std::array<double, 6>::operator=(std::array<double, 6>&&)’
[12.635s] /usr/include/c++/11/array:95:12: note:   no known conversion for argument 1 from ‘const std::vector<double, std::allocator<double> >’ to ‘std::array<double, 6>&&’
[12.635s] /home/jack/ros2_ws/src/DoosanBootcamp3rd/soma_cube_rl_bridge/src/rl_env_node.cpp:430:12: error: ‘using element_type = struct dsr_msgs2::srv::MoveJoint_Request_<std::allocator<void> >’ {aka ‘struct dsr_msgs2::srv::MoveJoint_Request_<std::allocator<void> >’} has no member named ‘blending_type’; did you mean ‘blend_type’?
[12.635s]   430 |   request->blending_type = 0;
[12.635s]       |            ^~~~~~~~~~~~~
[12.635s]       |            blend_type
[17.815s] gmake[2]: *** [CMakeFiles/rl_env_node.dir/build.make:76: CMakeFiles/rl_env_node.dir/src/rl_env_node.cpp.o] Error 1
[17.815s] gmake[1]: *** [CMakeFiles/Makefile2:651: CMakeFiles/rl_env_node.dir/all] Error 2
[17.818s] gmake: *** [Makefile:146: all] Error 2
[17.818s] Invoked command in '/home/jack/ros2_ws/build/soma_cube_rl_bridge' returned '2': AMENT_PREFIX_PATH=/home/jack/ros2_ws/install/dsr_msgs2:/home/jack/ros2_ws/install/dsr_common2:${AMENT_PREFIX_PATH} CMAKE_PREFIX_PATH=/home/jack/ros2_ws/install/dsr_msgs2:/home/jack/ros2_ws/install/dsr_common2:/opt/ros/humble LD_LIBRARY_PATH=/home/jack/ros2_ws/install/dsr_msgs2/lib:${LD_LIBRARY_PATH} PYTHONPATH=/home/jack/ros2_ws/install/dsr_msgs2/local/lib/python3.10/dist-packages:${PYTHONPATH} /usr/bin/cmake --build /home/jack/ros2_ws/build/soma_cube_rl_bridge -- -j16 -l16
