running egg_info
creating ../../../build/m0609_block_assembly_rl/m0609_block_assembly_rl.egg-info
writing ../../../build/m0609_block_assembly_rl/m0609_block_assembly_rl.egg-info/PKG-INFO
writing dependency_links to ../../../build/m0609_block_assembly_rl/m0609_block_assembly_rl.egg-info/dependency_links.txt
writing entry points to ../../../build/m0609_block_assembly_rl/m0609_block_assembly_rl.egg-info/entry_points.txt
writing requirements to ../../../build/m0609_block_assembly_rl/m0609_block_assembly_rl.egg-info/requires.txt
writing top-level names to ../../../build/m0609_block_assembly_rl/m0609_block_assembly_rl.egg-info/top_level.txt
writing manifest file '../../../build/m0609_block_assembly_rl/m0609_block_assembly_rl.egg-info/SOURCES.txt'
reading manifest file '../../../build/m0609_block_assembly_rl/m0609_block_assembly_rl.egg-info/SOURCES.txt'
writing manifest file '../../../build/m0609_block_assembly_rl/m0609_block_assembly_rl.egg-info/SOURCES.txt'
running build
running build_py
creating /home/jack/ros2_ws/build/m0609_block_assembly_rl/build
creating /home/jack/ros2_ws/build/m0609_block_assembly_rl/build/lib
creating /home/jack/ros2_ws/build/m0609_block_assembly_rl/build/lib/m0609_block_assembly_rl
copying m0609_block_assembly_rl/fixed_ppo_agent.py -> /home/jack/ros2_ws/build/m0609_block_assembly_rl/build/lib/m0609_block_assembly_rl
copying m0609_block_assembly_rl/fixed_train.py -> /home/jack/ros2_ws/build/m0609_block_assembly_rl/build/lib/m0609_block_assembly_rl
copying m0609_block_assembly_rl/hierarchical_train.py -> /home/jack/ros2_ws/build/m0609_block_assembly_rl/build/lib/m0609_block_assembly_rl
copying m0609_block_assembly_rl/lower_level_controller.py -> /home/jack/ros2_ws/build/m0609_block_assembly_rl/build/lib/m0609_block_assembly_rl
copying m0609_block_assembly_rl/soma_cube_environment.py -> /home/jack/ros2_ws/build/m0609_block_assembly_rl/build/lib/m0609_block_assembly_rl
copying m0609_block_assembly_rl/ros2_launch_node.py -> /home/jack/ros2_ws/build/m0609_block_assembly_rl/build/lib/m0609_block_assembly_rl
copying m0609_block_assembly_rl/upper_level_planner.py -> /home/jack/ros2_ws/build/m0609_block_assembly_rl/build/lib/m0609_block_assembly_rl
copying m0609_block_assembly_rl/logging_utils.py -> /home/jack/ros2_ws/build/m0609_block_assembly_rl/build/lib/m0609_block_assembly_rl
copying m0609_block_assembly_rl/ppo_agent.py -> /home/jack/ros2_ws/build/m0609_block_assembly_rl/build/lib/m0609_block_assembly_rl
copying m0609_block_assembly_rl/__init__.py -> /home/jack/ros2_ws/build/m0609_block_assembly_rl/build/lib/m0609_block_assembly_rl
copying m0609_block_assembly_rl/validation_test.py -> /home/jack/ros2_ws/build/m0609_block_assembly_rl/build/lib/m0609_block_assembly_rl
copying m0609_block_assembly_rl/visualization_utils.py -> /home/jack/ros2_ws/build/m0609_block_assembly_rl/build/lib/m0609_block_assembly_rl
copying m0609_block_assembly_rl/curriculum_learning.py -> /home/jack/ros2_ws/build/m0609_block_assembly_rl/build/lib/m0609_block_assembly_rl
copying m0609_block_assembly_rl/quick_test.py -> /home/jack/ros2_ws/build/m0609_block_assembly_rl/build/lib/m0609_block_assembly_rl
copying m0609_block_assembly_rl/environment.py -> /home/jack/ros2_ws/build/m0609_block_assembly_rl/build/lib/m0609_block_assembly_rl
copying m0609_block_assembly_rl/domain_randomization.py -> /home/jack/ros2_ws/build/m0609_block_assembly_rl/build/lib/m0609_block_assembly_rl
copying m0609_block_assembly_rl/ros2_soma_interface.py -> /home/jack/ros2_ws/build/m0609_block_assembly_rl/build/lib/m0609_block_assembly_rl
copying m0609_block_assembly_rl/soma_cube_demo.py -> /home/jack/ros2_ws/build/m0609_block_assembly_rl/build/lib/m0609_block_assembly_rl
copying m0609_block_assembly_rl/evaluate.py -> /home/jack/ros2_ws/build/m0609_block_assembly_rl/build/lib/m0609_block_assembly_rl
copying m0609_block_assembly_rl/train.py -> /home/jack/ros2_ws/build/m0609_block_assembly_rl/build/lib/m0609_block_assembly_rl
running install
running install_lib
creating /home/jack/ros2_ws/install/m0609_block_assembly_rl/lib/python3.10/site-packages/m0609_block_assembly_rl
copying /home/jack/ros2_ws/build/m0609_block_assembly_rl/build/lib/m0609_block_assembly_rl/fixed_ppo_agent.py -> /home/jack/ros2_ws/install/m0609_block_assembly_rl/lib/python3.10/site-packages/m0609_block_assembly_rl
copying /home/jack/ros2_ws/build/m0609_block_assembly_rl/build/lib/m0609_block_assembly_rl/fixed_train.py -> /home/jack/ros2_ws/install/m0609_block_assembly_rl/lib/python3.10/site-packages/m0609_block_assembly_rl
copying /home/jack/ros2_ws/build/m0609_block_assembly_rl/build/lib/m0609_block_assembly_rl/hierarchical_train.py -> /home/jack/ros2_ws/install/m0609_block_assembly_rl/lib/python3.10/site-packages/m0609_block_assembly_rl
copying /home/jack/ros2_ws/build/m0609_block_assembly_rl/build/lib/m0609_block_assembly_rl/lower_level_controller.py -> /home/jack/ros2_ws/install/m0609_block_assembly_rl/lib/python3.10/site-packages/m0609_block_assembly_rl
copying /home/jack/ros2_ws/build/m0609_block_assembly_rl/build/lib/m0609_block_assembly_rl/soma_cube_environment.py -> /home/jack/ros2_ws/install/m0609_block_assembly_rl/lib/python3.10/site-packages/m0609_block_assembly_rl
copying /home/jack/ros2_ws/build/m0609_block_assembly_rl/build/lib/m0609_block_assembly_rl/ros2_launch_node.py -> /home/jack/ros2_ws/install/m0609_block_assembly_rl/lib/python3.10/site-packages/m0609_block_assembly_rl
copying /home/jack/ros2_ws/build/m0609_block_assembly_rl/build/lib/m0609_block_assembly_rl/upper_level_planner.py -> /home/jack/ros2_ws/install/m0609_block_assembly_rl/lib/python3.10/site-packages/m0609_block_assembly_rl
copying /home/jack/ros2_ws/build/m0609_block_assembly_rl/build/lib/m0609_block_assembly_rl/logging_utils.py -> /home/jack/ros2_ws/install/m0609_block_assembly_rl/lib/python3.10/site-packages/m0609_block_assembly_rl
copying /home/jack/ros2_ws/build/m0609_block_assembly_rl/build/lib/m0609_block_assembly_rl/ppo_agent.py -> /home/jack/ros2_ws/install/m0609_block_assembly_rl/lib/python3.10/site-packages/m0609_block_assembly_rl
copying /home/jack/ros2_ws/build/m0609_block_assembly_rl/build/lib/m0609_block_assembly_rl/__init__.py -> /home/jack/ros2_ws/install/m0609_block_assembly_rl/lib/python3.10/site-packages/m0609_block_assembly_rl
copying /home/jack/ros2_ws/build/m0609_block_assembly_rl/build/lib/m0609_block_assembly_rl/validation_test.py -> /home/jack/ros2_ws/install/m0609_block_assembly_rl/lib/python3.10/site-packages/m0609_block_assembly_rl
copying /home/jack/ros2_ws/build/m0609_block_assembly_rl/build/lib/m0609_block_assembly_rl/visualization_utils.py -> /home/jack/ros2_ws/install/m0609_block_assembly_rl/lib/python3.10/site-packages/m0609_block_assembly_rl
copying /home/jack/ros2_ws/build/m0609_block_assembly_rl/build/lib/m0609_block_assembly_rl/curriculum_learning.py -> /home/jack/ros2_ws/install/m0609_block_assembly_rl/lib/python3.10/site-packages/m0609_block_assembly_rl
copying /home/jack/ros2_ws/build/m0609_block_assembly_rl/build/lib/m0609_block_assembly_rl/quick_test.py -> /home/jack/ros2_ws/install/m0609_block_assembly_rl/lib/python3.10/site-packages/m0609_block_assembly_rl
copying /home/jack/ros2_ws/build/m0609_block_assembly_rl/build/lib/m0609_block_assembly_rl/environment.py -> /home/jack/ros2_ws/install/m0609_block_assembly_rl/lib/python3.10/site-packages/m0609_block_assembly_rl
copying /home/jack/ros2_ws/build/m0609_block_assembly_rl/build/lib/m0609_block_assembly_rl/domain_randomization.py -> /home/jack/ros2_ws/install/m0609_block_assembly_rl/lib/python3.10/site-packages/m0609_block_assembly_rl
copying /home/jack/ros2_ws/build/m0609_block_assembly_rl/build/lib/m0609_block_assembly_rl/ros2_soma_interface.py -> /home/jack/ros2_ws/install/m0609_block_assembly_rl/lib/python3.10/site-packages/m0609_block_assembly_rl
copying /home/jack/ros2_ws/build/m0609_block_assembly_rl/build/lib/m0609_block_assembly_rl/soma_cube_demo.py -> /home/jack/ros2_ws/install/m0609_block_assembly_rl/lib/python3.10/site-packages/m0609_block_assembly_rl
copying /home/jack/ros2_ws/build/m0609_block_assembly_rl/build/lib/m0609_block_assembly_rl/evaluate.py -> /home/jack/ros2_ws/install/m0609_block_assembly_rl/lib/python3.10/site-packages/m0609_block_assembly_rl
copying /home/jack/ros2_ws/build/m0609_block_assembly_rl/build/lib/m0609_block_assembly_rl/train.py -> /home/jack/ros2_ws/install/m0609_block_assembly_rl/lib/python3.10/site-packages/m0609_block_assembly_rl
byte-compiling /home/jack/ros2_ws/install/m0609_block_assembly_rl/lib/python3.10/site-packages/m0609_block_assembly_rl/fixed_ppo_agent.py to fixed_ppo_agent.cpython-310.pyc
byte-compiling /home/jack/ros2_ws/install/m0609_block_assembly_rl/lib/python3.10/site-packages/m0609_block_assembly_rl/fixed_train.py to fixed_train.cpython-310.pyc
byte-compiling /home/jack/ros2_ws/install/m0609_block_assembly_rl/lib/python3.10/site-packages/m0609_block_assembly_rl/hierarchical_train.py to hierarchical_train.cpython-310.pyc
byte-compiling /home/jack/ros2_ws/install/m0609_block_assembly_rl/lib/python3.10/site-packages/m0609_block_assembly_rl/lower_level_controller.py to lower_level_controller.cpython-310.pyc
byte-compiling /home/jack/ros2_ws/install/m0609_block_assembly_rl/lib/python3.10/site-packages/m0609_block_assembly_rl/soma_cube_environment.py to soma_cube_environment.cpython-310.pyc
byte-compiling /home/jack/ros2_ws/install/m0609_block_assembly_rl/lib/python3.10/site-packages/m0609_block_assembly_rl/ros2_launch_node.py to ros2_launch_node.cpython-310.pyc
byte-compiling /home/jack/ros2_ws/install/m0609_block_assembly_rl/lib/python3.10/site-packages/m0609_block_assembly_rl/upper_level_planner.py to upper_level_planner.cpython-310.pyc
byte-compiling /home/jack/ros2_ws/install/m0609_block_assembly_rl/lib/python3.10/site-packages/m0609_block_assembly_rl/logging_utils.py to logging_utils.cpython-310.pyc
byte-compiling /home/jack/ros2_ws/install/m0609_block_assembly_rl/lib/python3.10/site-packages/m0609_block_assembly_rl/ppo_agent.py to ppo_agent.cpython-310.pyc
byte-compiling /home/jack/ros2_ws/install/m0609_block_assembly_rl/lib/python3.10/site-packages/m0609_block_assembly_rl/__init__.py to __init__.cpython-310.pyc
byte-compiling /home/jack/ros2_ws/install/m0609_block_assembly_rl/lib/python3.10/site-packages/m0609_block_assembly_rl/validation_test.py to validation_test.cpython-310.pyc
byte-compiling /home/jack/ros2_ws/install/m0609_block_assembly_rl/lib/python3.10/site-packages/m0609_block_assembly_rl/visualization_utils.py to visualization_utils.cpython-310.pyc
byte-compiling /home/jack/ros2_ws/install/m0609_block_assembly_rl/lib/python3.10/site-packages/m0609_block_assembly_rl/curriculum_learning.py to curriculum_learning.cpython-310.pyc
byte-compiling /home/jack/ros2_ws/install/m0609_block_assembly_rl/lib/python3.10/site-packages/m0609_block_assembly_rl/quick_test.py to quick_test.cpython-310.pyc
byte-compiling /home/jack/ros2_ws/install/m0609_block_assembly_rl/lib/python3.10/site-packages/m0609_block_assembly_rl/environment.py to environment.cpython-310.pyc
byte-compiling /home/jack/ros2_ws/install/m0609_block_assembly_rl/lib/python3.10/site-packages/m0609_block_assembly_rl/domain_randomization.py to domain_randomization.cpython-310.pyc
byte-compiling /home/jack/ros2_ws/install/m0609_block_assembly_rl/lib/python3.10/site-packages/m0609_block_assembly_rl/ros2_soma_interface.py to ros2_soma_interface.cpython-310.pyc
byte-compiling /home/jack/ros2_ws/install/m0609_block_assembly_rl/lib/python3.10/site-packages/m0609_block_assembly_rl/soma_cube_demo.py to soma_cube_demo.cpython-310.pyc
byte-compiling /home/jack/ros2_ws/install/m0609_block_assembly_rl/lib/python3.10/site-packages/m0609_block_assembly_rl/evaluate.py to evaluate.cpython-310.pyc
byte-compiling /home/jack/ros2_ws/install/m0609_block_assembly_rl/lib/python3.10/site-packages/m0609_block_assembly_rl/train.py to train.cpython-310.pyc
running install_data
creating /home/jack/ros2_ws/install/m0609_block_assembly_rl/share/ament_index
creating /home/jack/ros2_ws/install/m0609_block_assembly_rl/share/ament_index/resource_index
creating /home/jack/ros2_ws/install/m0609_block_assembly_rl/share/ament_index/resource_index/packages
copying resource/m0609_block_assembly_rl -> /home/jack/ros2_ws/install/m0609_block_assembly_rl/share/ament_index/resource_index/packages
copying package.xml -> /home/jack/ros2_ws/install/m0609_block_assembly_rl/share/m0609_block_assembly_rl
creating /home/jack/ros2_ws/install/m0609_block_assembly_rl/share/m0609_block_assembly_rl/launch
copying launch/soma_cube_rl.launch.py -> /home/jack/ros2_ws/install/m0609_block_assembly_rl/share/m0609_block_assembly_rl/launch
running install_egg_info
Copying ../../../build/m0609_block_assembly_rl/m0609_block_assembly_rl.egg-info to /home/jack/ros2_ws/install/m0609_block_assembly_rl/lib/python3.10/site-packages/m0609_block_assembly_rl-0.0.0-py3.10.egg-info
running install_scripts
Installing soma_demo script to /home/jack/ros2_ws/install/m0609_block_assembly_rl/lib/m0609_block_assembly_rl
Installing soma_rl_node script to /home/jack/ros2_ws/install/m0609_block_assembly_rl/lib/m0609_block_assembly_rl
Installing soma_train script to /home/jack/ros2_ws/install/m0609_block_assembly_rl/lib/m0609_block_assembly_rl
Installing soma_validation script to /home/jack/ros2_ws/install/m0609_block_assembly_rl/lib/m0609_block_assembly_rl
writing list of installed files to '/home/jack/ros2_ws/build/m0609_block_assembly_rl/install.log'
