[0.461s] Invoking command in '/home/jack/ros2_ws/src/DoosanBootcamp3rd/m0609_block_assembly_rl': PYTHONPATH=/home/jack/ros2_ws/build/m0609_block_assembly_rl/prefix_override:/home/jack/.local/lib/python3.10/site-packages/colcon_core/task/python/colcon_distutils_commands:/home/jack/ros2_ws/install/m0609_block_assembly_rl/lib/python3.10/site-packages:${PYTHONPATH} /usr/bin/python3 -W ignore:setup.py install is deprecated -W ignore:easy_install command is deprecated setup.py egg_info --egg-base ../../../build/m0609_block_assembly_rl build --build-base /home/jack/ros2_ws/build/m0609_block_assembly_rl/build install --record /home/jack/ros2_ws/build/m0609_block_assembly_rl/install.log --single-version-externally-managed install_data
[0.647s] running egg_info
[0.647s] writing ../../../build/m0609_block_assembly_rl/m0609_block_assembly_rl.egg-info/PKG-INFO
[0.647s] writing dependency_links to ../../../build/m0609_block_assembly_rl/m0609_block_assembly_rl.egg-info/dependency_links.txt
[0.647s] writing entry points to ../../../build/m0609_block_assembly_rl/m0609_block_assembly_rl.egg-info/entry_points.txt
[0.647s] writing requirements to ../../../build/m0609_block_assembly_rl/m0609_block_assembly_rl.egg-info/requires.txt
[0.647s] writing top-level names to ../../../build/m0609_block_assembly_rl/m0609_block_assembly_rl.egg-info/top_level.txt
[0.649s] reading manifest file '../../../build/m0609_block_assembly_rl/m0609_block_assembly_rl.egg-info/SOURCES.txt'
[0.649s] writing manifest file '../../../build/m0609_block_assembly_rl/m0609_block_assembly_rl.egg-info/SOURCES.txt'
[0.649s] running build
[0.649s] running build_py
[0.649s] copying m0609_block_assembly_rl/fixed_ppo_agent.py -> /home/jack/ros2_ws/build/m0609_block_assembly_rl/build/lib/m0609_block_assembly_rl
[0.650s] running install
[0.650s] running install_lib
[0.651s] copying /home/jack/ros2_ws/build/m0609_block_assembly_rl/build/lib/m0609_block_assembly_rl/fixed_ppo_agent.py -> /home/jack/ros2_ws/install/m0609_block_assembly_rl/lib/python3.10/site-packages/m0609_block_assembly_rl
[0.652s] byte-compiling /home/jack/ros2_ws/install/m0609_block_assembly_rl/lib/python3.10/site-packages/m0609_block_assembly_rl/fixed_ppo_agent.py to fixed_ppo_agent.cpython-310.pyc
[0.654s] running install_data
[0.654s] running install_egg_info
[0.655s] removing '/home/jack/ros2_ws/install/m0609_block_assembly_rl/lib/python3.10/site-packages/m0609_block_assembly_rl-0.0.0-py3.10.egg-info' (and everything under it)
[0.655s] Copying ../../../build/m0609_block_assembly_rl/m0609_block_assembly_rl.egg-info to /home/jack/ros2_ws/install/m0609_block_assembly_rl/lib/python3.10/site-packages/m0609_block_assembly_rl-0.0.0-py3.10.egg-info
[0.656s] running install_scripts
[0.667s] Installing soma_demo script to /home/jack/ros2_ws/install/m0609_block_assembly_rl/lib/m0609_block_assembly_rl
[0.667s] Installing soma_rl_node script to /home/jack/ros2_ws/install/m0609_block_assembly_rl/lib/m0609_block_assembly_rl
[0.667s] Installing soma_train script to /home/jack/ros2_ws/install/m0609_block_assembly_rl/lib/m0609_block_assembly_rl
[0.667s] Installing soma_validation script to /home/jack/ros2_ws/install/m0609_block_assembly_rl/lib/m0609_block_assembly_rl
[0.668s] writing list of installed files to '/home/jack/ros2_ws/build/m0609_block_assembly_rl/install.log'
[0.680s] Invoked command in '/home/jack/ros2_ws/src/DoosanBootcamp3rd/m0609_block_assembly_rl' returned '0': PYTHONPATH=/home/jack/ros2_ws/build/m0609_block_assembly_rl/prefix_override:/home/jack/.local/lib/python3.10/site-packages/colcon_core/task/python/colcon_distutils_commands:/home/jack/ros2_ws/install/m0609_block_assembly_rl/lib/python3.10/site-packages:${PYTHONPATH} /usr/bin/python3 -W ignore:setup.py install is deprecated -W ignore:easy_install command is deprecated setup.py egg_info --egg-base ../../../build/m0609_block_assembly_rl build --build-base /home/jack/ros2_ws/build/m0609_block_assembly_rl/build install --record /home/jack/ros2_ws/build/m0609_block_assembly_rl/install.log --single-version-externally-managed install_data
