-- The CXX compiler identification is GNU 11.4.0
-- Detecting CXX compiler ABI info
-- Detecting CXX compiler ABI info - done
-- Check for working CXX compiler: /usr/bin/c++ - skipped
-- Detecting CXX compile features
-- Detecting CXX compile features - done
-- Found ament_cmake: 1.3.11 (/opt/ros/humble/share/ament_cmake/cmake)
-- Found Python3: /usr/bin/python3 (found version "3.10.12") found components: Interpreter 
-- Found pluginlib: 5.1.0 (/opt/ros/humble/share/pluginlib/cmake)
-- Configuring incomplete, errors occurred!
See also "/home/jack/ros2_ws/build/dsr_hardware2/CMakeFiles/CMakeOutput.log".
CMake Error at CMakeLists.txt:37 (find_package):
  By not providing "Findhardware_interface.cmake" in CMAKE_MODULE_PATH this
  project has asked CMake to find a package configuration file provided by
  "hardware_interface", but CMake did not find one.

  Could not find a package configuration file provided by
  "hardware_interface" with any of the following names:

    hardware_interfaceConfig.cmake
    hardware_interface-config.cmake

  Add the installation prefix of "hardware_interface" to CMAKE_PREFIX_PATH or
  set "hardware_interface_DIR" to a directory containing one of the above
  files.  If "hardware_interface" provides a separate development package or
  SDK, be sure it has been installed.


