[0.017s] Invoking command in '/home/jack/ros2_ws/build/dsr_hardware2': AMENT_PREFIX_PATH=/home/jack/ros2_ws/install/dsr_msgs2:${AMENT_PREFIX_PATH} CMAKE_PREFIX_PATH=/home/jack/ros2_ws/install/dsr_msgs2:/opt/ros/humble LD_LIBRARY_PATH=/home/jack/ros2_ws/install/dsr_msgs2/lib:${LD_LIBRARY_PATH} PYTHONPATH=/home/jack/ros2_ws/install/dsr_msgs2/local/lib/python3.10/dist-packages:${PYTHONPATH} /usr/bin/cmake /home/jack/ros2_ws/src/DoosanBootcamp3rd/dsr_hardware2 -DCMAKE_INSTALL_PREFIX=/home/jack/ros2_ws/install/dsr_hardware2
[0.227s] -- The CXX compiler identification is GNU 11.4.0
[0.227s] -- Detecting CXX compiler ABI info
[0.227s] -- Detecting CXX compiler ABI info - done
[0.227s] -- Check for working CXX compiler: /usr/bin/c++ - skipped
[0.227s] -- Detecting CXX compile features
[0.227s] -- Detecting CXX compile features - done
[0.227s] -- Found ament_cmake: 1.3.11 (/opt/ros/humble/share/ament_cmake/cmake)
[0.439s] -- Found Python3: /usr/bin/python3 (found version "3.10.12") found components: Interpreter 
[0.439s] -- Found pluginlib: 5.1.0 (/opt/ros/humble/share/pluginlib/cmake)
[0.439s] -- Configuring incomplete, errors occurred!
[0.439s] See also "/home/jack/ros2_ws/build/dsr_hardware2/CMakeFiles/CMakeOutput.log".
[0.440s] CMake Error at CMakeLists.txt:37 (find_package):
[0.440s]   By not providing "Findhardware_interface.cmake" in CMAKE_MODULE_PATH this
[0.440s]   project has asked CMake to find a package configuration file provided by
[0.440s]   "hardware_interface", but CMake did not find one.
[0.440s] 
[0.440s]   Could not find a package configuration file provided by
[0.440s]   "hardware_interface" with any of the following names:
[0.440s] 
[0.440s]     hardware_interfaceConfig.cmake
[0.440s]     hardware_interface-config.cmake
[0.440s] 
[0.440s]   Add the installation prefix of "hardware_interface" to CMAKE_PREFIX_PATH or
[0.440s]   set "hardware_interface_DIR" to a directory containing one of the above
[0.440s]   files.  If "hardware_interface" provides a separate development package or
[0.441s]   SDK, be sure it has been installed.
[0.441s] 
[0.441s] 
[0.441s] Invoked command in '/home/jack/ros2_ws/build/dsr_hardware2' returned '1': AMENT_PREFIX_PATH=/home/jack/ros2_ws/install/dsr_msgs2:${AMENT_PREFIX_PATH} CMAKE_PREFIX_PATH=/home/jack/ros2_ws/install/dsr_msgs2:/opt/ros/humble LD_LIBRARY_PATH=/home/jack/ros2_ws/install/dsr_msgs2/lib:${LD_LIBRARY_PATH} PYTHONPATH=/home/jack/ros2_ws/install/dsr_msgs2/local/lib/python3.10/dist-packages:${PYTHONPATH} /usr/bin/cmake /home/jack/ros2_ws/src/DoosanBootcamp3rd/dsr_hardware2 -DCMAKE_INSTALL_PREFIX=/home/jack/ros2_ws/install/dsr_hardware2
