[0.011s] Invoking command in '/home/jack/ros2_ws/build/dsr_gazebo2': AMENT_PREFIX_PATH=/home/jack/ros2_ws/install/dsr_description2:${AMENT_PREFIX_PATH} CMAKE_PREFIX_PATH=/home/jack/ros2_ws/install/dsr_description2:/opt/ros/humble /usr/bin/cmake /home/jack/ros2_ws/src/DoosanBootcamp3rd/dsr_gazebo2 -DCMAKE_INSTALL_PREFIX=/home/jack/ros2_ws/install/dsr_gazebo2
[0.063s] -- The C compiler identification is GNU 11.4.0
[0.103s] -- The CXX compiler identification is GNU 11.4.0
[0.108s] -- Detecting C compiler ABI info
[0.174s] -- Detecting C compiler ABI info - done
[0.183s] -- Check for working C compiler: /usr/bin/cc - skipped
[0.183s] -- Detecting C compile features
[0.183s] -- Detecting C compile features - done
[0.186s] -- Detecting CXX compiler ABI info
[0.249s] -- Detecting CXX compiler ABI info - done
[0.254s] -- Check for working CXX compiler: /usr/bin/c++ - skipped
[0.254s] -- Detecting CXX compile features
[0.254s] -- Detecting CXX compile features - done
[0.256s] -- Found ament_cmake: 1.3.11 (/opt/ros/humble/share/ament_cmake/cmake)
[0.384s] -- Found Python3: /usr/bin/python3 (found version "3.10.12") found components: Interpreter 
[0.482s] CMake Error at CMakeLists.txt:19 (find_package):
[0.483s]   By not providing "Findgazebo_ros_pkgs.cmake" in CMAKE_MODULE_PATH this
[0.483s]   project has asked CMake to find a package configuration file provided by
[0.483s]   "gazebo_ros_pkgs", but CMake did not find one.
[0.483s] 
[0.483s]   Could not find a package configuration file provided by "gazebo_ros_pkgs"
[0.483s]   with any of the following names:
[0.483s] 
[0.483s]     gazebo_ros_pkgsConfig.cmake
[0.483s]     gazebo_ros_pkgs-config.cmake
[0.483s] 
[0.483s]   Add the installation prefix of "gazebo_ros_pkgs" to CMAKE_PREFIX_PATH or
[0.483s]   set "gazebo_ros_pkgs_DIR" to a directory containing one of the above files.
[0.483s]   If "gazebo_ros_pkgs" provides a separate development package or SDK, be
[0.483s]   sure it has been installed.
[0.483s] 
[0.483s] 
[0.484s] -- Configuring incomplete, errors occurred!
[0.484s] See also "/home/jack/ros2_ws/build/dsr_gazebo2/CMakeFiles/CMakeOutput.log".
[0.487s] Invoked command in '/home/jack/ros2_ws/build/dsr_gazebo2' returned '1': AMENT_PREFIX_PATH=/home/jack/ros2_ws/install/dsr_description2:${AMENT_PREFIX_PATH} CMAKE_PREFIX_PATH=/home/jack/ros2_ws/install/dsr_description2:/opt/ros/humble /usr/bin/cmake /home/jack/ros2_ws/src/DoosanBootcamp3rd/dsr_gazebo2 -DCMAKE_INSTALL_PREFIX=/home/jack/ros2_ws/install/dsr_gazebo2
