[0.015s] Invoking command in '/home/jack/ros2_ws/build/soma_cube_rl_bridge': AMENT_PREFIX_PATH=/home/jack/ros2_ws/install/dsr_msgs2:/home/jack/ros2_ws/install/dsr_common2:${AMENT_PREFIX_PATH} CMAKE_PREFIX_PATH=/home/jack/ros2_ws/install/dsr_msgs2:/home/jack/ros2_ws/install/dsr_common2:/opt/ros/humble LD_LIBRARY_PATH=/home/jack/ros2_ws/install/dsr_msgs2/lib:${LD_LIBRARY_PATH} PYTHONPATH=/home/jack/ros2_ws/install/dsr_msgs2/local/lib/python3.10/dist-packages:${PYTHONPATH} /usr/bin/cmake --build /home/jack/ros2_ws/build/soma_cube_rl_bridge -- -j16 -l16
[0.071s] [  1%] Built target soma_cube_rl_bridge__cpp
[0.079s] [ 11%] Built target soma_cube_rl_bridge__rosidl_generator_c
[0.081s] [ 11%] Built target ament_cmake_python_copy_soma_cube_rl_bridge
[0.102s] [ 21%] Built target soma_cube_rl_bridge__rosidl_typesupport_introspection_cpp
[0.103s] [ 31%] Built target soma_cube_rl_bridge__rosidl_typesupport_cpp
[0.105s] [ 42%] Built target soma_cube_rl_bridge__rosidl_typesupport_c
[0.134s] [ 52%] Built target soma_cube_rl_bridge__rosidl_typesupport_introspection_c
[0.137s] [ 62%] Built target soma_cube_rl_bridge__rosidl_typesupport_fastrtps_c
[0.166s] [ 68%] Built target rl_env_node
[0.166s] [ 68%] Built target safety_monitor_node
[0.197s] [ 71%] Built target motion_proxy_node
[0.198s] [ 81%] Built target soma_cube_rl_bridge__rosidl_typesupport_fastrtps_cpp
[0.225s] [ 81%] Built target soma_cube_rl_bridge
[0.249s] [ 82%] Built target soma_cube_rl_bridge__py
[0.275s] [ 91%] Built target soma_cube_rl_bridge__rosidl_generator_py
[0.298s] [ 94%] Built target soma_cube_rl_bridge__rosidl_typesupport_fastrtps_c__pyext
[0.305s] [ 97%] Built target soma_cube_rl_bridge__rosidl_typesupport_introspection_c__pyext
[0.321s] [100%] Built target soma_cube_rl_bridge__rosidl_typesupport_c__pyext
[0.436s] running egg_info
[0.437s] writing soma_cube_rl_bridge.egg-info/PKG-INFO
[0.437s] writing dependency_links to soma_cube_rl_bridge.egg-info/dependency_links.txt
[0.437s] writing top-level names to soma_cube_rl_bridge.egg-info/top_level.txt
[0.439s] reading manifest file 'soma_cube_rl_bridge.egg-info/SOURCES.txt'
[0.440s] writing manifest file 'soma_cube_rl_bridge.egg-info/SOURCES.txt'
[0.465s] [100%] Built target ament_cmake_python_build_soma_cube_rl_bridge_egg
[0.478s] Invoked command in '/home/jack/ros2_ws/build/soma_cube_rl_bridge' returned '0': AMENT_PREFIX_PATH=/home/jack/ros2_ws/install/dsr_msgs2:/home/jack/ros2_ws/install/dsr_common2:${AMENT_PREFIX_PATH} CMAKE_PREFIX_PATH=/home/jack/ros2_ws/install/dsr_msgs2:/home/jack/ros2_ws/install/dsr_common2:/opt/ros/humble LD_LIBRARY_PATH=/home/jack/ros2_ws/install/dsr_msgs2/lib:${LD_LIBRARY_PATH} PYTHONPATH=/home/jack/ros2_ws/install/dsr_msgs2/local/lib/python3.10/dist-packages:${PYTHONPATH} /usr/bin/cmake --build /home/jack/ros2_ws/build/soma_cube_rl_bridge -- -j16 -l16
[0.490s] Invoking command in '/home/jack/ros2_ws/build/soma_cube_rl_bridge': AMENT_PREFIX_PATH=/home/jack/ros2_ws/install/dsr_msgs2:/home/jack/ros2_ws/install/dsr_common2:${AMENT_PREFIX_PATH} CMAKE_PREFIX_PATH=/home/jack/ros2_ws/install/dsr_msgs2:/home/jack/ros2_ws/install/dsr_common2:/opt/ros/humble LD_LIBRARY_PATH=/home/jack/ros2_ws/install/dsr_msgs2/lib:${LD_LIBRARY_PATH} PYTHONPATH=/home/jack/ros2_ws/install/dsr_msgs2/local/lib/python3.10/dist-packages:${PYTHONPATH} /usr/bin/cmake --install /home/jack/ros2_ws/build/soma_cube_rl_bridge
[0.498s] -- Install configuration: ""
[0.498s] -- Up-to-date: /home/jack/ros2_ws/install/soma_cube_rl_bridge/share/ament_index/resource_index/rosidl_interfaces/soma_cube_rl_bridge
[0.498s] -- Up-to-date: /home/jack/ros2_ws/install/soma_cube_rl_bridge/include/soma_cube_rl_bridge/soma_cube_rl_bridge
[0.498s] -- Up-to-date: /home/jack/ros2_ws/install/soma_cube_rl_bridge/include/soma_cube_rl_bridge/soma_cube_rl_bridge/srv
[0.498s] -- Up-to-date: /home/jack/ros2_ws/install/soma_cube_rl_bridge/include/soma_cube_rl_bridge/soma_cube_rl_bridge/srv/detail
[0.498s] -- Up-to-date: /home/jack/ros2_ws/install/soma_cube_rl_bridge/include/soma_cube_rl_bridge/soma_cube_rl_bridge/srv/detail/get_safety_state__functions.h
[0.498s] -- Up-to-date: /home/jack/ros2_ws/install/soma_cube_rl_bridge/include/soma_cube_rl_bridge/soma_cube_rl_bridge/srv/detail/rl_step__type_support.h
[0.498s] -- Up-to-date: /home/jack/ros2_ws/install/soma_cube_rl_bridge/include/soma_cube_rl_bridge/soma_cube_rl_bridge/srv/detail/rl_step__struct.h
[0.498s] -- Up-to-date: /home/jack/ros2_ws/install/soma_cube_rl_bridge/include/soma_cube_rl_bridge/soma_cube_rl_bridge/srv/detail/get_safety_state__struct.h
[0.498s] -- Up-to-date: /home/jack/ros2_ws/install/soma_cube_rl_bridge/include/soma_cube_rl_bridge/soma_cube_rl_bridge/srv/detail/rl_step__functions.c
[0.498s] -- Up-to-date: /home/jack/ros2_ws/install/soma_cube_rl_bridge/include/soma_cube_rl_bridge/soma_cube_rl_bridge/srv/detail/rl_reset__functions.c
[0.498s] -- Up-to-date: /home/jack/ros2_ws/install/soma_cube_rl_bridge/include/soma_cube_rl_bridge/soma_cube_rl_bridge/srv/detail/rl_reset__type_support.h
[0.498s] -- Up-to-date: /home/jack/ros2_ws/install/soma_cube_rl_bridge/include/soma_cube_rl_bridge/soma_cube_rl_bridge/srv/detail/get_safety_state__functions.c
[0.499s] -- Up-to-date: /home/jack/ros2_ws/install/soma_cube_rl_bridge/include/soma_cube_rl_bridge/soma_cube_rl_bridge/srv/detail/rl_reset__struct.h
[0.499s] -- Up-to-date: /home/jack/ros2_ws/install/soma_cube_rl_bridge/include/soma_cube_rl_bridge/soma_cube_rl_bridge/srv/detail/rl_reset__functions.h
[0.499s] -- Up-to-date: /home/jack/ros2_ws/install/soma_cube_rl_bridge/include/soma_cube_rl_bridge/soma_cube_rl_bridge/srv/detail/rl_step__functions.h
[0.499s] -- Up-to-date: /home/jack/ros2_ws/install/soma_cube_rl_bridge/include/soma_cube_rl_bridge/soma_cube_rl_bridge/srv/detail/get_safety_state__type_support.h
[0.499s] -- Up-to-date: /home/jack/ros2_ws/install/soma_cube_rl_bridge/include/soma_cube_rl_bridge/soma_cube_rl_bridge/srv/rl_step.h
[0.499s] -- Up-to-date: /home/jack/ros2_ws/install/soma_cube_rl_bridge/include/soma_cube_rl_bridge/soma_cube_rl_bridge/srv/get_safety_state.h
[0.499s] -- Up-to-date: /home/jack/ros2_ws/install/soma_cube_rl_bridge/include/soma_cube_rl_bridge/soma_cube_rl_bridge/srv/rl_reset.h
[0.499s] -- Up-to-date: /home/jack/ros2_ws/install/soma_cube_rl_bridge/include/soma_cube_rl_bridge/soma_cube_rl_bridge/msg
[0.501s] -- Up-to-date: /home/jack/ros2_ws/install/soma_cube_rl_bridge/include/soma_cube_rl_bridge/soma_cube_rl_bridge/msg/detail
[0.501s] -- Up-to-date: /home/jack/ros2_ws/install/soma_cube_rl_bridge/include/soma_cube_rl_bridge/soma_cube_rl_bridge/msg/detail/safety_state__struct.h
[0.501s] -- Up-to-date: /home/jack/ros2_ws/install/soma_cube_rl_bridge/include/soma_cube_rl_bridge/soma_cube_rl_bridge/msg/detail/rl_observation__functions.c
[0.502s] -- Up-to-date: /home/jack/ros2_ws/install/soma_cube_rl_bridge/include/soma_cube_rl_bridge/soma_cube_rl_bridge/msg/detail/safety_state__type_support.h
[0.505s] -- Up-to-date: /home/jack/ros2_ws/install/soma_cube_rl_bridge/include/soma_cube_rl_bridge/soma_cube_rl_bridge/msg/detail/safety_state__functions.h
[0.505s] -- Up-to-date: /home/jack/ros2_ws/install/soma_cube_rl_bridge/include/soma_cube_rl_bridge/soma_cube_rl_bridge/msg/detail/rl_observation__type_support.h
[0.505s] -- Up-to-date: /home/jack/ros2_ws/install/soma_cube_rl_bridge/include/soma_cube_rl_bridge/soma_cube_rl_bridge/msg/detail/safety_state__functions.c
[0.505s] -- Up-to-date: /home/jack/ros2_ws/install/soma_cube_rl_bridge/include/soma_cube_rl_bridge/soma_cube_rl_bridge/msg/detail/rl_observation__struct.h
[0.505s] -- Up-to-date: /home/jack/ros2_ws/install/soma_cube_rl_bridge/include/soma_cube_rl_bridge/soma_cube_rl_bridge/msg/detail/rl_observation__functions.h
[0.505s] -- Up-to-date: /home/jack/ros2_ws/install/soma_cube_rl_bridge/include/soma_cube_rl_bridge/soma_cube_rl_bridge/msg/rl_observation.h
[0.505s] -- Up-to-date: /home/jack/ros2_ws/install/soma_cube_rl_bridge/include/soma_cube_rl_bridge/soma_cube_rl_bridge/msg/safety_state.h
[0.505s] -- Up-to-date: /home/jack/ros2_ws/install/soma_cube_rl_bridge/include/soma_cube_rl_bridge/soma_cube_rl_bridge/msg/rosidl_generator_c__visibility_control.h
[0.505s] -- Up-to-date: /home/jack/ros2_ws/install/soma_cube_rl_bridge/share/soma_cube_rl_bridge/environment/library_path.sh
[0.506s] -- Up-to-date: /home/jack/ros2_ws/install/soma_cube_rl_bridge/share/soma_cube_rl_bridge/environment/library_path.dsv
[0.506s] -- Up-to-date: /home/jack/ros2_ws/install/soma_cube_rl_bridge/lib/libsoma_cube_rl_bridge__rosidl_generator_c.so
[0.506s] -- Up-to-date: /home/jack/ros2_ws/install/soma_cube_rl_bridge/include/soma_cube_rl_bridge/soma_cube_rl_bridge
[0.506s] -- Up-to-date: /home/jack/ros2_ws/install/soma_cube_rl_bridge/include/soma_cube_rl_bridge/soma_cube_rl_bridge/srv
[0.506s] -- Up-to-date: /home/jack/ros2_ws/install/soma_cube_rl_bridge/include/soma_cube_rl_bridge/soma_cube_rl_bridge/srv/detail
[0.506s] -- Up-to-date: /home/jack/ros2_ws/install/soma_cube_rl_bridge/include/soma_cube_rl_bridge/soma_cube_rl_bridge/srv/detail/get_safety_state__rosidl_typesupport_fastrtps_c.h
[0.506s] -- Up-to-date: /home/jack/ros2_ws/install/soma_cube_rl_bridge/include/soma_cube_rl_bridge/soma_cube_rl_bridge/srv/detail/rl_reset__rosidl_typesupport_fastrtps_c.h
[0.506s] -- Up-to-date: /home/jack/ros2_ws/install/soma_cube_rl_bridge/include/soma_cube_rl_bridge/soma_cube_rl_bridge/srv/detail/rl_step__rosidl_typesupport_fastrtps_c.h
[0.506s] -- Up-to-date: /home/jack/ros2_ws/install/soma_cube_rl_bridge/include/soma_cube_rl_bridge/soma_cube_rl_bridge/msg
[0.506s] -- Up-to-date: /home/jack/ros2_ws/install/soma_cube_rl_bridge/include/soma_cube_rl_bridge/soma_cube_rl_bridge/msg/detail
[0.506s] -- Up-to-date: /home/jack/ros2_ws/install/soma_cube_rl_bridge/include/soma_cube_rl_bridge/soma_cube_rl_bridge/msg/detail/rl_observation__rosidl_typesupport_fastrtps_c.h
[0.506s] -- Up-to-date: /home/jack/ros2_ws/install/soma_cube_rl_bridge/include/soma_cube_rl_bridge/soma_cube_rl_bridge/msg/detail/safety_state__rosidl_typesupport_fastrtps_c.h
[0.506s] -- Up-to-date: /home/jack/ros2_ws/install/soma_cube_rl_bridge/include/soma_cube_rl_bridge/soma_cube_rl_bridge/msg/rosidl_typesupport_fastrtps_c__visibility_control.h
[0.506s] -- Up-to-date: /home/jack/ros2_ws/install/soma_cube_rl_bridge/lib/libsoma_cube_rl_bridge__rosidl_typesupport_fastrtps_c.so
[0.506s] -- Up-to-date: /home/jack/ros2_ws/install/soma_cube_rl_bridge/include/soma_cube_rl_bridge/soma_cube_rl_bridge
[0.506s] -- Up-to-date: /home/jack/ros2_ws/install/soma_cube_rl_bridge/include/soma_cube_rl_bridge/soma_cube_rl_bridge/srv
[0.506s] -- Up-to-date: /home/jack/ros2_ws/install/soma_cube_rl_bridge/include/soma_cube_rl_bridge/soma_cube_rl_bridge/srv/detail
[0.507s] -- Up-to-date: /home/jack/ros2_ws/install/soma_cube_rl_bridge/include/soma_cube_rl_bridge/soma_cube_rl_bridge/srv/detail/rl_reset__traits.hpp
[0.507s] -- Up-to-date: /home/jack/ros2_ws/install/soma_cube_rl_bridge/include/soma_cube_rl_bridge/soma_cube_rl_bridge/srv/detail/rl_reset__type_support.hpp
[0.507s] -- Up-to-date: /home/jack/ros2_ws/install/soma_cube_rl_bridge/include/soma_cube_rl_bridge/soma_cube_rl_bridge/srv/detail/get_safety_state__builder.hpp
[0.507s] -- Up-to-date: /home/jack/ros2_ws/install/soma_cube_rl_bridge/include/soma_cube_rl_bridge/soma_cube_rl_bridge/srv/detail/get_safety_state__type_support.hpp
[0.507s] -- Up-to-date: /home/jack/ros2_ws/install/soma_cube_rl_bridge/include/soma_cube_rl_bridge/soma_cube_rl_bridge/srv/detail/rl_reset__builder.hpp
[0.507s] -- Up-to-date: /home/jack/ros2_ws/install/soma_cube_rl_bridge/include/soma_cube_rl_bridge/soma_cube_rl_bridge/srv/detail/get_safety_state__traits.hpp
[0.507s] -- Up-to-date: /home/jack/ros2_ws/install/soma_cube_rl_bridge/include/soma_cube_rl_bridge/soma_cube_rl_bridge/srv/detail/rl_step__builder.hpp
[0.507s] -- Up-to-date: /home/jack/ros2_ws/install/soma_cube_rl_bridge/include/soma_cube_rl_bridge/soma_cube_rl_bridge/srv/detail/rl_step__traits.hpp
[0.507s] -- Up-to-date: /home/jack/ros2_ws/install/soma_cube_rl_bridge/include/soma_cube_rl_bridge/soma_cube_rl_bridge/srv/detail/rl_reset__struct.hpp
[0.507s] -- Up-to-date: /home/jack/ros2_ws/install/soma_cube_rl_bridge/include/soma_cube_rl_bridge/soma_cube_rl_bridge/srv/detail/rl_step__type_support.hpp
[0.507s] -- Up-to-date: /home/jack/ros2_ws/install/soma_cube_rl_bridge/include/soma_cube_rl_bridge/soma_cube_rl_bridge/srv/detail/get_safety_state__struct.hpp
[0.507s] -- Up-to-date: /home/jack/ros2_ws/install/soma_cube_rl_bridge/include/soma_cube_rl_bridge/soma_cube_rl_bridge/srv/detail/rl_step__struct.hpp
[0.507s] -- Up-to-date: /home/jack/ros2_ws/install/soma_cube_rl_bridge/include/soma_cube_rl_bridge/soma_cube_rl_bridge/srv/rl_step.hpp
[0.507s] -- Up-to-date: /home/jack/ros2_ws/install/soma_cube_rl_bridge/include/soma_cube_rl_bridge/soma_cube_rl_bridge/srv/rl_reset.hpp
[0.507s] -- Up-to-date: /home/jack/ros2_ws/install/soma_cube_rl_bridge/include/soma_cube_rl_bridge/soma_cube_rl_bridge/srv/get_safety_state.hpp
[0.507s] -- Up-to-date: /home/jack/ros2_ws/install/soma_cube_rl_bridge/include/soma_cube_rl_bridge/soma_cube_rl_bridge/msg
[0.507s] -- Up-to-date: /home/jack/ros2_ws/install/soma_cube_rl_bridge/include/soma_cube_rl_bridge/soma_cube_rl_bridge/msg/detail
[0.507s] -- Up-to-date: /home/jack/ros2_ws/install/soma_cube_rl_bridge/include/soma_cube_rl_bridge/soma_cube_rl_bridge/msg/detail/rl_observation__builder.hpp
[0.508s] -- Up-to-date: /home/jack/ros2_ws/install/soma_cube_rl_bridge/include/soma_cube_rl_bridge/soma_cube_rl_bridge/msg/detail/rl_observation__type_support.hpp
[0.508s] -- Up-to-date: /home/jack/ros2_ws/install/soma_cube_rl_bridge/include/soma_cube_rl_bridge/soma_cube_rl_bridge/msg/detail/rl_observation__traits.hpp
[0.508s] -- Up-to-date: /home/jack/ros2_ws/install/soma_cube_rl_bridge/include/soma_cube_rl_bridge/soma_cube_rl_bridge/msg/detail/rl_observation__struct.hpp
[0.508s] -- Up-to-date: /home/jack/ros2_ws/install/soma_cube_rl_bridge/include/soma_cube_rl_bridge/soma_cube_rl_bridge/msg/detail/safety_state__builder.hpp
[0.508s] -- Up-to-date: /home/jack/ros2_ws/install/soma_cube_rl_bridge/include/soma_cube_rl_bridge/soma_cube_rl_bridge/msg/detail/safety_state__traits.hpp
[0.508s] -- Up-to-date: /home/jack/ros2_ws/install/soma_cube_rl_bridge/include/soma_cube_rl_bridge/soma_cube_rl_bridge/msg/detail/safety_state__struct.hpp
[0.508s] -- Up-to-date: /home/jack/ros2_ws/install/soma_cube_rl_bridge/include/soma_cube_rl_bridge/soma_cube_rl_bridge/msg/detail/safety_state__type_support.hpp
[0.508s] -- Up-to-date: /home/jack/ros2_ws/install/soma_cube_rl_bridge/include/soma_cube_rl_bridge/soma_cube_rl_bridge/msg/safety_state.hpp
[0.508s] -- Up-to-date: /home/jack/ros2_ws/install/soma_cube_rl_bridge/include/soma_cube_rl_bridge/soma_cube_rl_bridge/msg/rosidl_generator_cpp__visibility_control.hpp
[0.508s] -- Up-to-date: /home/jack/ros2_ws/install/soma_cube_rl_bridge/include/soma_cube_rl_bridge/soma_cube_rl_bridge/msg/rl_observation.hpp
[0.508s] -- Up-to-date: /home/jack/ros2_ws/install/soma_cube_rl_bridge/include/soma_cube_rl_bridge/soma_cube_rl_bridge
[0.508s] -- Up-to-date: /home/jack/ros2_ws/install/soma_cube_rl_bridge/include/soma_cube_rl_bridge/soma_cube_rl_bridge/srv
[0.508s] -- Up-to-date: /home/jack/ros2_ws/install/soma_cube_rl_bridge/include/soma_cube_rl_bridge/soma_cube_rl_bridge/srv/detail
[0.508s] -- Up-to-date: /home/jack/ros2_ws/install/soma_cube_rl_bridge/include/soma_cube_rl_bridge/soma_cube_rl_bridge/srv/detail/rl_step__rosidl_typesupport_fastrtps_cpp.hpp
[0.508s] -- Up-to-date: /home/jack/ros2_ws/install/soma_cube_rl_bridge/include/soma_cube_rl_bridge/soma_cube_rl_bridge/srv/detail/dds_fastrtps
[0.508s] -- Up-to-date: /home/jack/ros2_ws/install/soma_cube_rl_bridge/include/soma_cube_rl_bridge/soma_cube_rl_bridge/srv/detail/get_safety_state__rosidl_typesupport_fastrtps_cpp.hpp
[0.508s] -- Up-to-date: /home/jack/ros2_ws/install/soma_cube_rl_bridge/include/soma_cube_rl_bridge/soma_cube_rl_bridge/srv/detail/rl_reset__rosidl_typesupport_fastrtps_cpp.hpp
[0.509s] -- Up-to-date: /home/jack/ros2_ws/install/soma_cube_rl_bridge/include/soma_cube_rl_bridge/soma_cube_rl_bridge/msg
[0.509s] -- Up-to-date: /home/jack/ros2_ws/install/soma_cube_rl_bridge/include/soma_cube_rl_bridge/soma_cube_rl_bridge/msg/detail
[0.509s] -- Up-to-date: /home/jack/ros2_ws/install/soma_cube_rl_bridge/include/soma_cube_rl_bridge/soma_cube_rl_bridge/msg/detail/dds_fastrtps
[0.509s] -- Up-to-date: /home/jack/ros2_ws/install/soma_cube_rl_bridge/include/soma_cube_rl_bridge/soma_cube_rl_bridge/msg/detail/rl_observation__rosidl_typesupport_fastrtps_cpp.hpp
[0.509s] -- Up-to-date: /home/jack/ros2_ws/install/soma_cube_rl_bridge/include/soma_cube_rl_bridge/soma_cube_rl_bridge/msg/detail/safety_state__rosidl_typesupport_fastrtps_cpp.hpp
[0.509s] -- Up-to-date: /home/jack/ros2_ws/install/soma_cube_rl_bridge/include/soma_cube_rl_bridge/soma_cube_rl_bridge/msg/rosidl_typesupport_fastrtps_cpp__visibility_control.h
[0.510s] -- Up-to-date: /home/jack/ros2_ws/install/soma_cube_rl_bridge/lib/libsoma_cube_rl_bridge__rosidl_typesupport_fastrtps_cpp.so
[0.510s] -- Up-to-date: /home/jack/ros2_ws/install/soma_cube_rl_bridge/include/soma_cube_rl_bridge/soma_cube_rl_bridge
[0.510s] -- Up-to-date: /home/jack/ros2_ws/install/soma_cube_rl_bridge/include/soma_cube_rl_bridge/soma_cube_rl_bridge/srv
[0.510s] -- Up-to-date: /home/jack/ros2_ws/install/soma_cube_rl_bridge/include/soma_cube_rl_bridge/soma_cube_rl_bridge/srv/detail
[0.510s] -- Up-to-date: /home/jack/ros2_ws/install/soma_cube_rl_bridge/include/soma_cube_rl_bridge/soma_cube_rl_bridge/srv/detail/rl_reset__type_support.c
[0.510s] -- Up-to-date: /home/jack/ros2_ws/install/soma_cube_rl_bridge/include/soma_cube_rl_bridge/soma_cube_rl_bridge/srv/detail/get_safety_state__rosidl_typesupport_introspection_c.h
[0.510s] -- Up-to-date: /home/jack/ros2_ws/install/soma_cube_rl_bridge/include/soma_cube_rl_bridge/soma_cube_rl_bridge/srv/detail/rl_reset__rosidl_typesupport_introspection_c.h
[0.510s] -- Up-to-date: /home/jack/ros2_ws/install/soma_cube_rl_bridge/include/soma_cube_rl_bridge/soma_cube_rl_bridge/srv/detail/get_safety_state__type_support.c
[0.510s] -- Up-to-date: /home/jack/ros2_ws/install/soma_cube_rl_bridge/include/soma_cube_rl_bridge/soma_cube_rl_bridge/srv/detail/rl_step__type_support.c
[0.510s] -- Up-to-date: /home/jack/ros2_ws/install/soma_cube_rl_bridge/include/soma_cube_rl_bridge/soma_cube_rl_bridge/srv/detail/rl_step__rosidl_typesupport_introspection_c.h
[0.511s] -- Up-to-date: /home/jack/ros2_ws/install/soma_cube_rl_bridge/include/soma_cube_rl_bridge/soma_cube_rl_bridge/msg
[0.511s] -- Up-to-date: /home/jack/ros2_ws/install/soma_cube_rl_bridge/include/soma_cube_rl_bridge/soma_cube_rl_bridge/msg/detail
[0.511s] -- Up-to-date: /home/jack/ros2_ws/install/soma_cube_rl_bridge/include/soma_cube_rl_bridge/soma_cube_rl_bridge/msg/detail/safety_state__type_support.c
[0.511s] -- Up-to-date: /home/jack/ros2_ws/install/soma_cube_rl_bridge/include/soma_cube_rl_bridge/soma_cube_rl_bridge/msg/detail/safety_state__rosidl_typesupport_introspection_c.h
[0.511s] -- Up-to-date: /home/jack/ros2_ws/install/soma_cube_rl_bridge/include/soma_cube_rl_bridge/soma_cube_rl_bridge/msg/detail/rl_observation__type_support.c
[0.511s] -- Up-to-date: /home/jack/ros2_ws/install/soma_cube_rl_bridge/include/soma_cube_rl_bridge/soma_cube_rl_bridge/msg/detail/rl_observation__rosidl_typesupport_introspection_c.h
[0.511s] -- Up-to-date: /home/jack/ros2_ws/install/soma_cube_rl_bridge/include/soma_cube_rl_bridge/soma_cube_rl_bridge/msg/rosidl_typesupport_introspection_c__visibility_control.h
[0.511s] -- Up-to-date: /home/jack/ros2_ws/install/soma_cube_rl_bridge/lib/libsoma_cube_rl_bridge__rosidl_typesupport_introspection_c.so
[0.511s] -- Up-to-date: /home/jack/ros2_ws/install/soma_cube_rl_bridge/lib/libsoma_cube_rl_bridge__rosidl_typesupport_c.so
[0.511s] -- Up-to-date: /home/jack/ros2_ws/install/soma_cube_rl_bridge/include/soma_cube_rl_bridge/soma_cube_rl_bridge
[0.511s] -- Up-to-date: /home/jack/ros2_ws/install/soma_cube_rl_bridge/include/soma_cube_rl_bridge/soma_cube_rl_bridge/srv
[0.511s] -- Up-to-date: /home/jack/ros2_ws/install/soma_cube_rl_bridge/include/soma_cube_rl_bridge/soma_cube_rl_bridge/srv/detail
[0.511s] -- Up-to-date: /home/jack/ros2_ws/install/soma_cube_rl_bridge/include/soma_cube_rl_bridge/soma_cube_rl_bridge/srv/detail/rl_reset__rosidl_typesupport_introspection_cpp.hpp
[0.511s] -- Up-to-date: /home/jack/ros2_ws/install/soma_cube_rl_bridge/include/soma_cube_rl_bridge/soma_cube_rl_bridge/srv/detail/get_safety_state__rosidl_typesupport_introspection_cpp.hpp
[0.511s] -- Up-to-date: /home/jack/ros2_ws/install/soma_cube_rl_bridge/include/soma_cube_rl_bridge/soma_cube_rl_bridge/srv/detail/rl_step__rosidl_typesupport_introspection_cpp.hpp
[0.511s] -- Up-to-date: /home/jack/ros2_ws/install/soma_cube_rl_bridge/include/soma_cube_rl_bridge/soma_cube_rl_bridge/srv/detail/rl_step__type_support.cpp
[0.511s] -- Up-to-date: /home/jack/ros2_ws/install/soma_cube_rl_bridge/include/soma_cube_rl_bridge/soma_cube_rl_bridge/srv/detail/get_safety_state__type_support.cpp
[0.511s] -- Up-to-date: /home/jack/ros2_ws/install/soma_cube_rl_bridge/include/soma_cube_rl_bridge/soma_cube_rl_bridge/srv/detail/rl_reset__type_support.cpp
[0.511s] -- Up-to-date: /home/jack/ros2_ws/install/soma_cube_rl_bridge/include/soma_cube_rl_bridge/soma_cube_rl_bridge/msg
[0.511s] -- Up-to-date: /home/jack/ros2_ws/install/soma_cube_rl_bridge/include/soma_cube_rl_bridge/soma_cube_rl_bridge/msg/detail
[0.512s] -- Up-to-date: /home/jack/ros2_ws/install/soma_cube_rl_bridge/include/soma_cube_rl_bridge/soma_cube_rl_bridge/msg/detail/rl_observation__rosidl_typesupport_introspection_cpp.hpp
[0.512s] -- Up-to-date: /home/jack/ros2_ws/install/soma_cube_rl_bridge/include/soma_cube_rl_bridge/soma_cube_rl_bridge/msg/detail/safety_state__rosidl_typesupport_introspection_cpp.hpp
[0.512s] -- Up-to-date: /home/jack/ros2_ws/install/soma_cube_rl_bridge/include/soma_cube_rl_bridge/soma_cube_rl_bridge/msg/detail/safety_state__type_support.cpp
[0.512s] -- Up-to-date: /home/jack/ros2_ws/install/soma_cube_rl_bridge/include/soma_cube_rl_bridge/soma_cube_rl_bridge/msg/detail/rl_observation__type_support.cpp
[0.512s] -- Up-to-date: /home/jack/ros2_ws/install/soma_cube_rl_bridge/lib/libsoma_cube_rl_bridge__rosidl_typesupport_introspection_cpp.so
[0.512s] -- Up-to-date: /home/jack/ros2_ws/install/soma_cube_rl_bridge/lib/libsoma_cube_rl_bridge__rosidl_typesupport_cpp.so
[0.512s] -- Up-to-date: /home/jack/ros2_ws/install/soma_cube_rl_bridge/share/soma_cube_rl_bridge/environment/pythonpath.sh
[0.512s] -- Up-to-date: /home/jack/ros2_ws/install/soma_cube_rl_bridge/share/soma_cube_rl_bridge/environment/pythonpath.dsv
[0.512s] -- Up-to-date: /home/jack/ros2_ws/install/soma_cube_rl_bridge/local/lib/python3.10/dist-packages/soma_cube_rl_bridge-1.0.0-py3.10.egg-info
[0.512s] -- Installing: /home/jack/ros2_ws/install/soma_cube_rl_bridge/local/lib/python3.10/dist-packages/soma_cube_rl_bridge-1.0.0-py3.10.egg-info/SOURCES.txt
[0.512s] -- Installing: /home/jack/ros2_ws/install/soma_cube_rl_bridge/local/lib/python3.10/dist-packages/soma_cube_rl_bridge-1.0.0-py3.10.egg-info/PKG-INFO
[0.512s] -- Installing: /home/jack/ros2_ws/install/soma_cube_rl_bridge/local/lib/python3.10/dist-packages/soma_cube_rl_bridge-1.0.0-py3.10.egg-info/dependency_links.txt
[0.512s] -- Installing: /home/jack/ros2_ws/install/soma_cube_rl_bridge/local/lib/python3.10/dist-packages/soma_cube_rl_bridge-1.0.0-py3.10.egg-info/top_level.txt
[0.512s] -- Up-to-date: /home/jack/ros2_ws/install/soma_cube_rl_bridge/local/lib/python3.10/dist-packages/soma_cube_rl_bridge
[0.512s] -- Up-to-date: /home/jack/ros2_ws/install/soma_cube_rl_bridge/local/lib/python3.10/dist-packages/soma_cube_rl_bridge/soma_cube_rl_bridge_s__rosidl_typesupport_c.cpython-310-x86_64-linux-gnu.so
[0.512s] -- Up-to-date: /home/jack/ros2_ws/install/soma_cube_rl_bridge/local/lib/python3.10/dist-packages/soma_cube_rl_bridge/libsoma_cube_rl_bridge__rosidl_generator_py.so
[0.512s] -- Up-to-date: /home/jack/ros2_ws/install/soma_cube_rl_bridge/local/lib/python3.10/dist-packages/soma_cube_rl_bridge/soma_cube_rl_bridge_s__rosidl_typesupport_fastrtps_c.cpython-310-x86_64-linux-gnu.so
[0.512s] -- Up-to-date: /home/jack/ros2_ws/install/soma_cube_rl_bridge/local/lib/python3.10/dist-packages/soma_cube_rl_bridge/srv
[0.512s] -- Up-to-date: /home/jack/ros2_ws/install/soma_cube_rl_bridge/local/lib/python3.10/dist-packages/soma_cube_rl_bridge/srv/_rl_step_s.c
[0.512s] -- Up-to-date: /home/jack/ros2_ws/install/soma_cube_rl_bridge/local/lib/python3.10/dist-packages/soma_cube_rl_bridge/srv/_get_safety_state_s.c
[0.512s] -- Up-to-date: /home/jack/ros2_ws/install/soma_cube_rl_bridge/local/lib/python3.10/dist-packages/soma_cube_rl_bridge/srv/_rl_reset_s.c
[0.513s] -- Up-to-date: /home/jack/ros2_ws/install/soma_cube_rl_bridge/local/lib/python3.10/dist-packages/soma_cube_rl_bridge/srv/__init__.py
[0.513s] -- Up-to-date: /home/jack/ros2_ws/install/soma_cube_rl_bridge/local/lib/python3.10/dist-packages/soma_cube_rl_bridge/srv/_rl_reset.py
[0.513s] -- Up-to-date: /home/jack/ros2_ws/install/soma_cube_rl_bridge/local/lib/python3.10/dist-packages/soma_cube_rl_bridge/srv/_rl_step.py
[0.513s] -- Up-to-date: /home/jack/ros2_ws/install/soma_cube_rl_bridge/local/lib/python3.10/dist-packages/soma_cube_rl_bridge/srv/_get_safety_state.py
[0.513s] -- Up-to-date: /home/jack/ros2_ws/install/soma_cube_rl_bridge/local/lib/python3.10/dist-packages/soma_cube_rl_bridge/msg
[0.513s] -- Up-to-date: /home/jack/ros2_ws/install/soma_cube_rl_bridge/local/lib/python3.10/dist-packages/soma_cube_rl_bridge/msg/_rl_observation.py
[0.513s] -- Up-to-date: /home/jack/ros2_ws/install/soma_cube_rl_bridge/local/lib/python3.10/dist-packages/soma_cube_rl_bridge/msg/_safety_state_s.c
[0.513s] -- Up-to-date: /home/jack/ros2_ws/install/soma_cube_rl_bridge/local/lib/python3.10/dist-packages/soma_cube_rl_bridge/msg/_rl_observation_s.c
[0.513s] -- Up-to-date: /home/jack/ros2_ws/install/soma_cube_rl_bridge/local/lib/python3.10/dist-packages/soma_cube_rl_bridge/msg/__init__.py
[0.513s] -- Up-to-date: /home/jack/ros2_ws/install/soma_cube_rl_bridge/local/lib/python3.10/dist-packages/soma_cube_rl_bridge/msg/_safety_state.py
[0.513s] -- Up-to-date: /home/jack/ros2_ws/install/soma_cube_rl_bridge/local/lib/python3.10/dist-packages/soma_cube_rl_bridge/__init__.py
[0.513s] -- Up-to-date: /home/jack/ros2_ws/install/soma_cube_rl_bridge/local/lib/python3.10/dist-packages/soma_cube_rl_bridge/_soma_cube_rl_bridge_s.ep.rosidl_typesupport_c.c
[0.513s] -- Up-to-date: /home/jack/ros2_ws/install/soma_cube_rl_bridge/local/lib/python3.10/dist-packages/soma_cube_rl_bridge/_soma_cube_rl_bridge_s.ep.rosidl_typesupport_introspection_c.c
[0.513s] -- Up-to-date: /home/jack/ros2_ws/install/soma_cube_rl_bridge/local/lib/python3.10/dist-packages/soma_cube_rl_bridge/soma_cube_rl_bridge_s__rosidl_typesupport_introspection_c.cpython-310-x86_64-linux-gnu.so
[0.513s] -- Up-to-date: /home/jack/ros2_ws/install/soma_cube_rl_bridge/local/lib/python3.10/dist-packages/soma_cube_rl_bridge/_soma_cube_rl_bridge_s.ep.rosidl_typesupport_fastrtps_c.c
[0.536s] Listing '/home/jack/ros2_ws/install/soma_cube_rl_bridge/local/lib/python3.10/dist-packages/soma_cube_rl_bridge'...
[0.536s] Listing '/home/jack/ros2_ws/install/soma_cube_rl_bridge/local/lib/python3.10/dist-packages/soma_cube_rl_bridge/msg'...
[0.536s] Listing '/home/jack/ros2_ws/install/soma_cube_rl_bridge/local/lib/python3.10/dist-packages/soma_cube_rl_bridge/srv'...
[0.541s] -- Up-to-date: /home/jack/ros2_ws/install/soma_cube_rl_bridge/local/lib/python3.10/dist-packages/soma_cube_rl_bridge/soma_cube_rl_bridge_s__rosidl_typesupport_fastrtps_c.cpython-310-x86_64-linux-gnu.so
[0.541s] -- Up-to-date: /home/jack/ros2_ws/install/soma_cube_rl_bridge/local/lib/python3.10/dist-packages/soma_cube_rl_bridge/soma_cube_rl_bridge_s__rosidl_typesupport_introspection_c.cpython-310-x86_64-linux-gnu.so
[0.541s] -- Up-to-date: /home/jack/ros2_ws/install/soma_cube_rl_bridge/local/lib/python3.10/dist-packages/soma_cube_rl_bridge/soma_cube_rl_bridge_s__rosidl_typesupport_c.cpython-310-x86_64-linux-gnu.so
[0.541s] -- Up-to-date: /home/jack/ros2_ws/install/soma_cube_rl_bridge/lib/libsoma_cube_rl_bridge__rosidl_generator_py.so
[0.541s] -- Up-to-date: /home/jack/ros2_ws/install/soma_cube_rl_bridge/share/soma_cube_rl_bridge/srv/RLReset.idl
[0.541s] -- Up-to-date: /home/jack/ros2_ws/install/soma_cube_rl_bridge/share/soma_cube_rl_bridge/srv/RLStep.idl
[0.541s] -- Up-to-date: /home/jack/ros2_ws/install/soma_cube_rl_bridge/share/soma_cube_rl_bridge/srv/GetSafetyState.idl
[0.541s] -- Up-to-date: /home/jack/ros2_ws/install/soma_cube_rl_bridge/share/soma_cube_rl_bridge/msg/RLObservation.idl
[0.541s] -- Up-to-date: /home/jack/ros2_ws/install/soma_cube_rl_bridge/share/soma_cube_rl_bridge/msg/SafetyState.idl
[0.542s] -- Up-to-date: /home/jack/ros2_ws/install/soma_cube_rl_bridge/share/soma_cube_rl_bridge/srv/RLReset.srv
[0.543s] -- Up-to-date: /home/jack/ros2_ws/install/soma_cube_rl_bridge/share/soma_cube_rl_bridge/srv/RLReset_Request.msg
[0.543s] -- Up-to-date: /home/jack/ros2_ws/install/soma_cube_rl_bridge/share/soma_cube_rl_bridge/srv/RLReset_Response.msg
[0.543s] -- Up-to-date: /home/jack/ros2_ws/install/soma_cube_rl_bridge/share/soma_cube_rl_bridge/srv/RLStep.srv
[0.544s] -- Up-to-date: /home/jack/ros2_ws/install/soma_cube_rl_bridge/share/soma_cube_rl_bridge/srv/RLStep_Request.msg
[0.544s] -- Up-to-date: /home/jack/ros2_ws/install/soma_cube_rl_bridge/share/soma_cube_rl_bridge/srv/RLStep_Response.msg
[0.545s] -- Up-to-date: /home/jack/ros2_ws/install/soma_cube_rl_bridge/share/soma_cube_rl_bridge/srv/GetSafetyState.srv
[0.545s] -- Up-to-date: /home/jack/ros2_ws/install/soma_cube_rl_bridge/share/soma_cube_rl_bridge/srv/GetSafetyState_Request.msg
[0.545s] -- Up-to-date: /home/jack/ros2_ws/install/soma_cube_rl_bridge/share/soma_cube_rl_bridge/srv/GetSafetyState_Response.msg
[0.545s] -- Up-to-date: /home/jack/ros2_ws/install/soma_cube_rl_bridge/share/soma_cube_rl_bridge/msg/RLObservation.msg
[0.545s] -- Up-to-date: /home/jack/ros2_ws/install/soma_cube_rl_bridge/share/soma_cube_rl_bridge/msg/SafetyState.msg
[0.545s] -- Up-to-date: /home/jack/ros2_ws/install/soma_cube_rl_bridge/lib/soma_cube_rl_bridge/motion_proxy_node
[0.545s] -- Up-to-date: /home/jack/ros2_ws/install/soma_cube_rl_bridge/lib/soma_cube_rl_bridge/safety_monitor_node
[0.545s] -- Up-to-date: /home/jack/ros2_ws/install/soma_cube_rl_bridge/lib/soma_cube_rl_bridge/rl_env_node
[0.545s] -- Up-to-date: /home/jack/ros2_ws/install/soma_cube_rl_bridge/share/soma_cube_rl_bridge/launch
[0.545s] -- Up-to-date: /home/jack/ros2_ws/install/soma_cube_rl_bridge/share/soma_cube_rl_bridge/launch/soma_cube_rl.launch.py
[0.545s] -- Up-to-date: /home/jack/ros2_ws/install/soma_cube_rl_bridge/share/soma_cube_rl_bridge/config
[0.545s] -- Up-to-date: /home/jack/ros2_ws/install/soma_cube_rl_bridge/share/soma_cube_rl_bridge/config/soma_cube_rl_real.yaml
[0.545s] -- Up-to-date: /home/jack/ros2_ws/install/soma_cube_rl_bridge/share/soma_cube_rl_bridge/config/soma_cube_rl_sim.yaml
[0.545s] -- Up-to-date: /home/jack/ros2_ws/install/soma_cube_rl_bridge/include/soma_cube_rl_bridge
[0.546s] -- Up-to-date: /home/jack/ros2_ws/install/soma_cube_rl_bridge/include/soma_cube_rl_bridge/rl_env_node.hpp
[0.546s] -- Up-to-date: /home/jack/ros2_ws/install/soma_cube_rl_bridge/include/soma_cube_rl_bridge/motion_proxy_node.hpp
[0.546s] -- Up-to-date: /home/jack/ros2_ws/install/soma_cube_rl_bridge/include/soma_cube_rl_bridge/safety_monitor_node.hpp
[0.546s] -- Up-to-date: /home/jack/ros2_ws/install/soma_cube_rl_bridge/share/ament_index/resource_index/package_run_dependencies/soma_cube_rl_bridge
[0.546s] -- Up-to-date: /home/jack/ros2_ws/install/soma_cube_rl_bridge/share/ament_index/resource_index/parent_prefix_path/soma_cube_rl_bridge
[0.546s] -- Up-to-date: /home/jack/ros2_ws/install/soma_cube_rl_bridge/share/soma_cube_rl_bridge/environment/ament_prefix_path.sh
[0.546s] -- Up-to-date: /home/jack/ros2_ws/install/soma_cube_rl_bridge/share/soma_cube_rl_bridge/environment/ament_prefix_path.dsv
[0.548s] -- Up-to-date: /home/jack/ros2_ws/install/soma_cube_rl_bridge/share/soma_cube_rl_bridge/environment/path.sh
[0.548s] -- Up-to-date: /home/jack/ros2_ws/install/soma_cube_rl_bridge/share/soma_cube_rl_bridge/environment/path.dsv
[0.548s] -- Up-to-date: /home/jack/ros2_ws/install/soma_cube_rl_bridge/share/soma_cube_rl_bridge/local_setup.bash
[0.548s] -- Up-to-date: /home/jack/ros2_ws/install/soma_cube_rl_bridge/share/soma_cube_rl_bridge/local_setup.sh
[0.548s] -- Up-to-date: /home/jack/ros2_ws/install/soma_cube_rl_bridge/share/soma_cube_rl_bridge/local_setup.zsh
[0.548s] -- Up-to-date: /home/jack/ros2_ws/install/soma_cube_rl_bridge/share/soma_cube_rl_bridge/local_setup.dsv
[0.548s] -- Installing: /home/jack/ros2_ws/install/soma_cube_rl_bridge/share/soma_cube_rl_bridge/package.dsv
[0.548s] -- Up-to-date: /home/jack/ros2_ws/install/soma_cube_rl_bridge/share/ament_index/resource_index/packages/soma_cube_rl_bridge
[0.548s] -- Up-to-date: /home/jack/ros2_ws/install/soma_cube_rl_bridge/share/soma_cube_rl_bridge/cmake/export_soma_cube_rl_bridge__rosidl_generator_cExport.cmake
[0.548s] -- Up-to-date: /home/jack/ros2_ws/install/soma_cube_rl_bridge/share/soma_cube_rl_bridge/cmake/export_soma_cube_rl_bridge__rosidl_generator_cExport-noconfig.cmake
[0.548s] -- Up-to-date: /home/jack/ros2_ws/install/soma_cube_rl_bridge/share/soma_cube_rl_bridge/cmake/export_soma_cube_rl_bridge__rosidl_typesupport_fastrtps_cExport.cmake
[0.548s] -- Up-to-date: /home/jack/ros2_ws/install/soma_cube_rl_bridge/share/soma_cube_rl_bridge/cmake/export_soma_cube_rl_bridge__rosidl_typesupport_fastrtps_cExport-noconfig.cmake
[0.548s] -- Up-to-date: /home/jack/ros2_ws/install/soma_cube_rl_bridge/share/soma_cube_rl_bridge/cmake/export_soma_cube_rl_bridge__rosidl_generator_cppExport.cmake
[0.548s] -- Up-to-date: /home/jack/ros2_ws/install/soma_cube_rl_bridge/share/soma_cube_rl_bridge/cmake/export_soma_cube_rl_bridge__rosidl_typesupport_fastrtps_cppExport.cmake
[0.548s] -- Up-to-date: /home/jack/ros2_ws/install/soma_cube_rl_bridge/share/soma_cube_rl_bridge/cmake/export_soma_cube_rl_bridge__rosidl_typesupport_fastrtps_cppExport-noconfig.cmake
[0.548s] -- Up-to-date: /home/jack/ros2_ws/install/soma_cube_rl_bridge/share/soma_cube_rl_bridge/cmake/soma_cube_rl_bridge__rosidl_typesupport_introspection_cExport.cmake
[0.549s] -- Up-to-date: /home/jack/ros2_ws/install/soma_cube_rl_bridge/share/soma_cube_rl_bridge/cmake/soma_cube_rl_bridge__rosidl_typesupport_introspection_cExport-noconfig.cmake
[0.549s] -- Up-to-date: /home/jack/ros2_ws/install/soma_cube_rl_bridge/share/soma_cube_rl_bridge/cmake/soma_cube_rl_bridge__rosidl_typesupport_cExport.cmake
[0.549s] -- Up-to-date: /home/jack/ros2_ws/install/soma_cube_rl_bridge/share/soma_cube_rl_bridge/cmake/soma_cube_rl_bridge__rosidl_typesupport_cExport-noconfig.cmake
[0.549s] -- Up-to-date: /home/jack/ros2_ws/install/soma_cube_rl_bridge/share/soma_cube_rl_bridge/cmake/soma_cube_rl_bridge__rosidl_typesupport_introspection_cppExport.cmake
[0.549s] -- Up-to-date: /home/jack/ros2_ws/install/soma_cube_rl_bridge/share/soma_cube_rl_bridge/cmake/soma_cube_rl_bridge__rosidl_typesupport_introspection_cppExport-noconfig.cmake
[0.549s] -- Up-to-date: /home/jack/ros2_ws/install/soma_cube_rl_bridge/share/soma_cube_rl_bridge/cmake/soma_cube_rl_bridge__rosidl_typesupport_cppExport.cmake
[0.549s] -- Up-to-date: /home/jack/ros2_ws/install/soma_cube_rl_bridge/share/soma_cube_rl_bridge/cmake/soma_cube_rl_bridge__rosidl_typesupport_cppExport-noconfig.cmake
[0.549s] -- Up-to-date: /home/jack/ros2_ws/install/soma_cube_rl_bridge/share/soma_cube_rl_bridge/cmake/export_soma_cube_rl_bridge__rosidl_generator_pyExport.cmake
[0.549s] -- Up-to-date: /home/jack/ros2_ws/install/soma_cube_rl_bridge/share/soma_cube_rl_bridge/cmake/export_soma_cube_rl_bridge__rosidl_generator_pyExport-noconfig.cmake
[0.549s] -- Up-to-date: /home/jack/ros2_ws/install/soma_cube_rl_bridge/share/soma_cube_rl_bridge/cmake/rosidl_cmake-extras.cmake
[0.549s] -- Up-to-date: /home/jack/ros2_ws/install/soma_cube_rl_bridge/share/soma_cube_rl_bridge/cmake/ament_cmake_export_dependencies-extras.cmake
[0.549s] -- Up-to-date: /home/jack/ros2_ws/install/soma_cube_rl_bridge/share/soma_cube_rl_bridge/cmake/ament_cmake_export_include_directories-extras.cmake
[0.549s] -- Up-to-date: /home/jack/ros2_ws/install/soma_cube_rl_bridge/share/soma_cube_rl_bridge/cmake/ament_cmake_export_libraries-extras.cmake
[0.550s] -- Up-to-date: /home/jack/ros2_ws/install/soma_cube_rl_bridge/share/soma_cube_rl_bridge/cmake/ament_cmake_export_targets-extras.cmake
[0.550s] -- Up-to-date: /home/jack/ros2_ws/install/soma_cube_rl_bridge/share/soma_cube_rl_bridge/cmake/rosidl_cmake_export_typesupport_targets-extras.cmake
[0.550s] -- Up-to-date: /home/jack/ros2_ws/install/soma_cube_rl_bridge/share/soma_cube_rl_bridge/cmake/rosidl_cmake_export_typesupport_libraries-extras.cmake
[0.550s] -- Up-to-date: /home/jack/ros2_ws/install/soma_cube_rl_bridge/share/soma_cube_rl_bridge/cmake/soma_cube_rl_bridgeConfig.cmake
[0.550s] -- Up-to-date: /home/jack/ros2_ws/install/soma_cube_rl_bridge/share/soma_cube_rl_bridge/cmake/soma_cube_rl_bridgeConfig-version.cmake
[0.551s] -- Up-to-date: /home/jack/ros2_ws/install/soma_cube_rl_bridge/share/soma_cube_rl_bridge/package.xml
[0.551s] Invoked command in '/home/jack/ros2_ws/build/soma_cube_rl_bridge' returned '0': AMENT_PREFIX_PATH=/home/jack/ros2_ws/install/dsr_msgs2:/home/jack/ros2_ws/install/dsr_common2:${AMENT_PREFIX_PATH} CMAKE_PREFIX_PATH=/home/jack/ros2_ws/install/dsr_msgs2:/home/jack/ros2_ws/install/dsr_common2:/opt/ros/humble LD_LIBRARY_PATH=/home/jack/ros2_ws/install/dsr_msgs2/lib:${LD_LIBRARY_PATH} PYTHONPATH=/home/jack/ros2_ws/install/dsr_msgs2/local/lib/python3.10/dist-packages:${PYTHONPATH} /usr/bin/cmake --install /home/jack/ros2_ws/build/soma_cube_rl_bridge
