/home/jack/ros2_ws/install/m0609_block_assembly_rl/lib/python3.10/site-packages/m0609_block_assembly_rl/fixed_ppo_agent.py
/home/jack/ros2_ws/install/m0609_block_assembly_rl/lib/python3.10/site-packages/m0609_block_assembly_rl/fixed_train.py
/home/jack/ros2_ws/install/m0609_block_assembly_rl/lib/python3.10/site-packages/m0609_block_assembly_rl/hierarchical_train.py
/home/jack/ros2_ws/install/m0609_block_assembly_rl/lib/python3.10/site-packages/m0609_block_assembly_rl/lower_level_controller.py
/home/jack/ros2_ws/install/m0609_block_assembly_rl/lib/python3.10/site-packages/m0609_block_assembly_rl/soma_cube_environment.py
/home/jack/ros2_ws/install/m0609_block_assembly_rl/lib/python3.10/site-packages/m0609_block_assembly_rl/ros2_launch_node.py
/home/jack/ros2_ws/install/m0609_block_assembly_rl/lib/python3.10/site-packages/m0609_block_assembly_rl/upper_level_planner.py
/home/jack/ros2_ws/install/m0609_block_assembly_rl/lib/python3.10/site-packages/m0609_block_assembly_rl/logging_utils.py
/home/jack/ros2_ws/install/m0609_block_assembly_rl/lib/python3.10/site-packages/m0609_block_assembly_rl/ppo_agent.py
/home/jack/ros2_ws/install/m0609_block_assembly_rl/lib/python3.10/site-packages/m0609_block_assembly_rl/__init__.py
/home/jack/ros2_ws/install/m0609_block_assembly_rl/lib/python3.10/site-packages/m0609_block_assembly_rl/validation_test.py
/home/jack/ros2_ws/install/m0609_block_assembly_rl/lib/python3.10/site-packages/m0609_block_assembly_rl/simple_rl_training_node.py
/home/jack/ros2_ws/install/m0609_block_assembly_rl/lib/python3.10/site-packages/m0609_block_assembly_rl/soma_cube_system.py
/home/jack/ros2_ws/install/m0609_block_assembly_rl/lib/python3.10/site-packages/m0609_block_assembly_rl/rl_training_node.py
/home/jack/ros2_ws/install/m0609_block_assembly_rl/lib/python3.10/site-packages/m0609_block_assembly_rl/visualization_utils.py
/home/jack/ros2_ws/install/m0609_block_assembly_rl/lib/python3.10/site-packages/m0609_block_assembly_rl/curriculum_learning.py
/home/jack/ros2_ws/install/m0609_block_assembly_rl/lib/python3.10/site-packages/m0609_block_assembly_rl/quick_test.py
/home/jack/ros2_ws/install/m0609_block_assembly_rl/lib/python3.10/site-packages/m0609_block_assembly_rl/environment.py
/home/jack/ros2_ws/install/m0609_block_assembly_rl/lib/python3.10/site-packages/m0609_block_assembly_rl/domain_randomization.py
/home/jack/ros2_ws/install/m0609_block_assembly_rl/lib/python3.10/site-packages/m0609_block_assembly_rl/rl_metrics_publisher.py
/home/jack/ros2_ws/install/m0609_block_assembly_rl/lib/python3.10/site-packages/m0609_block_assembly_rl/ros2_soma_interface.py
/home/jack/ros2_ws/install/m0609_block_assembly_rl/lib/python3.10/site-packages/m0609_block_assembly_rl/soma_cube_demo.py
/home/jack/ros2_ws/install/m0609_block_assembly_rl/lib/python3.10/site-packages/m0609_block_assembly_rl/evaluate.py
/home/jack/ros2_ws/install/m0609_block_assembly_rl/lib/python3.10/site-packages/m0609_block_assembly_rl/train.py
/home/jack/ros2_ws/install/m0609_block_assembly_rl/lib/python3.10/site-packages/m0609_block_assembly_rl/enhanced_training_logger.py
/home/jack/ros2_ws/install/m0609_block_assembly_rl/lib/python3.10/site-packages/m0609_block_assembly_rl/__pycache__/fixed_ppo_agent.cpython-310.pyc
/home/jack/ros2_ws/install/m0609_block_assembly_rl/lib/python3.10/site-packages/m0609_block_assembly_rl/__pycache__/fixed_train.cpython-310.pyc
/home/jack/ros2_ws/install/m0609_block_assembly_rl/lib/python3.10/site-packages/m0609_block_assembly_rl/__pycache__/hierarchical_train.cpython-310.pyc
/home/jack/ros2_ws/install/m0609_block_assembly_rl/lib/python3.10/site-packages/m0609_block_assembly_rl/__pycache__/lower_level_controller.cpython-310.pyc
/home/jack/ros2_ws/install/m0609_block_assembly_rl/lib/python3.10/site-packages/m0609_block_assembly_rl/__pycache__/soma_cube_environment.cpython-310.pyc
/home/jack/ros2_ws/install/m0609_block_assembly_rl/lib/python3.10/site-packages/m0609_block_assembly_rl/__pycache__/ros2_launch_node.cpython-310.pyc
/home/jack/ros2_ws/install/m0609_block_assembly_rl/lib/python3.10/site-packages/m0609_block_assembly_rl/__pycache__/upper_level_planner.cpython-310.pyc
/home/jack/ros2_ws/install/m0609_block_assembly_rl/lib/python3.10/site-packages/m0609_block_assembly_rl/__pycache__/logging_utils.cpython-310.pyc
/home/jack/ros2_ws/install/m0609_block_assembly_rl/lib/python3.10/site-packages/m0609_block_assembly_rl/__pycache__/ppo_agent.cpython-310.pyc
/home/jack/ros2_ws/install/m0609_block_assembly_rl/lib/python3.10/site-packages/m0609_block_assembly_rl/__pycache__/__init__.cpython-310.pyc
/home/jack/ros2_ws/install/m0609_block_assembly_rl/lib/python3.10/site-packages/m0609_block_assembly_rl/__pycache__/validation_test.cpython-310.pyc
/home/jack/ros2_ws/install/m0609_block_assembly_rl/lib/python3.10/site-packages/m0609_block_assembly_rl/__pycache__/simple_rl_training_node.cpython-310.pyc
/home/jack/ros2_ws/install/m0609_block_assembly_rl/lib/python3.10/site-packages/m0609_block_assembly_rl/__pycache__/soma_cube_system.cpython-310.pyc
/home/jack/ros2_ws/install/m0609_block_assembly_rl/lib/python3.10/site-packages/m0609_block_assembly_rl/__pycache__/rl_training_node.cpython-310.pyc
/home/jack/ros2_ws/install/m0609_block_assembly_rl/lib/python3.10/site-packages/m0609_block_assembly_rl/__pycache__/visualization_utils.cpython-310.pyc
/home/jack/ros2_ws/install/m0609_block_assembly_rl/lib/python3.10/site-packages/m0609_block_assembly_rl/__pycache__/curriculum_learning.cpython-310.pyc
/home/jack/ros2_ws/install/m0609_block_assembly_rl/lib/python3.10/site-packages/m0609_block_assembly_rl/__pycache__/quick_test.cpython-310.pyc
/home/jack/ros2_ws/install/m0609_block_assembly_rl/lib/python3.10/site-packages/m0609_block_assembly_rl/__pycache__/environment.cpython-310.pyc
/home/jack/ros2_ws/install/m0609_block_assembly_rl/lib/python3.10/site-packages/m0609_block_assembly_rl/__pycache__/domain_randomization.cpython-310.pyc
/home/jack/ros2_ws/install/m0609_block_assembly_rl/lib/python3.10/site-packages/m0609_block_assembly_rl/__pycache__/rl_metrics_publisher.cpython-310.pyc
/home/jack/ros2_ws/install/m0609_block_assembly_rl/lib/python3.10/site-packages/m0609_block_assembly_rl/__pycache__/ros2_soma_interface.cpython-310.pyc
/home/jack/ros2_ws/install/m0609_block_assembly_rl/lib/python3.10/site-packages/m0609_block_assembly_rl/__pycache__/soma_cube_demo.cpython-310.pyc
/home/jack/ros2_ws/install/m0609_block_assembly_rl/lib/python3.10/site-packages/m0609_block_assembly_rl/__pycache__/evaluate.cpython-310.pyc
/home/jack/ros2_ws/install/m0609_block_assembly_rl/lib/python3.10/site-packages/m0609_block_assembly_rl/__pycache__/train.cpython-310.pyc
/home/jack/ros2_ws/install/m0609_block_assembly_rl/lib/python3.10/site-packages/m0609_block_assembly_rl/__pycache__/enhanced_training_logger.cpython-310.pyc
/home/jack/ros2_ws/install/m0609_block_assembly_rl/share/ament_index/resource_index/packages/m0609_block_assembly_rl
/home/jack/ros2_ws/install/m0609_block_assembly_rl/share/m0609_block_assembly_rl/package.xml
/home/jack/ros2_ws/install/m0609_block_assembly_rl/share/m0609_block_assembly_rl/launch/soma_cube_rl.launch.py
/home/jack/ros2_ws/install/m0609_block_assembly_rl/share/m0609_block_assembly_rl/launch/rl_training.launch.py
/home/jack/ros2_ws/install/m0609_block_assembly_rl/share/m0609_block_assembly_rl/launch/simple_rl_training.launch.py
/home/jack/ros2_ws/install/m0609_block_assembly_rl/lib/python3.10/site-packages/m0609_block_assembly_rl-0.0.0-py3.10.egg-info/SOURCES.txt
/home/jack/ros2_ws/install/m0609_block_assembly_rl/lib/python3.10/site-packages/m0609_block_assembly_rl-0.0.0-py3.10.egg-info/entry_points.txt
/home/jack/ros2_ws/install/m0609_block_assembly_rl/lib/python3.10/site-packages/m0609_block_assembly_rl-0.0.0-py3.10.egg-info/PKG-INFO
/home/jack/ros2_ws/install/m0609_block_assembly_rl/lib/python3.10/site-packages/m0609_block_assembly_rl-0.0.0-py3.10.egg-info/dependency_links.txt
/home/jack/ros2_ws/install/m0609_block_assembly_rl/lib/python3.10/site-packages/m0609_block_assembly_rl-0.0.0-py3.10.egg-info/top_level.txt
/home/jack/ros2_ws/install/m0609_block_assembly_rl/lib/python3.10/site-packages/m0609_block_assembly_rl-0.0.0-py3.10.egg-info/zip-safe
/home/jack/ros2_ws/install/m0609_block_assembly_rl/lib/python3.10/site-packages/m0609_block_assembly_rl-0.0.0-py3.10.egg-info/requires.txt
/home/jack/ros2_ws/install/m0609_block_assembly_rl/lib/m0609_block_assembly_rl/rl_metrics_publisher
/home/jack/ros2_ws/install/m0609_block_assembly_rl/lib/m0609_block_assembly_rl/rl_training_node
/home/jack/ros2_ws/install/m0609_block_assembly_rl/lib/m0609_block_assembly_rl/simple_rl_training_node
/home/jack/ros2_ws/install/m0609_block_assembly_rl/lib/m0609_block_assembly_rl/soma_demo
/home/jack/ros2_ws/install/m0609_block_assembly_rl/lib/m0609_block_assembly_rl/soma_rl_node
/home/jack/ros2_ws/install/m0609_block_assembly_rl/lib/m0609_block_assembly_rl/soma_train
/home/jack/ros2_ws/install/m0609_block_assembly_rl/lib/m0609_block_assembly_rl/soma_validation
