[0.505s] Invoking command in '/home/jack/ros2_ws/src/DoosanBootcamp3rd/m0609_block_assembly_rl': PYTHONPATH=/home/jack/ros2_ws/build/m0609_block_assembly_rl/prefix_override:/home/jack/.local/lib/python3.10/site-packages/colcon_core/task/python/colcon_distutils_commands:/home/jack/ros2_ws/install/m0609_block_assembly_rl/lib/python3.10/site-packages:${PYTHONPATH} /usr/bin/python3 -W ignore:setup.py install is deprecated -W ignore:easy_install command is deprecated setup.py egg_info --egg-base ../../../build/m0609_block_assembly_rl build --build-base /home/jack/ros2_ws/build/m0609_block_assembly_rl/build install --record /home/jack/ros2_ws/build/m0609_block_assembly_rl/install.log --single-version-externally-managed install_data
[0.695s] running egg_info
[0.695s] writing ../../../build/m0609_block_assembly_rl/m0609_block_assembly_rl.egg-info/PKG-INFO
[0.695s] writing dependency_links to ../../../build/m0609_block_assembly_rl/m0609_block_assembly_rl.egg-info/dependency_links.txt
[0.695s] writing entry points to ../../../build/m0609_block_assembly_rl/m0609_block_assembly_rl.egg-info/entry_points.txt
[0.696s] writing requirements to ../../../build/m0609_block_assembly_rl/m0609_block_assembly_rl.egg-info/requires.txt
[0.696s] writing top-level names to ../../../build/m0609_block_assembly_rl/m0609_block_assembly_rl.egg-info/top_level.txt
[0.697s] reading manifest file '../../../build/m0609_block_assembly_rl/m0609_block_assembly_rl.egg-info/SOURCES.txt'
[0.703s] writing manifest file '../../../build/m0609_block_assembly_rl/m0609_block_assembly_rl.egg-info/SOURCES.txt'
[0.703s] running build
[0.703s] running build_py
[0.703s] copying m0609_block_assembly_rl/fixed_train.py -> /home/jack/ros2_ws/build/m0609_block_assembly_rl/build/lib/m0609_block_assembly_rl
[0.703s] copying m0609_block_assembly_rl/rl_training_node.py -> /home/jack/ros2_ws/build/m0609_block_assembly_rl/build/lib/m0609_block_assembly_rl
[0.704s] copying m0609_block_assembly_rl/rl_metrics_publisher.py -> /home/jack/ros2_ws/build/m0609_block_assembly_rl/build/lib/m0609_block_assembly_rl
[0.704s] copying m0609_block_assembly_rl/enhanced_training_logger.py -> /home/jack/ros2_ws/build/m0609_block_assembly_rl/build/lib/m0609_block_assembly_rl
[0.704s] running install
[0.704s] running install_lib
[0.705s] copying /home/jack/ros2_ws/build/m0609_block_assembly_rl/build/lib/m0609_block_assembly_rl/fixed_train.py -> /home/jack/ros2_ws/install/m0609_block_assembly_rl/lib/python3.10/site-packages/m0609_block_assembly_rl
[0.705s] copying /home/jack/ros2_ws/build/m0609_block_assembly_rl/build/lib/m0609_block_assembly_rl/rl_training_node.py -> /home/jack/ros2_ws/install/m0609_block_assembly_rl/lib/python3.10/site-packages/m0609_block_assembly_rl
[0.705s] copying /home/jack/ros2_ws/build/m0609_block_assembly_rl/build/lib/m0609_block_assembly_rl/rl_metrics_publisher.py -> /home/jack/ros2_ws/install/m0609_block_assembly_rl/lib/python3.10/site-packages/m0609_block_assembly_rl
[0.706s] copying /home/jack/ros2_ws/build/m0609_block_assembly_rl/build/lib/m0609_block_assembly_rl/enhanced_training_logger.py -> /home/jack/ros2_ws/install/m0609_block_assembly_rl/lib/python3.10/site-packages/m0609_block_assembly_rl
[0.706s] byte-compiling /home/jack/ros2_ws/install/m0609_block_assembly_rl/lib/python3.10/site-packages/m0609_block_assembly_rl/fixed_train.py to fixed_train.cpython-310.pyc
[0.708s] byte-compiling /home/jack/ros2_ws/install/m0609_block_assembly_rl/lib/python3.10/site-packages/m0609_block_assembly_rl/rl_training_node.py to rl_training_node.cpython-310.pyc
[0.709s] byte-compiling /home/jack/ros2_ws/install/m0609_block_assembly_rl/lib/python3.10/site-packages/m0609_block_assembly_rl/rl_metrics_publisher.py to rl_metrics_publisher.cpython-310.pyc
[0.710s] byte-compiling /home/jack/ros2_ws/install/m0609_block_assembly_rl/lib/python3.10/site-packages/m0609_block_assembly_rl/enhanced_training_logger.py to enhanced_training_logger.cpython-310.pyc
[0.712s] running install_data
[0.712s] running install_egg_info
[0.713s] removing '/home/jack/ros2_ws/install/m0609_block_assembly_rl/lib/python3.10/site-packages/m0609_block_assembly_rl-0.0.0-py3.10.egg-info' (and everything under it)
[0.714s] Copying ../../../build/m0609_block_assembly_rl/m0609_block_assembly_rl.egg-info to /home/jack/ros2_ws/install/m0609_block_assembly_rl/lib/python3.10/site-packages/m0609_block_assembly_rl-0.0.0-py3.10.egg-info
[0.714s] running install_scripts
[0.726s] Installing rl_metrics_publisher script to /home/jack/ros2_ws/install/m0609_block_assembly_rl/lib/m0609_block_assembly_rl
[0.726s] Installing rl_training_node script to /home/jack/ros2_ws/install/m0609_block_assembly_rl/lib/m0609_block_assembly_rl
[0.726s] Installing soma_demo script to /home/jack/ros2_ws/install/m0609_block_assembly_rl/lib/m0609_block_assembly_rl
[0.726s] Installing soma_rl_node script to /home/jack/ros2_ws/install/m0609_block_assembly_rl/lib/m0609_block_assembly_rl
[0.726s] Installing soma_train script to /home/jack/ros2_ws/install/m0609_block_assembly_rl/lib/m0609_block_assembly_rl
[0.727s] Installing soma_validation script to /home/jack/ros2_ws/install/m0609_block_assembly_rl/lib/m0609_block_assembly_rl
[0.727s] writing list of installed files to '/home/jack/ros2_ws/build/m0609_block_assembly_rl/install.log'
[0.742s] Invoked command in '/home/jack/ros2_ws/src/DoosanBootcamp3rd/m0609_block_assembly_rl' returned '0': PYTHONPATH=/home/jack/ros2_ws/build/m0609_block_assembly_rl/prefix_override:/home/jack/.local/lib/python3.10/site-packages/colcon_core/task/python/colcon_distutils_commands:/home/jack/ros2_ws/install/m0609_block_assembly_rl/lib/python3.10/site-packages:${PYTHONPATH} /usr/bin/python3 -W ignore:setup.py install is deprecated -W ignore:easy_install command is deprecated setup.py egg_info --egg-base ../../../build/m0609_block_assembly_rl build --build-base /home/jack/ros2_ws/build/m0609_block_assembly_rl/build install --record /home/jack/ros2_ws/build/m0609_block_assembly_rl/install.log --single-version-externally-managed install_data
