[0.900s] Invoking command in '/home/jack/ros2_ws/build/dsr_gazebo2': CMAKE_PREFIX_PATH=/home/jack/ros2_ws/install/dsr_description2:/home/jack/ros2_ws/install/rokey:/home/jack/ros2_ws/install/pick_and_place_voice:/home/jack/ros2_ws/install/pick_and_place_text:/home/jack/ros2_ws/install/m0609_block_assembly_rl:/home/jack/ros2_ws/install/dsr_visualservoing:/home/jack/ros2_ws/install/dsr_bringup2:/home/jack/ros2_ws/install/dsr_example:/opt/ros/humble:/home/jack/ros2_ws/install/od_msg:/home/jack/ros2_ws/install/dsr_msgs2:/home/jack/ros2_ws/install/dsr_moveit_config_p3020:/home/jack/ros2_ws/install/dsr_moveit_config_m1509:/home/jack/ros2_ws/install/dsr_moveit_config_m1013:/home/jack/ros2_ws/install/dsr_moveit_config_m0617:/home/jack/ros2_ws/install/dsr_moveit_config_m0609:/home/jack/ros2_ws/install/dsr_moveit_config_h2515:/home/jack/ros2_ws/install/dsr_moveit_config_h2017:/home/jack/ros2_ws/install/dsr_moveit_config_e0509:/home/jack/ros2_ws/install/dsr_moveit_config_a0912:/home/jack/ros2_ws/install/dsr_moveit_config_a0509:/home/jack/ros2_ws/install/dsr_common2 /usr/bin/cmake /home/jack/ros2_ws/src/DoosanBootcamp3rd/dsr_gazebo2 -DCMAKE_INSTALL_PREFIX=/home/jack/ros2_ws/install/dsr_gazebo2
[0.910s] -- Found ament_cmake: 1.3.11 (/opt/ros/humble/share/ament_cmake/cmake)
[1.040s] [31mCMake Error at CMakeLists.txt:19 (find_package):
[1.040s]   By not providing "Findgazebo_ros_pkgs.cmake" in CMAKE_MODULE_PATH this
[1.041s]   project has asked CMake to find a package configuration file provided by
[1.041s]   "gazebo_ros_pkgs", but CMake did not find one.
[1.041s] 
[1.041s]   Could not find a package configuration file provided by "gazebo_ros_pkgs"
[1.041s]   with any of the following names:
[1.041s] 
[1.041s]     gazebo_ros_pkgsConfig.cmake
[1.041s]     gazebo_ros_pkgs-config.cmake
[1.041s] 
[1.041s]   Add the installation prefix of "gazebo_ros_pkgs" to CMAKE_PREFIX_PATH or
[1.041s]   set "gazebo_ros_pkgs_DIR" to a directory containing one of the above files.
[1.041s]   If "gazebo_ros_pkgs" provides a separate development package or SDK, be
[1.041s]   sure it has been installed.
[1.041s] 
[1.041s] [0m
[1.041s] -- Configuring incomplete, errors occurred!
[1.042s] See also "/home/jack/ros2_ws/build/dsr_gazebo2/CMakeFiles/CMakeOutput.log".
[1.464s] Invoked command in '/home/jack/ros2_ws/build/dsr_gazebo2' returned '1': CMAKE_PREFIX_PATH=/home/jack/ros2_ws/install/dsr_description2:/home/jack/ros2_ws/install/rokey:/home/jack/ros2_ws/install/pick_and_place_voice:/home/jack/ros2_ws/install/pick_and_place_text:/home/jack/ros2_ws/install/m0609_block_assembly_rl:/home/jack/ros2_ws/install/dsr_visualservoing:/home/jack/ros2_ws/install/dsr_bringup2:/home/jack/ros2_ws/install/dsr_example:/opt/ros/humble:/home/jack/ros2_ws/install/od_msg:/home/jack/ros2_ws/install/dsr_msgs2:/home/jack/ros2_ws/install/dsr_moveit_config_p3020:/home/jack/ros2_ws/install/dsr_moveit_config_m1509:/home/jack/ros2_ws/install/dsr_moveit_config_m1013:/home/jack/ros2_ws/install/dsr_moveit_config_m0617:/home/jack/ros2_ws/install/dsr_moveit_config_m0609:/home/jack/ros2_ws/install/dsr_moveit_config_h2515:/home/jack/ros2_ws/install/dsr_moveit_config_h2017:/home/jack/ros2_ws/install/dsr_moveit_config_e0509:/home/jack/ros2_ws/install/dsr_moveit_config_a0912:/home/jack/ros2_ws/install/dsr_moveit_config_a0509:/home/jack/ros2_ws/install/dsr_common2 /usr/bin/cmake /home/jack/ros2_ws/src/DoosanBootcamp3rd/dsr_gazebo2 -DCMAKE_INSTALL_PREFIX=/home/jack/ros2_ws/install/dsr_gazebo2
