[0.056s] Invoking command in '/home/jack/ros2_ws/build/dsr_common2': CMAKE_PREFIX_PATH=/home/jack/ros2_ws/install/rokey:/home/jack/ros2_ws/install/pick_and_place_voice:/home/jack/ros2_ws/install/pick_and_place_text:/home/jack/ros2_ws/install/m0609_block_assembly_rl:/home/jack/ros2_ws/install/dsr_visualservoing:/home/jack/ros2_ws/install/dsr_bringup2:/home/jack/ros2_ws/install/dsr_example:/opt/ros/humble:${CMAKE_PREFIX_PATH} /usr/bin/cmake --build /home/jack/ros2_ws/build/dsr_common2 -- -j16 -l16
[0.537s] Invoked command in '/home/jack/ros2_ws/build/dsr_common2' returned '0': CMAKE_PREFIX_PATH=/home/jack/ros2_ws/install/rokey:/home/jack/ros2_ws/install/pick_and_place_voice:/home/jack/ros2_ws/install/pick_and_place_text:/home/jack/ros2_ws/install/m0609_block_assembly_rl:/home/jack/ros2_ws/install/dsr_visualservoing:/home/jack/ros2_ws/install/dsr_bringup2:/home/jack/ros2_ws/install/dsr_example:/opt/ros/humble:${CMAKE_PREFIX_PATH} /usr/bin/cmake --build /home/jack/ros2_ws/build/dsr_common2 -- -j16 -l16
[0.544s] Invoking command in '/home/jack/ros2_ws/build/dsr_common2': CMAKE_PREFIX_PATH=/home/jack/ros2_ws/install/rokey:/home/jack/ros2_ws/install/pick_and_place_voice:/home/jack/ros2_ws/install/pick_and_place_text:/home/jack/ros2_ws/install/m0609_block_assembly_rl:/home/jack/ros2_ws/install/dsr_visualservoing:/home/jack/ros2_ws/install/dsr_bringup2:/home/jack/ros2_ws/install/dsr_example:/opt/ros/humble:${CMAKE_PREFIX_PATH} /usr/bin/cmake --install /home/jack/ros2_ws/build/dsr_common2
[0.571s] -- Install configuration: ""
[0.571s] -- Up-to-date: /home/jack/ros2_ws/install/dsr_common2/share/ament_index/resource_index/package_run_dependencies/dsr_common2
[0.571s] -- Up-to-date: /home/jack/ros2_ws/install/dsr_common2/share/ament_index/resource_index/parent_prefix_path/dsr_common2
[0.571s] -- Up-to-date: /home/jack/ros2_ws/install/dsr_common2/share/dsr_common2/environment/ament_prefix_path.sh
[0.571s] -- Up-to-date: /home/jack/ros2_ws/install/dsr_common2/share/dsr_common2/environment/ament_prefix_path.dsv
[0.571s] -- Up-to-date: /home/jack/ros2_ws/install/dsr_common2/share/dsr_common2/environment/path.sh
[0.571s] -- Up-to-date: /home/jack/ros2_ws/install/dsr_common2/share/dsr_common2/environment/path.dsv
[0.571s] -- Up-to-date: /home/jack/ros2_ws/install/dsr_common2/share/dsr_common2/local_setup.bash
[0.572s] -- Up-to-date: /home/jack/ros2_ws/install/dsr_common2/share/dsr_common2/local_setup.sh
[0.573s] -- Up-to-date: /home/jack/ros2_ws/install/dsr_common2/share/dsr_common2/local_setup.zsh
[0.573s] -- Up-to-date: /home/jack/ros2_ws/install/dsr_common2/share/dsr_common2/local_setup.dsv
[0.573s] -- Up-to-date: /home/jack/ros2_ws/install/dsr_common2/share/dsr_common2/package.dsv
[0.574s] -- Up-to-date: /home/jack/ros2_ws/install/dsr_common2/share/ament_index/resource_index/packages/dsr_common2
[0.574s] -- Up-to-date: /home/jack/ros2_ws/install/dsr_common2/share/dsr_common2/cmake/dsr_common2Config.cmake
[0.574s] -- Up-to-date: /home/jack/ros2_ws/install/dsr_common2/share/dsr_common2/cmake/dsr_common2Config-version.cmake
[0.574s] -- Up-to-date: /home/jack/ros2_ws/install/dsr_common2/share/dsr_common2/package.xml
[0.574s] -- Up-to-date: /home/jack/ros2_ws/install/dsr_common2/share/dsr_common2/bin
[0.574s] -- Up-to-date: /home/jack/ros2_ws/install/dsr_common2/share/dsr_common2/bin/common2
[0.574s] -- Up-to-date: /home/jack/ros2_ws/install/dsr_common2/share/dsr_common2/bin/run_drcf.sh
[0.574s] -- Up-to-date: /home/jack/ros2_ws/install/dsr_common2/lib/dsr_common2/imp
[0.574s] -- Up-to-date: /home/jack/ros2_ws/install/dsr_common2/lib/dsr_common2/imp/DSR_util2.py
[0.574s] -- Up-to-date: /home/jack/ros2_ws/install/dsr_common2/lib/dsr_common2/imp/DR_tcp_server2.py
[0.574s] -- Up-to-date: /home/jack/ros2_ws/install/dsr_common2/lib/dsr_common2/imp/DRFC.py
[0.574s] -- Up-to-date: /home/jack/ros2_ws/install/dsr_common2/lib/dsr_common2/imp/DR_tcp_client2.py
[0.574s] -- Up-to-date: /home/jack/ros2_ws/install/dsr_common2/lib/dsr_common2/imp/__init__.py
[0.574s] -- Up-to-date: /home/jack/ros2_ws/install/dsr_common2/lib/dsr_common2/imp/__pycache__
[0.574s] -- Up-to-date: /home/jack/ros2_ws/install/dsr_common2/lib/dsr_common2/imp/DSR_ROBOT2.py
[0.575s] -- Up-to-date: /home/jack/ros2_ws/install/dsr_common2/lib/dsr_common2/imp/DR_common2.py
[0.575s] -- Up-to-date: /home/jack/ros2_ws/install/dsr_common2/lib/dsr_common2/imp/DR_init.py
[0.575s] -- Up-to-date: /home/jack/ros2_ws/install/dsr_common2/lib/dsr_common2/imp/DR_error2.py
[0.682s] Invoked command in '/home/jack/ros2_ws/build/dsr_common2' returned '0': CMAKE_PREFIX_PATH=/home/jack/ros2_ws/install/rokey:/home/jack/ros2_ws/install/pick_and_place_voice:/home/jack/ros2_ws/install/pick_and_place_text:/home/jack/ros2_ws/install/m0609_block_assembly_rl:/home/jack/ros2_ws/install/dsr_visualservoing:/home/jack/ros2_ws/install/dsr_bringup2:/home/jack/ros2_ws/install/dsr_example:/opt/ros/humble:${CMAKE_PREFIX_PATH} /usr/bin/cmake --install /home/jack/ros2_ws/build/dsr_common2
