[1.348s] Invoking command in '/home/jack/ros2_ws/src/DoosanBootcamp3rd/dsr_rokey/rokey': PYTHONPATH=/home/jack/ros2_ws/build/rokey/prefix_override:/home/jack/.local/lib/python3.10/site-packages/colcon_core/task/python/colcon_distutils_commands:/home/jack/ros2_ws/install/rokey/lib/python3.10/site-packages:${PYTHONPATH} /usr/bin/python3 -W ignore:setup.py install is deprecated -W ignore:easy_install command is deprecated setup.py egg_info --egg-base ../../../../build/rokey build --build-base /home/jack/ros2_ws/build/rokey/build install --record /home/jack/ros2_ws/build/rokey/install.log --single-version-externally-managed install_data
[1.630s] running egg_info
[1.630s] creating ../../../../build/rokey/rokey.egg-info
[1.631s] writing ../../../../build/rokey/rokey.egg-info/PKG-INFO
[1.631s] writing dependency_links to ../../../../build/rokey/rokey.egg-info/dependency_links.txt
[1.631s] writing entry points to ../../../../build/rokey/rokey.egg-info/entry_points.txt
[1.631s] writing requirements to ../../../../build/rokey/rokey.egg-info/requires.txt
[1.631s] writing top-level names to ../../../../build/rokey/rokey.egg-info/top_level.txt
[1.631s] writing manifest file '../../../../build/rokey/rokey.egg-info/SOURCES.txt'
[1.633s] reading manifest file '../../../../build/rokey/rokey.egg-info/SOURCES.txt'
[1.633s] writing manifest file '../../../../build/rokey/rokey.egg-info/SOURCES.txt'
[1.633s] running build
[1.633s] running build_py
[1.634s] creating /home/jack/ros2_ws/build/rokey/build
[1.634s] creating /home/jack/ros2_ws/build/rokey/build/lib
[1.634s] creating /home/jack/ros2_ws/build/rokey/build/lib/rokey
[1.634s] copying rokey/__init__.py -> /home/jack/ros2_ws/build/rokey/build/lib/rokey
[1.634s] creating /home/jack/ros2_ws/build/rokey/build/lib/rokey/basic
[1.634s] copying rokey/basic/move_periodic.py -> /home/jack/ros2_ws/build/rokey/build/lib/rokey/basic
[1.634s] copying rokey/basic/getting_position.py -> /home/jack/ros2_ws/build/rokey/build/lib/rokey/basic
[1.635s] copying rokey/basic/jog_complete.py -> /home/jack/ros2_ws/build/rokey/build/lib/rokey/basic
[1.635s] copying rokey/basic/grip.py -> /home/jack/ros2_ws/build/rokey/build/lib/rokey/basic
[1.635s] copying rokey/basic/__init__.py -> /home/jack/ros2_ws/build/rokey/build/lib/rokey/basic
[1.635s] copying rokey/basic/move.py -> /home/jack/ros2_ws/build/rokey/build/lib/rokey/basic
[1.635s] copying rokey/basic/amove_test.py -> /home/jack/ros2_ws/build/rokey/build/lib/rokey/basic
[1.635s] copying rokey/basic/get_current_pos.py -> /home/jack/ros2_ws/build/rokey/build/lib/rokey/basic
[1.635s] copying rokey/basic/data_recording.py -> /home/jack/ros2_ws/build/rokey/build/lib/rokey/basic
[1.635s] copying rokey/basic/movesx_test.py -> /home/jack/ros2_ws/build/rokey/build/lib/rokey/basic
[1.635s] copying rokey/basic/force_control.py -> /home/jack/ros2_ws/build/rokey/build/lib/rokey/basic
[1.635s] running install
[1.635s] running install_lib
[1.636s] creating /home/jack/ros2_ws/install/rokey/lib/python3.10/site-packages/rokey
[1.636s] creating /home/jack/ros2_ws/install/rokey/lib/python3.10/site-packages/rokey/basic
[1.636s] copying /home/jack/ros2_ws/build/rokey/build/lib/rokey/basic/move_periodic.py -> /home/jack/ros2_ws/install/rokey/lib/python3.10/site-packages/rokey/basic
[1.636s] copying /home/jack/ros2_ws/build/rokey/build/lib/rokey/basic/getting_position.py -> /home/jack/ros2_ws/install/rokey/lib/python3.10/site-packages/rokey/basic
[1.636s] copying /home/jack/ros2_ws/build/rokey/build/lib/rokey/basic/jog_complete.py -> /home/jack/ros2_ws/install/rokey/lib/python3.10/site-packages/rokey/basic
[1.636s] copying /home/jack/ros2_ws/build/rokey/build/lib/rokey/basic/grip.py -> /home/jack/ros2_ws/install/rokey/lib/python3.10/site-packages/rokey/basic
[1.636s] copying /home/jack/ros2_ws/build/rokey/build/lib/rokey/basic/__init__.py -> /home/jack/ros2_ws/install/rokey/lib/python3.10/site-packages/rokey/basic
[1.636s] copying /home/jack/ros2_ws/build/rokey/build/lib/rokey/basic/move.py -> /home/jack/ros2_ws/install/rokey/lib/python3.10/site-packages/rokey/basic
[1.637s] copying /home/jack/ros2_ws/build/rokey/build/lib/rokey/basic/amove_test.py -> /home/jack/ros2_ws/install/rokey/lib/python3.10/site-packages/rokey/basic
[1.637s] copying /home/jack/ros2_ws/build/rokey/build/lib/rokey/basic/get_current_pos.py -> /home/jack/ros2_ws/install/rokey/lib/python3.10/site-packages/rokey/basic
[1.637s] copying /home/jack/ros2_ws/build/rokey/build/lib/rokey/basic/data_recording.py -> /home/jack/ros2_ws/install/rokey/lib/python3.10/site-packages/rokey/basic
[1.637s] copying /home/jack/ros2_ws/build/rokey/build/lib/rokey/basic/movesx_test.py -> /home/jack/ros2_ws/install/rokey/lib/python3.10/site-packages/rokey/basic
[1.637s] copying /home/jack/ros2_ws/build/rokey/build/lib/rokey/basic/force_control.py -> /home/jack/ros2_ws/install/rokey/lib/python3.10/site-packages/rokey/basic
[1.637s] copying /home/jack/ros2_ws/build/rokey/build/lib/rokey/__init__.py -> /home/jack/ros2_ws/install/rokey/lib/python3.10/site-packages/rokey
[1.637s] byte-compiling /home/jack/ros2_ws/install/rokey/lib/python3.10/site-packages/rokey/basic/move_periodic.py to move_periodic.cpython-310.pyc
[1.637s] byte-compiling /home/jack/ros2_ws/install/rokey/lib/python3.10/site-packages/rokey/basic/getting_position.py to getting_position.cpython-310.pyc
[1.638s] byte-compiling /home/jack/ros2_ws/install/rokey/lib/python3.10/site-packages/rokey/basic/jog_complete.py to jog_complete.cpython-310.pyc
[1.640s] byte-compiling /home/jack/ros2_ws/install/rokey/lib/python3.10/site-packages/rokey/basic/grip.py to grip.cpython-310.pyc
[1.640s] byte-compiling /home/jack/ros2_ws/install/rokey/lib/python3.10/site-packages/rokey/basic/__init__.py to __init__.cpython-310.pyc
[1.640s] byte-compiling /home/jack/ros2_ws/install/rokey/lib/python3.10/site-packages/rokey/basic/move.py to move.cpython-310.pyc
[1.640s] byte-compiling /home/jack/ros2_ws/install/rokey/lib/python3.10/site-packages/rokey/basic/amove_test.py to amove_test.cpython-310.pyc
[1.641s] byte-compiling /home/jack/ros2_ws/install/rokey/lib/python3.10/site-packages/rokey/basic/get_current_pos.py to get_current_pos.cpython-310.pyc
[1.641s] byte-compiling /home/jack/ros2_ws/install/rokey/lib/python3.10/site-packages/rokey/basic/data_recording.py to data_recording.cpython-310.pyc
[1.642s] byte-compiling /home/jack/ros2_ws/install/rokey/lib/python3.10/site-packages/rokey/basic/movesx_test.py to movesx_test.cpython-310.pyc
[1.642s] byte-compiling /home/jack/ros2_ws/install/rokey/lib/python3.10/site-packages/rokey/basic/force_control.py to force_control.cpython-310.pyc
[1.642s] byte-compiling /home/jack/ros2_ws/install/rokey/lib/python3.10/site-packages/rokey/__init__.py to __init__.cpython-310.pyc
[1.643s] running install_data
[1.643s] creating /home/jack/ros2_ws/install/rokey/share/ament_index
[1.643s] creating /home/jack/ros2_ws/install/rokey/share/ament_index/resource_index
[1.643s] creating /home/jack/ros2_ws/install/rokey/share/ament_index/resource_index/packages
[1.643s] copying resource/rokey -> /home/jack/ros2_ws/install/rokey/share/ament_index/resource_index/packages
[1.643s] copying package.xml -> /home/jack/ros2_ws/install/rokey/share/rokey
[1.643s] running install_egg_info
[1.644s] Copying ../../../../build/rokey/rokey.egg-info to /home/jack/ros2_ws/install/rokey/lib/python3.10/site-packages/rokey-0.0.0-py3.10.egg-info
[1.645s] running install_scripts
[1.659s] Installing data_recording script to /home/jack/ros2_ws/install/rokey/lib/rokey
[1.660s] Installing force_control script to /home/jack/ros2_ws/install/rokey/lib/rokey
[1.660s] Installing get_current_pos script to /home/jack/ros2_ws/install/rokey/lib/rokey
[1.660s] Installing getting_position script to /home/jack/ros2_ws/install/rokey/lib/rokey
[1.660s] Installing grip script to /home/jack/ros2_ws/install/rokey/lib/rokey
[1.660s] Installing jog script to /home/jack/ros2_ws/install/rokey/lib/rokey
[1.660s] Installing move_periodic script to /home/jack/ros2_ws/install/rokey/lib/rokey
[1.660s] Installing simple_amove script to /home/jack/ros2_ws/install/rokey/lib/rokey
[1.660s] Installing simple_move script to /home/jack/ros2_ws/install/rokey/lib/rokey
[1.660s] Installing simple_movesx script to /home/jack/ros2_ws/install/rokey/lib/rokey
[1.660s] writing list of installed files to '/home/jack/ros2_ws/build/rokey/install.log'
[1.687s] Invoked command in '/home/jack/ros2_ws/src/DoosanBootcamp3rd/dsr_rokey/rokey' returned '0': PYTHONPATH=/home/jack/ros2_ws/build/rokey/prefix_override:/home/jack/.local/lib/python3.10/site-packages/colcon_core/task/python/colcon_distutils_commands:/home/jack/ros2_ws/install/rokey/lib/python3.10/site-packages:${PYTHONPATH} /usr/bin/python3 -W ignore:setup.py install is deprecated -W ignore:easy_install command is deprecated setup.py egg_info --egg-base ../../../../build/rokey build --build-base /home/jack/ros2_ws/build/rokey/build install --record /home/jack/ros2_ws/build/rokey/install.log --single-version-externally-managed install_data
