/home/jack/ros2_ws/install/pick_and_place_voice/lib/python3.10/site-packages/object_detection/yolo.py
/home/jack/ros2_ws/install/pick_and_place_voice/lib/python3.10/site-packages/object_detection/detection.py
/home/jack/ros2_ws/install/pick_and_place_voice/lib/python3.10/site-packages/object_detection/realsense.py
/home/jack/ros2_ws/install/pick_and_place_voice/lib/python3.10/site-packages/object_detection/__init__.py
/home/jack/ros2_ws/install/pick_and_place_voice/lib/python3.10/site-packages/robot_control/robot_control.py
/home/jack/ros2_ws/install/pick_and_place_voice/lib/python3.10/site-packages/robot_control/__init__.py
/home/jack/ros2_ws/install/pick_and_place_voice/lib/python3.10/site-packages/robot_control/onrobot.py
/home/jack/ros2_ws/install/pick_and_place_voice/lib/python3.10/site-packages/voice_processing/wakeup_word.py
/home/jack/ros2_ws/install/pick_and_place_voice/lib/python3.10/site-packages/voice_processing/stt.py
/home/jack/ros2_ws/install/pick_and_place_voice/lib/python3.10/site-packages/voice_processing/__init__.py
/home/jack/ros2_ws/install/pick_and_place_voice/lib/python3.10/site-packages/voice_processing/MicController.py
/home/jack/ros2_ws/install/pick_and_place_voice/lib/python3.10/site-packages/voice_processing/get_keyword.py
/home/jack/ros2_ws/install/pick_and_place_voice/lib/python3.10/site-packages/object_detection/__pycache__/yolo.cpython-310.pyc
/home/jack/ros2_ws/install/pick_and_place_voice/lib/python3.10/site-packages/object_detection/__pycache__/detection.cpython-310.pyc
/home/jack/ros2_ws/install/pick_and_place_voice/lib/python3.10/site-packages/object_detection/__pycache__/realsense.cpython-310.pyc
/home/jack/ros2_ws/install/pick_and_place_voice/lib/python3.10/site-packages/object_detection/__pycache__/__init__.cpython-310.pyc
/home/jack/ros2_ws/install/pick_and_place_voice/lib/python3.10/site-packages/robot_control/__pycache__/robot_control.cpython-310.pyc
/home/jack/ros2_ws/install/pick_and_place_voice/lib/python3.10/site-packages/robot_control/__pycache__/__init__.cpython-310.pyc
/home/jack/ros2_ws/install/pick_and_place_voice/lib/python3.10/site-packages/robot_control/__pycache__/onrobot.cpython-310.pyc
/home/jack/ros2_ws/install/pick_and_place_voice/lib/python3.10/site-packages/voice_processing/__pycache__/wakeup_word.cpython-310.pyc
/home/jack/ros2_ws/install/pick_and_place_voice/lib/python3.10/site-packages/voice_processing/__pycache__/stt.cpython-310.pyc
/home/jack/ros2_ws/install/pick_and_place_voice/lib/python3.10/site-packages/voice_processing/__pycache__/__init__.cpython-310.pyc
/home/jack/ros2_ws/install/pick_and_place_voice/lib/python3.10/site-packages/voice_processing/__pycache__/MicController.cpython-310.pyc
/home/jack/ros2_ws/install/pick_and_place_voice/lib/python3.10/site-packages/voice_processing/__pycache__/get_keyword.cpython-310.pyc
/home/jack/ros2_ws/install/pick_and_place_voice/share/ament_index/resource_index/packages/pick_and_place_voice
/home/jack/ros2_ws/install/pick_and_place_voice/share/pick_and_place_voice/package.xml
/home/jack/ros2_ws/install/pick_and_place_voice/share/pick_and_place_voice/resource/pick_and_place_voice
/home/jack/ros2_ws/install/pick_and_place_voice/share/pick_and_place_voice/resource/hello_rokey_8332_32.tflite
/home/jack/ros2_ws/install/pick_and_place_voice/share/pick_and_place_voice/resource
/home/jack/ros2_ws/install/pick_and_place_voice/lib/python3.10/site-packages/pick_and_place_voice-0.0.0-py3.10.egg-info/SOURCES.txt
/home/jack/ros2_ws/install/pick_and_place_voice/lib/python3.10/site-packages/pick_and_place_voice-0.0.0-py3.10.egg-info/entry_points.txt
/home/jack/ros2_ws/install/pick_and_place_voice/lib/python3.10/site-packages/pick_and_place_voice-0.0.0-py3.10.egg-info/PKG-INFO
/home/jack/ros2_ws/install/pick_and_place_voice/lib/python3.10/site-packages/pick_and_place_voice-0.0.0-py3.10.egg-info/dependency_links.txt
/home/jack/ros2_ws/install/pick_and_place_voice/lib/python3.10/site-packages/pick_and_place_voice-0.0.0-py3.10.egg-info/top_level.txt
/home/jack/ros2_ws/install/pick_and_place_voice/lib/python3.10/site-packages/pick_and_place_voice-0.0.0-py3.10.egg-info/zip-safe
/home/jack/ros2_ws/install/pick_and_place_voice/lib/python3.10/site-packages/pick_and_place_voice-0.0.0-py3.10.egg-info/requires.txt
/home/jack/ros2_ws/install/pick_and_place_voice/lib/pick_and_place_voice/get_keyword
/home/jack/ros2_ws/install/pick_and_place_voice/lib/pick_and_place_voice/object_detection
/home/jack/ros2_ws/install/pick_and_place_voice/lib/pick_and_place_voice/robot_control
