[0.488s] Invoking command in '/home/jack/ros2_ws/build/od_msg': /usr/bin/cmake --build /home/jack/ros2_ws/build/od_msg -- -j16 -l16
[0.529s] [35m[1mConsolidate compiler generated dependencies of target od_msg__rosidl_generator_c[0m
[0.632s] [  3%] Built target od_msg__cpp
[0.633s] [ 12%] Built target od_msg__rosidl_generator_c
[0.638s] [35m[1mConsolidate compiler generated dependencies of target od_msg__rosidl_typesupport_cpp[0m
[0.638s] [35m[1mConsolidate compiler generated dependencies of target od_msg__rosidl_typesupport_fastrtps_cpp[0m
[0.638s] [ 12%] Built target ament_cmake_python_copy_od_msg
[0.638s] [35m[1mConsolidate compiler generated dependencies of target od_msg__rosidl_typesupport_introspection_cpp[0m
[0.638s] [35m[1mConsolidate compiler generated dependencies of target od_msg__rosidl_typesupport_c[0m
[0.638s] [35m[1mConsolidate compiler generated dependencies of target od_msg__rosidl_typesupport_fastrtps_c[0m
[0.638s] [35m[1mConsolidate compiler generated dependencies of target od_msg__rosidl_typesupport_introspection_c[0m
[0.638s] [ 22%] Built target od_msg__rosidl_typesupport_c
[0.638s] [ 32%] Built target od_msg__rosidl_typesupport_cpp
[0.638s] [ 41%] Built target od_msg__rosidl_typesupport_fastrtps_cpp
[0.638s] [ 51%] Built target od_msg__rosidl_typesupport_introspection_c
[0.638s] [ 61%] Built target od_msg__rosidl_typesupport_introspection_cpp
[0.638s] [ 70%] Built target od_msg__rosidl_typesupport_fastrtps_c
[0.639s] [ 70%] Built target od_msg
[0.641s] [ 74%] Built target od_msg__py
[0.641s] [35m[1mConsolidate compiler generated dependencies of target od_msg__rosidl_generator_py[0m
[0.643s] [ 80%] Built target od_msg__rosidl_generator_py
[0.643s] [35m[1mConsolidate compiler generated dependencies of target od_msg__rosidl_typesupport_introspection_c__pyext[0m
[0.643s] [35m[1mConsolidate compiler generated dependencies of target od_msg__rosidl_typesupport_c__pyext[0m
[0.643s] [35m[1mConsolidate compiler generated dependencies of target od_msg__rosidl_typesupport_fastrtps_c__pyext[0m
[0.643s] [100%] Built target od_msg__rosidl_typesupport_introspection_c__pyext
[0.643s] [100%] Built target od_msg__rosidl_typesupport_fastrtps_c__pyext
[0.643s] [100%] Built target od_msg__rosidl_typesupport_c__pyext
[0.816s] running egg_info
[0.817s] writing od_msg.egg-info/PKG-INFO
[0.818s] writing dependency_links to od_msg.egg-info/dependency_links.txt
[0.818s] writing top-level names to od_msg.egg-info/top_level.txt
[0.821s] reading manifest file 'od_msg.egg-info/SOURCES.txt'
[0.822s] writing manifest file 'od_msg.egg-info/SOURCES.txt'
[0.847s] [100%] Built target ament_cmake_python_build_od_msg_egg
[1.637s] Invoked command in '/home/jack/ros2_ws/build/od_msg' returned '0': /usr/bin/cmake --build /home/jack/ros2_ws/build/od_msg -- -j16 -l16
[1.639s] Invoking command in '/home/jack/ros2_ws/build/od_msg': /usr/bin/cmake --install /home/jack/ros2_ws/build/od_msg
[1.668s] -- Install configuration: ""
[1.668s] -- Up-to-date: /home/jack/ros2_ws/install/od_msg/share/ament_index/resource_index/rosidl_interfaces/od_msg
[1.668s] -- Up-to-date: /home/jack/ros2_ws/install/od_msg/include/od_msg/od_msg
[1.668s] -- Up-to-date: /home/jack/ros2_ws/install/od_msg/include/od_msg/od_msg/srv
[1.668s] -- Up-to-date: /home/jack/ros2_ws/install/od_msg/include/od_msg/od_msg/srv/detail
[1.668s] -- Up-to-date: /home/jack/ros2_ws/install/od_msg/include/od_msg/od_msg/srv/detail/srv_depth_position__type_support.h
[1.668s] -- Up-to-date: /home/jack/ros2_ws/install/od_msg/include/od_msg/od_msg/srv/detail/srv_depth_position__functions.h
[1.668s] -- Up-to-date: /home/jack/ros2_ws/install/od_msg/include/od_msg/od_msg/srv/detail/srv_depth_position__functions.c
[1.668s] -- Up-to-date: /home/jack/ros2_ws/install/od_msg/include/od_msg/od_msg/srv/detail/srv_depth_position__struct.h
[1.668s] -- Up-to-date: /home/jack/ros2_ws/install/od_msg/include/od_msg/od_msg/srv/srv_depth_position.h
[1.668s] -- Up-to-date: /home/jack/ros2_ws/install/od_msg/include/od_msg/od_msg/msg
[1.669s] -- Up-to-date: /home/jack/ros2_ws/install/od_msg/include/od_msg/od_msg/msg/rosidl_generator_c__visibility_control.h
[1.669s] -- Up-to-date: /home/jack/ros2_ws/install/od_msg/share/od_msg/environment/library_path.sh
[1.669s] -- Up-to-date: /home/jack/ros2_ws/install/od_msg/share/od_msg/environment/library_path.dsv
[1.669s] -- Up-to-date: /home/jack/ros2_ws/install/od_msg/lib/libod_msg__rosidl_generator_c.so
[1.669s] -- Up-to-date: /home/jack/ros2_ws/install/od_msg/include/od_msg/od_msg
[1.669s] -- Up-to-date: /home/jack/ros2_ws/install/od_msg/include/od_msg/od_msg/srv
[1.669s] -- Up-to-date: /home/jack/ros2_ws/install/od_msg/include/od_msg/od_msg/srv/detail
[1.669s] -- Up-to-date: /home/jack/ros2_ws/install/od_msg/include/od_msg/od_msg/srv/detail/srv_depth_position__rosidl_typesupport_fastrtps_c.h
[1.669s] -- Up-to-date: /home/jack/ros2_ws/install/od_msg/include/od_msg/od_msg/msg
[1.669s] -- Up-to-date: /home/jack/ros2_ws/install/od_msg/include/od_msg/od_msg/msg/rosidl_typesupport_fastrtps_c__visibility_control.h
[1.669s] -- Up-to-date: /home/jack/ros2_ws/install/od_msg/lib/libod_msg__rosidl_typesupport_fastrtps_c.so
[1.669s] -- Up-to-date: /home/jack/ros2_ws/install/od_msg/include/od_msg/od_msg
[1.669s] -- Up-to-date: /home/jack/ros2_ws/install/od_msg/include/od_msg/od_msg/srv
[1.670s] -- Up-to-date: /home/jack/ros2_ws/install/od_msg/include/od_msg/od_msg/srv/detail
[1.670s] -- Up-to-date: /home/jack/ros2_ws/install/od_msg/include/od_msg/od_msg/srv/detail/srv_depth_position__type_support.c
[1.670s] -- Up-to-date: /home/jack/ros2_ws/install/od_msg/include/od_msg/od_msg/srv/detail/srv_depth_position__rosidl_typesupport_introspection_c.h
[1.670s] -- Up-to-date: /home/jack/ros2_ws/install/od_msg/include/od_msg/od_msg/msg
[1.670s] -- Up-to-date: /home/jack/ros2_ws/install/od_msg/include/od_msg/od_msg/msg/rosidl_typesupport_introspection_c__visibility_control.h
[1.670s] -- Up-to-date: /home/jack/ros2_ws/install/od_msg/lib/libod_msg__rosidl_typesupport_introspection_c.so
[1.670s] -- Up-to-date: /home/jack/ros2_ws/install/od_msg/lib/libod_msg__rosidl_typesupport_c.so
[1.670s] -- Up-to-date: /home/jack/ros2_ws/install/od_msg/include/od_msg/od_msg
[1.670s] -- Up-to-date: /home/jack/ros2_ws/install/od_msg/include/od_msg/od_msg/srv
[1.670s] -- Up-to-date: /home/jack/ros2_ws/install/od_msg/include/od_msg/od_msg/srv/detail
[1.670s] -- Up-to-date: /home/jack/ros2_ws/install/od_msg/include/od_msg/od_msg/srv/detail/srv_depth_position__builder.hpp
[1.670s] -- Up-to-date: /home/jack/ros2_ws/install/od_msg/include/od_msg/od_msg/srv/detail/srv_depth_position__struct.hpp
[1.670s] -- Up-to-date: /home/jack/ros2_ws/install/od_msg/include/od_msg/od_msg/srv/detail/srv_depth_position__type_support.hpp
[1.671s] -- Up-to-date: /home/jack/ros2_ws/install/od_msg/include/od_msg/od_msg/srv/detail/srv_depth_position__traits.hpp
[1.671s] -- Up-to-date: /home/jack/ros2_ws/install/od_msg/include/od_msg/od_msg/srv/srv_depth_position.hpp
[1.671s] -- Up-to-date: /home/jack/ros2_ws/install/od_msg/include/od_msg/od_msg/msg
[1.671s] -- Up-to-date: /home/jack/ros2_ws/install/od_msg/include/od_msg/od_msg/msg/rosidl_generator_cpp__visibility_control.hpp
[1.671s] -- Up-to-date: /home/jack/ros2_ws/install/od_msg/include/od_msg/od_msg
[1.671s] -- Up-to-date: /home/jack/ros2_ws/install/od_msg/include/od_msg/od_msg/srv
[1.671s] -- Up-to-date: /home/jack/ros2_ws/install/od_msg/include/od_msg/od_msg/srv/detail
[1.671s] -- Up-to-date: /home/jack/ros2_ws/install/od_msg/include/od_msg/od_msg/srv/detail/dds_fastrtps
[1.671s] -- Up-to-date: /home/jack/ros2_ws/install/od_msg/include/od_msg/od_msg/srv/detail/srv_depth_position__rosidl_typesupport_fastrtps_cpp.hpp
[1.671s] -- Up-to-date: /home/jack/ros2_ws/install/od_msg/include/od_msg/od_msg/msg
[1.671s] -- Up-to-date: /home/jack/ros2_ws/install/od_msg/include/od_msg/od_msg/msg/rosidl_typesupport_fastrtps_cpp__visibility_control.h
[1.671s] -- Up-to-date: /home/jack/ros2_ws/install/od_msg/lib/libod_msg__rosidl_typesupport_fastrtps_cpp.so
[1.671s] -- Up-to-date: /home/jack/ros2_ws/install/od_msg/include/od_msg/od_msg
[1.671s] -- Up-to-date: /home/jack/ros2_ws/install/od_msg/include/od_msg/od_msg/srv
[1.672s] -- Up-to-date: /home/jack/ros2_ws/install/od_msg/include/od_msg/od_msg/srv/detail
[1.672s] -- Up-to-date: /home/jack/ros2_ws/install/od_msg/include/od_msg/od_msg/srv/detail/srv_depth_position__rosidl_typesupport_introspection_cpp.hpp
[1.672s] -- Up-to-date: /home/jack/ros2_ws/install/od_msg/include/od_msg/od_msg/srv/detail/srv_depth_position__type_support.cpp
[1.672s] -- Up-to-date: /home/jack/ros2_ws/install/od_msg/lib/libod_msg__rosidl_typesupport_introspection_cpp.so
[1.672s] -- Up-to-date: /home/jack/ros2_ws/install/od_msg/lib/libod_msg__rosidl_typesupport_cpp.so
[1.672s] -- Up-to-date: /home/jack/ros2_ws/install/od_msg/share/od_msg/environment/pythonpath.sh
[1.672s] -- Up-to-date: /home/jack/ros2_ws/install/od_msg/share/od_msg/environment/pythonpath.dsv
[1.672s] -- Up-to-date: /home/jack/ros2_ws/install/od_msg/local/lib/python3.10/dist-packages/od_msg-0.0.0-py3.10.egg-info
[1.672s] -- Installing: /home/jack/ros2_ws/install/od_msg/local/lib/python3.10/dist-packages/od_msg-0.0.0-py3.10.egg-info/SOURCES.txt
[1.672s] -- Installing: /home/jack/ros2_ws/install/od_msg/local/lib/python3.10/dist-packages/od_msg-0.0.0-py3.10.egg-info/PKG-INFO
[1.672s] -- Installing: /home/jack/ros2_ws/install/od_msg/local/lib/python3.10/dist-packages/od_msg-0.0.0-py3.10.egg-info/dependency_links.txt
[1.672s] -- Installing: /home/jack/ros2_ws/install/od_msg/local/lib/python3.10/dist-packages/od_msg-0.0.0-py3.10.egg-info/top_level.txt
[1.672s] -- Up-to-date: /home/jack/ros2_ws/install/od_msg/local/lib/python3.10/dist-packages/od_msg
[1.673s] -- Up-to-date: /home/jack/ros2_ws/install/od_msg/local/lib/python3.10/dist-packages/od_msg/libod_msg__rosidl_generator_py.so
[1.673s] -- Up-to-date: /home/jack/ros2_ws/install/od_msg/local/lib/python3.10/dist-packages/od_msg/od_msg_s__rosidl_typesupport_introspection_c.cpython-310-x86_64-linux-gnu.so
[1.673s] -- Up-to-date: /home/jack/ros2_ws/install/od_msg/local/lib/python3.10/dist-packages/od_msg/od_msg_s__rosidl_typesupport_fastrtps_c.cpython-310-x86_64-linux-gnu.so
[1.673s] -- Up-to-date: /home/jack/ros2_ws/install/od_msg/local/lib/python3.10/dist-packages/od_msg/od_msg_s__rosidl_typesupport_c.cpython-310-x86_64-linux-gnu.so
[1.673s] -- Up-to-date: /home/jack/ros2_ws/install/od_msg/local/lib/python3.10/dist-packages/od_msg/srv
[1.673s] -- Up-to-date: /home/jack/ros2_ws/install/od_msg/local/lib/python3.10/dist-packages/od_msg/srv/_srv_depth_position_s.c
[1.673s] -- Up-to-date: /home/jack/ros2_ws/install/od_msg/local/lib/python3.10/dist-packages/od_msg/srv/__init__.py
[1.673s] -- Up-to-date: /home/jack/ros2_ws/install/od_msg/local/lib/python3.10/dist-packages/od_msg/srv/_srv_depth_position.py
[1.673s] -- Up-to-date: /home/jack/ros2_ws/install/od_msg/local/lib/python3.10/dist-packages/od_msg/_od_msg_s.ep.rosidl_typesupport_fastrtps_c.c
[1.673s] -- Up-to-date: /home/jack/ros2_ws/install/od_msg/local/lib/python3.10/dist-packages/od_msg/__init__.py
[1.673s] -- Up-to-date: /home/jack/ros2_ws/install/od_msg/local/lib/python3.10/dist-packages/od_msg/_od_msg_s.ep.rosidl_typesupport_c.c
[1.673s] -- Up-to-date: /home/jack/ros2_ws/install/od_msg/local/lib/python3.10/dist-packages/od_msg/_od_msg_s.ep.rosidl_typesupport_introspection_c.c
[1.676s] Listing '/home/jack/ros2_ws/install/od_msg/local/lib/python3.10/dist-packages/od_msg'...
[1.676s] Listing '/home/jack/ros2_ws/install/od_msg/local/lib/python3.10/dist-packages/od_msg/srv'...
[1.680s] -- Up-to-date: /home/jack/ros2_ws/install/od_msg/local/lib/python3.10/dist-packages/od_msg/od_msg_s__rosidl_typesupport_fastrtps_c.cpython-310-x86_64-linux-gnu.so
[1.680s] -- Up-to-date: /home/jack/ros2_ws/install/od_msg/local/lib/python3.10/dist-packages/od_msg/od_msg_s__rosidl_typesupport_introspection_c.cpython-310-x86_64-linux-gnu.so
[1.680s] -- Up-to-date: /home/jack/ros2_ws/install/od_msg/local/lib/python3.10/dist-packages/od_msg/od_msg_s__rosidl_typesupport_c.cpython-310-x86_64-linux-gnu.so
[1.681s] -- Up-to-date: /home/jack/ros2_ws/install/od_msg/lib/libod_msg__rosidl_generator_py.so
[1.681s] -- Up-to-date: /home/jack/ros2_ws/install/od_msg/share/od_msg/srv/SrvDepthPosition.idl
[1.681s] -- Up-to-date: /home/jack/ros2_ws/install/od_msg/share/od_msg/srv/SrvDepthPosition.srv
[1.681s] -- Up-to-date: /home/jack/ros2_ws/install/od_msg/share/od_msg/srv/SrvDepthPosition_Request.msg
[1.681s] -- Up-to-date: /home/jack/ros2_ws/install/od_msg/share/od_msg/srv/SrvDepthPosition_Response.msg
[1.681s] -- Up-to-date: /home/jack/ros2_ws/install/od_msg/share/ament_index/resource_index/package_run_dependencies/od_msg
[1.681s] -- Up-to-date: /home/jack/ros2_ws/install/od_msg/share/ament_index/resource_index/parent_prefix_path/od_msg
[1.681s] -- Up-to-date: /home/jack/ros2_ws/install/od_msg/share/od_msg/environment/ament_prefix_path.sh
[1.681s] -- Up-to-date: /home/jack/ros2_ws/install/od_msg/share/od_msg/environment/ament_prefix_path.dsv
[1.681s] -- Up-to-date: /home/jack/ros2_ws/install/od_msg/share/od_msg/environment/path.sh
[1.682s] -- Up-to-date: /home/jack/ros2_ws/install/od_msg/share/od_msg/environment/path.dsv
[1.682s] -- Up-to-date: /home/jack/ros2_ws/install/od_msg/share/od_msg/local_setup.bash
[1.682s] -- Up-to-date: /home/jack/ros2_ws/install/od_msg/share/od_msg/local_setup.sh
[1.682s] -- Up-to-date: /home/jack/ros2_ws/install/od_msg/share/od_msg/local_setup.zsh
[1.682s] -- Up-to-date: /home/jack/ros2_ws/install/od_msg/share/od_msg/local_setup.dsv
[1.682s] -- Installing: /home/jack/ros2_ws/install/od_msg/share/od_msg/package.dsv
[1.682s] -- Up-to-date: /home/jack/ros2_ws/install/od_msg/share/ament_index/resource_index/packages/od_msg
[1.682s] -- Up-to-date: /home/jack/ros2_ws/install/od_msg/share/od_msg/cmake/export_od_msg__rosidl_generator_cExport.cmake
[1.682s] -- Up-to-date: /home/jack/ros2_ws/install/od_msg/share/od_msg/cmake/export_od_msg__rosidl_generator_cExport-noconfig.cmake
[1.682s] -- Up-to-date: /home/jack/ros2_ws/install/od_msg/share/od_msg/cmake/export_od_msg__rosidl_typesupport_fastrtps_cExport.cmake
[1.682s] -- Up-to-date: /home/jack/ros2_ws/install/od_msg/share/od_msg/cmake/export_od_msg__rosidl_typesupport_fastrtps_cExport-noconfig.cmake
[1.682s] -- Up-to-date: /home/jack/ros2_ws/install/od_msg/share/od_msg/cmake/od_msg__rosidl_typesupport_introspection_cExport.cmake
[1.683s] -- Up-to-date: /home/jack/ros2_ws/install/od_msg/share/od_msg/cmake/od_msg__rosidl_typesupport_introspection_cExport-noconfig.cmake
[1.683s] -- Up-to-date: /home/jack/ros2_ws/install/od_msg/share/od_msg/cmake/od_msg__rosidl_typesupport_cExport.cmake
[1.683s] -- Up-to-date: /home/jack/ros2_ws/install/od_msg/share/od_msg/cmake/od_msg__rosidl_typesupport_cExport-noconfig.cmake
[1.683s] -- Up-to-date: /home/jack/ros2_ws/install/od_msg/share/od_msg/cmake/export_od_msg__rosidl_generator_cppExport.cmake
[1.683s] -- Up-to-date: /home/jack/ros2_ws/install/od_msg/share/od_msg/cmake/export_od_msg__rosidl_typesupport_fastrtps_cppExport.cmake
[1.683s] -- Up-to-date: /home/jack/ros2_ws/install/od_msg/share/od_msg/cmake/export_od_msg__rosidl_typesupport_fastrtps_cppExport-noconfig.cmake
[1.683s] -- Up-to-date: /home/jack/ros2_ws/install/od_msg/share/od_msg/cmake/od_msg__rosidl_typesupport_introspection_cppExport.cmake
[1.683s] -- Up-to-date: /home/jack/ros2_ws/install/od_msg/share/od_msg/cmake/od_msg__rosidl_typesupport_introspection_cppExport-noconfig.cmake
[1.683s] -- Up-to-date: /home/jack/ros2_ws/install/od_msg/share/od_msg/cmake/od_msg__rosidl_typesupport_cppExport.cmake
[1.683s] -- Up-to-date: /home/jack/ros2_ws/install/od_msg/share/od_msg/cmake/od_msg__rosidl_typesupport_cppExport-noconfig.cmake
[1.683s] -- Up-to-date: /home/jack/ros2_ws/install/od_msg/share/od_msg/cmake/export_od_msg__rosidl_generator_pyExport.cmake
[1.684s] -- Up-to-date: /home/jack/ros2_ws/install/od_msg/share/od_msg/cmake/export_od_msg__rosidl_generator_pyExport-noconfig.cmake
[1.684s] -- Up-to-date: /home/jack/ros2_ws/install/od_msg/share/od_msg/cmake/rosidl_cmake-extras.cmake
[1.684s] -- Up-to-date: /home/jack/ros2_ws/install/od_msg/share/od_msg/cmake/ament_cmake_export_include_directories-extras.cmake
[1.684s] -- Up-to-date: /home/jack/ros2_ws/install/od_msg/share/od_msg/cmake/ament_cmake_export_libraries-extras.cmake
[1.684s] -- Up-to-date: /home/jack/ros2_ws/install/od_msg/share/od_msg/cmake/ament_cmake_export_targets-extras.cmake
[1.684s] -- Up-to-date: /home/jack/ros2_ws/install/od_msg/share/od_msg/cmake/rosidl_cmake_export_typesupport_targets-extras.cmake
[1.684s] -- Up-to-date: /home/jack/ros2_ws/install/od_msg/share/od_msg/cmake/ament_cmake_export_dependencies-extras.cmake
[1.684s] -- Up-to-date: /home/jack/ros2_ws/install/od_msg/share/od_msg/cmake/rosidl_cmake_export_typesupport_libraries-extras.cmake
[1.684s] -- Up-to-date: /home/jack/ros2_ws/install/od_msg/share/od_msg/cmake/od_msgConfig.cmake
[1.684s] -- Up-to-date: /home/jack/ros2_ws/install/od_msg/share/od_msg/cmake/od_msgConfig-version.cmake
[1.684s] -- Up-to-date: /home/jack/ros2_ws/install/od_msg/share/od_msg/package.xml
[1.706s] Invoked command in '/home/jack/ros2_ws/build/od_msg' returned '0': /usr/bin/cmake --install /home/jack/ros2_ws/build/od_msg
