running egg_info
writing ../../build/soma_cube_rl_training/soma_cube_rl_training.egg-info/PKG-INFO
writing dependency_links to ../../build/soma_cube_rl_training/soma_cube_rl_training.egg-info/dependency_links.txt
writing entry points to ../../build/soma_cube_rl_training/soma_cube_rl_training.egg-info/entry_points.txt
writing requirements to ../../build/soma_cube_rl_training/soma_cube_rl_training.egg-info/requires.txt
writing top-level names to ../../build/soma_cube_rl_training/soma_cube_rl_training.egg-info/top_level.txt
reading manifest file '../../build/soma_cube_rl_training/soma_cube_rl_training.egg-info/SOURCES.txt'
writing manifest file '../../build/soma_cube_rl_training/soma_cube_rl_training.egg-info/SOURCES.txt'
running build
running build_py
copying soma_cube_rl_training/__init__.py -> /home/jack/ros2_ws/build/soma_cube_rl_training/build/lib/soma_cube_rl_training
running install
running install_lib
copying /home/jack/ros2_ws/build/soma_cube_rl_training/build/lib/soma_cube_rl_training/__init__.py -> /home/jack/ros2_ws/install/soma_cube_rl_training/lib/python3.10/site-packages/soma_cube_rl_training
byte-compiling /home/jack/ros2_ws/install/soma_cube_rl_training/lib/python3.10/site-packages/soma_cube_rl_training/__init__.py to __init__.cpython-310.pyc
running install_data
running install_egg_info
removing '/home/jack/ros2_ws/install/soma_cube_rl_training/lib/python3.10/site-packages/soma_cube_rl_training-1.0.0-py3.10.egg-info' (and everything under it)
Copying ../../build/soma_cube_rl_training/soma_cube_rl_training.egg-info to /home/jack/ros2_ws/install/soma_cube_rl_training/lib/python3.10/site-packages/soma_cube_rl_training-1.0.0-py3.10.egg-info
running install_scripts
Installing demo_training script to /home/jack/ros2_ws/install/soma_cube_rl_training/lib/soma_cube_rl_training
Installing rl_client script to /home/jack/ros2_ws/install/soma_cube_rl_training/lib/soma_cube_rl_training
Installing train_somacube script to /home/jack/ros2_ws/install/soma_cube_rl_training/lib/soma_cube_rl_training
writing list of installed files to '/home/jack/ros2_ws/build/soma_cube_rl_training/install.log'
