[1.557s] Invoking command in '/home/jack/ros2_ws/src/DoosanBootcamp3rd/dsr_rokey/rokey': PYTHONPATH=/home/jack/ros2_ws/build/rokey/prefix_override:/home/jack/.local/lib/python3.10/site-packages/colcon_core/task/python/colcon_distutils_commands:/home/jack/ros2_ws/install/rokey/lib/python3.10/site-packages:${PYTHONPATH} /usr/bin/python3 -W ignore:setup.py install is deprecated -W ignore:easy_install command is deprecated setup.py egg_info --egg-base ../../../../build/rokey build --build-base /home/jack/ros2_ws/build/rokey/build install --record /home/jack/ros2_ws/build/rokey/install.log --single-version-externally-managed install_data
[1.763s] running egg_info
[1.763s] writing ../../../../build/rokey/rokey.egg-info/PKG-INFO
[1.763s] writing dependency_links to ../../../../build/rokey/rokey.egg-info/dependency_links.txt
[1.764s] writing entry points to ../../../../build/rokey/rokey.egg-info/entry_points.txt
[1.764s] writing requirements to ../../../../build/rokey/rokey.egg-info/requires.txt
[1.764s] writing top-level names to ../../../../build/rokey/rokey.egg-info/top_level.txt
[1.765s] reading manifest file '../../../../build/rokey/rokey.egg-info/SOURCES.txt'
[1.766s] writing manifest file '../../../../build/rokey/rokey.egg-info/SOURCES.txt'
[1.766s] running build
[1.766s] running build_py
[1.766s] running install
[1.767s] running install_lib
[1.768s] running install_data
[1.768s] running install_egg_info
[1.769s] removing '/home/jack/ros2_ws/install/rokey/lib/python3.10/site-packages/rokey-0.0.0-py3.10.egg-info' (and everything under it)
[1.770s] Copying ../../../../build/rokey/rokey.egg-info to /home/jack/ros2_ws/install/rokey/lib/python3.10/site-packages/rokey-0.0.0-py3.10.egg-info
[1.770s] running install_scripts
[1.784s] Installing data_recording script to /home/jack/ros2_ws/install/rokey/lib/rokey
[1.784s] Installing force_control script to /home/jack/ros2_ws/install/rokey/lib/rokey
[1.784s] Installing get_current_pos script to /home/jack/ros2_ws/install/rokey/lib/rokey
[1.784s] Installing getting_position script to /home/jack/ros2_ws/install/rokey/lib/rokey
[1.784s] Installing grip script to /home/jack/ros2_ws/install/rokey/lib/rokey
[1.784s] Installing jog script to /home/jack/ros2_ws/install/rokey/lib/rokey
[1.784s] Installing move_periodic script to /home/jack/ros2_ws/install/rokey/lib/rokey
[1.784s] Installing simple_amove script to /home/jack/ros2_ws/install/rokey/lib/rokey
[1.784s] Installing simple_move script to /home/jack/ros2_ws/install/rokey/lib/rokey
[1.785s] Installing simple_movesx script to /home/jack/ros2_ws/install/rokey/lib/rokey
[1.785s] writing list of installed files to '/home/jack/ros2_ws/build/rokey/install.log'
