-- Found ament_cmake: 1.3.11 (/opt/ros/humble/share/ament_cmake/cmake)
-- Found rclcpp: 16.0.12 (/opt/ros/humble/share/rclcpp/cmake)
-- Found rosidl_generator_c: 3.1.6 (/opt/ros/humble/share/rosidl_generator_c/cmake)
-- Found rosidl_adapter: 3.1.6 (/opt/ros/humble/share/rosidl_adapter/cmake)
-- Found rosidl_generator_cpp: 3.1.6 (/opt/ros/humble/share/rosidl_generator_cpp/cmake)
-- Using all available rosidl_typesupport_c: rosidl_typesupport_fastrtps_c;rosidl_typesupport_introspection_c
-- Using all available rosidl_typesupport_cpp: rosidl_typesupport_fastrtps_cpp;rosidl_typesupport_introspection_cpp
-- Found rmw_implementation_cmake: 6.1.2 (/opt/ros/humble/share/rmw_implementation_cmake/cmake)
-- Found rmw_fastrtps_cpp: 6.2.7 (/opt/ros/humble/share/rmw_fastrtps_cpp/cmake)
-- Using RMW implementation 'rmw_fastrtps_cpp' as default
-- Found rclcpp_lifecycle: 16.0.12 (/opt/ros/humble/share/rclcpp_lifecycle/cmake)
-- Found geometry_msgs: 4.9.0 (/opt/ros/humble/share/geometry_msgs/cmake)
-- Found sensor_msgs: 4.9.0 (/opt/ros/humble/share/sensor_msgs/cmake)
-- Found rosidl_default_generators: 1.2.0 (/opt/ros/humble/share/rosidl_default_generators/cmake)
-- Found dsr_msgs2: 1.1.0 (/home/jack/ros2_ws/install/dsr_msgs2/share/dsr_msgs2/cmake)
-- Found dsr_common2: 1.1.0 (/home/jack/ros2_ws/install/dsr_common2/share/dsr_common2/cmake)
-- Found ament_cmake_ros: 0.10.0 (/opt/ros/humble/share/ament_cmake_ros/cmake)
-- Using all available rosidl_typesupport_c: rosidl_typesupport_fastrtps_c;rosidl_typesupport_introspection_c
-- Using all available rosidl_typesupport_cpp: rosidl_typesupport_fastrtps_cpp;rosidl_typesupport_introspection_cpp
-- Found python_cmake_module: 0.10.0 (/opt/ros/humble/share/python_cmake_module/cmake)
-- Using PYTHON_EXECUTABLE: /usr/bin/python3
-- Using PYTHON_INCLUDE_DIRS: /usr/include/python3.10
-- Using PYTHON_LIBRARIES: /usr/lib/x86_64-linux-gnu/libpython3.10.so
-- Found ament_lint_auto: 0.12.12 (/opt/ros/humble/share/ament_lint_auto/cmake)
-- Added test 'copyright' to check source files copyright and LICENSE
-- Added test 'cppcheck' to perform static code analysis on C / C++ code
-- Configured cppcheck include dirs: /home/jack/ros2_ws/src/DoosanBootcamp3rd/soma_cube_rl_bridge/include
-- Configured cppcheck exclude dirs and/or files: 
-- Added test 'cpplint' to check C / C++ code against the Google style
-- Configured cpplint exclude dirs and/or files: 
-- Added test 'flake8' to check Python code syntax and style conventions
-- Added test 'lint_cmake' to check CMake code style
-- Added test 'pep257' to check Python code against some of the docstring style conventions in PEP 257
-- Added test 'uncrustify' to check C / C++ code style
-- Configured uncrustify additional arguments: 
-- Added test 'xmllint' to check XML markup files
-- Configuring done
-- Generating done
-- Build files have been written to: /home/jack/ros2_ws/build/soma_cube_rl_bridge
Consolidate compiler generated dependencies of target soma_cube_rl_bridge__rosidl_generator_c
[  1%] Built target soma_cube_rl_bridge__cpp
[ 11%] Built target soma_cube_rl_bridge__rosidl_generator_c
[ 11%] Built target ament_cmake_python_copy_soma_cube_rl_bridge
Consolidate compiler generated dependencies of target soma_cube_rl_bridge__rosidl_typesupport_cpp
Consolidate compiler generated dependencies of target soma_cube_rl_bridge__rosidl_typesupport_introspection_c
Consolidate compiler generated dependencies of target soma_cube_rl_bridge__rosidl_typesupport_c
Consolidate compiler generated dependencies of target soma_cube_rl_bridge__rosidl_typesupport_fastrtps_c
Consolidate compiler generated dependencies of target soma_cube_rl_bridge__rosidl_typesupport_fastrtps_cpp
Consolidate compiler generated dependencies of target soma_cube_rl_bridge__rosidl_typesupport_introspection_cpp
[ 21%] Built target soma_cube_rl_bridge__rosidl_typesupport_introspection_c
[ 31%] Built target soma_cube_rl_bridge__rosidl_typesupport_introspection_cpp
[ 42%] Built target soma_cube_rl_bridge__rosidl_typesupport_cpp
[ 52%] Built target soma_cube_rl_bridge__rosidl_typesupport_c
[ 62%] Built target soma_cube_rl_bridge__rosidl_typesupport_fastrtps_c
[ 72%] Built target soma_cube_rl_bridge__rosidl_typesupport_fastrtps_cpp
Consolidate compiler generated dependencies of target safety_monitor_node
Consolidate compiler generated dependencies of target motion_proxy_node
Consolidate compiler generated dependencies of target rl_env_node
[ 75%] Built target motion_proxy_node
[ 78%] Built target safety_monitor_node
[ 78%] Built target soma_cube_rl_bridge
[ 81%] Built target rl_env_node
[ 82%] Built target soma_cube_rl_bridge__py
Consolidate compiler generated dependencies of target soma_cube_rl_bridge__rosidl_generator_py
[ 91%] Built target soma_cube_rl_bridge__rosidl_generator_py
Consolidate compiler generated dependencies of target soma_cube_rl_bridge__rosidl_typesupport_c__pyext
Consolidate compiler generated dependencies of target soma_cube_rl_bridge__rosidl_typesupport_fastrtps_c__pyext
Consolidate compiler generated dependencies of target soma_cube_rl_bridge__rosidl_typesupport_introspection_c__pyext
[ 94%] Built target soma_cube_rl_bridge__rosidl_typesupport_c__pyext
[ 97%] Built target soma_cube_rl_bridge__rosidl_typesupport_introspection_c__pyext
[100%] Built target soma_cube_rl_bridge__rosidl_typesupport_fastrtps_c__pyext
running egg_info
writing soma_cube_rl_bridge.egg-info/PKG-INFO
writing dependency_links to soma_cube_rl_bridge.egg-info/dependency_links.txt
writing top-level names to soma_cube_rl_bridge.egg-info/top_level.txt
reading manifest file 'soma_cube_rl_bridge.egg-info/SOURCES.txt'
writing manifest file 'soma_cube_rl_bridge.egg-info/SOURCES.txt'
[100%] Built target ament_cmake_python_build_soma_cube_rl_bridge_egg
-- Install configuration: ""
-- Up-to-date: /home/jack/ros2_ws/install/soma_cube_rl_bridge/share/ament_index/resource_index/rosidl_interfaces/soma_cube_rl_bridge
-- Up-to-date: /home/jack/ros2_ws/install/soma_cube_rl_bridge/include/soma_cube_rl_bridge/soma_cube_rl_bridge
-- Up-to-date: /home/jack/ros2_ws/install/soma_cube_rl_bridge/include/soma_cube_rl_bridge/soma_cube_rl_bridge/srv
-- Up-to-date: /home/jack/ros2_ws/install/soma_cube_rl_bridge/include/soma_cube_rl_bridge/soma_cube_rl_bridge/srv/detail
-- Up-to-date: /home/jack/ros2_ws/install/soma_cube_rl_bridge/include/soma_cube_rl_bridge/soma_cube_rl_bridge/srv/detail/get_safety_state__functions.h
-- Up-to-date: /home/jack/ros2_ws/install/soma_cube_rl_bridge/include/soma_cube_rl_bridge/soma_cube_rl_bridge/srv/detail/rl_step__type_support.h
-- Up-to-date: /home/jack/ros2_ws/install/soma_cube_rl_bridge/include/soma_cube_rl_bridge/soma_cube_rl_bridge/srv/detail/rl_step__struct.h
-- Up-to-date: /home/jack/ros2_ws/install/soma_cube_rl_bridge/include/soma_cube_rl_bridge/soma_cube_rl_bridge/srv/detail/get_safety_state__struct.h
-- Up-to-date: /home/jack/ros2_ws/install/soma_cube_rl_bridge/include/soma_cube_rl_bridge/soma_cube_rl_bridge/srv/detail/rl_step__functions.c
-- Up-to-date: /home/jack/ros2_ws/install/soma_cube_rl_bridge/include/soma_cube_rl_bridge/soma_cube_rl_bridge/srv/detail/rl_reset__functions.c
-- Up-to-date: /home/jack/ros2_ws/install/soma_cube_rl_bridge/include/soma_cube_rl_bridge/soma_cube_rl_bridge/srv/detail/rl_reset__type_support.h
-- Up-to-date: /home/jack/ros2_ws/install/soma_cube_rl_bridge/include/soma_cube_rl_bridge/soma_cube_rl_bridge/srv/detail/get_safety_state__functions.c
-- Up-to-date: /home/jack/ros2_ws/install/soma_cube_rl_bridge/include/soma_cube_rl_bridge/soma_cube_rl_bridge/srv/detail/rl_reset__struct.h
-- Up-to-date: /home/jack/ros2_ws/install/soma_cube_rl_bridge/include/soma_cube_rl_bridge/soma_cube_rl_bridge/srv/detail/rl_reset__functions.h
-- Up-to-date: /home/jack/ros2_ws/install/soma_cube_rl_bridge/include/soma_cube_rl_bridge/soma_cube_rl_bridge/srv/detail/rl_step__functions.h
-- Up-to-date: /home/jack/ros2_ws/install/soma_cube_rl_bridge/include/soma_cube_rl_bridge/soma_cube_rl_bridge/srv/detail/get_safety_state__type_support.h
-- Up-to-date: /home/jack/ros2_ws/install/soma_cube_rl_bridge/include/soma_cube_rl_bridge/soma_cube_rl_bridge/srv/rl_step.h
-- Up-to-date: /home/jack/ros2_ws/install/soma_cube_rl_bridge/include/soma_cube_rl_bridge/soma_cube_rl_bridge/srv/get_safety_state.h
-- Up-to-date: /home/jack/ros2_ws/install/soma_cube_rl_bridge/include/soma_cube_rl_bridge/soma_cube_rl_bridge/srv/rl_reset.h
-- Up-to-date: /home/jack/ros2_ws/install/soma_cube_rl_bridge/include/soma_cube_rl_bridge/soma_cube_rl_bridge/msg
-- Up-to-date: /home/jack/ros2_ws/install/soma_cube_rl_bridge/include/soma_cube_rl_bridge/soma_cube_rl_bridge/msg/detail
-- Up-to-date: /home/jack/ros2_ws/install/soma_cube_rl_bridge/include/soma_cube_rl_bridge/soma_cube_rl_bridge/msg/detail/safety_state__struct.h
-- Up-to-date: /home/jack/ros2_ws/install/soma_cube_rl_bridge/include/soma_cube_rl_bridge/soma_cube_rl_bridge/msg/detail/rl_observation__functions.c
-- Up-to-date: /home/jack/ros2_ws/install/soma_cube_rl_bridge/include/soma_cube_rl_bridge/soma_cube_rl_bridge/msg/detail/safety_state__type_support.h
-- Up-to-date: /home/jack/ros2_ws/install/soma_cube_rl_bridge/include/soma_cube_rl_bridge/soma_cube_rl_bridge/msg/detail/safety_state__functions.h
-- Up-to-date: /home/jack/ros2_ws/install/soma_cube_rl_bridge/include/soma_cube_rl_bridge/soma_cube_rl_bridge/msg/detail/rl_observation__type_support.h
-- Up-to-date: /home/jack/ros2_ws/install/soma_cube_rl_bridge/include/soma_cube_rl_bridge/soma_cube_rl_bridge/msg/detail/safety_state__functions.c
-- Up-to-date: /home/jack/ros2_ws/install/soma_cube_rl_bridge/include/soma_cube_rl_bridge/soma_cube_rl_bridge/msg/detail/rl_observation__struct.h
-- Up-to-date: /home/jack/ros2_ws/install/soma_cube_rl_bridge/include/soma_cube_rl_bridge/soma_cube_rl_bridge/msg/detail/rl_observation__functions.h
-- Up-to-date: /home/jack/ros2_ws/install/soma_cube_rl_bridge/include/soma_cube_rl_bridge/soma_cube_rl_bridge/msg/rl_observation.h
-- Up-to-date: /home/jack/ros2_ws/install/soma_cube_rl_bridge/include/soma_cube_rl_bridge/soma_cube_rl_bridge/msg/safety_state.h
-- Up-to-date: /home/jack/ros2_ws/install/soma_cube_rl_bridge/include/soma_cube_rl_bridge/soma_cube_rl_bridge/msg/rosidl_generator_c__visibility_control.h
-- Up-to-date: /home/jack/ros2_ws/install/soma_cube_rl_bridge/share/soma_cube_rl_bridge/environment/library_path.sh
-- Installing: /home/jack/ros2_ws/install/soma_cube_rl_bridge/share/soma_cube_rl_bridge/environment/library_path.dsv
-- Up-to-date: /home/jack/ros2_ws/install/soma_cube_rl_bridge/lib/libsoma_cube_rl_bridge__rosidl_generator_c.so
-- Up-to-date: /home/jack/ros2_ws/install/soma_cube_rl_bridge/include/soma_cube_rl_bridge/soma_cube_rl_bridge
-- Up-to-date: /home/jack/ros2_ws/install/soma_cube_rl_bridge/include/soma_cube_rl_bridge/soma_cube_rl_bridge/srv
-- Up-to-date: /home/jack/ros2_ws/install/soma_cube_rl_bridge/include/soma_cube_rl_bridge/soma_cube_rl_bridge/srv/detail
-- Up-to-date: /home/jack/ros2_ws/install/soma_cube_rl_bridge/include/soma_cube_rl_bridge/soma_cube_rl_bridge/srv/detail/get_safety_state__rosidl_typesupport_fastrtps_c.h
-- Up-to-date: /home/jack/ros2_ws/install/soma_cube_rl_bridge/include/soma_cube_rl_bridge/soma_cube_rl_bridge/srv/detail/rl_reset__rosidl_typesupport_fastrtps_c.h
-- Up-to-date: /home/jack/ros2_ws/install/soma_cube_rl_bridge/include/soma_cube_rl_bridge/soma_cube_rl_bridge/srv/detail/rl_step__rosidl_typesupport_fastrtps_c.h
-- Up-to-date: /home/jack/ros2_ws/install/soma_cube_rl_bridge/include/soma_cube_rl_bridge/soma_cube_rl_bridge/msg
-- Up-to-date: /home/jack/ros2_ws/install/soma_cube_rl_bridge/include/soma_cube_rl_bridge/soma_cube_rl_bridge/msg/detail
-- Up-to-date: /home/jack/ros2_ws/install/soma_cube_rl_bridge/include/soma_cube_rl_bridge/soma_cube_rl_bridge/msg/detail/rl_observation__rosidl_typesupport_fastrtps_c.h
-- Up-to-date: /home/jack/ros2_ws/install/soma_cube_rl_bridge/include/soma_cube_rl_bridge/soma_cube_rl_bridge/msg/detail/safety_state__rosidl_typesupport_fastrtps_c.h
-- Up-to-date: /home/jack/ros2_ws/install/soma_cube_rl_bridge/include/soma_cube_rl_bridge/soma_cube_rl_bridge/msg/rosidl_typesupport_fastrtps_c__visibility_control.h
-- Up-to-date: /home/jack/ros2_ws/install/soma_cube_rl_bridge/lib/libsoma_cube_rl_bridge__rosidl_typesupport_fastrtps_c.so
-- Up-to-date: /home/jack/ros2_ws/install/soma_cube_rl_bridge/include/soma_cube_rl_bridge/soma_cube_rl_bridge
-- Up-to-date: /home/jack/ros2_ws/install/soma_cube_rl_bridge/include/soma_cube_rl_bridge/soma_cube_rl_bridge/srv
-- Up-to-date: /home/jack/ros2_ws/install/soma_cube_rl_bridge/include/soma_cube_rl_bridge/soma_cube_rl_bridge/srv/detail
-- Up-to-date: /home/jack/ros2_ws/install/soma_cube_rl_bridge/include/soma_cube_rl_bridge/soma_cube_rl_bridge/srv/detail/rl_reset__traits.hpp
-- Up-to-date: /home/jack/ros2_ws/install/soma_cube_rl_bridge/include/soma_cube_rl_bridge/soma_cube_rl_bridge/srv/detail/rl_reset__type_support.hpp
-- Up-to-date: /home/jack/ros2_ws/install/soma_cube_rl_bridge/include/soma_cube_rl_bridge/soma_cube_rl_bridge/srv/detail/get_safety_state__builder.hpp
-- Up-to-date: /home/jack/ros2_ws/install/soma_cube_rl_bridge/include/soma_cube_rl_bridge/soma_cube_rl_bridge/srv/detail/get_safety_state__type_support.hpp
-- Up-to-date: /home/jack/ros2_ws/install/soma_cube_rl_bridge/include/soma_cube_rl_bridge/soma_cube_rl_bridge/srv/detail/rl_reset__builder.hpp
-- Up-to-date: /home/jack/ros2_ws/install/soma_cube_rl_bridge/include/soma_cube_rl_bridge/soma_cube_rl_bridge/srv/detail/get_safety_state__traits.hpp
-- Up-to-date: /home/jack/ros2_ws/install/soma_cube_rl_bridge/include/soma_cube_rl_bridge/soma_cube_rl_bridge/srv/detail/rl_step__builder.hpp
-- Up-to-date: /home/jack/ros2_ws/install/soma_cube_rl_bridge/include/soma_cube_rl_bridge/soma_cube_rl_bridge/srv/detail/rl_step__traits.hpp
-- Up-to-date: /home/jack/ros2_ws/install/soma_cube_rl_bridge/include/soma_cube_rl_bridge/soma_cube_rl_bridge/srv/detail/rl_reset__struct.hpp
-- Up-to-date: /home/jack/ros2_ws/install/soma_cube_rl_bridge/include/soma_cube_rl_bridge/soma_cube_rl_bridge/srv/detail/rl_step__type_support.hpp
-- Up-to-date: /home/jack/ros2_ws/install/soma_cube_rl_bridge/include/soma_cube_rl_bridge/soma_cube_rl_bridge/srv/detail/get_safety_state__struct.hpp
-- Up-to-date: /home/jack/ros2_ws/install/soma_cube_rl_bridge/include/soma_cube_rl_bridge/soma_cube_rl_bridge/srv/detail/rl_step__struct.hpp
-- Up-to-date: /home/jack/ros2_ws/install/soma_cube_rl_bridge/include/soma_cube_rl_bridge/soma_cube_rl_bridge/srv/rl_step.hpp
-- Up-to-date: /home/jack/ros2_ws/install/soma_cube_rl_bridge/include/soma_cube_rl_bridge/soma_cube_rl_bridge/srv/rl_reset.hpp
-- Up-to-date: /home/jack/ros2_ws/install/soma_cube_rl_bridge/include/soma_cube_rl_bridge/soma_cube_rl_bridge/srv/get_safety_state.hpp
-- Up-to-date: /home/jack/ros2_ws/install/soma_cube_rl_bridge/include/soma_cube_rl_bridge/soma_cube_rl_bridge/msg
-- Up-to-date: /home/jack/ros2_ws/install/soma_cube_rl_bridge/include/soma_cube_rl_bridge/soma_cube_rl_bridge/msg/detail
-- Up-to-date: /home/jack/ros2_ws/install/soma_cube_rl_bridge/include/soma_cube_rl_bridge/soma_cube_rl_bridge/msg/detail/rl_observation__builder.hpp
-- Up-to-date: /home/jack/ros2_ws/install/soma_cube_rl_bridge/include/soma_cube_rl_bridge/soma_cube_rl_bridge/msg/detail/rl_observation__type_support.hpp
-- Up-to-date: /home/jack/ros2_ws/install/soma_cube_rl_bridge/include/soma_cube_rl_bridge/soma_cube_rl_bridge/msg/detail/rl_observation__traits.hpp
-- Up-to-date: /home/jack/ros2_ws/install/soma_cube_rl_bridge/include/soma_cube_rl_bridge/soma_cube_rl_bridge/msg/detail/rl_observation__struct.hpp
-- Up-to-date: /home/jack/ros2_ws/install/soma_cube_rl_bridge/include/soma_cube_rl_bridge/soma_cube_rl_bridge/msg/detail/safety_state__builder.hpp
-- Up-to-date: /home/jack/ros2_ws/install/soma_cube_rl_bridge/include/soma_cube_rl_bridge/soma_cube_rl_bridge/msg/detail/safety_state__traits.hpp
-- Up-to-date: /home/jack/ros2_ws/install/soma_cube_rl_bridge/include/soma_cube_rl_bridge/soma_cube_rl_bridge/msg/detail/safety_state__struct.hpp
-- Up-to-date: /home/jack/ros2_ws/install/soma_cube_rl_bridge/include/soma_cube_rl_bridge/soma_cube_rl_bridge/msg/detail/safety_state__type_support.hpp
-- Up-to-date: /home/jack/ros2_ws/install/soma_cube_rl_bridge/include/soma_cube_rl_bridge/soma_cube_rl_bridge/msg/safety_state.hpp
-- Up-to-date: /home/jack/ros2_ws/install/soma_cube_rl_bridge/include/soma_cube_rl_bridge/soma_cube_rl_bridge/msg/rosidl_generator_cpp__visibility_control.hpp
-- Up-to-date: /home/jack/ros2_ws/install/soma_cube_rl_bridge/include/soma_cube_rl_bridge/soma_cube_rl_bridge/msg/rl_observation.hpp
-- Up-to-date: /home/jack/ros2_ws/install/soma_cube_rl_bridge/include/soma_cube_rl_bridge/soma_cube_rl_bridge
-- Up-to-date: /home/jack/ros2_ws/install/soma_cube_rl_bridge/include/soma_cube_rl_bridge/soma_cube_rl_bridge/srv
-- Up-to-date: /home/jack/ros2_ws/install/soma_cube_rl_bridge/include/soma_cube_rl_bridge/soma_cube_rl_bridge/srv/detail
-- Up-to-date: /home/jack/ros2_ws/install/soma_cube_rl_bridge/include/soma_cube_rl_bridge/soma_cube_rl_bridge/srv/detail/rl_step__rosidl_typesupport_fastrtps_cpp.hpp
-- Up-to-date: /home/jack/ros2_ws/install/soma_cube_rl_bridge/include/soma_cube_rl_bridge/soma_cube_rl_bridge/srv/detail/dds_fastrtps
-- Up-to-date: /home/jack/ros2_ws/install/soma_cube_rl_bridge/include/soma_cube_rl_bridge/soma_cube_rl_bridge/srv/detail/get_safety_state__rosidl_typesupport_fastrtps_cpp.hpp
-- Up-to-date: /home/jack/ros2_ws/install/soma_cube_rl_bridge/include/soma_cube_rl_bridge/soma_cube_rl_bridge/srv/detail/rl_reset__rosidl_typesupport_fastrtps_cpp.hpp
-- Up-to-date: /home/jack/ros2_ws/install/soma_cube_rl_bridge/include/soma_cube_rl_bridge/soma_cube_rl_bridge/msg
-- Up-to-date: /home/jack/ros2_ws/install/soma_cube_rl_bridge/include/soma_cube_rl_bridge/soma_cube_rl_bridge/msg/detail
-- Up-to-date: /home/jack/ros2_ws/install/soma_cube_rl_bridge/include/soma_cube_rl_bridge/soma_cube_rl_bridge/msg/detail/dds_fastrtps
-- Up-to-date: /home/jack/ros2_ws/install/soma_cube_rl_bridge/include/soma_cube_rl_bridge/soma_cube_rl_bridge/msg/detail/rl_observation__rosidl_typesupport_fastrtps_cpp.hpp
-- Up-to-date: /home/jack/ros2_ws/install/soma_cube_rl_bridge/include/soma_cube_rl_bridge/soma_cube_rl_bridge/msg/detail/safety_state__rosidl_typesupport_fastrtps_cpp.hpp
-- Up-to-date: /home/jack/ros2_ws/install/soma_cube_rl_bridge/include/soma_cube_rl_bridge/soma_cube_rl_bridge/msg/rosidl_typesupport_fastrtps_cpp__visibility_control.h
-- Up-to-date: /home/jack/ros2_ws/install/soma_cube_rl_bridge/lib/libsoma_cube_rl_bridge__rosidl_typesupport_fastrtps_cpp.so
-- Up-to-date: /home/jack/ros2_ws/install/soma_cube_rl_bridge/include/soma_cube_rl_bridge/soma_cube_rl_bridge
-- Up-to-date: /home/jack/ros2_ws/install/soma_cube_rl_bridge/include/soma_cube_rl_bridge/soma_cube_rl_bridge/srv
-- Up-to-date: /home/jack/ros2_ws/install/soma_cube_rl_bridge/include/soma_cube_rl_bridge/soma_cube_rl_bridge/srv/detail
-- Up-to-date: /home/jack/ros2_ws/install/soma_cube_rl_bridge/include/soma_cube_rl_bridge/soma_cube_rl_bridge/srv/detail/rl_reset__type_support.c
-- Up-to-date: /home/jack/ros2_ws/install/soma_cube_rl_bridge/include/soma_cube_rl_bridge/soma_cube_rl_bridge/srv/detail/get_safety_state__rosidl_typesupport_introspection_c.h
-- Up-to-date: /home/jack/ros2_ws/install/soma_cube_rl_bridge/include/soma_cube_rl_bridge/soma_cube_rl_bridge/srv/detail/rl_reset__rosidl_typesupport_introspection_c.h
-- Up-to-date: /home/jack/ros2_ws/install/soma_cube_rl_bridge/include/soma_cube_rl_bridge/soma_cube_rl_bridge/srv/detail/get_safety_state__type_support.c
-- Up-to-date: /home/jack/ros2_ws/install/soma_cube_rl_bridge/include/soma_cube_rl_bridge/soma_cube_rl_bridge/srv/detail/rl_step__type_support.c
-- Up-to-date: /home/jack/ros2_ws/install/soma_cube_rl_bridge/include/soma_cube_rl_bridge/soma_cube_rl_bridge/srv/detail/rl_step__rosidl_typesupport_introspection_c.h
-- Up-to-date: /home/jack/ros2_ws/install/soma_cube_rl_bridge/include/soma_cube_rl_bridge/soma_cube_rl_bridge/msg
-- Up-to-date: /home/jack/ros2_ws/install/soma_cube_rl_bridge/include/soma_cube_rl_bridge/soma_cube_rl_bridge/msg/detail
-- Up-to-date: /home/jack/ros2_ws/install/soma_cube_rl_bridge/include/soma_cube_rl_bridge/soma_cube_rl_bridge/msg/detail/safety_state__type_support.c
-- Up-to-date: /home/jack/ros2_ws/install/soma_cube_rl_bridge/include/soma_cube_rl_bridge/soma_cube_rl_bridge/msg/detail/safety_state__rosidl_typesupport_introspection_c.h
-- Up-to-date: /home/jack/ros2_ws/install/soma_cube_rl_bridge/include/soma_cube_rl_bridge/soma_cube_rl_bridge/msg/detail/rl_observation__type_support.c
-- Up-to-date: /home/jack/ros2_ws/install/soma_cube_rl_bridge/include/soma_cube_rl_bridge/soma_cube_rl_bridge/msg/detail/rl_observation__rosidl_typesupport_introspection_c.h
-- Up-to-date: /home/jack/ros2_ws/install/soma_cube_rl_bridge/include/soma_cube_rl_bridge/soma_cube_rl_bridge/msg/rosidl_typesupport_introspection_c__visibility_control.h
-- Up-to-date: /home/jack/ros2_ws/install/soma_cube_rl_bridge/lib/libsoma_cube_rl_bridge__rosidl_typesupport_introspection_c.so
-- Up-to-date: /home/jack/ros2_ws/install/soma_cube_rl_bridge/lib/libsoma_cube_rl_bridge__rosidl_typesupport_c.so
-- Up-to-date: /home/jack/ros2_ws/install/soma_cube_rl_bridge/include/soma_cube_rl_bridge/soma_cube_rl_bridge
-- Up-to-date: /home/jack/ros2_ws/install/soma_cube_rl_bridge/include/soma_cube_rl_bridge/soma_cube_rl_bridge/srv
-- Up-to-date: /home/jack/ros2_ws/install/soma_cube_rl_bridge/include/soma_cube_rl_bridge/soma_cube_rl_bridge/srv/detail
-- Up-to-date: /home/jack/ros2_ws/install/soma_cube_rl_bridge/include/soma_cube_rl_bridge/soma_cube_rl_bridge/srv/detail/rl_reset__rosidl_typesupport_introspection_cpp.hpp
-- Up-to-date: /home/jack/ros2_ws/install/soma_cube_rl_bridge/include/soma_cube_rl_bridge/soma_cube_rl_bridge/srv/detail/get_safety_state__rosidl_typesupport_introspection_cpp.hpp
-- Up-to-date: /home/jack/ros2_ws/install/soma_cube_rl_bridge/include/soma_cube_rl_bridge/soma_cube_rl_bridge/srv/detail/rl_step__rosidl_typesupport_introspection_cpp.hpp
-- Up-to-date: /home/jack/ros2_ws/install/soma_cube_rl_bridge/include/soma_cube_rl_bridge/soma_cube_rl_bridge/srv/detail/rl_step__type_support.cpp
-- Up-to-date: /home/jack/ros2_ws/install/soma_cube_rl_bridge/include/soma_cube_rl_bridge/soma_cube_rl_bridge/srv/detail/get_safety_state__type_support.cpp
-- Up-to-date: /home/jack/ros2_ws/install/soma_cube_rl_bridge/include/soma_cube_rl_bridge/soma_cube_rl_bridge/srv/detail/rl_reset__type_support.cpp
-- Up-to-date: /home/jack/ros2_ws/install/soma_cube_rl_bridge/include/soma_cube_rl_bridge/soma_cube_rl_bridge/msg
-- Up-to-date: /home/jack/ros2_ws/install/soma_cube_rl_bridge/include/soma_cube_rl_bridge/soma_cube_rl_bridge/msg/detail
-- Up-to-date: /home/jack/ros2_ws/install/soma_cube_rl_bridge/include/soma_cube_rl_bridge/soma_cube_rl_bridge/msg/detail/rl_observation__rosidl_typesupport_introspection_cpp.hpp
-- Up-to-date: /home/jack/ros2_ws/install/soma_cube_rl_bridge/include/soma_cube_rl_bridge/soma_cube_rl_bridge/msg/detail/safety_state__rosidl_typesupport_introspection_cpp.hpp
-- Up-to-date: /home/jack/ros2_ws/install/soma_cube_rl_bridge/include/soma_cube_rl_bridge/soma_cube_rl_bridge/msg/detail/safety_state__type_support.cpp
-- Up-to-date: /home/jack/ros2_ws/install/soma_cube_rl_bridge/include/soma_cube_rl_bridge/soma_cube_rl_bridge/msg/detail/rl_observation__type_support.cpp
-- Up-to-date: /home/jack/ros2_ws/install/soma_cube_rl_bridge/lib/libsoma_cube_rl_bridge__rosidl_typesupport_introspection_cpp.so
-- Up-to-date: /home/jack/ros2_ws/install/soma_cube_rl_bridge/lib/libsoma_cube_rl_bridge__rosidl_typesupport_cpp.so
-- Up-to-date: /home/jack/ros2_ws/install/soma_cube_rl_bridge/share/soma_cube_rl_bridge/environment/pythonpath.sh
-- Installing: /home/jack/ros2_ws/install/soma_cube_rl_bridge/share/soma_cube_rl_bridge/environment/pythonpath.dsv
-- Up-to-date: /home/jack/ros2_ws/install/soma_cube_rl_bridge/local/lib/python3.10/dist-packages/soma_cube_rl_bridge-1.0.0-py3.10.egg-info
-- Installing: /home/jack/ros2_ws/install/soma_cube_rl_bridge/local/lib/python3.10/dist-packages/soma_cube_rl_bridge-1.0.0-py3.10.egg-info/SOURCES.txt
-- Installing: /home/jack/ros2_ws/install/soma_cube_rl_bridge/local/lib/python3.10/dist-packages/soma_cube_rl_bridge-1.0.0-py3.10.egg-info/PKG-INFO
-- Installing: /home/jack/ros2_ws/install/soma_cube_rl_bridge/local/lib/python3.10/dist-packages/soma_cube_rl_bridge-1.0.0-py3.10.egg-info/dependency_links.txt
-- Installing: /home/jack/ros2_ws/install/soma_cube_rl_bridge/local/lib/python3.10/dist-packages/soma_cube_rl_bridge-1.0.0-py3.10.egg-info/top_level.txt
-- Up-to-date: /home/jack/ros2_ws/install/soma_cube_rl_bridge/local/lib/python3.10/dist-packages/soma_cube_rl_bridge
-- Up-to-date: /home/jack/ros2_ws/install/soma_cube_rl_bridge/local/lib/python3.10/dist-packages/soma_cube_rl_bridge/soma_cube_rl_bridge_s__rosidl_typesupport_c.cpython-310-x86_64-linux-gnu.so
-- Up-to-date: /home/jack/ros2_ws/install/soma_cube_rl_bridge/local/lib/python3.10/dist-packages/soma_cube_rl_bridge/libsoma_cube_rl_bridge__rosidl_generator_py.so
-- Up-to-date: /home/jack/ros2_ws/install/soma_cube_rl_bridge/local/lib/python3.10/dist-packages/soma_cube_rl_bridge/soma_cube_rl_bridge_s__rosidl_typesupport_fastrtps_c.cpython-310-x86_64-linux-gnu.so
-- Up-to-date: /home/jack/ros2_ws/install/soma_cube_rl_bridge/local/lib/python3.10/dist-packages/soma_cube_rl_bridge/srv
-- Up-to-date: /home/jack/ros2_ws/install/soma_cube_rl_bridge/local/lib/python3.10/dist-packages/soma_cube_rl_bridge/srv/_rl_step_s.c
-- Up-to-date: /home/jack/ros2_ws/install/soma_cube_rl_bridge/local/lib/python3.10/dist-packages/soma_cube_rl_bridge/srv/_get_safety_state_s.c
-- Up-to-date: /home/jack/ros2_ws/install/soma_cube_rl_bridge/local/lib/python3.10/dist-packages/soma_cube_rl_bridge/srv/_rl_reset_s.c
-- Up-to-date: /home/jack/ros2_ws/install/soma_cube_rl_bridge/local/lib/python3.10/dist-packages/soma_cube_rl_bridge/srv/__init__.py
-- Up-to-date: /home/jack/ros2_ws/install/soma_cube_rl_bridge/local/lib/python3.10/dist-packages/soma_cube_rl_bridge/srv/_rl_reset.py
-- Up-to-date: /home/jack/ros2_ws/install/soma_cube_rl_bridge/local/lib/python3.10/dist-packages/soma_cube_rl_bridge/srv/_rl_step.py
-- Up-to-date: /home/jack/ros2_ws/install/soma_cube_rl_bridge/local/lib/python3.10/dist-packages/soma_cube_rl_bridge/srv/_get_safety_state.py
-- Up-to-date: /home/jack/ros2_ws/install/soma_cube_rl_bridge/local/lib/python3.10/dist-packages/soma_cube_rl_bridge/msg
-- Up-to-date: /home/jack/ros2_ws/install/soma_cube_rl_bridge/local/lib/python3.10/dist-packages/soma_cube_rl_bridge/msg/_rl_observation.py
-- Up-to-date: /home/jack/ros2_ws/install/soma_cube_rl_bridge/local/lib/python3.10/dist-packages/soma_cube_rl_bridge/msg/_safety_state_s.c
-- Up-to-date: /home/jack/ros2_ws/install/soma_cube_rl_bridge/local/lib/python3.10/dist-packages/soma_cube_rl_bridge/msg/_rl_observation_s.c
-- Up-to-date: /home/jack/ros2_ws/install/soma_cube_rl_bridge/local/lib/python3.10/dist-packages/soma_cube_rl_bridge/msg/__init__.py
-- Up-to-date: /home/jack/ros2_ws/install/soma_cube_rl_bridge/local/lib/python3.10/dist-packages/soma_cube_rl_bridge/msg/_safety_state.py
-- Installing: /home/jack/ros2_ws/install/soma_cube_rl_bridge/local/lib/python3.10/dist-packages/soma_cube_rl_bridge/__init__.py
-- Up-to-date: /home/jack/ros2_ws/install/soma_cube_rl_bridge/local/lib/python3.10/dist-packages/soma_cube_rl_bridge/_soma_cube_rl_bridge_s.ep.rosidl_typesupport_c.c
-- Up-to-date: /home/jack/ros2_ws/install/soma_cube_rl_bridge/local/lib/python3.10/dist-packages/soma_cube_rl_bridge/_soma_cube_rl_bridge_s.ep.rosidl_typesupport_introspection_c.c
-- Up-to-date: /home/jack/ros2_ws/install/soma_cube_rl_bridge/local/lib/python3.10/dist-packages/soma_cube_rl_bridge/soma_cube_rl_bridge_s__rosidl_typesupport_introspection_c.cpython-310-x86_64-linux-gnu.so
-- Up-to-date: /home/jack/ros2_ws/install/soma_cube_rl_bridge/local/lib/python3.10/dist-packages/soma_cube_rl_bridge/_soma_cube_rl_bridge_s.ep.rosidl_typesupport_fastrtps_c.c
Listing '/home/jack/ros2_ws/install/soma_cube_rl_bridge/local/lib/python3.10/dist-packages/soma_cube_rl_bridge'...
Compiling '/home/jack/ros2_ws/install/soma_cube_rl_bridge/local/lib/python3.10/dist-packages/soma_cube_rl_bridge/__init__.py'...
Listing '/home/jack/ros2_ws/install/soma_cube_rl_bridge/local/lib/python3.10/dist-packages/soma_cube_rl_bridge/msg'...
Listing '/home/jack/ros2_ws/install/soma_cube_rl_bridge/local/lib/python3.10/dist-packages/soma_cube_rl_bridge/srv'...
-- Up-to-date: /home/jack/ros2_ws/install/soma_cube_rl_bridge/local/lib/python3.10/dist-packages/soma_cube_rl_bridge/soma_cube_rl_bridge_s__rosidl_typesupport_fastrtps_c.cpython-310-x86_64-linux-gnu.so
-- Up-to-date: /home/jack/ros2_ws/install/soma_cube_rl_bridge/local/lib/python3.10/dist-packages/soma_cube_rl_bridge/soma_cube_rl_bridge_s__rosidl_typesupport_introspection_c.cpython-310-x86_64-linux-gnu.so
-- Up-to-date: /home/jack/ros2_ws/install/soma_cube_rl_bridge/local/lib/python3.10/dist-packages/soma_cube_rl_bridge/soma_cube_rl_bridge_s__rosidl_typesupport_c.cpython-310-x86_64-linux-gnu.so
-- Up-to-date: /home/jack/ros2_ws/install/soma_cube_rl_bridge/lib/libsoma_cube_rl_bridge__rosidl_generator_py.so
-- Up-to-date: /home/jack/ros2_ws/install/soma_cube_rl_bridge/share/soma_cube_rl_bridge/srv/RLReset.idl
-- Up-to-date: /home/jack/ros2_ws/install/soma_cube_rl_bridge/share/soma_cube_rl_bridge/srv/RLStep.idl
-- Up-to-date: /home/jack/ros2_ws/install/soma_cube_rl_bridge/share/soma_cube_rl_bridge/srv/GetSafetyState.idl
-- Up-to-date: /home/jack/ros2_ws/install/soma_cube_rl_bridge/share/soma_cube_rl_bridge/msg/RLObservation.idl
-- Up-to-date: /home/jack/ros2_ws/install/soma_cube_rl_bridge/share/soma_cube_rl_bridge/msg/SafetyState.idl
-- Up-to-date: /home/jack/ros2_ws/install/soma_cube_rl_bridge/share/soma_cube_rl_bridge/srv/RLReset.srv
-- Up-to-date: /home/jack/ros2_ws/install/soma_cube_rl_bridge/share/soma_cube_rl_bridge/srv/RLReset_Request.msg
-- Up-to-date: /home/jack/ros2_ws/install/soma_cube_rl_bridge/share/soma_cube_rl_bridge/srv/RLReset_Response.msg
-- Up-to-date: /home/jack/ros2_ws/install/soma_cube_rl_bridge/share/soma_cube_rl_bridge/srv/RLStep.srv
-- Up-to-date: /home/jack/ros2_ws/install/soma_cube_rl_bridge/share/soma_cube_rl_bridge/srv/RLStep_Request.msg
-- Up-to-date: /home/jack/ros2_ws/install/soma_cube_rl_bridge/share/soma_cube_rl_bridge/srv/RLStep_Response.msg
-- Up-to-date: /home/jack/ros2_ws/install/soma_cube_rl_bridge/share/soma_cube_rl_bridge/srv/GetSafetyState.srv
-- Up-to-date: /home/jack/ros2_ws/install/soma_cube_rl_bridge/share/soma_cube_rl_bridge/srv/GetSafetyState_Request.msg
-- Up-to-date: /home/jack/ros2_ws/install/soma_cube_rl_bridge/share/soma_cube_rl_bridge/srv/GetSafetyState_Response.msg
-- Up-to-date: /home/jack/ros2_ws/install/soma_cube_rl_bridge/share/soma_cube_rl_bridge/msg/RLObservation.msg
-- Up-to-date: /home/jack/ros2_ws/install/soma_cube_rl_bridge/share/soma_cube_rl_bridge/msg/SafetyState.msg
-- Up-to-date: /home/jack/ros2_ws/install/soma_cube_rl_bridge/lib/soma_cube_rl_bridge/motion_proxy_node
-- Up-to-date: /home/jack/ros2_ws/install/soma_cube_rl_bridge/lib/soma_cube_rl_bridge/safety_monitor_node
-- Up-to-date: /home/jack/ros2_ws/install/soma_cube_rl_bridge/lib/soma_cube_rl_bridge/rl_env_node
-- Up-to-date: /home/jack/ros2_ws/install/soma_cube_rl_bridge/share/soma_cube_rl_bridge/launch
-- Up-to-date: /home/jack/ros2_ws/install/soma_cube_rl_bridge/share/soma_cube_rl_bridge/launch/soma_cube_rl.launch.py
-- Up-to-date: /home/jack/ros2_ws/install/soma_cube_rl_bridge/share/soma_cube_rl_bridge/config
-- Up-to-date: /home/jack/ros2_ws/install/soma_cube_rl_bridge/share/soma_cube_rl_bridge/config/soma_cube_rl_real.yaml
-- Up-to-date: /home/jack/ros2_ws/install/soma_cube_rl_bridge/share/soma_cube_rl_bridge/config/soma_cube_rl_sim.yaml
-- Installing: /home/jack/ros2_ws/install/soma_cube_rl_bridge/share/soma_cube_rl_bridge/training_system
-- Installing: /home/jack/ros2_ws/install/soma_cube_rl_bridge/share/soma_cube_rl_bridge/training_system/soma_cube_rl_training
-- Installing: /home/jack/ros2_ws/install/soma_cube_rl_bridge/share/soma_cube_rl_bridge/training_system/soma_cube_rl_training/__init__.py
-- Installing: /home/jack/ros2_ws/install/soma_cube_rl_bridge/share/soma_cube_rl_bridge/training_system/soma_cube_rl_training/sac_trainer.py
-- Installing: /home/jack/ros2_ws/install/soma_cube_rl_bridge/share/soma_cube_rl_bridge/training_system/soma_cube_rl_training/demo_training.py
-- Installing: /home/jack/ros2_ws/install/soma_cube_rl_bridge/share/soma_cube_rl_bridge/training_system/soma_cube_rl_training/rl_client.py
-- Installing: /home/jack/ros2_ws/install/soma_cube_rl_bridge/share/soma_cube_rl_bridge/training_system/soma_cube_rl_training/train_somacube.py
-- Installing: /home/jack/ros2_ws/install/soma_cube_rl_bridge/share/soma_cube_rl_bridge/training_system/setup.cfg
-- Installing: /home/jack/ros2_ws/install/soma_cube_rl_bridge/share/soma_cube_rl_bridge/training_system/requirements.txt
-- Installing: /home/jack/ros2_ws/install/soma_cube_rl_bridge/share/soma_cube_rl_bridge/training_system/package.xml
-- Installing: /home/jack/ros2_ws/install/soma_cube_rl_bridge/share/soma_cube_rl_bridge/training_system/resource
-- Installing: /home/jack/ros2_ws/install/soma_cube_rl_bridge/share/soma_cube_rl_bridge/training_system/resource/soma_cube_training_system
-- Installing: /home/jack/ros2_ws/install/soma_cube_rl_bridge/share/soma_cube_rl_bridge/training_system/EXECUTION_GUIDE.md
-- Installing: /home/jack/ros2_ws/install/soma_cube_rl_bridge/share/soma_cube_rl_bridge/training_system/setup.py
-- Up-to-date: /home/jack/ros2_ws/install/soma_cube_rl_bridge/include/soma_cube_rl_bridge
-- Up-to-date: /home/jack/ros2_ws/install/soma_cube_rl_bridge/include/soma_cube_rl_bridge/rl_env_node.hpp
-- Up-to-date: /home/jack/ros2_ws/install/soma_cube_rl_bridge/include/soma_cube_rl_bridge/motion_proxy_node.hpp
-- Up-to-date: /home/jack/ros2_ws/install/soma_cube_rl_bridge/include/soma_cube_rl_bridge/safety_monitor_node.hpp
-- Up-to-date: /home/jack/ros2_ws/install/soma_cube_rl_bridge/share/ament_index/resource_index/package_run_dependencies/soma_cube_rl_bridge
-- Up-to-date: /home/jack/ros2_ws/install/soma_cube_rl_bridge/share/ament_index/resource_index/parent_prefix_path/soma_cube_rl_bridge
-- Up-to-date: /home/jack/ros2_ws/install/soma_cube_rl_bridge/share/soma_cube_rl_bridge/environment/ament_prefix_path.sh
-- Installing: /home/jack/ros2_ws/install/soma_cube_rl_bridge/share/soma_cube_rl_bridge/environment/ament_prefix_path.dsv
-- Up-to-date: /home/jack/ros2_ws/install/soma_cube_rl_bridge/share/soma_cube_rl_bridge/environment/path.sh
-- Installing: /home/jack/ros2_ws/install/soma_cube_rl_bridge/share/soma_cube_rl_bridge/environment/path.dsv
-- Up-to-date: /home/jack/ros2_ws/install/soma_cube_rl_bridge/share/soma_cube_rl_bridge/local_setup.bash
-- Up-to-date: /home/jack/ros2_ws/install/soma_cube_rl_bridge/share/soma_cube_rl_bridge/local_setup.sh
-- Up-to-date: /home/jack/ros2_ws/install/soma_cube_rl_bridge/share/soma_cube_rl_bridge/local_setup.zsh
-- Installing: /home/jack/ros2_ws/install/soma_cube_rl_bridge/share/soma_cube_rl_bridge/local_setup.dsv
-- Installing: /home/jack/ros2_ws/install/soma_cube_rl_bridge/share/soma_cube_rl_bridge/package.dsv
-- Up-to-date: /home/jack/ros2_ws/install/soma_cube_rl_bridge/share/ament_index/resource_index/packages/soma_cube_rl_bridge
-- Up-to-date: /home/jack/ros2_ws/install/soma_cube_rl_bridge/share/soma_cube_rl_bridge/cmake/export_soma_cube_rl_bridge__rosidl_generator_cExport.cmake
-- Up-to-date: /home/jack/ros2_ws/install/soma_cube_rl_bridge/share/soma_cube_rl_bridge/cmake/export_soma_cube_rl_bridge__rosidl_generator_cExport-noconfig.cmake
-- Up-to-date: /home/jack/ros2_ws/install/soma_cube_rl_bridge/share/soma_cube_rl_bridge/cmake/export_soma_cube_rl_bridge__rosidl_typesupport_fastrtps_cExport.cmake
-- Up-to-date: /home/jack/ros2_ws/install/soma_cube_rl_bridge/share/soma_cube_rl_bridge/cmake/export_soma_cube_rl_bridge__rosidl_typesupport_fastrtps_cExport-noconfig.cmake
-- Up-to-date: /home/jack/ros2_ws/install/soma_cube_rl_bridge/share/soma_cube_rl_bridge/cmake/export_soma_cube_rl_bridge__rosidl_generator_cppExport.cmake
-- Up-to-date: /home/jack/ros2_ws/install/soma_cube_rl_bridge/share/soma_cube_rl_bridge/cmake/export_soma_cube_rl_bridge__rosidl_typesupport_fastrtps_cppExport.cmake
-- Up-to-date: /home/jack/ros2_ws/install/soma_cube_rl_bridge/share/soma_cube_rl_bridge/cmake/export_soma_cube_rl_bridge__rosidl_typesupport_fastrtps_cppExport-noconfig.cmake
-- Up-to-date: /home/jack/ros2_ws/install/soma_cube_rl_bridge/share/soma_cube_rl_bridge/cmake/soma_cube_rl_bridge__rosidl_typesupport_introspection_cExport.cmake
-- Up-to-date: /home/jack/ros2_ws/install/soma_cube_rl_bridge/share/soma_cube_rl_bridge/cmake/soma_cube_rl_bridge__rosidl_typesupport_introspection_cExport-noconfig.cmake
-- Up-to-date: /home/jack/ros2_ws/install/soma_cube_rl_bridge/share/soma_cube_rl_bridge/cmake/soma_cube_rl_bridge__rosidl_typesupport_cExport.cmake
-- Up-to-date: /home/jack/ros2_ws/install/soma_cube_rl_bridge/share/soma_cube_rl_bridge/cmake/soma_cube_rl_bridge__rosidl_typesupport_cExport-noconfig.cmake
-- Up-to-date: /home/jack/ros2_ws/install/soma_cube_rl_bridge/share/soma_cube_rl_bridge/cmake/soma_cube_rl_bridge__rosidl_typesupport_introspection_cppExport.cmake
-- Up-to-date: /home/jack/ros2_ws/install/soma_cube_rl_bridge/share/soma_cube_rl_bridge/cmake/soma_cube_rl_bridge__rosidl_typesupport_introspection_cppExport-noconfig.cmake
-- Up-to-date: /home/jack/ros2_ws/install/soma_cube_rl_bridge/share/soma_cube_rl_bridge/cmake/soma_cube_rl_bridge__rosidl_typesupport_cppExport.cmake
-- Up-to-date: /home/jack/ros2_ws/install/soma_cube_rl_bridge/share/soma_cube_rl_bridge/cmake/soma_cube_rl_bridge__rosidl_typesupport_cppExport-noconfig.cmake
-- Up-to-date: /home/jack/ros2_ws/install/soma_cube_rl_bridge/share/soma_cube_rl_bridge/cmake/export_soma_cube_rl_bridge__rosidl_generator_pyExport.cmake
-- Up-to-date: /home/jack/ros2_ws/install/soma_cube_rl_bridge/share/soma_cube_rl_bridge/cmake/export_soma_cube_rl_bridge__rosidl_generator_pyExport-noconfig.cmake
-- Up-to-date: /home/jack/ros2_ws/install/soma_cube_rl_bridge/share/soma_cube_rl_bridge/cmake/rosidl_cmake-extras.cmake
-- Up-to-date: /home/jack/ros2_ws/install/soma_cube_rl_bridge/share/soma_cube_rl_bridge/cmake/ament_cmake_export_dependencies-extras.cmake
-- Up-to-date: /home/jack/ros2_ws/install/soma_cube_rl_bridge/share/soma_cube_rl_bridge/cmake/ament_cmake_export_include_directories-extras.cmake
-- Up-to-date: /home/jack/ros2_ws/install/soma_cube_rl_bridge/share/soma_cube_rl_bridge/cmake/ament_cmake_export_libraries-extras.cmake
-- Up-to-date: /home/jack/ros2_ws/install/soma_cube_rl_bridge/share/soma_cube_rl_bridge/cmake/ament_cmake_export_targets-extras.cmake
-- Up-to-date: /home/jack/ros2_ws/install/soma_cube_rl_bridge/share/soma_cube_rl_bridge/cmake/rosidl_cmake_export_typesupport_targets-extras.cmake
-- Up-to-date: /home/jack/ros2_ws/install/soma_cube_rl_bridge/share/soma_cube_rl_bridge/cmake/rosidl_cmake_export_typesupport_libraries-extras.cmake
-- Up-to-date: /home/jack/ros2_ws/install/soma_cube_rl_bridge/share/soma_cube_rl_bridge/cmake/soma_cube_rl_bridgeConfig.cmake
-- Up-to-date: /home/jack/ros2_ws/install/soma_cube_rl_bridge/share/soma_cube_rl_bridge/cmake/soma_cube_rl_bridgeConfig-version.cmake
-- Up-to-date: /home/jack/ros2_ws/install/soma_cube_rl_bridge/share/soma_cube_rl_bridge/package.xml
