[0.014s] Invoking command in '/home/jack/ros2_ws/build/soma_cube_rl_bridge': AMENT_PREFIX_PATH=/home/jack/ros2_ws/install/dsr_msgs2:/home/jack/ros2_ws/install/dsr_common2:${AMENT_PREFIX_PATH} CMAKE_PREFIX_PATH=/home/jack/ros2_ws/install/dsr_msgs2:/home/jack/ros2_ws/install/dsr_common2:/opt/ros/humble LD_LIBRARY_PATH=/home/jack/ros2_ws/install/dsr_msgs2/lib:${LD_LIBRARY_PATH} PYTHONPATH=/home/jack/ros2_ws/install/dsr_msgs2/local/lib/python3.10/dist-packages:${PYTHONPATH} /usr/bin/cmake --build /home/jack/ros2_ws/build/soma_cube_rl_bridge -- -j16 -l16
[0.041s] -- Found ament_cmake: 1.3.11 (/opt/ros/humble/share/ament_cmake/cmake)
[0.151s] -- Found rclcpp: 16.0.12 (/opt/ros/humble/share/rclcpp/cmake)
[0.179s] -- Found rosidl_generator_c: 3.1.6 (/opt/ros/humble/share/rosidl_generator_c/cmake)
[0.182s] -- Found rosidl_adapter: 3.1.6 (/opt/ros/humble/share/rosidl_adapter/cmake)
[0.188s] -- Found rosidl_generator_cpp: 3.1.6 (/opt/ros/humble/share/rosidl_generator_cpp/cmake)
[0.197s] -- Using all available rosidl_typesupport_c: rosidl_typesupport_fastrtps_c;rosidl_typesupport_introspection_c
[0.209s] -- Using all available rosidl_typesupport_cpp: rosidl_typesupport_fastrtps_cpp;rosidl_typesupport_introspection_cpp
[0.240s] -- Found rmw_implementation_cmake: 6.1.2 (/opt/ros/humble/share/rmw_implementation_cmake/cmake)
[0.241s] -- Found rmw_fastrtps_cpp: 6.2.7 (/opt/ros/humble/share/rmw_fastrtps_cpp/cmake)
[0.363s] -- Using RMW implementation 'rmw_fastrtps_cpp' as default
[0.411s] -- Found rclcpp_lifecycle: 16.0.12 (/opt/ros/humble/share/rclcpp_lifecycle/cmake)
[0.427s] -- Found geometry_msgs: 4.9.0 (/opt/ros/humble/share/geometry_msgs/cmake)
[0.439s] -- Found sensor_msgs: 4.9.0 (/opt/ros/humble/share/sensor_msgs/cmake)
[0.457s] -- Found rosidl_default_generators: 1.2.0 (/opt/ros/humble/share/rosidl_default_generators/cmake)
[0.463s] -- Found dsr_msgs2: 1.1.0 (/home/jack/ros2_ws/install/dsr_msgs2/share/dsr_msgs2/cmake)
[0.477s] -- Found dsr_common2: 1.1.0 (/home/jack/ros2_ws/install/dsr_common2/share/dsr_common2/cmake)
[0.781s] -- Found ament_cmake_ros: 0.10.0 (/opt/ros/humble/share/ament_cmake_ros/cmake)
[1.158s] -- Using all available rosidl_typesupport_c: rosidl_typesupport_fastrtps_c;rosidl_typesupport_introspection_c
[1.318s] -- Using all available rosidl_typesupport_cpp: rosidl_typesupport_fastrtps_cpp;rosidl_typesupport_introspection_cpp
[1.335s] -- Found python_cmake_module: 0.10.0 (/opt/ros/humble/share/python_cmake_module/cmake)
[1.351s] -- Using PYTHON_EXECUTABLE: /usr/bin/python3
[1.351s] -- Using PYTHON_INCLUDE_DIRS: /usr/include/python3.10
[1.355s] -- Using PYTHON_LIBRARIES: /usr/lib/x86_64-linux-gnu/libpython3.10.so
[1.385s] -- Found ament_lint_auto: 0.12.12 (/opt/ros/humble/share/ament_lint_auto/cmake)
[1.397s] -- Added test 'copyright' to check source files copyright and LICENSE
[1.397s] -- Added test 'cppcheck' to perform static code analysis on C / C++ code
[1.398s] -- Configured cppcheck include dirs: /home/jack/ros2_ws/src/DoosanBootcamp3rd/soma_cube_rl_bridge/include
[1.398s] -- Configured cppcheck exclude dirs and/or files: 
[1.400s] -- Added test 'cpplint' to check C / C++ code against the Google style
[1.400s] -- Configured cpplint exclude dirs and/or files: 
[1.401s] -- Added test 'flake8' to check Python code syntax and style conventions
[1.402s] -- Added test 'lint_cmake' to check CMake code style
[1.403s] -- Added test 'pep257' to check Python code against some of the docstring style conventions in PEP 257
[1.405s] -- Added test 'uncrustify' to check C / C++ code style
[1.405s] -- Configured uncrustify additional arguments: 
[1.406s] -- Added test 'xmllint' to check XML markup files
[1.411s] -- Configuring done
[1.471s] -- Generating done
[1.491s] -- Build files have been written to: /home/jack/ros2_ws/build/soma_cube_rl_bridge
[1.521s] Consolidate compiler generated dependencies of target soma_cube_rl_bridge__rosidl_generator_c
[1.539s] [  1%] Built target soma_cube_rl_bridge__cpp
[1.539s] [ 11%] Built target soma_cube_rl_bridge__rosidl_generator_c
[1.547s] [ 11%] Built target ament_cmake_python_copy_soma_cube_rl_bridge
[1.561s] Consolidate compiler generated dependencies of target soma_cube_rl_bridge__rosidl_typesupport_cpp
[1.561s] Consolidate compiler generated dependencies of target soma_cube_rl_bridge__rosidl_typesupport_introspection_c
[1.561s] Consolidate compiler generated dependencies of target soma_cube_rl_bridge__rosidl_typesupport_c
[1.564s] Consolidate compiler generated dependencies of target soma_cube_rl_bridge__rosidl_typesupport_fastrtps_c
[1.564s] Consolidate compiler generated dependencies of target soma_cube_rl_bridge__rosidl_typesupport_fastrtps_cpp
[1.574s] Consolidate compiler generated dependencies of target soma_cube_rl_bridge__rosidl_typesupport_introspection_cpp
[1.586s] [ 21%] Built target soma_cube_rl_bridge__rosidl_typesupport_introspection_c
[1.594s] [ 31%] Built target soma_cube_rl_bridge__rosidl_typesupport_introspection_cpp
[1.595s] [ 42%] Built target soma_cube_rl_bridge__rosidl_typesupport_cpp
[1.597s] [ 52%] Built target soma_cube_rl_bridge__rosidl_typesupport_c
[1.603s] [ 62%] Built target soma_cube_rl_bridge__rosidl_typesupport_fastrtps_c
[1.606s] [ 72%] Built target soma_cube_rl_bridge__rosidl_typesupport_fastrtps_cpp
[1.613s] Consolidate compiler generated dependencies of target safety_monitor_node
[1.617s] Consolidate compiler generated dependencies of target motion_proxy_node
[1.619s] Consolidate compiler generated dependencies of target rl_env_node
[1.631s] [ 75%] Built target motion_proxy_node
[1.633s] [ 78%] Built target safety_monitor_node
[1.640s] [ 78%] Built target soma_cube_rl_bridge
[1.640s] [ 81%] Built target rl_env_node
[1.658s] [ 82%] Built target soma_cube_rl_bridge__py
[1.674s] Consolidate compiler generated dependencies of target soma_cube_rl_bridge__rosidl_generator_py
[1.687s] [ 91%] Built target soma_cube_rl_bridge__rosidl_generator_py
[1.699s] Consolidate compiler generated dependencies of target soma_cube_rl_bridge__rosidl_typesupport_c__pyext
[1.699s] Consolidate compiler generated dependencies of target soma_cube_rl_bridge__rosidl_typesupport_fastrtps_c__pyext
[1.700s] Consolidate compiler generated dependencies of target soma_cube_rl_bridge__rosidl_typesupport_introspection_c__pyext
[1.709s] [ 94%] Built target soma_cube_rl_bridge__rosidl_typesupport_c__pyext
[1.714s] [ 97%] Built target soma_cube_rl_bridge__rosidl_typesupport_introspection_c__pyext
[1.714s] [100%] Built target soma_cube_rl_bridge__rosidl_typesupport_fastrtps_c__pyext
[1.885s] running egg_info
[1.885s] writing soma_cube_rl_bridge.egg-info/PKG-INFO
[1.886s] writing dependency_links to soma_cube_rl_bridge.egg-info/dependency_links.txt
[1.886s] writing top-level names to soma_cube_rl_bridge.egg-info/top_level.txt
[1.888s] reading manifest file 'soma_cube_rl_bridge.egg-info/SOURCES.txt'
[1.888s] writing manifest file 'soma_cube_rl_bridge.egg-info/SOURCES.txt'
[1.914s] [100%] Built target ament_cmake_python_build_soma_cube_rl_bridge_egg
[1.927s] Invoked command in '/home/jack/ros2_ws/build/soma_cube_rl_bridge' returned '0': AMENT_PREFIX_PATH=/home/jack/ros2_ws/install/dsr_msgs2:/home/jack/ros2_ws/install/dsr_common2:${AMENT_PREFIX_PATH} CMAKE_PREFIX_PATH=/home/jack/ros2_ws/install/dsr_msgs2:/home/jack/ros2_ws/install/dsr_common2:/opt/ros/humble LD_LIBRARY_PATH=/home/jack/ros2_ws/install/dsr_msgs2/lib:${LD_LIBRARY_PATH} PYTHONPATH=/home/jack/ros2_ws/install/dsr_msgs2/local/lib/python3.10/dist-packages:${PYTHONPATH} /usr/bin/cmake --build /home/jack/ros2_ws/build/soma_cube_rl_bridge -- -j16 -l16
[1.939s] Invoking command in '/home/jack/ros2_ws/build/soma_cube_rl_bridge': AMENT_PREFIX_PATH=/home/jack/ros2_ws/install/dsr_msgs2:/home/jack/ros2_ws/install/dsr_common2:${AMENT_PREFIX_PATH} CMAKE_PREFIX_PATH=/home/jack/ros2_ws/install/dsr_msgs2:/home/jack/ros2_ws/install/dsr_common2:/opt/ros/humble LD_LIBRARY_PATH=/home/jack/ros2_ws/install/dsr_msgs2/lib:${LD_LIBRARY_PATH} PYTHONPATH=/home/jack/ros2_ws/install/dsr_msgs2/local/lib/python3.10/dist-packages:${PYTHONPATH} /usr/bin/cmake --install /home/jack/ros2_ws/build/soma_cube_rl_bridge
[1.944s] -- Install configuration: ""
[1.944s] -- Up-to-date: /home/jack/ros2_ws/install/soma_cube_rl_bridge/share/ament_index/resource_index/rosidl_interfaces/soma_cube_rl_bridge
[1.945s] -- Up-to-date: /home/jack/ros2_ws/install/soma_cube_rl_bridge/include/soma_cube_rl_bridge/soma_cube_rl_bridge
[1.945s] -- Up-to-date: /home/jack/ros2_ws/install/soma_cube_rl_bridge/include/soma_cube_rl_bridge/soma_cube_rl_bridge/srv
[1.945s] -- Up-to-date: /home/jack/ros2_ws/install/soma_cube_rl_bridge/include/soma_cube_rl_bridge/soma_cube_rl_bridge/srv/detail
[1.945s] -- Up-to-date: /home/jack/ros2_ws/install/soma_cube_rl_bridge/include/soma_cube_rl_bridge/soma_cube_rl_bridge/srv/detail/get_safety_state__functions.h
[1.945s] -- Up-to-date: /home/jack/ros2_ws/install/soma_cube_rl_bridge/include/soma_cube_rl_bridge/soma_cube_rl_bridge/srv/detail/rl_step__type_support.h
[1.946s] -- Up-to-date: /home/jack/ros2_ws/install/soma_cube_rl_bridge/include/soma_cube_rl_bridge/soma_cube_rl_bridge/srv/detail/rl_step__struct.h
[1.946s] -- Up-to-date: /home/jack/ros2_ws/install/soma_cube_rl_bridge/include/soma_cube_rl_bridge/soma_cube_rl_bridge/srv/detail/get_safety_state__struct.h
[1.946s] -- Up-to-date: /home/jack/ros2_ws/install/soma_cube_rl_bridge/include/soma_cube_rl_bridge/soma_cube_rl_bridge/srv/detail/rl_step__functions.c
[1.946s] -- Up-to-date: /home/jack/ros2_ws/install/soma_cube_rl_bridge/include/soma_cube_rl_bridge/soma_cube_rl_bridge/srv/detail/rl_reset__functions.c
[1.946s] -- Up-to-date: /home/jack/ros2_ws/install/soma_cube_rl_bridge/include/soma_cube_rl_bridge/soma_cube_rl_bridge/srv/detail/rl_reset__type_support.h
[1.946s] -- Up-to-date: /home/jack/ros2_ws/install/soma_cube_rl_bridge/include/soma_cube_rl_bridge/soma_cube_rl_bridge/srv/detail/get_safety_state__functions.c
[1.947s] -- Up-to-date: /home/jack/ros2_ws/install/soma_cube_rl_bridge/include/soma_cube_rl_bridge/soma_cube_rl_bridge/srv/detail/rl_reset__struct.h
[1.947s] -- Up-to-date: /home/jack/ros2_ws/install/soma_cube_rl_bridge/include/soma_cube_rl_bridge/soma_cube_rl_bridge/srv/detail/rl_reset__functions.h
[1.947s] -- Up-to-date: /home/jack/ros2_ws/install/soma_cube_rl_bridge/include/soma_cube_rl_bridge/soma_cube_rl_bridge/srv/detail/rl_step__functions.h
[1.947s] -- Up-to-date: /home/jack/ros2_ws/install/soma_cube_rl_bridge/include/soma_cube_rl_bridge/soma_cube_rl_bridge/srv/detail/get_safety_state__type_support.h
[1.947s] -- Up-to-date: /home/jack/ros2_ws/install/soma_cube_rl_bridge/include/soma_cube_rl_bridge/soma_cube_rl_bridge/srv/rl_step.h
[1.948s] -- Up-to-date: /home/jack/ros2_ws/install/soma_cube_rl_bridge/include/soma_cube_rl_bridge/soma_cube_rl_bridge/srv/get_safety_state.h
[1.948s] -- Up-to-date: /home/jack/ros2_ws/install/soma_cube_rl_bridge/include/soma_cube_rl_bridge/soma_cube_rl_bridge/srv/rl_reset.h
[1.948s] -- Up-to-date: /home/jack/ros2_ws/install/soma_cube_rl_bridge/include/soma_cube_rl_bridge/soma_cube_rl_bridge/msg
[1.950s] -- Up-to-date: /home/jack/ros2_ws/install/soma_cube_rl_bridge/include/soma_cube_rl_bridge/soma_cube_rl_bridge/msg/detail
[1.950s] -- Up-to-date: /home/jack/ros2_ws/install/soma_cube_rl_bridge/include/soma_cube_rl_bridge/soma_cube_rl_bridge/msg/detail/safety_state__struct.h
[1.950s] -- Up-to-date: /home/jack/ros2_ws/install/soma_cube_rl_bridge/include/soma_cube_rl_bridge/soma_cube_rl_bridge/msg/detail/rl_observation__functions.c
[1.951s] -- Up-to-date: /home/jack/ros2_ws/install/soma_cube_rl_bridge/include/soma_cube_rl_bridge/soma_cube_rl_bridge/msg/detail/safety_state__type_support.h
[1.951s] -- Up-to-date: /home/jack/ros2_ws/install/soma_cube_rl_bridge/include/soma_cube_rl_bridge/soma_cube_rl_bridge/msg/detail/safety_state__functions.h
[1.951s] -- Up-to-date: /home/jack/ros2_ws/install/soma_cube_rl_bridge/include/soma_cube_rl_bridge/soma_cube_rl_bridge/msg/detail/rl_observation__type_support.h
[1.951s] -- Up-to-date: /home/jack/ros2_ws/install/soma_cube_rl_bridge/include/soma_cube_rl_bridge/soma_cube_rl_bridge/msg/detail/safety_state__functions.c
[1.951s] -- Up-to-date: /home/jack/ros2_ws/install/soma_cube_rl_bridge/include/soma_cube_rl_bridge/soma_cube_rl_bridge/msg/detail/rl_observation__struct.h
[1.951s] -- Up-to-date: /home/jack/ros2_ws/install/soma_cube_rl_bridge/include/soma_cube_rl_bridge/soma_cube_rl_bridge/msg/detail/rl_observation__functions.h
[1.951s] -- Up-to-date: /home/jack/ros2_ws/install/soma_cube_rl_bridge/include/soma_cube_rl_bridge/soma_cube_rl_bridge/msg/rl_observation.h
[1.951s] -- Up-to-date: /home/jack/ros2_ws/install/soma_cube_rl_bridge/include/soma_cube_rl_bridge/soma_cube_rl_bridge/msg/safety_state.h
[1.951s] -- Up-to-date: /home/jack/ros2_ws/install/soma_cube_rl_bridge/include/soma_cube_rl_bridge/soma_cube_rl_bridge/msg/rosidl_generator_c__visibility_control.h
[1.951s] -- Up-to-date: /home/jack/ros2_ws/install/soma_cube_rl_bridge/share/soma_cube_rl_bridge/environment/library_path.sh
[1.951s] -- Installing: /home/jack/ros2_ws/install/soma_cube_rl_bridge/share/soma_cube_rl_bridge/environment/library_path.dsv
[1.951s] -- Up-to-date: /home/jack/ros2_ws/install/soma_cube_rl_bridge/lib/libsoma_cube_rl_bridge__rosidl_generator_c.so
[1.952s] -- Up-to-date: /home/jack/ros2_ws/install/soma_cube_rl_bridge/include/soma_cube_rl_bridge/soma_cube_rl_bridge
[1.952s] -- Up-to-date: /home/jack/ros2_ws/install/soma_cube_rl_bridge/include/soma_cube_rl_bridge/soma_cube_rl_bridge/srv
[1.952s] -- Up-to-date: /home/jack/ros2_ws/install/soma_cube_rl_bridge/include/soma_cube_rl_bridge/soma_cube_rl_bridge/srv/detail
[1.953s] -- Up-to-date: /home/jack/ros2_ws/install/soma_cube_rl_bridge/include/soma_cube_rl_bridge/soma_cube_rl_bridge/srv/detail/get_safety_state__rosidl_typesupport_fastrtps_c.h
[1.953s] -- Up-to-date: /home/jack/ros2_ws/install/soma_cube_rl_bridge/include/soma_cube_rl_bridge/soma_cube_rl_bridge/srv/detail/rl_reset__rosidl_typesupport_fastrtps_c.h
[1.953s] -- Up-to-date: /home/jack/ros2_ws/install/soma_cube_rl_bridge/include/soma_cube_rl_bridge/soma_cube_rl_bridge/srv/detail/rl_step__rosidl_typesupport_fastrtps_c.h
[1.953s] -- Up-to-date: /home/jack/ros2_ws/install/soma_cube_rl_bridge/include/soma_cube_rl_bridge/soma_cube_rl_bridge/msg
[1.954s] -- Up-to-date: /home/jack/ros2_ws/install/soma_cube_rl_bridge/include/soma_cube_rl_bridge/soma_cube_rl_bridge/msg/detail
[1.954s] -- Up-to-date: /home/jack/ros2_ws/install/soma_cube_rl_bridge/include/soma_cube_rl_bridge/soma_cube_rl_bridge/msg/detail/rl_observation__rosidl_typesupport_fastrtps_c.h
[1.954s] -- Up-to-date: /home/jack/ros2_ws/install/soma_cube_rl_bridge/include/soma_cube_rl_bridge/soma_cube_rl_bridge/msg/detail/safety_state__rosidl_typesupport_fastrtps_c.h
[1.955s] -- Up-to-date: /home/jack/ros2_ws/install/soma_cube_rl_bridge/include/soma_cube_rl_bridge/soma_cube_rl_bridge/msg/rosidl_typesupport_fastrtps_c__visibility_control.h
[1.955s] -- Up-to-date: /home/jack/ros2_ws/install/soma_cube_rl_bridge/lib/libsoma_cube_rl_bridge__rosidl_typesupport_fastrtps_c.so
[1.955s] -- Up-to-date: /home/jack/ros2_ws/install/soma_cube_rl_bridge/include/soma_cube_rl_bridge/soma_cube_rl_bridge
[1.955s] -- Up-to-date: /home/jack/ros2_ws/install/soma_cube_rl_bridge/include/soma_cube_rl_bridge/soma_cube_rl_bridge/srv
[1.955s] -- Up-to-date: /home/jack/ros2_ws/install/soma_cube_rl_bridge/include/soma_cube_rl_bridge/soma_cube_rl_bridge/srv/detail
[1.956s] -- Up-to-date: /home/jack/ros2_ws/install/soma_cube_rl_bridge/include/soma_cube_rl_bridge/soma_cube_rl_bridge/srv/detail/rl_reset__traits.hpp
[1.956s] -- Up-to-date: /home/jack/ros2_ws/install/soma_cube_rl_bridge/include/soma_cube_rl_bridge/soma_cube_rl_bridge/srv/detail/rl_reset__type_support.hpp
[1.956s] -- Up-to-date: /home/jack/ros2_ws/install/soma_cube_rl_bridge/include/soma_cube_rl_bridge/soma_cube_rl_bridge/srv/detail/get_safety_state__builder.hpp
[1.956s] -- Up-to-date: /home/jack/ros2_ws/install/soma_cube_rl_bridge/include/soma_cube_rl_bridge/soma_cube_rl_bridge/srv/detail/get_safety_state__type_support.hpp
[1.956s] -- Up-to-date: /home/jack/ros2_ws/install/soma_cube_rl_bridge/include/soma_cube_rl_bridge/soma_cube_rl_bridge/srv/detail/rl_reset__builder.hpp
[1.956s] -- Up-to-date: /home/jack/ros2_ws/install/soma_cube_rl_bridge/include/soma_cube_rl_bridge/soma_cube_rl_bridge/srv/detail/get_safety_state__traits.hpp
[1.956s] -- Up-to-date: /home/jack/ros2_ws/install/soma_cube_rl_bridge/include/soma_cube_rl_bridge/soma_cube_rl_bridge/srv/detail/rl_step__builder.hpp
[1.956s] -- Up-to-date: /home/jack/ros2_ws/install/soma_cube_rl_bridge/include/soma_cube_rl_bridge/soma_cube_rl_bridge/srv/detail/rl_step__traits.hpp
[1.956s] -- Up-to-date: /home/jack/ros2_ws/install/soma_cube_rl_bridge/include/soma_cube_rl_bridge/soma_cube_rl_bridge/srv/detail/rl_reset__struct.hpp
[1.956s] -- Up-to-date: /home/jack/ros2_ws/install/soma_cube_rl_bridge/include/soma_cube_rl_bridge/soma_cube_rl_bridge/srv/detail/rl_step__type_support.hpp
[1.957s] -- Up-to-date: /home/jack/ros2_ws/install/soma_cube_rl_bridge/include/soma_cube_rl_bridge/soma_cube_rl_bridge/srv/detail/get_safety_state__struct.hpp
[1.957s] -- Up-to-date: /home/jack/ros2_ws/install/soma_cube_rl_bridge/include/soma_cube_rl_bridge/soma_cube_rl_bridge/srv/detail/rl_step__struct.hpp
[1.957s] -- Up-to-date: /home/jack/ros2_ws/install/soma_cube_rl_bridge/include/soma_cube_rl_bridge/soma_cube_rl_bridge/srv/rl_step.hpp
[1.957s] -- Up-to-date: /home/jack/ros2_ws/install/soma_cube_rl_bridge/include/soma_cube_rl_bridge/soma_cube_rl_bridge/srv/rl_reset.hpp
[1.958s] -- Up-to-date: /home/jack/ros2_ws/install/soma_cube_rl_bridge/include/soma_cube_rl_bridge/soma_cube_rl_bridge/srv/get_safety_state.hpp
[1.958s] -- Up-to-date: /home/jack/ros2_ws/install/soma_cube_rl_bridge/include/soma_cube_rl_bridge/soma_cube_rl_bridge/msg
[1.958s] -- Up-to-date: /home/jack/ros2_ws/install/soma_cube_rl_bridge/include/soma_cube_rl_bridge/soma_cube_rl_bridge/msg/detail
[1.958s] -- Up-to-date: /home/jack/ros2_ws/install/soma_cube_rl_bridge/include/soma_cube_rl_bridge/soma_cube_rl_bridge/msg/detail/rl_observation__builder.hpp
[1.958s] -- Up-to-date: /home/jack/ros2_ws/install/soma_cube_rl_bridge/include/soma_cube_rl_bridge/soma_cube_rl_bridge/msg/detail/rl_observation__type_support.hpp
[1.959s] -- Up-to-date: /home/jack/ros2_ws/install/soma_cube_rl_bridge/include/soma_cube_rl_bridge/soma_cube_rl_bridge/msg/detail/rl_observation__traits.hpp
[1.959s] -- Up-to-date: /home/jack/ros2_ws/install/soma_cube_rl_bridge/include/soma_cube_rl_bridge/soma_cube_rl_bridge/msg/detail/rl_observation__struct.hpp
[1.959s] -- Up-to-date: /home/jack/ros2_ws/install/soma_cube_rl_bridge/include/soma_cube_rl_bridge/soma_cube_rl_bridge/msg/detail/safety_state__builder.hpp
[1.959s] -- Up-to-date: /home/jack/ros2_ws/install/soma_cube_rl_bridge/include/soma_cube_rl_bridge/soma_cube_rl_bridge/msg/detail/safety_state__traits.hpp
[1.959s] -- Up-to-date: /home/jack/ros2_ws/install/soma_cube_rl_bridge/include/soma_cube_rl_bridge/soma_cube_rl_bridge/msg/detail/safety_state__struct.hpp
[1.959s] -- Up-to-date: /home/jack/ros2_ws/install/soma_cube_rl_bridge/include/soma_cube_rl_bridge/soma_cube_rl_bridge/msg/detail/safety_state__type_support.hpp
[1.959s] -- Up-to-date: /home/jack/ros2_ws/install/soma_cube_rl_bridge/include/soma_cube_rl_bridge/soma_cube_rl_bridge/msg/safety_state.hpp
[1.959s] -- Up-to-date: /home/jack/ros2_ws/install/soma_cube_rl_bridge/include/soma_cube_rl_bridge/soma_cube_rl_bridge/msg/rosidl_generator_cpp__visibility_control.hpp
[1.959s] -- Up-to-date: /home/jack/ros2_ws/install/soma_cube_rl_bridge/include/soma_cube_rl_bridge/soma_cube_rl_bridge/msg/rl_observation.hpp
[1.959s] -- Up-to-date: /home/jack/ros2_ws/install/soma_cube_rl_bridge/include/soma_cube_rl_bridge/soma_cube_rl_bridge
[1.959s] -- Up-to-date: /home/jack/ros2_ws/install/soma_cube_rl_bridge/include/soma_cube_rl_bridge/soma_cube_rl_bridge/srv
[1.959s] -- Up-to-date: /home/jack/ros2_ws/install/soma_cube_rl_bridge/include/soma_cube_rl_bridge/soma_cube_rl_bridge/srv/detail
[1.959s] -- Up-to-date: /home/jack/ros2_ws/install/soma_cube_rl_bridge/include/soma_cube_rl_bridge/soma_cube_rl_bridge/srv/detail/rl_step__rosidl_typesupport_fastrtps_cpp.hpp
[1.959s] -- Up-to-date: /home/jack/ros2_ws/install/soma_cube_rl_bridge/include/soma_cube_rl_bridge/soma_cube_rl_bridge/srv/detail/dds_fastrtps
[1.959s] -- Up-to-date: /home/jack/ros2_ws/install/soma_cube_rl_bridge/include/soma_cube_rl_bridge/soma_cube_rl_bridge/srv/detail/get_safety_state__rosidl_typesupport_fastrtps_cpp.hpp
[1.959s] -- Up-to-date: /home/jack/ros2_ws/install/soma_cube_rl_bridge/include/soma_cube_rl_bridge/soma_cube_rl_bridge/srv/detail/rl_reset__rosidl_typesupport_fastrtps_cpp.hpp
[1.959s] -- Up-to-date: /home/jack/ros2_ws/install/soma_cube_rl_bridge/include/soma_cube_rl_bridge/soma_cube_rl_bridge/msg
[1.959s] -- Up-to-date: /home/jack/ros2_ws/install/soma_cube_rl_bridge/include/soma_cube_rl_bridge/soma_cube_rl_bridge/msg/detail
[1.960s] -- Up-to-date: /home/jack/ros2_ws/install/soma_cube_rl_bridge/include/soma_cube_rl_bridge/soma_cube_rl_bridge/msg/detail/dds_fastrtps
[1.960s] -- Up-to-date: /home/jack/ros2_ws/install/soma_cube_rl_bridge/include/soma_cube_rl_bridge/soma_cube_rl_bridge/msg/detail/rl_observation__rosidl_typesupport_fastrtps_cpp.hpp
[1.960s] -- Up-to-date: /home/jack/ros2_ws/install/soma_cube_rl_bridge/include/soma_cube_rl_bridge/soma_cube_rl_bridge/msg/detail/safety_state__rosidl_typesupport_fastrtps_cpp.hpp
[1.960s] -- Up-to-date: /home/jack/ros2_ws/install/soma_cube_rl_bridge/include/soma_cube_rl_bridge/soma_cube_rl_bridge/msg/rosidl_typesupport_fastrtps_cpp__visibility_control.h
[1.960s] -- Up-to-date: /home/jack/ros2_ws/install/soma_cube_rl_bridge/lib/libsoma_cube_rl_bridge__rosidl_typesupport_fastrtps_cpp.so
[1.960s] -- Up-to-date: /home/jack/ros2_ws/install/soma_cube_rl_bridge/include/soma_cube_rl_bridge/soma_cube_rl_bridge
[1.960s] -- Up-to-date: /home/jack/ros2_ws/install/soma_cube_rl_bridge/include/soma_cube_rl_bridge/soma_cube_rl_bridge/srv
[1.960s] -- Up-to-date: /home/jack/ros2_ws/install/soma_cube_rl_bridge/include/soma_cube_rl_bridge/soma_cube_rl_bridge/srv/detail
[1.960s] -- Up-to-date: /home/jack/ros2_ws/install/soma_cube_rl_bridge/include/soma_cube_rl_bridge/soma_cube_rl_bridge/srv/detail/rl_reset__type_support.c
[1.960s] -- Up-to-date: /home/jack/ros2_ws/install/soma_cube_rl_bridge/include/soma_cube_rl_bridge/soma_cube_rl_bridge/srv/detail/get_safety_state__rosidl_typesupport_introspection_c.h
[1.960s] -- Up-to-date: /home/jack/ros2_ws/install/soma_cube_rl_bridge/include/soma_cube_rl_bridge/soma_cube_rl_bridge/srv/detail/rl_reset__rosidl_typesupport_introspection_c.h
[1.960s] -- Up-to-date: /home/jack/ros2_ws/install/soma_cube_rl_bridge/include/soma_cube_rl_bridge/soma_cube_rl_bridge/srv/detail/get_safety_state__type_support.c
[1.960s] -- Up-to-date: /home/jack/ros2_ws/install/soma_cube_rl_bridge/include/soma_cube_rl_bridge/soma_cube_rl_bridge/srv/detail/rl_step__type_support.c
[1.965s] -- Up-to-date: /home/jack/ros2_ws/install/soma_cube_rl_bridge/include/soma_cube_rl_bridge/soma_cube_rl_bridge/srv/detail/rl_step__rosidl_typesupport_introspection_c.h
[1.965s] -- Up-to-date: /home/jack/ros2_ws/install/soma_cube_rl_bridge/include/soma_cube_rl_bridge/soma_cube_rl_bridge/msg
[1.965s] -- Up-to-date: /home/jack/ros2_ws/install/soma_cube_rl_bridge/include/soma_cube_rl_bridge/soma_cube_rl_bridge/msg/detail
[1.965s] -- Up-to-date: /home/jack/ros2_ws/install/soma_cube_rl_bridge/include/soma_cube_rl_bridge/soma_cube_rl_bridge/msg/detail/safety_state__type_support.c
[1.965s] -- Up-to-date: /home/jack/ros2_ws/install/soma_cube_rl_bridge/include/soma_cube_rl_bridge/soma_cube_rl_bridge/msg/detail/safety_state__rosidl_typesupport_introspection_c.h
[1.965s] -- Up-to-date: /home/jack/ros2_ws/install/soma_cube_rl_bridge/include/soma_cube_rl_bridge/soma_cube_rl_bridge/msg/detail/rl_observation__type_support.c
[1.965s] -- Up-to-date: /home/jack/ros2_ws/install/soma_cube_rl_bridge/include/soma_cube_rl_bridge/soma_cube_rl_bridge/msg/detail/rl_observation__rosidl_typesupport_introspection_c.h
[1.965s] -- Up-to-date: /home/jack/ros2_ws/install/soma_cube_rl_bridge/include/soma_cube_rl_bridge/soma_cube_rl_bridge/msg/rosidl_typesupport_introspection_c__visibility_control.h
[1.965s] -- Up-to-date: /home/jack/ros2_ws/install/soma_cube_rl_bridge/lib/libsoma_cube_rl_bridge__rosidl_typesupport_introspection_c.so
[1.965s] -- Up-to-date: /home/jack/ros2_ws/install/soma_cube_rl_bridge/lib/libsoma_cube_rl_bridge__rosidl_typesupport_c.so
[1.965s] -- Up-to-date: /home/jack/ros2_ws/install/soma_cube_rl_bridge/include/soma_cube_rl_bridge/soma_cube_rl_bridge
[1.966s] -- Up-to-date: /home/jack/ros2_ws/install/soma_cube_rl_bridge/include/soma_cube_rl_bridge/soma_cube_rl_bridge/srv
[1.966s] -- Up-to-date: /home/jack/ros2_ws/install/soma_cube_rl_bridge/include/soma_cube_rl_bridge/soma_cube_rl_bridge/srv/detail
[1.966s] -- Up-to-date: /home/jack/ros2_ws/install/soma_cube_rl_bridge/include/soma_cube_rl_bridge/soma_cube_rl_bridge/srv/detail/rl_reset__rosidl_typesupport_introspection_cpp.hpp
[1.966s] -- Up-to-date: /home/jack/ros2_ws/install/soma_cube_rl_bridge/include/soma_cube_rl_bridge/soma_cube_rl_bridge/srv/detail/get_safety_state__rosidl_typesupport_introspection_cpp.hpp
[1.966s] -- Up-to-date: /home/jack/ros2_ws/install/soma_cube_rl_bridge/include/soma_cube_rl_bridge/soma_cube_rl_bridge/srv/detail/rl_step__rosidl_typesupport_introspection_cpp.hpp
[1.966s] -- Up-to-date: /home/jack/ros2_ws/install/soma_cube_rl_bridge/include/soma_cube_rl_bridge/soma_cube_rl_bridge/srv/detail/rl_step__type_support.cpp
[1.966s] -- Up-to-date: /home/jack/ros2_ws/install/soma_cube_rl_bridge/include/soma_cube_rl_bridge/soma_cube_rl_bridge/srv/detail/get_safety_state__type_support.cpp
[1.966s] -- Up-to-date: /home/jack/ros2_ws/install/soma_cube_rl_bridge/include/soma_cube_rl_bridge/soma_cube_rl_bridge/srv/detail/rl_reset__type_support.cpp
[1.966s] -- Up-to-date: /home/jack/ros2_ws/install/soma_cube_rl_bridge/include/soma_cube_rl_bridge/soma_cube_rl_bridge/msg
[1.966s] -- Up-to-date: /home/jack/ros2_ws/install/soma_cube_rl_bridge/include/soma_cube_rl_bridge/soma_cube_rl_bridge/msg/detail
[1.966s] -- Up-to-date: /home/jack/ros2_ws/install/soma_cube_rl_bridge/include/soma_cube_rl_bridge/soma_cube_rl_bridge/msg/detail/rl_observation__rosidl_typesupport_introspection_cpp.hpp
[1.966s] -- Up-to-date: /home/jack/ros2_ws/install/soma_cube_rl_bridge/include/soma_cube_rl_bridge/soma_cube_rl_bridge/msg/detail/safety_state__rosidl_typesupport_introspection_cpp.hpp
[1.966s] -- Up-to-date: /home/jack/ros2_ws/install/soma_cube_rl_bridge/include/soma_cube_rl_bridge/soma_cube_rl_bridge/msg/detail/safety_state__type_support.cpp
[1.966s] -- Up-to-date: /home/jack/ros2_ws/install/soma_cube_rl_bridge/include/soma_cube_rl_bridge/soma_cube_rl_bridge/msg/detail/rl_observation__type_support.cpp
[1.966s] -- Up-to-date: /home/jack/ros2_ws/install/soma_cube_rl_bridge/lib/libsoma_cube_rl_bridge__rosidl_typesupport_introspection_cpp.so
[1.966s] -- Up-to-date: /home/jack/ros2_ws/install/soma_cube_rl_bridge/lib/libsoma_cube_rl_bridge__rosidl_typesupport_cpp.so
[1.966s] -- Up-to-date: /home/jack/ros2_ws/install/soma_cube_rl_bridge/share/soma_cube_rl_bridge/environment/pythonpath.sh
[1.966s] -- Installing: /home/jack/ros2_ws/install/soma_cube_rl_bridge/share/soma_cube_rl_bridge/environment/pythonpath.dsv
[1.967s] -- Up-to-date: /home/jack/ros2_ws/install/soma_cube_rl_bridge/local/lib/python3.10/dist-packages/soma_cube_rl_bridge-1.0.0-py3.10.egg-info
[1.967s] -- Installing: /home/jack/ros2_ws/install/soma_cube_rl_bridge/local/lib/python3.10/dist-packages/soma_cube_rl_bridge-1.0.0-py3.10.egg-info/SOURCES.txt
[1.967s] -- Installing: /home/jack/ros2_ws/install/soma_cube_rl_bridge/local/lib/python3.10/dist-packages/soma_cube_rl_bridge-1.0.0-py3.10.egg-info/PKG-INFO
[1.967s] -- Installing: /home/jack/ros2_ws/install/soma_cube_rl_bridge/local/lib/python3.10/dist-packages/soma_cube_rl_bridge-1.0.0-py3.10.egg-info/dependency_links.txt
[1.967s] -- Installing: /home/jack/ros2_ws/install/soma_cube_rl_bridge/local/lib/python3.10/dist-packages/soma_cube_rl_bridge-1.0.0-py3.10.egg-info/top_level.txt
[1.967s] -- Up-to-date: /home/jack/ros2_ws/install/soma_cube_rl_bridge/local/lib/python3.10/dist-packages/soma_cube_rl_bridge
[1.967s] -- Up-to-date: /home/jack/ros2_ws/install/soma_cube_rl_bridge/local/lib/python3.10/dist-packages/soma_cube_rl_bridge/soma_cube_rl_bridge_s__rosidl_typesupport_c.cpython-310-x86_64-linux-gnu.so
[1.967s] -- Up-to-date: /home/jack/ros2_ws/install/soma_cube_rl_bridge/local/lib/python3.10/dist-packages/soma_cube_rl_bridge/libsoma_cube_rl_bridge__rosidl_generator_py.so
[1.967s] -- Up-to-date: /home/jack/ros2_ws/install/soma_cube_rl_bridge/local/lib/python3.10/dist-packages/soma_cube_rl_bridge/soma_cube_rl_bridge_s__rosidl_typesupport_fastrtps_c.cpython-310-x86_64-linux-gnu.so
[1.967s] -- Up-to-date: /home/jack/ros2_ws/install/soma_cube_rl_bridge/local/lib/python3.10/dist-packages/soma_cube_rl_bridge/srv
[1.967s] -- Up-to-date: /home/jack/ros2_ws/install/soma_cube_rl_bridge/local/lib/python3.10/dist-packages/soma_cube_rl_bridge/srv/_rl_step_s.c
[1.967s] -- Up-to-date: /home/jack/ros2_ws/install/soma_cube_rl_bridge/local/lib/python3.10/dist-packages/soma_cube_rl_bridge/srv/_get_safety_state_s.c
[1.967s] -- Up-to-date: /home/jack/ros2_ws/install/soma_cube_rl_bridge/local/lib/python3.10/dist-packages/soma_cube_rl_bridge/srv/_rl_reset_s.c
[1.967s] -- Up-to-date: /home/jack/ros2_ws/install/soma_cube_rl_bridge/local/lib/python3.10/dist-packages/soma_cube_rl_bridge/srv/__init__.py
[1.967s] -- Up-to-date: /home/jack/ros2_ws/install/soma_cube_rl_bridge/local/lib/python3.10/dist-packages/soma_cube_rl_bridge/srv/_rl_reset.py
[1.967s] -- Up-to-date: /home/jack/ros2_ws/install/soma_cube_rl_bridge/local/lib/python3.10/dist-packages/soma_cube_rl_bridge/srv/_rl_step.py
[1.967s] -- Up-to-date: /home/jack/ros2_ws/install/soma_cube_rl_bridge/local/lib/python3.10/dist-packages/soma_cube_rl_bridge/srv/_get_safety_state.py
[1.967s] -- Up-to-date: /home/jack/ros2_ws/install/soma_cube_rl_bridge/local/lib/python3.10/dist-packages/soma_cube_rl_bridge/msg
[1.967s] -- Up-to-date: /home/jack/ros2_ws/install/soma_cube_rl_bridge/local/lib/python3.10/dist-packages/soma_cube_rl_bridge/msg/_rl_observation.py
[1.968s] -- Up-to-date: /home/jack/ros2_ws/install/soma_cube_rl_bridge/local/lib/python3.10/dist-packages/soma_cube_rl_bridge/msg/_safety_state_s.c
[1.968s] -- Up-to-date: /home/jack/ros2_ws/install/soma_cube_rl_bridge/local/lib/python3.10/dist-packages/soma_cube_rl_bridge/msg/_rl_observation_s.c
[1.968s] -- Up-to-date: /home/jack/ros2_ws/install/soma_cube_rl_bridge/local/lib/python3.10/dist-packages/soma_cube_rl_bridge/msg/__init__.py
[1.968s] -- Up-to-date: /home/jack/ros2_ws/install/soma_cube_rl_bridge/local/lib/python3.10/dist-packages/soma_cube_rl_bridge/msg/_safety_state.py
[1.968s] -- Installing: /home/jack/ros2_ws/install/soma_cube_rl_bridge/local/lib/python3.10/dist-packages/soma_cube_rl_bridge/__init__.py
[1.968s] -- Up-to-date: /home/jack/ros2_ws/install/soma_cube_rl_bridge/local/lib/python3.10/dist-packages/soma_cube_rl_bridge/_soma_cube_rl_bridge_s.ep.rosidl_typesupport_c.c
[1.968s] -- Up-to-date: /home/jack/ros2_ws/install/soma_cube_rl_bridge/local/lib/python3.10/dist-packages/soma_cube_rl_bridge/_soma_cube_rl_bridge_s.ep.rosidl_typesupport_introspection_c.c
[1.968s] -- Up-to-date: /home/jack/ros2_ws/install/soma_cube_rl_bridge/local/lib/python3.10/dist-packages/soma_cube_rl_bridge/soma_cube_rl_bridge_s__rosidl_typesupport_introspection_c.cpython-310-x86_64-linux-gnu.so
[1.968s] -- Up-to-date: /home/jack/ros2_ws/install/soma_cube_rl_bridge/local/lib/python3.10/dist-packages/soma_cube_rl_bridge/_soma_cube_rl_bridge_s.ep.rosidl_typesupport_fastrtps_c.c
[2.000s] Listing '/home/jack/ros2_ws/install/soma_cube_rl_bridge/local/lib/python3.10/dist-packages/soma_cube_rl_bridge'...
[2.000s] Compiling '/home/jack/ros2_ws/install/soma_cube_rl_bridge/local/lib/python3.10/dist-packages/soma_cube_rl_bridge/__init__.py'...
[2.000s] Listing '/home/jack/ros2_ws/install/soma_cube_rl_bridge/local/lib/python3.10/dist-packages/soma_cube_rl_bridge/msg'...
[2.000s] Listing '/home/jack/ros2_ws/install/soma_cube_rl_bridge/local/lib/python3.10/dist-packages/soma_cube_rl_bridge/srv'...
[2.001s] -- Up-to-date: /home/jack/ros2_ws/install/soma_cube_rl_bridge/local/lib/python3.10/dist-packages/soma_cube_rl_bridge/soma_cube_rl_bridge_s__rosidl_typesupport_fastrtps_c.cpython-310-x86_64-linux-gnu.so
[2.002s] -- Up-to-date: /home/jack/ros2_ws/install/soma_cube_rl_bridge/local/lib/python3.10/dist-packages/soma_cube_rl_bridge/soma_cube_rl_bridge_s__rosidl_typesupport_introspection_c.cpython-310-x86_64-linux-gnu.so
[2.002s] -- Up-to-date: /home/jack/ros2_ws/install/soma_cube_rl_bridge/local/lib/python3.10/dist-packages/soma_cube_rl_bridge/soma_cube_rl_bridge_s__rosidl_typesupport_c.cpython-310-x86_64-linux-gnu.so
[2.003s] -- Up-to-date: /home/jack/ros2_ws/install/soma_cube_rl_bridge/lib/libsoma_cube_rl_bridge__rosidl_generator_py.so
[2.003s] -- Up-to-date: /home/jack/ros2_ws/install/soma_cube_rl_bridge/share/soma_cube_rl_bridge/srv/RLReset.idl
[2.003s] -- Up-to-date: /home/jack/ros2_ws/install/soma_cube_rl_bridge/share/soma_cube_rl_bridge/srv/RLStep.idl
[2.004s] -- Up-to-date: /home/jack/ros2_ws/install/soma_cube_rl_bridge/share/soma_cube_rl_bridge/srv/GetSafetyState.idl
[2.005s] -- Up-to-date: /home/jack/ros2_ws/install/soma_cube_rl_bridge/share/soma_cube_rl_bridge/msg/RLObservation.idl
[2.005s] -- Up-to-date: /home/jack/ros2_ws/install/soma_cube_rl_bridge/share/soma_cube_rl_bridge/msg/SafetyState.idl
[2.005s] -- Up-to-date: /home/jack/ros2_ws/install/soma_cube_rl_bridge/share/soma_cube_rl_bridge/srv/RLReset.srv
[2.006s] -- Up-to-date: /home/jack/ros2_ws/install/soma_cube_rl_bridge/share/soma_cube_rl_bridge/srv/RLReset_Request.msg
[2.006s] -- Up-to-date: /home/jack/ros2_ws/install/soma_cube_rl_bridge/share/soma_cube_rl_bridge/srv/RLReset_Response.msg
[2.006s] -- Up-to-date: /home/jack/ros2_ws/install/soma_cube_rl_bridge/share/soma_cube_rl_bridge/srv/RLStep.srv
[2.006s] -- Up-to-date: /home/jack/ros2_ws/install/soma_cube_rl_bridge/share/soma_cube_rl_bridge/srv/RLStep_Request.msg
[2.006s] -- Up-to-date: /home/jack/ros2_ws/install/soma_cube_rl_bridge/share/soma_cube_rl_bridge/srv/RLStep_Response.msg
[2.006s] -- Up-to-date: /home/jack/ros2_ws/install/soma_cube_rl_bridge/share/soma_cube_rl_bridge/srv/GetSafetyState.srv
[2.006s] -- Up-to-date: /home/jack/ros2_ws/install/soma_cube_rl_bridge/share/soma_cube_rl_bridge/srv/GetSafetyState_Request.msg
[2.006s] -- Up-to-date: /home/jack/ros2_ws/install/soma_cube_rl_bridge/share/soma_cube_rl_bridge/srv/GetSafetyState_Response.msg
[2.006s] -- Up-to-date: /home/jack/ros2_ws/install/soma_cube_rl_bridge/share/soma_cube_rl_bridge/msg/RLObservation.msg
[2.006s] -- Up-to-date: /home/jack/ros2_ws/install/soma_cube_rl_bridge/share/soma_cube_rl_bridge/msg/SafetyState.msg
[2.006s] -- Up-to-date: /home/jack/ros2_ws/install/soma_cube_rl_bridge/lib/soma_cube_rl_bridge/motion_proxy_node
[2.006s] -- Up-to-date: /home/jack/ros2_ws/install/soma_cube_rl_bridge/lib/soma_cube_rl_bridge/safety_monitor_node
[2.006s] -- Up-to-date: /home/jack/ros2_ws/install/soma_cube_rl_bridge/lib/soma_cube_rl_bridge/rl_env_node
[2.006s] -- Up-to-date: /home/jack/ros2_ws/install/soma_cube_rl_bridge/share/soma_cube_rl_bridge/launch
[2.007s] -- Up-to-date: /home/jack/ros2_ws/install/soma_cube_rl_bridge/share/soma_cube_rl_bridge/launch/soma_cube_rl.launch.py
[2.007s] -- Up-to-date: /home/jack/ros2_ws/install/soma_cube_rl_bridge/share/soma_cube_rl_bridge/config
[2.007s] -- Up-to-date: /home/jack/ros2_ws/install/soma_cube_rl_bridge/share/soma_cube_rl_bridge/config/soma_cube_rl_real.yaml
[2.007s] -- Up-to-date: /home/jack/ros2_ws/install/soma_cube_rl_bridge/share/soma_cube_rl_bridge/config/soma_cube_rl_sim.yaml
[2.007s] -- Installing: /home/jack/ros2_ws/install/soma_cube_rl_bridge/share/soma_cube_rl_bridge/training_system
[2.010s] -- Installing: /home/jack/ros2_ws/install/soma_cube_rl_bridge/share/soma_cube_rl_bridge/training_system/soma_cube_rl_training
[2.010s] -- Installing: /home/jack/ros2_ws/install/soma_cube_rl_bridge/share/soma_cube_rl_bridge/training_system/soma_cube_rl_training/__init__.py
[2.010s] -- Installing: /home/jack/ros2_ws/install/soma_cube_rl_bridge/share/soma_cube_rl_bridge/training_system/soma_cube_rl_training/sac_trainer.py
[2.011s] -- Installing: /home/jack/ros2_ws/install/soma_cube_rl_bridge/share/soma_cube_rl_bridge/training_system/soma_cube_rl_training/demo_training.py
[2.011s] -- Installing: /home/jack/ros2_ws/install/soma_cube_rl_bridge/share/soma_cube_rl_bridge/training_system/soma_cube_rl_training/rl_client.py
[2.011s] -- Installing: /home/jack/ros2_ws/install/soma_cube_rl_bridge/share/soma_cube_rl_bridge/training_system/soma_cube_rl_training/train_somacube.py
[2.011s] -- Installing: /home/jack/ros2_ws/install/soma_cube_rl_bridge/share/soma_cube_rl_bridge/training_system/setup.cfg
[2.011s] -- Installing: /home/jack/ros2_ws/install/soma_cube_rl_bridge/share/soma_cube_rl_bridge/training_system/requirements.txt
[2.011s] -- Installing: /home/jack/ros2_ws/install/soma_cube_rl_bridge/share/soma_cube_rl_bridge/training_system/package.xml
[2.011s] -- Installing: /home/jack/ros2_ws/install/soma_cube_rl_bridge/share/soma_cube_rl_bridge/training_system/resource
[2.011s] -- Installing: /home/jack/ros2_ws/install/soma_cube_rl_bridge/share/soma_cube_rl_bridge/training_system/resource/soma_cube_training_system
[2.011s] -- Installing: /home/jack/ros2_ws/install/soma_cube_rl_bridge/share/soma_cube_rl_bridge/training_system/EXECUTION_GUIDE.md
[2.011s] -- Installing: /home/jack/ros2_ws/install/soma_cube_rl_bridge/share/soma_cube_rl_bridge/training_system/setup.py
[2.011s] -- Up-to-date: /home/jack/ros2_ws/install/soma_cube_rl_bridge/include/soma_cube_rl_bridge
[2.011s] -- Up-to-date: /home/jack/ros2_ws/install/soma_cube_rl_bridge/include/soma_cube_rl_bridge/rl_env_node.hpp
[2.011s] -- Up-to-date: /home/jack/ros2_ws/install/soma_cube_rl_bridge/include/soma_cube_rl_bridge/motion_proxy_node.hpp
[2.011s] -- Up-to-date: /home/jack/ros2_ws/install/soma_cube_rl_bridge/include/soma_cube_rl_bridge/safety_monitor_node.hpp
[2.011s] -- Up-to-date: /home/jack/ros2_ws/install/soma_cube_rl_bridge/share/ament_index/resource_index/package_run_dependencies/soma_cube_rl_bridge
[2.011s] -- Up-to-date: /home/jack/ros2_ws/install/soma_cube_rl_bridge/share/ament_index/resource_index/parent_prefix_path/soma_cube_rl_bridge
[2.011s] -- Up-to-date: /home/jack/ros2_ws/install/soma_cube_rl_bridge/share/soma_cube_rl_bridge/environment/ament_prefix_path.sh
[2.011s] -- Installing: /home/jack/ros2_ws/install/soma_cube_rl_bridge/share/soma_cube_rl_bridge/environment/ament_prefix_path.dsv
[2.012s] -- Up-to-date: /home/jack/ros2_ws/install/soma_cube_rl_bridge/share/soma_cube_rl_bridge/environment/path.sh
[2.012s] -- Installing: /home/jack/ros2_ws/install/soma_cube_rl_bridge/share/soma_cube_rl_bridge/environment/path.dsv
[2.012s] -- Up-to-date: /home/jack/ros2_ws/install/soma_cube_rl_bridge/share/soma_cube_rl_bridge/local_setup.bash
[2.012s] -- Up-to-date: /home/jack/ros2_ws/install/soma_cube_rl_bridge/share/soma_cube_rl_bridge/local_setup.sh
[2.012s] -- Up-to-date: /home/jack/ros2_ws/install/soma_cube_rl_bridge/share/soma_cube_rl_bridge/local_setup.zsh
[2.012s] -- Installing: /home/jack/ros2_ws/install/soma_cube_rl_bridge/share/soma_cube_rl_bridge/local_setup.dsv
[2.012s] -- Installing: /home/jack/ros2_ws/install/soma_cube_rl_bridge/share/soma_cube_rl_bridge/package.dsv
[2.012s] -- Up-to-date: /home/jack/ros2_ws/install/soma_cube_rl_bridge/share/ament_index/resource_index/packages/soma_cube_rl_bridge
[2.013s] -- Up-to-date: /home/jack/ros2_ws/install/soma_cube_rl_bridge/share/soma_cube_rl_bridge/cmake/export_soma_cube_rl_bridge__rosidl_generator_cExport.cmake
[2.013s] -- Up-to-date: /home/jack/ros2_ws/install/soma_cube_rl_bridge/share/soma_cube_rl_bridge/cmake/export_soma_cube_rl_bridge__rosidl_generator_cExport-noconfig.cmake
[2.013s] -- Up-to-date: /home/jack/ros2_ws/install/soma_cube_rl_bridge/share/soma_cube_rl_bridge/cmake/export_soma_cube_rl_bridge__rosidl_typesupport_fastrtps_cExport.cmake
[2.013s] -- Up-to-date: /home/jack/ros2_ws/install/soma_cube_rl_bridge/share/soma_cube_rl_bridge/cmake/export_soma_cube_rl_bridge__rosidl_typesupport_fastrtps_cExport-noconfig.cmake
[2.014s] -- Up-to-date: /home/jack/ros2_ws/install/soma_cube_rl_bridge/share/soma_cube_rl_bridge/cmake/export_soma_cube_rl_bridge__rosidl_generator_cppExport.cmake
[2.014s] -- Up-to-date: /home/jack/ros2_ws/install/soma_cube_rl_bridge/share/soma_cube_rl_bridge/cmake/export_soma_cube_rl_bridge__rosidl_typesupport_fastrtps_cppExport.cmake
[2.014s] -- Up-to-date: /home/jack/ros2_ws/install/soma_cube_rl_bridge/share/soma_cube_rl_bridge/cmake/export_soma_cube_rl_bridge__rosidl_typesupport_fastrtps_cppExport-noconfig.cmake
[2.014s] -- Up-to-date: /home/jack/ros2_ws/install/soma_cube_rl_bridge/share/soma_cube_rl_bridge/cmake/soma_cube_rl_bridge__rosidl_typesupport_introspection_cExport.cmake
[2.015s] -- Up-to-date: /home/jack/ros2_ws/install/soma_cube_rl_bridge/share/soma_cube_rl_bridge/cmake/soma_cube_rl_bridge__rosidl_typesupport_introspection_cExport-noconfig.cmake
[2.015s] -- Up-to-date: /home/jack/ros2_ws/install/soma_cube_rl_bridge/share/soma_cube_rl_bridge/cmake/soma_cube_rl_bridge__rosidl_typesupport_cExport.cmake
[2.015s] -- Up-to-date: /home/jack/ros2_ws/install/soma_cube_rl_bridge/share/soma_cube_rl_bridge/cmake/soma_cube_rl_bridge__rosidl_typesupport_cExport-noconfig.cmake
[2.017s] -- Up-to-date: /home/jack/ros2_ws/install/soma_cube_rl_bridge/share/soma_cube_rl_bridge/cmake/soma_cube_rl_bridge__rosidl_typesupport_introspection_cppExport.cmake
[2.017s] -- Up-to-date: /home/jack/ros2_ws/install/soma_cube_rl_bridge/share/soma_cube_rl_bridge/cmake/soma_cube_rl_bridge__rosidl_typesupport_introspection_cppExport-noconfig.cmake
[2.017s] -- Up-to-date: /home/jack/ros2_ws/install/soma_cube_rl_bridge/share/soma_cube_rl_bridge/cmake/soma_cube_rl_bridge__rosidl_typesupport_cppExport.cmake
[2.017s] -- Up-to-date: /home/jack/ros2_ws/install/soma_cube_rl_bridge/share/soma_cube_rl_bridge/cmake/soma_cube_rl_bridge__rosidl_typesupport_cppExport-noconfig.cmake
[2.018s] -- Up-to-date: /home/jack/ros2_ws/install/soma_cube_rl_bridge/share/soma_cube_rl_bridge/cmake/export_soma_cube_rl_bridge__rosidl_generator_pyExport.cmake
[2.018s] -- Up-to-date: /home/jack/ros2_ws/install/soma_cube_rl_bridge/share/soma_cube_rl_bridge/cmake/export_soma_cube_rl_bridge__rosidl_generator_pyExport-noconfig.cmake
[2.018s] -- Up-to-date: /home/jack/ros2_ws/install/soma_cube_rl_bridge/share/soma_cube_rl_bridge/cmake/rosidl_cmake-extras.cmake
[2.018s] -- Up-to-date: /home/jack/ros2_ws/install/soma_cube_rl_bridge/share/soma_cube_rl_bridge/cmake/ament_cmake_export_dependencies-extras.cmake
[2.018s] -- Up-to-date: /home/jack/ros2_ws/install/soma_cube_rl_bridge/share/soma_cube_rl_bridge/cmake/ament_cmake_export_include_directories-extras.cmake
[2.018s] -- Up-to-date: /home/jack/ros2_ws/install/soma_cube_rl_bridge/share/soma_cube_rl_bridge/cmake/ament_cmake_export_libraries-extras.cmake
[2.018s] -- Up-to-date: /home/jack/ros2_ws/install/soma_cube_rl_bridge/share/soma_cube_rl_bridge/cmake/ament_cmake_export_targets-extras.cmake
[2.018s] -- Up-to-date: /home/jack/ros2_ws/install/soma_cube_rl_bridge/share/soma_cube_rl_bridge/cmake/rosidl_cmake_export_typesupport_targets-extras.cmake
[2.018s] -- Up-to-date: /home/jack/ros2_ws/install/soma_cube_rl_bridge/share/soma_cube_rl_bridge/cmake/rosidl_cmake_export_typesupport_libraries-extras.cmake
[2.018s] -- Up-to-date: /home/jack/ros2_ws/install/soma_cube_rl_bridge/share/soma_cube_rl_bridge/cmake/soma_cube_rl_bridgeConfig.cmake
[2.018s] -- Up-to-date: /home/jack/ros2_ws/install/soma_cube_rl_bridge/share/soma_cube_rl_bridge/cmake/soma_cube_rl_bridgeConfig-version.cmake
[2.018s] -- Up-to-date: /home/jack/ros2_ws/install/soma_cube_rl_bridge/share/soma_cube_rl_bridge/package.xml
[2.024s] Invoked command in '/home/jack/ros2_ws/build/soma_cube_rl_bridge' returned '0': AMENT_PREFIX_PATH=/home/jack/ros2_ws/install/dsr_msgs2:/home/jack/ros2_ws/install/dsr_common2:${AMENT_PREFIX_PATH} CMAKE_PREFIX_PATH=/home/jack/ros2_ws/install/dsr_msgs2:/home/jack/ros2_ws/install/dsr_common2:/opt/ros/humble LD_LIBRARY_PATH=/home/jack/ros2_ws/install/dsr_msgs2/lib:${LD_LIBRARY_PATH} PYTHONPATH=/home/jack/ros2_ws/install/dsr_msgs2/local/lib/python3.10/dist-packages:${PYTHONPATH} /usr/bin/cmake --install /home/jack/ros2_ws/build/soma_cube_rl_bridge
