[0.054s] Invoking command in '/home/jack/ros2_ws/build/dsr_description2': CMAKE_PREFIX_PATH=/home/jack/ros2_ws/install/rokey:/home/jack/ros2_ws/install/pick_and_place_voice:/home/jack/ros2_ws/install/pick_and_place_text:/home/jack/ros2_ws/install/m0609_block_assembly_rl:/home/jack/ros2_ws/install/dsr_visualservoing:/home/jack/ros2_ws/install/dsr_bringup2:/home/jack/ros2_ws/install/dsr_example:/opt/ros/humble:${CMAKE_PREFIX_PATH} /usr/bin/cmake --build /home/jack/ros2_ws/build/dsr_description2 -- -j16 -l16
[0.543s] Invoked command in '/home/jack/ros2_ws/build/dsr_description2' returned '0': CMAKE_PREFIX_PATH=/home/jack/ros2_ws/install/rokey:/home/jack/ros2_ws/install/pick_and_place_voice:/home/jack/ros2_ws/install/pick_and_place_text:/home/jack/ros2_ws/install/m0609_block_assembly_rl:/home/jack/ros2_ws/install/dsr_visualservoing:/home/jack/ros2_ws/install/dsr_bringup2:/home/jack/ros2_ws/install/dsr_example:/opt/ros/humble:${CMAKE_PREFIX_PATH} /usr/bin/cmake --build /home/jack/ros2_ws/build/dsr_description2 -- -j16 -l16
[0.544s] Invoking command in '/home/jack/ros2_ws/build/dsr_description2': CMAKE_PREFIX_PATH=/home/jack/ros2_ws/install/rokey:/home/jack/ros2_ws/install/pick_and_place_voice:/home/jack/ros2_ws/install/pick_and_place_text:/home/jack/ros2_ws/install/m0609_block_assembly_rl:/home/jack/ros2_ws/install/dsr_visualservoing:/home/jack/ros2_ws/install/dsr_bringup2:/home/jack/ros2_ws/install/dsr_example:/opt/ros/humble:${CMAKE_PREFIX_PATH} /usr/bin/cmake --install /home/jack/ros2_ws/build/dsr_description2
[0.572s] -- Install configuration: ""
[0.572s] -- Up-to-date: /home/jack/ros2_ws/install/dsr_description2/share/dsr_description2/environment/dsr_description2_path.dsv
[0.572s] -- Up-to-date: /home/jack/ros2_ws/install/dsr_description2/share/ament_index/resource_index/package_run_dependencies/dsr_description2
[0.573s] -- Up-to-date: /home/jack/ros2_ws/install/dsr_description2/share/ament_index/resource_index/parent_prefix_path/dsr_description2
[0.573s] -- Up-to-date: /home/jack/ros2_ws/install/dsr_description2/share/dsr_description2/environment/ament_prefix_path.sh
[0.573s] -- Up-to-date: /home/jack/ros2_ws/install/dsr_description2/share/dsr_description2/environment/ament_prefix_path.dsv
[0.573s] -- Up-to-date: /home/jack/ros2_ws/install/dsr_description2/share/dsr_description2/environment/path.sh
[0.573s] -- Up-to-date: /home/jack/ros2_ws/install/dsr_description2/share/dsr_description2/environment/path.dsv
[0.573s] -- Up-to-date: /home/jack/ros2_ws/install/dsr_description2/share/dsr_description2/local_setup.bash
[0.573s] -- Up-to-date: /home/jack/ros2_ws/install/dsr_description2/share/dsr_description2/local_setup.sh
[0.573s] -- Up-to-date: /home/jack/ros2_ws/install/dsr_description2/share/dsr_description2/local_setup.zsh
[0.573s] -- Up-to-date: /home/jack/ros2_ws/install/dsr_description2/share/dsr_description2/local_setup.dsv
[0.573s] -- Installing: /home/jack/ros2_ws/install/dsr_description2/share/dsr_description2/package.dsv
[0.574s] -- Up-to-date: /home/jack/ros2_ws/install/dsr_description2/share/ament_index/resource_index/packages/dsr_description2
[0.574s] -- Up-to-date: /home/jack/ros2_ws/install/dsr_description2/share/dsr_description2/cmake/dsr_description2Config.cmake
[0.575s] -- Up-to-date: /home/jack/ros2_ws/install/dsr_description2/share/dsr_description2/cmake/dsr_description2Config-version.cmake
[0.575s] -- Up-to-date: /home/jack/ros2_ws/install/dsr_description2/share/dsr_description2/package.xml
[0.575s] -- Up-to-date: /home/jack/ros2_ws/install/dsr_description2/share/dsr_description2/meshes
[0.575s] -- Up-to-date: /home/jack/ros2_ws/install/dsr_description2/share/dsr_description2/meshes/p3020_collision
[0.575s] -- Up-to-date: /home/jack/ros2_ws/install/dsr_description2/share/dsr_description2/meshes/p3020_collision/4-4.STL
[0.575s] -- Up-to-date: /home/jack/ros2_ws/install/dsr_description2/share/dsr_description2/meshes/p3020_collision/2-5.STL
[0.575s] -- Up-to-date: /home/jack/ros2_ws/install/dsr_description2/share/dsr_description2/meshes/p3020_collision/2-1.STL
[0.575s] -- Up-to-date: /home/jack/ros2_ws/install/dsr_description2/share/dsr_description2/meshes/p3020_collision/1.STL
[0.576s] -- Up-to-date: /home/jack/ros2_ws/install/dsr_description2/share/dsr_description2/meshes/p3020_collision/2-3.STL
[0.576s] -- Up-to-date: /home/jack/ros2_ws/install/dsr_description2/share/dsr_description2/meshes/p3020_collision/3-1.STL
[0.576s] -- Up-to-date: /home/jack/ros2_ws/install/dsr_description2/share/dsr_description2/meshes/p3020_collision/4-2.STL
[0.577s] -- Up-to-date: /home/jack/ros2_ws/install/dsr_description2/share/dsr_description2/meshes/p3020_collision/6-2.STL
[0.577s] -- Up-to-date: /home/jack/ros2_ws/install/dsr_description2/share/dsr_description2/meshes/p3020_collision/3-8.STL
[0.578s] -- Up-to-date: /home/jack/ros2_ws/install/dsr_description2/share/dsr_description2/meshes/p3020_collision/3-4.STL
[0.578s] -- Up-to-date: /home/jack/ros2_ws/install/dsr_description2/share/dsr_description2/meshes/p3020_collision/3-7.STL
[0.578s] -- Up-to-date: /home/jack/ros2_ws/install/dsr_description2/share/dsr_description2/meshes/p3020_collision/7.STL
[0.578s] -- Up-to-date: /home/jack/ros2_ws/install/dsr_description2/share/dsr_description2/meshes/p3020_collision/4-3.STL
[0.578s] -- Up-to-date: /home/jack/ros2_ws/install/dsr_description2/share/dsr_description2/meshes/p3020_collision/3-3.STL
[0.578s] -- Up-to-date: /home/jack/ros2_ws/install/dsr_description2/share/dsr_description2/meshes/p3020_collision/2-2.STL
[0.578s] -- Up-to-date: /home/jack/ros2_ws/install/dsr_description2/share/dsr_description2/meshes/p3020_collision/2-4.STL
[0.578s] -- Up-to-date: /home/jack/ros2_ws/install/dsr_description2/share/dsr_description2/meshes/p3020_collision/6-3.STL
[0.579s] -- Up-to-date: /home/jack/ros2_ws/install/dsr_description2/share/dsr_description2/meshes/p3020_collision/3-5.STL
[0.590s] -- Up-to-date: /home/jack/ros2_ws/install/dsr_description2/share/dsr_description2/meshes/p3020_collision/4-1.STL
[0.590s] -- Up-to-date: /home/jack/ros2_ws/install/dsr_description2/share/dsr_description2/meshes/p3020_collision/6-1.STL
[0.591s] -- Up-to-date: /home/jack/ros2_ws/install/dsr_description2/share/dsr_description2/meshes/p3020_collision/3-2.STL
[0.591s] -- Up-to-date: /home/jack/ros2_ws/install/dsr_description2/share/dsr_description2/meshes/p3020_collision/3-6.STL
[0.592s] -- Up-to-date: /home/jack/ros2_ws/install/dsr_description2/share/dsr_description2/meshes/h2017_white
[0.593s] -- Up-to-date: /home/jack/ros2_ws/install/dsr_description2/share/dsr_description2/meshes/h2017_white/H2017_6_0.dae
[0.593s] -- Up-to-date: /home/jack/ros2_ws/install/dsr_description2/share/dsr_description2/meshes/h2017_white/H2017_5_0.dae
[0.593s] -- Up-to-date: /home/jack/ros2_ws/install/dsr_description2/share/dsr_description2/meshes/h2017_white/H2017_4_1.dae
[0.593s] -- Up-to-date: /home/jack/ros2_ws/install/dsr_description2/share/dsr_description2/meshes/h2017_white/H2017_2_2.dae
[0.593s] -- Up-to-date: /home/jack/ros2_ws/install/dsr_description2/share/dsr_description2/meshes/h2017_white/H2017_1_0.dae
[0.594s] -- Up-to-date: /home/jack/ros2_ws/install/dsr_description2/share/dsr_description2/meshes/h2017_white/H2017_3_0.dae
[0.594s] -- Up-to-date: /home/jack/ros2_ws/install/dsr_description2/share/dsr_description2/meshes/h2017_white/H2017_4_0.dae
[0.594s] -- Up-to-date: /home/jack/ros2_ws/install/dsr_description2/share/dsr_description2/meshes/h2017_white/H2017_2_0.dae
[0.594s] -- Up-to-date: /home/jack/ros2_ws/install/dsr_description2/share/dsr_description2/meshes/h2017_white/H2017_2_1.dae
[0.594s] -- Up-to-date: /home/jack/ros2_ws/install/dsr_description2/share/dsr_description2/meshes/h2017_white/H2017_0_0.dae
[0.594s] -- Up-to-date: /home/jack/ros2_ws/install/dsr_description2/share/dsr_description2/meshes/m1013_white
[0.595s] -- Up-to-date: /home/jack/ros2_ws/install/dsr_description2/share/dsr_description2/meshes/m1013_white/MF1013_6_0.dae
[0.595s] -- Up-to-date: /home/jack/ros2_ws/install/dsr_description2/share/dsr_description2/meshes/m1013_white/MF1013_5_0.dae
[0.595s] -- Up-to-date: /home/jack/ros2_ws/install/dsr_description2/share/dsr_description2/meshes/m1013_white/MF1013_3_0.dae
[0.595s] -- Up-to-date: /home/jack/ros2_ws/install/dsr_description2/share/dsr_description2/meshes/m1013_white/MF1013_1_0.dae
[0.595s] -- Up-to-date: /home/jack/ros2_ws/install/dsr_description2/share/dsr_description2/meshes/m1013_white/MF1013_0_0.dae
[0.595s] -- Up-to-date: /home/jack/ros2_ws/install/dsr_description2/share/dsr_description2/meshes/m1013_white/MF1013_2_2.dae
[0.596s] -- Up-to-date: /home/jack/ros2_ws/install/dsr_description2/share/dsr_description2/meshes/m1013_white/MF1013_2_1.dae
[0.596s] -- Up-to-date: /home/jack/ros2_ws/install/dsr_description2/share/dsr_description2/meshes/m1013_white/MF1013_2_0.dae
[0.596s] -- Up-to-date: /home/jack/ros2_ws/install/dsr_description2/share/dsr_description2/meshes/m1013_white/MF1013_4_0.dae
[0.596s] -- Up-to-date: /home/jack/ros2_ws/install/dsr_description2/share/dsr_description2/meshes/m1013_white/MF1013_4_1.dae
[0.596s] -- Up-to-date: /home/jack/ros2_ws/install/dsr_description2/share/dsr_description2/meshes/m1013_collision
[0.597s] -- Up-to-date: /home/jack/ros2_ws/install/dsr_description2/share/dsr_description2/meshes/m1013_collision/MF1013_6_0.dae
[0.597s] -- Up-to-date: /home/jack/ros2_ws/install/dsr_description2/share/dsr_description2/meshes/m1013_collision/MF1013_5_0.dae
[0.597s] -- Up-to-date: /home/jack/ros2_ws/install/dsr_description2/share/dsr_description2/meshes/m1013_collision/MF1013_3_0.dae
[0.597s] -- Up-to-date: /home/jack/ros2_ws/install/dsr_description2/share/dsr_description2/meshes/m1013_collision/MF1013_1_0.dae
[0.597s] -- Up-to-date: /home/jack/ros2_ws/install/dsr_description2/share/dsr_description2/meshes/m1013_collision/MF1013_0_0.dae
[0.597s] -- Up-to-date: /home/jack/ros2_ws/install/dsr_description2/share/dsr_description2/meshes/m1013_collision/MF1013_2_2.dae
[0.597s] -- Up-to-date: /home/jack/ros2_ws/install/dsr_description2/share/dsr_description2/meshes/m1013_collision/MF1013_2_1.dae
[0.597s] -- Up-to-date: /home/jack/ros2_ws/install/dsr_description2/share/dsr_description2/meshes/m1013_collision/MF1013_2_0.dae
[0.603s] -- Up-to-date: /home/jack/ros2_ws/install/dsr_description2/share/dsr_description2/meshes/m1013_collision/MF1013_4_0.dae
[0.603s] -- Up-to-date: /home/jack/ros2_ws/install/dsr_description2/share/dsr_description2/meshes/m1013_collision/MF1013_4_1.dae
[0.603s] -- Up-to-date: /home/jack/ros2_ws/install/dsr_description2/share/dsr_description2/meshes/a0509_blue
[0.604s] -- Up-to-date: /home/jack/ros2_ws/install/dsr_description2/share/dsr_description2/meshes/a0509_blue/A0509_3_1.dae
[0.604s] -- Up-to-date: /home/jack/ros2_ws/install/dsr_description2/share/dsr_description2/meshes/a0509_blue/A0509_1_2.dae
[0.604s] -- Up-to-date: /home/jack/ros2_ws/install/dsr_description2/share/dsr_description2/meshes/a0509_blue/A0509_0_0.dae
[0.604s] -- Up-to-date: /home/jack/ros2_ws/install/dsr_description2/share/dsr_description2/meshes/a0509_blue/A0509_5_1.dae
[0.604s] -- Up-to-date: /home/jack/ros2_ws/install/dsr_description2/share/dsr_description2/meshes/a0509_blue/A0509_1_1.dae
[0.605s] -- Up-to-date: /home/jack/ros2_ws/install/dsr_description2/share/dsr_description2/meshes/a0509_blue/A0509_5_0.dae
[0.605s] -- Up-to-date: /home/jack/ros2_ws/install/dsr_description2/share/dsr_description2/meshes/a0509_blue/A0509_3_0.dae
[0.605s] -- Up-to-date: /home/jack/ros2_ws/install/dsr_description2/share/dsr_description2/meshes/a0509_blue/A0509_4_0.dae
[0.605s] -- Up-to-date: /home/jack/ros2_ws/install/dsr_description2/share/dsr_description2/meshes/a0509_blue/A0509_4_1.dae
[0.605s] -- Up-to-date: /home/jack/ros2_ws/install/dsr_description2/share/dsr_description2/meshes/a0509_blue/A0509_6_0.dae
[0.605s] -- Up-to-date: /home/jack/ros2_ws/install/dsr_description2/share/dsr_description2/meshes/a0509_blue/A0509_1_0.dae
[0.605s] -- Up-to-date: /home/jack/ros2_ws/install/dsr_description2/share/dsr_description2/meshes/a0509_blue/A0509_2_2.dae
[0.605s] -- Up-to-date: /home/jack/ros2_ws/install/dsr_description2/share/dsr_description2/meshes/a0509_blue/A0509_2_1.dae
[0.606s] -- Up-to-date: /home/jack/ros2_ws/install/dsr_description2/share/dsr_description2/meshes/a0509_blue/A0509_2_0.dae
[0.606s] -- Up-to-date: /home/jack/ros2_ws/install/dsr_description2/share/dsr_description2/meshes/mobile
[0.606s] -- Up-to-date: /home/jack/ros2_ws/install/dsr_description2/share/dsr_description2/meshes/mobile/wheel.stl
[0.606s] -- Up-to-date: /home/jack/ros2_ws/install/dsr_description2/share/dsr_description2/meshes/mobile/base_link.dae
[0.606s] -- Up-to-date: /home/jack/ros2_ws/install/dsr_description2/share/dsr_description2/meshes/mobile/large_top_plate_collision.stl
[0.606s] -- Up-to-date: /home/jack/ros2_ws/install/dsr_description2/share/dsr_description2/meshes/mobile/bumper.dae
[0.606s] -- Up-to-date: /home/jack/ros2_ws/install/dsr_description2/share/dsr_description2/meshes/mobile/bumper.stl
[0.607s] -- Up-to-date: /home/jack/ros2_ws/install/dsr_description2/share/dsr_description2/meshes/mobile/user_rail.stl
[0.607s] -- Up-to-date: /home/jack/ros2_ws/install/dsr_description2/share/dsr_description2/meshes/mobile/large_top_plate.dae
[0.607s] -- Up-to-date: /home/jack/ros2_ws/install/dsr_description2/share/dsr_description2/meshes/mobile/wheel.dae
[0.607s] -- Up-to-date: /home/jack/ros2_ws/install/dsr_description2/share/dsr_description2/meshes/mobile/top_chassis.stl
[0.607s] -- Up-to-date: /home/jack/ros2_ws/install/dsr_description2/share/dsr_description2/meshes/mobile/base_link.stl
[0.607s] -- Up-to-date: /home/jack/ros2_ws/install/dsr_description2/share/dsr_description2/meshes/mobile/top_plate.stl
[0.608s] -- Up-to-date: /home/jack/ros2_ws/install/dsr_description2/share/dsr_description2/meshes/mobile/top_plate.dae
[0.608s] -- Up-to-date: /home/jack/ros2_ws/install/dsr_description2/share/dsr_description2/meshes/mobile/user_rail.dae
[0.608s] -- Up-to-date: /home/jack/ros2_ws/install/dsr_description2/share/dsr_description2/meshes/mobile/top_chassis.dae
[0.609s] -- Up-to-date: /home/jack/ros2_ws/install/dsr_description2/share/dsr_description2/meshes/a0912_collision
[0.609s] -- Up-to-date: /home/jack/ros2_ws/install/dsr_description2/share/dsr_description2/meshes/a0912_collision/A0912_1_1.dae
[0.609s] -- Up-to-date: /home/jack/ros2_ws/install/dsr_description2/share/dsr_description2/meshes/a0912_collision/A0912_2_1.dae
[0.609s] -- Up-to-date: /home/jack/ros2_ws/install/dsr_description2/share/dsr_description2/meshes/a0912_collision/A0912_5_1.dae
[0.609s] -- Up-to-date: /home/jack/ros2_ws/install/dsr_description2/share/dsr_description2/meshes/a0912_collision/A0912_6_0.dae
[0.609s] -- Up-to-date: /home/jack/ros2_ws/install/dsr_description2/share/dsr_description2/meshes/a0912_collision/A0912_4_0.dae
[0.610s] -- Up-to-date: /home/jack/ros2_ws/install/dsr_description2/share/dsr_description2/meshes/a0912_collision/A0912_1_2.dae
[0.610s] -- Up-to-date: /home/jack/ros2_ws/install/dsr_description2/share/dsr_description2/meshes/a0912_collision/A0912_2_2.dae
[0.610s] -- Up-to-date: /home/jack/ros2_ws/install/dsr_description2/share/dsr_description2/meshes/a0912_collision/A0912_0_0.dae
[0.610s] -- Up-to-date: /home/jack/ros2_ws/install/dsr_description2/share/dsr_description2/meshes/a0912_collision/A0912_2_0.dae
[0.610s] -- Up-to-date: /home/jack/ros2_ws/install/dsr_description2/share/dsr_description2/meshes/a0912_collision/A0912_4_1.dae
[0.610s] -- Up-to-date: /home/jack/ros2_ws/install/dsr_description2/share/dsr_description2/meshes/a0912_collision/A0912_1_0.dae
[0.611s] -- Up-to-date: /home/jack/ros2_ws/install/dsr_description2/share/dsr_description2/meshes/a0912_collision/A0912_5_0.dae
[0.611s] -- Up-to-date: /home/jack/ros2_ws/install/dsr_description2/share/dsr_description2/meshes/a0912_collision/A0912_3_1.dae
[0.611s] -- Up-to-date: /home/jack/ros2_ws/install/dsr_description2/share/dsr_description2/meshes/a0912_collision/A0912_3_0.dae
[0.611s] -- Up-to-date: /home/jack/ros2_ws/install/dsr_description2/share/dsr_description2/meshes/h2515_blue
[0.611s] -- Up-to-date: /home/jack/ros2_ws/install/dsr_description2/share/dsr_description2/meshes/h2515_blue/H2515_2_2.dae
[0.612s] -- Up-to-date: /home/jack/ros2_ws/install/dsr_description2/share/dsr_description2/meshes/h2515_blue/H2515_4_0.dae
[0.612s] -- Up-to-date: /home/jack/ros2_ws/install/dsr_description2/share/dsr_description2/meshes/h2515_blue/H2515_4_1.dae
[0.612s] -- Up-to-date: /home/jack/ros2_ws/install/dsr_description2/share/dsr_description2/meshes/h2515_blue/H2515_2_0.dae
[0.612s] -- Up-to-date: /home/jack/ros2_ws/install/dsr_description2/share/dsr_description2/meshes/h2515_blue/H2515_1_0.dae
[0.612s] -- Up-to-date: /home/jack/ros2_ws/install/dsr_description2/share/dsr_description2/meshes/h2515_blue/H2515_6_0.dae
[0.612s] -- Up-to-date: /home/jack/ros2_ws/install/dsr_description2/share/dsr_description2/meshes/h2515_blue/H2515_3_0.dae
[0.612s] -- Up-to-date: /home/jack/ros2_ws/install/dsr_description2/share/dsr_description2/meshes/h2515_blue/H2515_5_0.dae
[0.612s] -- Up-to-date: /home/jack/ros2_ws/install/dsr_description2/share/dsr_description2/meshes/h2515_blue/H2515_0_0.dae
[0.612s] -- Up-to-date: /home/jack/ros2_ws/install/dsr_description2/share/dsr_description2/meshes/h2515_blue/H2515_2_1.dae
[0.613s] -- Up-to-date: /home/jack/ros2_ws/install/dsr_description2/share/dsr_description2/meshes/m1509_white
[0.613s] -- Up-to-date: /home/jack/ros2_ws/install/dsr_description2/share/dsr_description2/meshes/m1509_white/MF1509_2_2.dae
[0.613s] -- Up-to-date: /home/jack/ros2_ws/install/dsr_description2/share/dsr_description2/meshes/m1509_white/MF1509_4_0.dae
[0.613s] -- Up-to-date: /home/jack/ros2_ws/install/dsr_description2/share/dsr_description2/meshes/m1509_white/MF1509_2_1.dae
[0.613s] -- Up-to-date: /home/jack/ros2_ws/install/dsr_description2/share/dsr_description2/meshes/m1509_white/MF1509_4_1.dae
[0.613s] -- Up-to-date: /home/jack/ros2_ws/install/dsr_description2/share/dsr_description2/meshes/m1509_white/MF1509_3_0.dae
[0.613s] -- Up-to-date: /home/jack/ros2_ws/install/dsr_description2/share/dsr_description2/meshes/m1509_white/MF1509_2_0.dae
[0.613s] -- Up-to-date: /home/jack/ros2_ws/install/dsr_description2/share/dsr_description2/meshes/m1509_white/MF1509_5_0.dae
[0.614s] -- Up-to-date: /home/jack/ros2_ws/install/dsr_description2/share/dsr_description2/meshes/m1509_white/MF1509_1_0.dae
[0.614s] -- Up-to-date: /home/jack/ros2_ws/install/dsr_description2/share/dsr_description2/meshes/m1509_white/MF1509_6_0.dae
[0.614s] -- Up-to-date: /home/jack/ros2_ws/install/dsr_description2/share/dsr_description2/meshes/m1509_white/MF1509_0_0.dae
[0.614s] -- Up-to-date: /home/jack/ros2_ws/install/dsr_description2/share/dsr_description2/meshes/p3020
[0.614s] -- Up-to-date: /home/jack/ros2_ws/install/dsr_description2/share/dsr_description2/meshes/p3020/P3020_2_6.STL
[0.614s] -- Up-to-date: /home/jack/ros2_ws/install/dsr_description2/share/dsr_description2/meshes/p3020/P3020_6_1.STL
[0.615s] -- Up-to-date: /home/jack/ros2_ws/install/dsr_description2/share/dsr_description2/meshes/p3020/P3020_1_4.STL
[0.615s] -- Up-to-date: /home/jack/ros2_ws/install/dsr_description2/share/dsr_description2/meshes/p3020/P3020_2_7.STL
[0.615s] -- Up-to-date: /home/jack/ros2_ws/install/dsr_description2/share/dsr_description2/meshes/p3020/P3020_3_4.STL
[0.616s] -- Up-to-date: /home/jack/ros2_ws/install/dsr_description2/share/dsr_description2/meshes/p3020/P3020_2_4.STL
[0.616s] -- Up-to-date: /home/jack/ros2_ws/install/dsr_description2/share/dsr_description2/meshes/p3020/P3020_5_3.STL
[0.616s] -- Up-to-date: /home/jack/ros2_ws/install/dsr_description2/share/dsr_description2/meshes/p3020/P3020_1_3.STL
[0.616s] -- Up-to-date: /home/jack/ros2_ws/install/dsr_description2/share/dsr_description2/meshes/p3020/P3020_1_2.STL
[0.617s] -- Up-to-date: /home/jack/ros2_ws/install/dsr_description2/share/dsr_description2/meshes/p3020/P3020_1_1.STL
[0.617s] -- Up-to-date: /home/jack/ros2_ws/install/dsr_description2/share/dsr_description2/meshes/p3020/P3020_2_3.STL
[0.617s] -- Up-to-date: /home/jack/ros2_ws/install/dsr_description2/share/dsr_description2/meshes/p3020/P3020_3_3.STL
[0.617s] -- Up-to-date: /home/jack/ros2_ws/install/dsr_description2/share/dsr_description2/meshes/p3020/P3020_2_2.STL
[0.617s] -- Up-to-date: /home/jack/ros2_ws/install/dsr_description2/share/dsr_description2/meshes/p3020/P3020_1_5.STL
[0.617s] -- Up-to-date: /home/jack/ros2_ws/install/dsr_description2/share/dsr_description2/meshes/p3020/P3020_3_2.STL
[0.618s] -- Up-to-date: /home/jack/ros2_ws/install/dsr_description2/share/dsr_description2/meshes/p3020/P3020_0_1.STL
[0.618s] -- Up-to-date: /home/jack/ros2_ws/install/dsr_description2/share/dsr_description2/meshes/p3020/P3020_2_8.STL
[0.618s] -- Up-to-date: /home/jack/ros2_ws/install/dsr_description2/share/dsr_description2/meshes/p3020/P3020_5_1.STL
[0.618s] -- Up-to-date: /home/jack/ros2_ws/install/dsr_description2/share/dsr_description2/meshes/p3020/P3020_5_2.STL
[0.618s] -- Up-to-date: /home/jack/ros2_ws/install/dsr_description2/share/dsr_description2/meshes/p3020/P3020_2_1.STL
[0.618s] -- Up-to-date: /home/jack/ros2_ws/install/dsr_description2/share/dsr_description2/meshes/p3020/P3020_2_5.STL
[0.618s] -- Up-to-date: /home/jack/ros2_ws/install/dsr_description2/share/dsr_description2/meshes/p3020/P3020_3_1.STL
[0.619s] -- Up-to-date: /home/jack/ros2_ws/install/dsr_description2/share/dsr_description2/meshes/m1013_blue
[0.619s] -- Up-to-date: /home/jack/ros2_ws/install/dsr_description2/share/dsr_description2/meshes/m1013_blue/MF1013_6_0.dae
[0.619s] -- Up-to-date: /home/jack/ros2_ws/install/dsr_description2/share/dsr_description2/meshes/m1013_blue/MF1013_5_0.dae
[0.619s] -- Up-to-date: /home/jack/ros2_ws/install/dsr_description2/share/dsr_description2/meshes/m1013_blue/MF1013_3_0.dae
[0.619s] -- Up-to-date: /home/jack/ros2_ws/install/dsr_description2/share/dsr_description2/meshes/m1013_blue/MF1013_1_0.dae
[0.620s] -- Up-to-date: /home/jack/ros2_ws/install/dsr_description2/share/dsr_description2/meshes/m1013_blue/MF1013_0_0.dae
[0.620s] -- Up-to-date: /home/jack/ros2_ws/install/dsr_description2/share/dsr_description2/meshes/m1013_blue/MF1013_2_2.dae
[0.620s] -- Up-to-date: /home/jack/ros2_ws/install/dsr_description2/share/dsr_description2/meshes/m1013_blue/MF1013_2_1.dae
[0.620s] -- Up-to-date: /home/jack/ros2_ws/install/dsr_description2/share/dsr_description2/meshes/m1013_blue/MF1013_2_0.dae
[0.620s] -- Up-to-date: /home/jack/ros2_ws/install/dsr_description2/share/dsr_description2/meshes/m1013_blue/MF1013_4_0.dae
[0.620s] -- Up-to-date: /home/jack/ros2_ws/install/dsr_description2/share/dsr_description2/meshes/m1013_blue/MF1013_4_1.dae
[0.620s] -- Up-to-date: /home/jack/ros2_ws/install/dsr_description2/share/dsr_description2/meshes/gripper
[0.620s] -- Up-to-date: /home/jack/ros2_ws/install/dsr_description2/share/dsr_description2/meshes/gripper/robotiq
[0.620s] -- Up-to-date: /home/jack/ros2_ws/install/dsr_description2/share/dsr_description2/meshes/gripper/robotiq/85_2f
[0.621s] -- Up-to-date: /home/jack/ros2_ws/install/dsr_description2/share/dsr_description2/meshes/gripper/robotiq/85_2f/visual
[0.621s] -- Up-to-date: /home/jack/ros2_ws/install/dsr_description2/share/dsr_description2/meshes/gripper/robotiq/85_2f/visual/robotiq_85_finger_link.dae
[0.627s] -- Up-to-date: /home/jack/ros2_ws/install/dsr_description2/share/dsr_description2/meshes/gripper/robotiq/85_2f/visual/robotiq_85_finger_tip_link.dae
[0.627s] -- Up-to-date: /home/jack/ros2_ws/install/dsr_description2/share/dsr_description2/meshes/gripper/robotiq/85_2f/visual/robotiq_85_inner_knuckle_link.dae
[0.627s] -- Up-to-date: /home/jack/ros2_ws/install/dsr_description2/share/dsr_description2/meshes/gripper/robotiq/85_2f/visual/robotiq_85_knuckle_link.dae
[0.627s] -- Up-to-date: /home/jack/ros2_ws/install/dsr_description2/share/dsr_description2/meshes/gripper/robotiq/85_2f/visual/robotiq_85_base_link.dae
[0.627s] -- Up-to-date: /home/jack/ros2_ws/install/dsr_description2/share/dsr_description2/meshes/gripper/robotiq/85_2f/robotiq_85_coupler.stl
[0.627s] -- Up-to-date: /home/jack/ros2_ws/install/dsr_description2/share/dsr_description2/meshes/gripper/robotiq/85_2f/collision
[0.627s] -- Up-to-date: /home/jack/ros2_ws/install/dsr_description2/share/dsr_description2/meshes/gripper/robotiq/85_2f/collision/robotiq_85_knuckle_link.stl
[0.628s] -- Up-to-date: /home/jack/ros2_ws/install/dsr_description2/share/dsr_description2/meshes/gripper/robotiq/85_2f/collision/robotiq_85_finger_tip_link.stl
[0.628s] -- Up-to-date: /home/jack/ros2_ws/install/dsr_description2/share/dsr_description2/meshes/gripper/robotiq/85_2f/collision/robotiq_85_finger_link.stl
[0.628s] -- Up-to-date: /home/jack/ros2_ws/install/dsr_description2/share/dsr_description2/meshes/gripper/robotiq/85_2f/collision/robotiq_85_inner_knuckle_link.stl
[0.628s] -- Up-to-date: /home/jack/ros2_ws/install/dsr_description2/share/dsr_description2/meshes/gripper/robotiq/85_2f/collision/robotiq_85_base_link.stl
[0.628s] -- Up-to-date: /home/jack/ros2_ws/install/dsr_description2/share/dsr_description2/meshes/m0617_white
[0.628s] -- Up-to-date: /home/jack/ros2_ws/install/dsr_description2/share/dsr_description2/meshes/m0617_white/MF0617_4_1.dae
[0.628s] -- Up-to-date: /home/jack/ros2_ws/install/dsr_description2/share/dsr_description2/meshes/m0617_white/MF0617_2_0.dae
[0.628s] -- Up-to-date: /home/jack/ros2_ws/install/dsr_description2/share/dsr_description2/meshes/m0617_white/MF0617_2_1.dae
[0.629s] -- Up-to-date: /home/jack/ros2_ws/install/dsr_description2/share/dsr_description2/meshes/m0617_white/MF0617_5_0.dae
[0.629s] -- Up-to-date: /home/jack/ros2_ws/install/dsr_description2/share/dsr_description2/meshes/m0617_white/MF0617_4_0.dae
[0.629s] -- Up-to-date: /home/jack/ros2_ws/install/dsr_description2/share/dsr_description2/meshes/m0617_white/MF0617_0_0.dae
[0.629s] -- Up-to-date: /home/jack/ros2_ws/install/dsr_description2/share/dsr_description2/meshes/m0617_white/MF0617_6_0.dae
[0.629s] -- Up-to-date: /home/jack/ros2_ws/install/dsr_description2/share/dsr_description2/meshes/m0617_white/MF0617_2_2.dae
[0.629s] -- Up-to-date: /home/jack/ros2_ws/install/dsr_description2/share/dsr_description2/meshes/m0617_white/MF0617_1_0.dae
[0.629s] -- Up-to-date: /home/jack/ros2_ws/install/dsr_description2/share/dsr_description2/meshes/m0617_white/MF0617_3_0.dae
[0.630s] -- Up-to-date: /home/jack/ros2_ws/install/dsr_description2/share/dsr_description2/meshes/h2515_collision
[0.630s] -- Up-to-date: /home/jack/ros2_ws/install/dsr_description2/share/dsr_description2/meshes/h2515_collision/H2515_2_2.dae
[0.630s] -- Up-to-date: /home/jack/ros2_ws/install/dsr_description2/share/dsr_description2/meshes/h2515_collision/H2515_4_0.dae
[0.631s] -- Up-to-date: /home/jack/ros2_ws/install/dsr_description2/share/dsr_description2/meshes/h2515_collision/H2515_4_1.dae
[0.631s] -- Up-to-date: /home/jack/ros2_ws/install/dsr_description2/share/dsr_description2/meshes/h2515_collision/H2515_2_0.dae
[0.631s] -- Up-to-date: /home/jack/ros2_ws/install/dsr_description2/share/dsr_description2/meshes/h2515_collision/H2515_1_0.dae
[0.631s] -- Up-to-date: /home/jack/ros2_ws/install/dsr_description2/share/dsr_description2/meshes/h2515_collision/H2515_6_0.dae
[0.631s] -- Up-to-date: /home/jack/ros2_ws/install/dsr_description2/share/dsr_description2/meshes/h2515_collision/H2515_3_0.dae
[0.632s] -- Up-to-date: /home/jack/ros2_ws/install/dsr_description2/share/dsr_description2/meshes/h2515_collision/H2515_5_0.dae
[0.632s] -- Up-to-date: /home/jack/ros2_ws/install/dsr_description2/share/dsr_description2/meshes/h2515_collision/H2515_0_0.dae
[0.632s] -- Up-to-date: /home/jack/ros2_ws/install/dsr_description2/share/dsr_description2/meshes/h2515_collision/H2515_2_1.dae
[0.632s] -- Up-to-date: /home/jack/ros2_ws/install/dsr_description2/share/dsr_description2/meshes/e0509_collision
[0.632s] -- Up-to-date: /home/jack/ros2_ws/install/dsr_description2/share/dsr_description2/meshes/e0509_collision/E0509_4_2.dae
[0.632s] -- Up-to-date: /home/jack/ros2_ws/install/dsr_description2/share/dsr_description2/meshes/e0509_collision/E0509_1_3.dae
[0.633s] -- Up-to-date: /home/jack/ros2_ws/install/dsr_description2/share/dsr_description2/meshes/e0509_collision/E0509_0_0.dae
[0.633s] -- Up-to-date: /home/jack/ros2_ws/install/dsr_description2/share/dsr_description2/meshes/e0509_collision/E0509_1_4.dae
[0.633s] -- Up-to-date: /home/jack/ros2_ws/install/dsr_description2/share/dsr_description2/meshes/e0509_collision/E0509_3_1.dae
[0.633s] -- Up-to-date: /home/jack/ros2_ws/install/dsr_description2/share/dsr_description2/meshes/e0509_collision/E0509_1_1.dae
[0.633s] -- Up-to-date: /home/jack/ros2_ws/install/dsr_description2/share/dsr_description2/meshes/e0509_collision/E0509_4_1.dae
[0.633s] -- Up-to-date: /home/jack/ros2_ws/install/dsr_description2/share/dsr_description2/meshes/e0509_collision/E0509_3_2.dae
[0.634s] -- Up-to-date: /home/jack/ros2_ws/install/dsr_description2/share/dsr_description2/meshes/e0509_collision/E0509_2_1.dae
[0.634s] -- Up-to-date: /home/jack/ros2_ws/install/dsr_description2/share/dsr_description2/meshes/e0509_collision/E0509_1_2.dae
[0.634s] -- Up-to-date: /home/jack/ros2_ws/install/dsr_description2/share/dsr_description2/meshes/e0509_collision/E0509_5_1.dae
[0.634s] -- Up-to-date: /home/jack/ros2_ws/install/dsr_description2/share/dsr_description2/meshes/e0509_collision/E0509_6_1.dae
[0.634s] -- Up-to-date: /home/jack/ros2_ws/install/dsr_description2/share/dsr_description2/meshes/e0509_collision/E0509_2_2.dae
[0.634s] -- Up-to-date: /home/jack/ros2_ws/install/dsr_description2/share/dsr_description2/meshes/e0509_collision/E0509_5_2.dae
[0.635s] -- Up-to-date: /home/jack/ros2_ws/install/dsr_description2/share/dsr_description2/meshes/a0912_blue
[0.635s] -- Up-to-date: /home/jack/ros2_ws/install/dsr_description2/share/dsr_description2/meshes/a0912_blue/A0912_1_1.dae
[0.635s] -- Up-to-date: /home/jack/ros2_ws/install/dsr_description2/share/dsr_description2/meshes/a0912_blue/A0912_2_1.dae
[0.635s] -- Up-to-date: /home/jack/ros2_ws/install/dsr_description2/share/dsr_description2/meshes/a0912_blue/A0912_5_1.dae
[0.635s] -- Up-to-date: /home/jack/ros2_ws/install/dsr_description2/share/dsr_description2/meshes/a0912_blue/A0912_6_0.dae
[0.635s] -- Up-to-date: /home/jack/ros2_ws/install/dsr_description2/share/dsr_description2/meshes/a0912_blue/A0912_4_0.dae
[0.635s] -- Up-to-date: /home/jack/ros2_ws/install/dsr_description2/share/dsr_description2/meshes/a0912_blue/A0912_1_2.dae
[0.635s] -- Up-to-date: /home/jack/ros2_ws/install/dsr_description2/share/dsr_description2/meshes/a0912_blue/A0912_2_2.dae
[0.635s] -- Up-to-date: /home/jack/ros2_ws/install/dsr_description2/share/dsr_description2/meshes/a0912_blue/A0912_0_0.dae
[0.635s] -- Up-to-date: /home/jack/ros2_ws/install/dsr_description2/share/dsr_description2/meshes/a0912_blue/A0912_2_0.dae
[0.636s] -- Up-to-date: /home/jack/ros2_ws/install/dsr_description2/share/dsr_description2/meshes/a0912_blue/A0912_4_1.dae
[0.636s] -- Up-to-date: /home/jack/ros2_ws/install/dsr_description2/share/dsr_description2/meshes/a0912_blue/A0912_1_0.dae
[0.636s] -- Up-to-date: /home/jack/ros2_ws/install/dsr_description2/share/dsr_description2/meshes/a0912_blue/A0912_5_0.dae
[0.636s] -- Up-to-date: /home/jack/ros2_ws/install/dsr_description2/share/dsr_description2/meshes/a0912_blue/A0912_3_1.dae
[0.636s] -- Up-to-date: /home/jack/ros2_ws/install/dsr_description2/share/dsr_description2/meshes/a0912_blue/A0912_3_0.dae
[0.636s] -- Up-to-date: /home/jack/ros2_ws/install/dsr_description2/share/dsr_description2/meshes/m1509_blue
[0.636s] -- Up-to-date: /home/jack/ros2_ws/install/dsr_description2/share/dsr_description2/meshes/m1509_blue/MF1509_2_2.dae
[0.636s] -- Up-to-date: /home/jack/ros2_ws/install/dsr_description2/share/dsr_description2/meshes/m1509_blue/MF1509_4_0.dae
[0.637s] -- Up-to-date: /home/jack/ros2_ws/install/dsr_description2/share/dsr_description2/meshes/m1509_blue/MF1509_2_1.dae
[0.637s] -- Up-to-date: /home/jack/ros2_ws/install/dsr_description2/share/dsr_description2/meshes/m1509_blue/MF1509_4_1.dae
[0.637s] -- Up-to-date: /home/jack/ros2_ws/install/dsr_description2/share/dsr_description2/meshes/m1509_blue/MF1509_3_0.dae
[0.637s] -- Up-to-date: /home/jack/ros2_ws/install/dsr_description2/share/dsr_description2/meshes/m1509_blue/MF1509_2_0.dae
[0.637s] -- Up-to-date: /home/jack/ros2_ws/install/dsr_description2/share/dsr_description2/meshes/m1509_blue/MF1509_5_0.dae
[0.637s] -- Up-to-date: /home/jack/ros2_ws/install/dsr_description2/share/dsr_description2/meshes/m1509_blue/MF1509_1_0.dae
[0.637s] -- Up-to-date: /home/jack/ros2_ws/install/dsr_description2/share/dsr_description2/meshes/m1509_blue/MF1509_6_0.dae
[0.637s] -- Up-to-date: /home/jack/ros2_ws/install/dsr_description2/share/dsr_description2/meshes/m1509_blue/MF1509_0_0.dae
[0.637s] -- Up-to-date: /home/jack/ros2_ws/install/dsr_description2/share/dsr_description2/meshes/m0617_blue
[0.638s] -- Up-to-date: /home/jack/ros2_ws/install/dsr_description2/share/dsr_description2/meshes/m0617_blue/MF0617_4_1.dae
[0.638s] -- Up-to-date: /home/jack/ros2_ws/install/dsr_description2/share/dsr_description2/meshes/m0617_blue/MF0617_2_0.dae
[0.638s] -- Up-to-date: /home/jack/ros2_ws/install/dsr_description2/share/dsr_description2/meshes/m0617_blue/MF0617_2_1.dae
[0.638s] -- Up-to-date: /home/jack/ros2_ws/install/dsr_description2/share/dsr_description2/meshes/m0617_blue/MF0617_5_0.dae
[0.638s] -- Up-to-date: /home/jack/ros2_ws/install/dsr_description2/share/dsr_description2/meshes/m0617_blue/MF0617_4_0.dae
[0.638s] -- Up-to-date: /home/jack/ros2_ws/install/dsr_description2/share/dsr_description2/meshes/m0617_blue/MF0617_0_0.dae
[0.643s] -- Up-to-date: /home/jack/ros2_ws/install/dsr_description2/share/dsr_description2/meshes/m0617_blue/MF0617_6_0.dae
[0.644s] -- Up-to-date: /home/jack/ros2_ws/install/dsr_description2/share/dsr_description2/meshes/m0617_blue/MF0617_2_2.dae
[0.644s] -- Up-to-date: /home/jack/ros2_ws/install/dsr_description2/share/dsr_description2/meshes/m0617_blue/MF0617_1_0.dae
[0.644s] -- Up-to-date: /home/jack/ros2_ws/install/dsr_description2/share/dsr_description2/meshes/m0617_blue/MF0617_3_0.dae
[0.644s] -- Up-to-date: /home/jack/ros2_ws/install/dsr_description2/share/dsr_description2/meshes/m0617_collision
[0.644s] -- Up-to-date: /home/jack/ros2_ws/install/dsr_description2/share/dsr_description2/meshes/m0617_collision/MF0617_4_1.dae
[0.644s] -- Up-to-date: /home/jack/ros2_ws/install/dsr_description2/share/dsr_description2/meshes/m0617_collision/MF0617_2_0.dae
[0.644s] -- Up-to-date: /home/jack/ros2_ws/install/dsr_description2/share/dsr_description2/meshes/m0617_collision/MF0617_2_1.dae
[0.644s] -- Up-to-date: /home/jack/ros2_ws/install/dsr_description2/share/dsr_description2/meshes/m0617_collision/MF0617_5_0.dae
[0.644s] -- Up-to-date: /home/jack/ros2_ws/install/dsr_description2/share/dsr_description2/meshes/m0617_collision/MF0617_4_0.dae
[0.644s] -- Up-to-date: /home/jack/ros2_ws/install/dsr_description2/share/dsr_description2/meshes/m0617_collision/MF0617_0_0.dae
[0.644s] -- Up-to-date: /home/jack/ros2_ws/install/dsr_description2/share/dsr_description2/meshes/m0617_collision/MF0617_6_0.dae
[0.644s] -- Up-to-date: /home/jack/ros2_ws/install/dsr_description2/share/dsr_description2/meshes/m0617_collision/MF0617_2_2.dae
[0.644s] -- Up-to-date: /home/jack/ros2_ws/install/dsr_description2/share/dsr_description2/meshes/m0617_collision/MF0617_1_0.dae
[0.645s] -- Up-to-date: /home/jack/ros2_ws/install/dsr_description2/share/dsr_description2/meshes/m0617_collision/MF0617_3_0.dae
[0.645s] -- Up-to-date: /home/jack/ros2_ws/install/dsr_description2/share/dsr_description2/meshes/h2515_white
[0.645s] -- Up-to-date: /home/jack/ros2_ws/install/dsr_description2/share/dsr_description2/meshes/h2515_white/H2515_2_2.dae
[0.645s] -- Up-to-date: /home/jack/ros2_ws/install/dsr_description2/share/dsr_description2/meshes/h2515_white/H2515_4_0.dae
[0.645s] -- Up-to-date: /home/jack/ros2_ws/install/dsr_description2/share/dsr_description2/meshes/h2515_white/H2515_4_1.dae
[0.645s] -- Up-to-date: /home/jack/ros2_ws/install/dsr_description2/share/dsr_description2/meshes/h2515_white/H2515_2_0.dae
[0.645s] -- Up-to-date: /home/jack/ros2_ws/install/dsr_description2/share/dsr_description2/meshes/h2515_white/H2515_1_0.dae
[0.645s] -- Up-to-date: /home/jack/ros2_ws/install/dsr_description2/share/dsr_description2/meshes/h2515_white/H2515_6_0.dae
[0.645s] -- Up-to-date: /home/jack/ros2_ws/install/dsr_description2/share/dsr_description2/meshes/h2515_white/H2515_3_0.dae
[0.645s] -- Up-to-date: /home/jack/ros2_ws/install/dsr_description2/share/dsr_description2/meshes/h2515_white/H2515_5_0.dae
[0.645s] -- Up-to-date: /home/jack/ros2_ws/install/dsr_description2/share/dsr_description2/meshes/h2515_white/H2515_0_0.dae
[0.645s] -- Up-to-date: /home/jack/ros2_ws/install/dsr_description2/share/dsr_description2/meshes/h2515_white/H2515_2_1.dae
[0.646s] -- Up-to-date: /home/jack/ros2_ws/install/dsr_description2/share/dsr_description2/meshes/a0912_white
[0.646s] -- Up-to-date: /home/jack/ros2_ws/install/dsr_description2/share/dsr_description2/meshes/a0912_white/A0912_1_1.dae
[0.646s] -- Up-to-date: /home/jack/ros2_ws/install/dsr_description2/share/dsr_description2/meshes/a0912_white/A0912_2_1.dae
[0.646s] -- Up-to-date: /home/jack/ros2_ws/install/dsr_description2/share/dsr_description2/meshes/a0912_white/A0912_5_1.dae
[0.646s] -- Up-to-date: /home/jack/ros2_ws/install/dsr_description2/share/dsr_description2/meshes/a0912_white/A0912_6_0.dae
[0.646s] -- Up-to-date: /home/jack/ros2_ws/install/dsr_description2/share/dsr_description2/meshes/a0912_white/A0912_4_0.dae
[0.646s] -- Up-to-date: /home/jack/ros2_ws/install/dsr_description2/share/dsr_description2/meshes/a0912_white/A0912_1_2.dae
[0.646s] -- Up-to-date: /home/jack/ros2_ws/install/dsr_description2/share/dsr_description2/meshes/a0912_white/A0912_2_2.dae
[0.646s] -- Up-to-date: /home/jack/ros2_ws/install/dsr_description2/share/dsr_description2/meshes/a0912_white/A0912_0_0.dae
[0.646s] -- Up-to-date: /home/jack/ros2_ws/install/dsr_description2/share/dsr_description2/meshes/a0912_white/A0912_2_0.dae
[0.646s] -- Up-to-date: /home/jack/ros2_ws/install/dsr_description2/share/dsr_description2/meshes/a0912_white/A0912_4_1.dae
[0.646s] -- Up-to-date: /home/jack/ros2_ws/install/dsr_description2/share/dsr_description2/meshes/a0912_white/A0912_1_0.dae
[0.646s] -- Up-to-date: /home/jack/ros2_ws/install/dsr_description2/share/dsr_description2/meshes/a0912_white/A0912_5_0.dae
[0.647s] -- Up-to-date: /home/jack/ros2_ws/install/dsr_description2/share/dsr_description2/meshes/a0912_white/A0912_3_1.dae
[0.647s] -- Up-to-date: /home/jack/ros2_ws/install/dsr_description2/share/dsr_description2/meshes/a0912_white/A0912_3_0.dae
[0.647s] -- Up-to-date: /home/jack/ros2_ws/install/dsr_description2/share/dsr_description2/meshes/m0609_blue
[0.647s] -- Up-to-date: /home/jack/ros2_ws/install/dsr_description2/share/dsr_description2/meshes/m0609_blue/MF0609_5_0.dae
[0.647s] -- Up-to-date: /home/jack/ros2_ws/install/dsr_description2/share/dsr_description2/meshes/m0609_blue/MF0609_2_1.dae
[0.647s] -- Up-to-date: /home/jack/ros2_ws/install/dsr_description2/share/dsr_description2/meshes/m0609_blue/MF0609_3_0.dae
[0.647s] -- Up-to-date: /home/jack/ros2_ws/install/dsr_description2/share/dsr_description2/meshes/m0609_blue/MF0609_1_0.dae
[0.647s] -- Up-to-date: /home/jack/ros2_ws/install/dsr_description2/share/dsr_description2/meshes/m0609_blue/MF0609_4_0.dae
[0.647s] -- Up-to-date: /home/jack/ros2_ws/install/dsr_description2/share/dsr_description2/meshes/m0609_blue/MF0609_0_0.dae
[0.648s] -- Up-to-date: /home/jack/ros2_ws/install/dsr_description2/share/dsr_description2/meshes/m0609_blue/MF0609_6_0.dae
[0.648s] -- Up-to-date: /home/jack/ros2_ws/install/dsr_description2/share/dsr_description2/meshes/m0609_blue/MF0609_4_1.dae
[0.648s] -- Up-to-date: /home/jack/ros2_ws/install/dsr_description2/share/dsr_description2/meshes/m0609_blue/MF0609_2_2.dae
[0.648s] -- Up-to-date: /home/jack/ros2_ws/install/dsr_description2/share/dsr_description2/meshes/m0609_blue/MF0609_2_0.dae
[0.648s] -- Up-to-date: /home/jack/ros2_ws/install/dsr_description2/share/dsr_description2/meshes/m1509_collision
[0.648s] -- Up-to-date: /home/jack/ros2_ws/install/dsr_description2/share/dsr_description2/meshes/m1509_collision/MF1509_2_2.dae
[0.648s] -- Up-to-date: /home/jack/ros2_ws/install/dsr_description2/share/dsr_description2/meshes/m1509_collision/MF1509_4_0.dae
[0.648s] -- Up-to-date: /home/jack/ros2_ws/install/dsr_description2/share/dsr_description2/meshes/m1509_collision/MF1509_2_1.dae
[0.648s] -- Up-to-date: /home/jack/ros2_ws/install/dsr_description2/share/dsr_description2/meshes/m1509_collision/MF1509_4_1.dae
[0.649s] -- Up-to-date: /home/jack/ros2_ws/install/dsr_description2/share/dsr_description2/meshes/m1509_collision/MF1509_3_0.dae
[0.649s] -- Up-to-date: /home/jack/ros2_ws/install/dsr_description2/share/dsr_description2/meshes/m1509_collision/MF1509_2_0.dae
[0.649s] -- Up-to-date: /home/jack/ros2_ws/install/dsr_description2/share/dsr_description2/meshes/m1509_collision/MF1509_5_0.dae
[0.649s] -- Up-to-date: /home/jack/ros2_ws/install/dsr_description2/share/dsr_description2/meshes/m1509_collision/MF1509_1_0.dae
[0.649s] -- Up-to-date: /home/jack/ros2_ws/install/dsr_description2/share/dsr_description2/meshes/m1509_collision/MF1509_6_0.dae
[0.649s] -- Up-to-date: /home/jack/ros2_ws/install/dsr_description2/share/dsr_description2/meshes/m1509_collision/MF1509_0_0.dae
[0.649s] -- Up-to-date: /home/jack/ros2_ws/install/dsr_description2/share/dsr_description2/meshes/m0609_collision
[0.649s] -- Up-to-date: /home/jack/ros2_ws/install/dsr_description2/share/dsr_description2/meshes/m0609_collision/MF0609_5_0.dae
[0.649s] -- Up-to-date: /home/jack/ros2_ws/install/dsr_description2/share/dsr_description2/meshes/m0609_collision/MF0609_2_1.dae
[0.650s] -- Up-to-date: /home/jack/ros2_ws/install/dsr_description2/share/dsr_description2/meshes/m0609_collision/MF0609_3_0.dae
[0.650s] -- Up-to-date: /home/jack/ros2_ws/install/dsr_description2/share/dsr_description2/meshes/m0609_collision/MF0609_1_0.dae
[0.650s] -- Up-to-date: /home/jack/ros2_ws/install/dsr_description2/share/dsr_description2/meshes/m0609_collision/MF0609_4_0.dae
[0.650s] -- Up-to-date: /home/jack/ros2_ws/install/dsr_description2/share/dsr_description2/meshes/m0609_collision/MF0609_0_0.dae
[0.650s] -- Up-to-date: /home/jack/ros2_ws/install/dsr_description2/share/dsr_description2/meshes/m0609_collision/MF0609_6_0.dae
[0.650s] -- Up-to-date: /home/jack/ros2_ws/install/dsr_description2/share/dsr_description2/meshes/m0609_collision/MF0609_4_1.dae
[0.650s] -- Up-to-date: /home/jack/ros2_ws/install/dsr_description2/share/dsr_description2/meshes/m0609_collision/MF0609_2_2.dae
[0.650s] -- Up-to-date: /home/jack/ros2_ws/install/dsr_description2/share/dsr_description2/meshes/m0609_collision/MF0609_2_0.dae
[0.650s] -- Up-to-date: /home/jack/ros2_ws/install/dsr_description2/share/dsr_description2/meshes/h2017_blue
[0.651s] -- Up-to-date: /home/jack/ros2_ws/install/dsr_description2/share/dsr_description2/meshes/h2017_blue/H2017_6_0.dae
[0.651s] -- Up-to-date: /home/jack/ros2_ws/install/dsr_description2/share/dsr_description2/meshes/h2017_blue/H2017_5_0.dae
[0.651s] -- Up-to-date: /home/jack/ros2_ws/install/dsr_description2/share/dsr_description2/meshes/h2017_blue/H2017_4_1.dae
[0.651s] -- Up-to-date: /home/jack/ros2_ws/install/dsr_description2/share/dsr_description2/meshes/h2017_blue/H2017_2_2.dae
[0.651s] -- Up-to-date: /home/jack/ros2_ws/install/dsr_description2/share/dsr_description2/meshes/h2017_blue/H2017_1_0.dae
[0.651s] -- Up-to-date: /home/jack/ros2_ws/install/dsr_description2/share/dsr_description2/meshes/h2017_blue/H2017_3_0.dae
[0.651s] -- Up-to-date: /home/jack/ros2_ws/install/dsr_description2/share/dsr_description2/meshes/h2017_blue/H2017_4_0.dae
[0.651s] -- Up-to-date: /home/jack/ros2_ws/install/dsr_description2/share/dsr_description2/meshes/h2017_blue/H2017_2_0.dae
[0.651s] -- Up-to-date: /home/jack/ros2_ws/install/dsr_description2/share/dsr_description2/meshes/h2017_blue/H2017_2_1.dae
[0.651s] -- Up-to-date: /home/jack/ros2_ws/install/dsr_description2/share/dsr_description2/meshes/h2017_blue/H2017_0_0.dae
[0.652s] -- Up-to-date: /home/jack/ros2_ws/install/dsr_description2/share/dsr_description2/meshes/a0509_collision
[0.652s] -- Up-to-date: /home/jack/ros2_ws/install/dsr_description2/share/dsr_description2/meshes/a0509_collision/A0509_3_1.dae
[0.652s] -- Up-to-date: /home/jack/ros2_ws/install/dsr_description2/share/dsr_description2/meshes/a0509_collision/A0509_1_2.dae
[0.653s] -- Up-to-date: /home/jack/ros2_ws/install/dsr_description2/share/dsr_description2/meshes/a0509_collision/A0509_0_0.dae
[0.653s] -- Up-to-date: /home/jack/ros2_ws/install/dsr_description2/share/dsr_description2/meshes/a0509_collision/A0509_5_1.dae
[0.653s] -- Up-to-date: /home/jack/ros2_ws/install/dsr_description2/share/dsr_description2/meshes/a0509_collision/A0509_1_1.dae
[0.653s] -- Up-to-date: /home/jack/ros2_ws/install/dsr_description2/share/dsr_description2/meshes/a0509_collision/A0509_5_0.dae
[0.653s] -- Up-to-date: /home/jack/ros2_ws/install/dsr_description2/share/dsr_description2/meshes/a0509_collision/A0509_3_0.dae
[0.653s] -- Up-to-date: /home/jack/ros2_ws/install/dsr_description2/share/dsr_description2/meshes/a0509_collision/A0509_4_0.dae
[0.653s] -- Up-to-date: /home/jack/ros2_ws/install/dsr_description2/share/dsr_description2/meshes/a0509_collision/A0509_4_1.dae
[0.653s] -- Up-to-date: /home/jack/ros2_ws/install/dsr_description2/share/dsr_description2/meshes/a0509_collision/A0509_6_0.dae
[0.657s] -- Up-to-date: /home/jack/ros2_ws/install/dsr_description2/share/dsr_description2/meshes/a0509_collision/A0509_1_0.dae
[0.657s] -- Up-to-date: /home/jack/ros2_ws/install/dsr_description2/share/dsr_description2/meshes/a0509_collision/A0509_2_2.dae
[0.657s] -- Up-to-date: /home/jack/ros2_ws/install/dsr_description2/share/dsr_description2/meshes/a0509_collision/A0509_2_1.dae
[0.658s] -- Up-to-date: /home/jack/ros2_ws/install/dsr_description2/share/dsr_description2/meshes/a0509_collision/A0509_2_0.dae
[0.658s] -- Up-to-date: /home/jack/ros2_ws/install/dsr_description2/share/dsr_description2/meshes/e0509_white
[0.658s] -- Up-to-date: /home/jack/ros2_ws/install/dsr_description2/share/dsr_description2/meshes/e0509_white/E0509_4_2.dae
[0.658s] -- Up-to-date: /home/jack/ros2_ws/install/dsr_description2/share/dsr_description2/meshes/e0509_white/E0509_1_3.dae
[0.658s] -- Up-to-date: /home/jack/ros2_ws/install/dsr_description2/share/dsr_description2/meshes/e0509_white/E0509_0_0.dae
[0.658s] -- Up-to-date: /home/jack/ros2_ws/install/dsr_description2/share/dsr_description2/meshes/e0509_white/E0509_1_4.dae
[0.658s] -- Up-to-date: /home/jack/ros2_ws/install/dsr_description2/share/dsr_description2/meshes/e0509_white/E0509_3_1.dae
[0.658s] -- Up-to-date: /home/jack/ros2_ws/install/dsr_description2/share/dsr_description2/meshes/e0509_white/E0509_1_1.dae
[0.658s] -- Up-to-date: /home/jack/ros2_ws/install/dsr_description2/share/dsr_description2/meshes/e0509_white/E0509_4_1.dae
[0.658s] -- Up-to-date: /home/jack/ros2_ws/install/dsr_description2/share/dsr_description2/meshes/e0509_white/E0509_3_2.dae
[0.658s] -- Up-to-date: /home/jack/ros2_ws/install/dsr_description2/share/dsr_description2/meshes/e0509_white/E0509_2_1.dae
[0.659s] -- Up-to-date: /home/jack/ros2_ws/install/dsr_description2/share/dsr_description2/meshes/e0509_white/E0509_1_2.dae
[0.659s] -- Up-to-date: /home/jack/ros2_ws/install/dsr_description2/share/dsr_description2/meshes/e0509_white/E0509_5_1.dae
[0.659s] -- Up-to-date: /home/jack/ros2_ws/install/dsr_description2/share/dsr_description2/meshes/e0509_white/E0509_6_1.dae
[0.659s] -- Up-to-date: /home/jack/ros2_ws/install/dsr_description2/share/dsr_description2/meshes/e0509_white/E0509_2_2.dae
[0.659s] -- Up-to-date: /home/jack/ros2_ws/install/dsr_description2/share/dsr_description2/meshes/e0509_white/E0509_5_2.dae
[0.659s] -- Up-to-date: /home/jack/ros2_ws/install/dsr_description2/share/dsr_description2/meshes/h2017_collision
[0.659s] -- Up-to-date: /home/jack/ros2_ws/install/dsr_description2/share/dsr_description2/meshes/h2017_collision/H2017_6_0.dae
[0.659s] -- Up-to-date: /home/jack/ros2_ws/install/dsr_description2/share/dsr_description2/meshes/h2017_collision/H2017_5_0.dae
[0.659s] -- Up-to-date: /home/jack/ros2_ws/install/dsr_description2/share/dsr_description2/meshes/h2017_collision/H2017_4_1.dae
[0.659s] -- Up-to-date: /home/jack/ros2_ws/install/dsr_description2/share/dsr_description2/meshes/h2017_collision/H2017_2_2.dae
[0.659s] -- Up-to-date: /home/jack/ros2_ws/install/dsr_description2/share/dsr_description2/meshes/h2017_collision/H2017_1_0.dae
[0.659s] -- Up-to-date: /home/jack/ros2_ws/install/dsr_description2/share/dsr_description2/meshes/h2017_collision/H2017_3_0.dae
[0.659s] -- Up-to-date: /home/jack/ros2_ws/install/dsr_description2/share/dsr_description2/meshes/h2017_collision/H2017_4_0.dae
[0.660s] -- Up-to-date: /home/jack/ros2_ws/install/dsr_description2/share/dsr_description2/meshes/h2017_collision/H2017_2_0.dae
[0.660s] -- Up-to-date: /home/jack/ros2_ws/install/dsr_description2/share/dsr_description2/meshes/h2017_collision/H2017_2_1.dae
[0.660s] -- Up-to-date: /home/jack/ros2_ws/install/dsr_description2/share/dsr_description2/meshes/h2017_collision/H2017_0_0.dae
[0.660s] -- Up-to-date: /home/jack/ros2_ws/install/dsr_description2/share/dsr_description2/meshes/a0509_white
[0.660s] -- Up-to-date: /home/jack/ros2_ws/install/dsr_description2/share/dsr_description2/meshes/a0509_white/A0509_3_1.dae
[0.660s] -- Up-to-date: /home/jack/ros2_ws/install/dsr_description2/share/dsr_description2/meshes/a0509_white/A0509_1_2.dae
[0.660s] -- Up-to-date: /home/jack/ros2_ws/install/dsr_description2/share/dsr_description2/meshes/a0509_white/A0509_0_0.dae
[0.660s] -- Up-to-date: /home/jack/ros2_ws/install/dsr_description2/share/dsr_description2/meshes/a0509_white/A0509_5_1.dae
[0.662s] -- Up-to-date: /home/jack/ros2_ws/install/dsr_description2/share/dsr_description2/meshes/a0509_white/A0509_1_1.dae
[0.662s] -- Up-to-date: /home/jack/ros2_ws/install/dsr_description2/share/dsr_description2/meshes/a0509_white/A0509_5_0.dae
[0.662s] -- Up-to-date: /home/jack/ros2_ws/install/dsr_description2/share/dsr_description2/meshes/a0509_white/A0509_3_0.dae
[0.662s] -- Up-to-date: /home/jack/ros2_ws/install/dsr_description2/share/dsr_description2/meshes/a0509_white/A0509_4_0.dae
[0.662s] -- Up-to-date: /home/jack/ros2_ws/install/dsr_description2/share/dsr_description2/meshes/a0509_white/A0509_4_1.dae
[0.662s] -- Up-to-date: /home/jack/ros2_ws/install/dsr_description2/share/dsr_description2/meshes/a0509_white/A0509_6_0.dae
[0.662s] -- Up-to-date: /home/jack/ros2_ws/install/dsr_description2/share/dsr_description2/meshes/a0509_white/A0509_1_0.dae
[0.662s] -- Up-to-date: /home/jack/ros2_ws/install/dsr_description2/share/dsr_description2/meshes/a0509_white/A0509_2_2.dae
[0.663s] -- Up-to-date: /home/jack/ros2_ws/install/dsr_description2/share/dsr_description2/meshes/a0509_white/A0509_2_1.dae
[0.663s] -- Up-to-date: /home/jack/ros2_ws/install/dsr_description2/share/dsr_description2/meshes/a0509_white/A0509_2_0.dae
[0.663s] -- Up-to-date: /home/jack/ros2_ws/install/dsr_description2/share/dsr_description2/meshes/m0609_white
[0.663s] -- Up-to-date: /home/jack/ros2_ws/install/dsr_description2/share/dsr_description2/meshes/m0609_white/MF0609_5_0.dae
[0.663s] -- Up-to-date: /home/jack/ros2_ws/install/dsr_description2/share/dsr_description2/meshes/m0609_white/MF0609_2_1.dae
[0.663s] -- Up-to-date: /home/jack/ros2_ws/install/dsr_description2/share/dsr_description2/meshes/m0609_white/MF0609_3_0.dae
[0.663s] -- Up-to-date: /home/jack/ros2_ws/install/dsr_description2/share/dsr_description2/meshes/m0609_white/MF0609_1_0.dae
[0.663s] -- Up-to-date: /home/jack/ros2_ws/install/dsr_description2/share/dsr_description2/meshes/m0609_white/MF0609_4_0.dae
[0.663s] -- Up-to-date: /home/jack/ros2_ws/install/dsr_description2/share/dsr_description2/meshes/m0609_white/MF0609_0_0.dae
[0.663s] -- Up-to-date: /home/jack/ros2_ws/install/dsr_description2/share/dsr_description2/meshes/m0609_white/MF0609_6_0.dae
[0.663s] -- Up-to-date: /home/jack/ros2_ws/install/dsr_description2/share/dsr_description2/meshes/m0609_white/MF0609_4_1.dae
[0.664s] -- Up-to-date: /home/jack/ros2_ws/install/dsr_description2/share/dsr_description2/meshes/m0609_white/MF0609_2_2.dae
[0.664s] -- Up-to-date: /home/jack/ros2_ws/install/dsr_description2/share/dsr_description2/meshes/m0609_white/MF0609_2_0.dae
[0.664s] -- Up-to-date: /home/jack/ros2_ws/install/dsr_description2/share/dsr_description2/urdf
[0.664s] -- Up-to-date: /home/jack/ros2_ws/install/dsr_description2/share/dsr_description2/urdf/h2515.urdf
[0.664s] -- Up-to-date: /home/jack/ros2_ws/install/dsr_description2/share/dsr_description2/urdf/e0509.urdf
[0.664s] -- Up-to-date: /home/jack/ros2_ws/install/dsr_description2/share/dsr_description2/urdf/m1509.white.urdf
[0.664s] -- Up-to-date: /home/jack/ros2_ws/install/dsr_description2/share/dsr_description2/urdf/m0617.white.urdf
[0.664s] -- Up-to-date: /home/jack/ros2_ws/install/dsr_description2/share/dsr_description2/urdf/a0509.urdf
[0.664s] -- Up-to-date: /home/jack/ros2_ws/install/dsr_description2/share/dsr_description2/urdf/m1509.blue.urdf
[0.665s] -- Up-to-date: /home/jack/ros2_ws/install/dsr_description2/share/dsr_description2/urdf/h2515.white.urdf
[0.665s] -- Up-to-date: /home/jack/ros2_ws/install/dsr_description2/share/dsr_description2/urdf/h2017.blue.urdf
[0.665s] -- Up-to-date: /home/jack/ros2_ws/install/dsr_description2/share/dsr_description2/urdf/a0912.urdf
[0.665s] -- Up-to-date: /home/jack/ros2_ws/install/dsr_description2/share/dsr_description2/urdf/a0509.white.urdf
[0.665s] -- Up-to-date: /home/jack/ros2_ws/install/dsr_description2/share/dsr_description2/urdf/m1013.urdf
[0.665s] -- Up-to-date: /home/jack/ros2_ws/install/dsr_description2/share/dsr_description2/urdf/m1509.urdf
[0.665s] -- Up-to-date: /home/jack/ros2_ws/install/dsr_description2/share/dsr_description2/urdf/a0509.blue.urdf
[0.665s] -- Up-to-date: /home/jack/ros2_ws/install/dsr_description2/share/dsr_description2/urdf/h2017.urdf
[0.665s] -- Up-to-date: /home/jack/ros2_ws/install/dsr_description2/share/dsr_description2/urdf/m0609.blue.urdf
[0.666s] -- Up-to-date: /home/jack/ros2_ws/install/dsr_description2/share/dsr_description2/urdf/a0912.blue.urdf
[0.666s] -- Up-to-date: /home/jack/ros2_ws/install/dsr_description2/share/dsr_description2/urdf/m0617.urdf
[0.666s] -- Up-to-date: /home/jack/ros2_ws/install/dsr_description2/share/dsr_description2/urdf/m0617.blue.urdf
[0.666s] -- Up-to-date: /home/jack/ros2_ws/install/dsr_description2/share/dsr_description2/urdf/h2017.white.urdf
[0.666s] -- Up-to-date: /home/jack/ros2_ws/install/dsr_description2/share/dsr_description2/urdf/m0609.urdf
[0.667s] -- Up-to-date: /home/jack/ros2_ws/install/dsr_description2/share/dsr_description2/urdf/h2515.blue.urdf
[0.667s] -- Up-to-date: /home/jack/ros2_ws/install/dsr_description2/share/dsr_description2/urdf/a0912.white.urdf
[0.667s] -- Up-to-date: /home/jack/ros2_ws/install/dsr_description2/share/dsr_description2/urdf/m1013.blue.urdf
[0.668s] -- Up-to-date: /home/jack/ros2_ws/install/dsr_description2/share/dsr_description2/urdf/m1013.white.urdf
[0.668s] -- Up-to-date: /home/jack/ros2_ws/install/dsr_description2/share/dsr_description2/urdf/e0509.white.urdf
[0.668s] -- Up-to-date: /home/jack/ros2_ws/install/dsr_description2/share/dsr_description2/urdf/p3020.urdf
[0.668s] -- Up-to-date: /home/jack/ros2_ws/install/dsr_description2/share/dsr_description2/urdf/m0609.white.urdf
[0.668s] -- Up-to-date: /home/jack/ros2_ws/install/dsr_description2/share/dsr_description2/xacro
[0.669s] -- Up-to-date: /home/jack/ros2_ws/install/dsr_description2/share/dsr_description2/xacro/macro.m0609.white.xacro
[0.669s] -- Up-to-date: /home/jack/ros2_ws/install/dsr_description2/share/dsr_description2/xacro/macro.h2515.white.xacro
[0.669s] -- Up-to-date: /home/jack/ros2_ws/install/dsr_description2/share/dsr_description2/xacro/m0609.urdf.xacro
[0.669s] -- Up-to-date: /home/jack/ros2_ws/install/dsr_description2/share/dsr_description2/xacro/a0912.urdf.xacro
[0.669s] -- Up-to-date: /home/jack/ros2_ws/install/dsr_description2/share/dsr_description2/xacro/e0509.urdf.xacro
[0.670s] -- Up-to-date: /home/jack/ros2_ws/install/dsr_description2/share/dsr_description2/xacro/macro.e0509.white.xacro
[0.670s] -- Up-to-date: /home/jack/ros2_ws/install/dsr_description2/share/dsr_description2/xacro/macro.a0509.white.xacro
[0.670s] -- Up-to-date: /home/jack/ros2_ws/install/dsr_description2/share/dsr_description2/xacro/macro.m0617.white.xacro
[0.670s] -- Up-to-date: /home/jack/ros2_ws/install/dsr_description2/share/dsr_description2/xacro/macro.m1013.blue.xacro
[0.670s] -- Up-to-date: /home/jack/ros2_ws/install/dsr_description2/share/dsr_description2/xacro/m0617.urdf.xacro
[0.670s] -- Up-to-date: /home/jack/ros2_ws/install/dsr_description2/share/dsr_description2/xacro/a0509.urdf.xacro
[0.670s] -- Up-to-date: /home/jack/ros2_ws/install/dsr_description2/share/dsr_description2/xacro/macro.a0912.blue.xacro
[0.671s] -- Up-to-date: /home/jack/ros2_ws/install/dsr_description2/share/dsr_description2/xacro/m1509.urdf.xacro
[0.671s] -- Up-to-date: /home/jack/ros2_ws/install/dsr_description2/share/dsr_description2/xacro/h2017.urdf.xacro
[0.671s] -- Up-to-date: /home/jack/ros2_ws/install/dsr_description2/share/dsr_description2/xacro/macro.h2515.blue.xacro
[0.671s] -- Up-to-date: /home/jack/ros2_ws/install/dsr_description2/share/dsr_description2/xacro/macro.m1509.white.xacro
[0.671s] -- Up-to-date: /home/jack/ros2_ws/install/dsr_description2/share/dsr_description2/xacro/macro.a0912.white.xacro
[0.671s] -- Up-to-date: /home/jack/ros2_ws/install/dsr_description2/share/dsr_description2/xacro/m1013.urdf.xacro
[0.671s] -- Up-to-date: /home/jack/ros2_ws/install/dsr_description2/share/dsr_description2/xacro/macro.h2017.white.xacro
[0.672s] -- Up-to-date: /home/jack/ros2_ws/install/dsr_description2/share/dsr_description2/xacro/macro.a0509.blue.xacro
[0.672s] -- Up-to-date: /home/jack/ros2_ws/install/dsr_description2/share/dsr_description2/xacro/macro.h2017.blue.xacro
[0.672s] -- Up-to-date: /home/jack/ros2_ws/install/dsr_description2/share/dsr_description2/xacro/h2515.urdf.xacro
[0.672s] -- Up-to-date: /home/jack/ros2_ws/install/dsr_description2/share/dsr_description2/xacro/macro.m0617.blue.xacro
[0.672s] -- Up-to-date: /home/jack/ros2_ws/install/dsr_description2/share/dsr_description2/xacro/macro.m1013.white.xacro
[0.672s] -- Up-to-date: /home/jack/ros2_ws/install/dsr_description2/share/dsr_description2/xacro/macro.m0609.blue.xacro
[0.672s] -- Up-to-date: /home/jack/ros2_ws/install/dsr_description2/share/dsr_description2/xacro/macro.p3020.white.xacro
[0.673s] -- Up-to-date: /home/jack/ros2_ws/install/dsr_description2/share/dsr_description2/xacro/macro.p3020.blue.xacro
[0.673s] -- Up-to-date: /home/jack/ros2_ws/install/dsr_description2/share/dsr_description2/xacro/p3020.urdf.xacro
[0.673s] -- Up-to-date: /home/jack/ros2_ws/install/dsr_description2/share/dsr_description2/xacro/macro.m1509.blue.xacro
[0.673s] -- Up-to-date: /home/jack/ros2_ws/install/dsr_description2/share/dsr_description2/config
[0.673s] -- Up-to-date: /home/jack/ros2_ws/install/dsr_description2/share/dsr_description2/config/macro.wheel.xacro
[0.673s] -- Up-to-date: /home/jack/ros2_ws/install/dsr_description2/share/dsr_description2/config/macro.gazebo.p3020.xacro
[0.673s] -- Up-to-date: /home/jack/ros2_ws/install/dsr_description2/share/dsr_description2/config/macro.transmission.xacro
[0.673s] -- Up-to-date: /home/jack/ros2_ws/install/dsr_description2/share/dsr_description2/config/macro.materials.xacro
[0.674s] -- Up-to-date: /home/jack/ros2_ws/install/dsr_description2/share/dsr_description2/config/macro.gazebo.xacro
[0.674s] -- Up-to-date: /home/jack/ros2_ws/install/dsr_description2/share/dsr_description2/config/macro.decorations.xacro
[0.674s] -- Up-to-date: /home/jack/ros2_ws/install/dsr_description2/share/dsr_description2/ros2_control
[0.674s] -- Up-to-date: /home/jack/ros2_ws/install/dsr_description2/share/dsr_description2/ros2_control/p3020.ros2_control.xacro
[0.674s] -- Up-to-date: /home/jack/ros2_ws/install/dsr_description2/share/dsr_description2/ros2_control/m1509.ros2_control.xacro
[0.674s] -- Up-to-date: /home/jack/ros2_ws/install/dsr_description2/share/dsr_description2/ros2_control/a0509.gz_ros2_control.xacro
[0.674s] -- Up-to-date: /home/jack/ros2_ws/install/dsr_description2/share/dsr_description2/ros2_control/a0912.ros2_control.xacro
[0.674s] -- Up-to-date: /home/jack/ros2_ws/install/dsr_description2/share/dsr_description2/ros2_control/h2017.gz_ros2_control.xacro
[0.674s] -- Up-to-date: /home/jack/ros2_ws/install/dsr_description2/share/dsr_description2/ros2_control/h2017.ros2_control.xacro
[0.674s] -- Up-to-date: /home/jack/ros2_ws/install/dsr_description2/share/dsr_description2/ros2_control/m1509.gz_ros2_control.xacro
[0.674s] -- Up-to-date: /home/jack/ros2_ws/install/dsr_description2/share/dsr_description2/ros2_control/m0617.ros2_control.xacro
[0.674s] -- Up-to-date: /home/jack/ros2_ws/install/dsr_description2/share/dsr_description2/ros2_control/h2515.gz_ros2_control.xacro
[0.675s] -- Up-to-date: /home/jack/ros2_ws/install/dsr_description2/share/dsr_description2/ros2_control/p3020.gz_ros2_control.xacro
[0.675s] -- Up-to-date: /home/jack/ros2_ws/install/dsr_description2/share/dsr_description2/ros2_control/h2515.ros2_control.xacro
[0.675s] -- Up-to-date: /home/jack/ros2_ws/install/dsr_description2/share/dsr_description2/ros2_control/m0609.ros2_control.xacro
[0.675s] -- Up-to-date: /home/jack/ros2_ws/install/dsr_description2/share/dsr_description2/ros2_control/m0617.gz_ros2_control.xacro
[0.675s] -- Up-to-date: /home/jack/ros2_ws/install/dsr_description2/share/dsr_description2/ros2_control/m1013.ros2_control.xacro
[0.675s] -- Up-to-date: /home/jack/ros2_ws/install/dsr_description2/share/dsr_description2/ros2_control/e0509.gz_ros2_control.xacro
[0.675s] -- Up-to-date: /home/jack/ros2_ws/install/dsr_description2/share/dsr_description2/ros2_control/a0912.gz_ros2_control.xacro
[0.675s] -- Up-to-date: /home/jack/ros2_ws/install/dsr_description2/share/dsr_description2/ros2_control/e0509.ros2_control.xacro
[0.675s] -- Up-to-date: /home/jack/ros2_ws/install/dsr_description2/share/dsr_description2/ros2_control/m1013.gz_ros2_control.xacro
[0.675s] -- Up-to-date: /home/jack/ros2_ws/install/dsr_description2/share/dsr_description2/ros2_control/m0609.gz_ros2_control.xacro
[0.675s] -- Up-to-date: /home/jack/ros2_ws/install/dsr_description2/share/dsr_description2/ros2_control/a0509.ros2_control.xacro
[0.676s] -- Up-to-date: /home/jack/ros2_ws/install/dsr_description2/share/dsr_description2/launch
[0.676s] -- Up-to-date: /home/jack/ros2_ws/install/dsr_description2/share/dsr_description2/launch/dsr_description.launch.py
[0.676s] -- Up-to-date: /home/jack/ros2_ws/install/dsr_description2/share/dsr_description2/rviz
[0.676s] -- Up-to-date: /home/jack/ros2_ws/install/dsr_description2/share/dsr_description2/rviz/default.rviz
[0.676s] -- Up-to-date: /home/jack/ros2_ws/install/dsr_description2/share/dsr_description2/rviz/moveit.rviz
[0.772s] Invoked command in '/home/jack/ros2_ws/build/dsr_description2' returned '0': CMAKE_PREFIX_PATH=/home/jack/ros2_ws/install/rokey:/home/jack/ros2_ws/install/pick_and_place_voice:/home/jack/ros2_ws/install/pick_and_place_text:/home/jack/ros2_ws/install/m0609_block_assembly_rl:/home/jack/ros2_ws/install/dsr_visualservoing:/home/jack/ros2_ws/install/dsr_bringup2:/home/jack/ros2_ws/install/dsr_example:/opt/ros/humble:${CMAKE_PREFIX_PATH} /usr/bin/cmake --install /home/jack/ros2_ws/build/dsr_description2
