[0.498s] Invoking command in '/home/jack/ros2_ws/src/DoosanBootcamp3rd/m0609_block_assembly_rl': PYTHONPATH=/home/jack/ros2_ws/build/m0609_block_assembly_rl/prefix_override:/home/jack/.local/lib/python3.10/site-packages/colcon_core/task/python/colcon_distutils_commands:/home/jack/ros2_ws/install/m0609_block_assembly_rl/lib/python3.10/site-packages:${PYTHONPATH} /usr/bin/python3 -W ignore:setup.py install is deprecated -W ignore:easy_install command is deprecated setup.py egg_info --egg-base ../../../build/m0609_block_assembly_rl build --build-base /home/jack/ros2_ws/build/m0609_block_assembly_rl/build install --record /home/jack/ros2_ws/build/m0609_block_assembly_rl/install.log --single-version-externally-managed install_data
[0.695s] running egg_info
[0.695s] writing ../../../build/m0609_block_assembly_rl/m0609_block_assembly_rl.egg-info/PKG-INFO
[0.695s] writing dependency_links to ../../../build/m0609_block_assembly_rl/m0609_block_assembly_rl.egg-info/dependency_links.txt
[0.695s] writing entry points to ../../../build/m0609_block_assembly_rl/m0609_block_assembly_rl.egg-info/entry_points.txt
[0.695s] writing requirements to ../../../build/m0609_block_assembly_rl/m0609_block_assembly_rl.egg-info/requires.txt
[0.695s] writing top-level names to ../../../build/m0609_block_assembly_rl/m0609_block_assembly_rl.egg-info/top_level.txt
[0.697s] reading manifest file '../../../build/m0609_block_assembly_rl/m0609_block_assembly_rl.egg-info/SOURCES.txt'
[0.697s] writing manifest file '../../../build/m0609_block_assembly_rl/m0609_block_assembly_rl.egg-info/SOURCES.txt'
[0.697s] running build
[0.697s] running build_py
[0.698s] copying m0609_block_assembly_rl/soma_cube_system.py -> /home/jack/ros2_ws/build/m0609_block_assembly_rl/build/lib/m0609_block_assembly_rl
[0.698s] running install
[0.698s] running install_lib
[0.699s] copying /home/jack/ros2_ws/build/m0609_block_assembly_rl/build/lib/m0609_block_assembly_rl/soma_cube_system.py -> /home/jack/ros2_ws/install/m0609_block_assembly_rl/lib/python3.10/site-packages/m0609_block_assembly_rl
[0.700s] byte-compiling /home/jack/ros2_ws/install/m0609_block_assembly_rl/lib/python3.10/site-packages/m0609_block_assembly_rl/soma_cube_system.py to soma_cube_system.cpython-310.pyc
[0.702s] running install_data
[0.702s] running install_egg_info
[0.703s] removing '/home/jack/ros2_ws/install/m0609_block_assembly_rl/lib/python3.10/site-packages/m0609_block_assembly_rl-0.0.0-py3.10.egg-info' (and everything under it)
[0.703s] Copying ../../../build/m0609_block_assembly_rl/m0609_block_assembly_rl.egg-info to /home/jack/ros2_ws/install/m0609_block_assembly_rl/lib/python3.10/site-packages/m0609_block_assembly_rl-0.0.0-py3.10.egg-info
[0.704s] running install_scripts
[0.716s] Installing soma_demo script to /home/jack/ros2_ws/install/m0609_block_assembly_rl/lib/m0609_block_assembly_rl
[0.716s] Installing soma_rl_node script to /home/jack/ros2_ws/install/m0609_block_assembly_rl/lib/m0609_block_assembly_rl
[0.716s] Installing soma_train script to /home/jack/ros2_ws/install/m0609_block_assembly_rl/lib/m0609_block_assembly_rl
[0.716s] Installing soma_validation script to /home/jack/ros2_ws/install/m0609_block_assembly_rl/lib/m0609_block_assembly_rl
[0.716s] writing list of installed files to '/home/jack/ros2_ws/build/m0609_block_assembly_rl/install.log'
[0.731s] Invoked command in '/home/jack/ros2_ws/src/DoosanBootcamp3rd/m0609_block_assembly_rl' returned '0': PYTHONPATH=/home/jack/ros2_ws/build/m0609_block_assembly_rl/prefix_override:/home/jack/.local/lib/python3.10/site-packages/colcon_core/task/python/colcon_distutils_commands:/home/jack/ros2_ws/install/m0609_block_assembly_rl/lib/python3.10/site-packages:${PYTHONPATH} /usr/bin/python3 -W ignore:setup.py install is deprecated -W ignore:easy_install command is deprecated setup.py egg_info --egg-base ../../../build/m0609_block_assembly_rl build --build-base /home/jack/ros2_ws/build/m0609_block_assembly_rl/build install --record /home/jack/ros2_ws/build/m0609_block_assembly_rl/install.log --single-version-externally-managed install_data
