[0.012s] Invoking command in '/home/jack/ros2_ws/build/soma_cube_rl_bridge': AMENT_PREFIX_PATH=/home/jack/ros2_ws/install/dsr_msgs2:/home/jack/ros2_ws/install/dsr_common2:${AMENT_PREFIX_PATH} CMAKE_PREFIX_PATH=/home/jack/ros2_ws/install/dsr_msgs2:/home/jack/ros2_ws/install/dsr_common2:/opt/ros/humble LD_LIBRARY_PATH=/home/jack/ros2_ws/install/dsr_msgs2/lib:${LD_LIBRARY_PATH} PYTHONPATH=/home/jack/ros2_ws/install/dsr_msgs2/local/lib/python3.10/dist-packages:${PYTHONPATH} /usr/bin/cmake --build /home/jack/ros2_ws/build/soma_cube_rl_bridge -- -j16 -l16
[0.070s] Consolidate compiler generated dependencies of target soma_cube_rl_bridge__rosidl_generator_c
[0.081s] [  1%] Built target soma_cube_rl_bridge__cpp
[0.084s] [  1%] Built target ament_cmake_python_copy_soma_cube_rl_bridge
[0.084s] [ 11%] Built target soma_cube_rl_bridge__rosidl_generator_c
[0.095s] Consolidate compiler generated dependencies of target soma_cube_rl_bridge__rosidl_typesupport_cpp
[0.098s] Consolidate compiler generated dependencies of target soma_cube_rl_bridge__rosidl_typesupport_introspection_cpp
[0.102s] Consolidate compiler generated dependencies of target soma_cube_rl_bridge__rosidl_typesupport_fastrtps_cpp
[0.110s] [ 21%] Built target soma_cube_rl_bridge__rosidl_typesupport_cpp
[0.112s] [ 31%] Built target soma_cube_rl_bridge__rosidl_typesupport_introspection_cpp
[0.118s] [ 42%] Built target soma_cube_rl_bridge__rosidl_typesupport_fastrtps_cpp
[0.123s] [ 43%] Generating C type support for eProsima Fast-RTPS
[0.136s] Consolidate compiler generated dependencies of target rl_env_node
[0.152s] [ 44%] Building CXX object CMakeFiles/rl_env_node.dir/src/rl_env_node.cpp.o
[0.392s] running egg_info
[0.392s] writing soma_cube_rl_bridge.egg-info/PKG-INFO
[0.392s] writing dependency_links to soma_cube_rl_bridge.egg-info/dependency_links.txt
[0.392s] writing top-level names to soma_cube_rl_bridge.egg-info/top_level.txt
[0.395s] reading manifest file 'soma_cube_rl_bridge.egg-info/SOURCES.txt'
[0.395s] writing manifest file 'soma_cube_rl_bridge.egg-info/SOURCES.txt'
[0.421s] [ 44%] Built target ament_cmake_python_build_soma_cube_rl_bridge_egg
[0.450s] [ 46%] Building CXX object CMakeFiles/motion_proxy_node.dir/src/motion_proxy_node.cpp.o
[0.461s] [ 47%] Building CXX object CMakeFiles/safety_monitor_node.dir/src/safety_monitor_node.cpp.o
[0.621s] [ 49%] Building CXX object CMakeFiles/soma_cube_rl_bridge__rosidl_typesupport_fastrtps_c.dir/rosidl_typesupport_fastrtps_c/soma_cube_rl_bridge/srv/detail/rl_reset__type_support_c.cpp.o
[0.628s] [ 50%] Building CXX object CMakeFiles/soma_cube_rl_bridge__rosidl_typesupport_fastrtps_c.dir/rosidl_typesupport_fastrtps_c/soma_cube_rl_bridge/srv/detail/get_safety_state__type_support_c.cpp.o
[0.636s] [ 52%] Building CXX object CMakeFiles/soma_cube_rl_bridge__rosidl_typesupport_fastrtps_c.dir/rosidl_typesupport_fastrtps_c/soma_cube_rl_bridge/srv/detail/rl_step__type_support_c.cpp.o
[0.979s] [ 53%] Building CXX object CMakeFiles/soma_cube_rl_bridge__rosidl_typesupport_fastrtps_c.dir/rosidl_typesupport_fastrtps_c/soma_cube_rl_bridge/msg/detail/safety_state__type_support_c.cpp.o
[0.994s] [ 55%] Building CXX object CMakeFiles/soma_cube_rl_bridge__rosidl_typesupport_fastrtps_c.dir/rosidl_typesupport_fastrtps_c/soma_cube_rl_bridge/msg/detail/rl_observation__type_support_c.cpp.o
[1.348s] [ 56%] Linking CXX shared library libsoma_cube_rl_bridge__rosidl_typesupport_fastrtps_c.so
[1.455s] [ 56%] Built target soma_cube_rl_bridge__rosidl_typesupport_fastrtps_c
[3.167s] /home/jack/ros2_ws/src/DoosanBootcamp3rd/soma_cube_rl_bridge/src/safety_monitor_node.cpp: In member function ‘void soma_cube_rl_bridge::SafetyMonitorNode::robotStateCallback(dsr_msgs2::msg::RobotState_<std::allocator<void> >::SharedPtr)’:
[3.167s] /home/jack/ros2_ws/src/DoosanBootcamp3rd/soma_cube_rl_bridge/src/safety_monitor_node.cpp:100:30: error: ‘using element_type = struct dsr_msgs2::msg::RobotState_<std::allocator<void> >’ {aka ‘struct dsr_msgs2::msg::RobotState_<std::allocator<void> >’} has no member named ‘robot_mode’
[3.167s]   100 |   current_robot_mode_ = msg->robot_mode;
[3.167s]       |                              ^~~~~~~~~~
[3.167s] /home/jack/ros2_ws/src/DoosanBootcamp3rd/soma_cube_rl_bridge/src/safety_monitor_node.cpp: In member function ‘void soma_cube_rl_bridge::SafetyMonitorNode::robotErrorCallback(dsr_msgs2::msg::RobotError_<std::allocator<void> >::SharedPtr)’:
[3.167s] /home/jack/ros2_ws/src/DoosanBootcamp3rd/soma_cube_rl_bridge/src/safety_monitor_node.cpp:117:57: error: ‘using element_type = struct dsr_msgs2::msg::RobotError_<std::allocator<void> >’ {aka ‘struct dsr_msgs2::msg::RobotError_<std::allocator<void> >’} has no member named ‘msg’; did you mean ‘msg1’?
[3.167s]   117 |     safety_reason_ = "Robot error: " + std::string(msg->msg.begin(), msg->msg.end());
[3.167s]       |                                                         ^~~
[3.167s]       |                                                         msg1
[3.167s] /home/jack/ros2_ws/src/DoosanBootcamp3rd/soma_cube_rl_bridge/src/safety_monitor_node.cpp:117:75: error: ‘using element_type = struct dsr_msgs2::msg::RobotError_<std::allocator<void> >’ {aka ‘struct dsr_msgs2::msg::RobotError_<std::allocator<void> >’} has no member named ‘msg’; did you mean ‘msg1’?
[3.167s]   117 |     safety_reason_ = "Robot error: " + std::string(msg->msg.begin(), msg->msg.end());
[3.167s]       |                                                                           ^~~
[3.168s]       |                                                                           msg1
[3.345s] /home/jack/ros2_ws/src/DoosanBootcamp3rd/soma_cube_rl_bridge/src/motion_proxy_node.cpp: In member function ‘void soma_cube_rl_bridge::MotionProxyNode::moveJointCallback(std::shared_ptr<dsr_msgs2::srv::MoveJoint_Request_<std::allocator<void> > >, std::shared_ptr<dsr_msgs2::srv::MoveJoint_Response_<std::allocator<void> > >)’:
[3.345s] /home/jack/ros2_ws/src/DoosanBootcamp3rd/soma_cube_rl_bridge/src/motion_proxy_node.cpp:127:15: error: ‘using element_type = struct dsr_msgs2::srv::MoveJoint_Response_<std::allocator<void> >’ {aka ‘struct dsr_msgs2::srv::MoveJoint_Response_<std::allocator<void> >’} has no member named ‘message’
[3.345s]   127 |     response->message = "Motion rejected: Robot not in safe state";
[3.345s]       |               ^~~~~~~
[3.346s] /home/jack/ros2_ws/src/DoosanBootcamp3rd/soma_cube_rl_bridge/src/motion_proxy_node.cpp:133:37: error: cannot convert ‘dsr_msgs2::srv::MoveJoint_Request_<std::allocator<void> >::_pos_type’ {aka ‘std::array<double, 6>’} to ‘const std::vector<double, std::allocator<double> >&’
[3.346s]   133 |   if (!validateJointLimits(request->pos)) {
[3.346s]       |                            ~~~~~~~~~^~~
[3.346s]       |                                     |
[3.346s]       |                                     dsr_msgs2::srv::MoveJoint_Request_<std::allocator<void> >::_pos_type {aka std::array<double, 6>}
[3.347s] In file included from /home/jack/ros2_ws/src/DoosanBootcamp3rd/soma_cube_rl_bridge/src/motion_proxy_node.cpp:1:
[3.347s] /home/jack/ros2_ws/src/DoosanBootcamp3rd/soma_cube_rl_bridge/include/soma_cube_rl_bridge/motion_proxy_node.hpp:82:56: note:   initializing argument 1 of ‘bool soma_cube_rl_bridge::MotionProxyNode::validateJointLimits(const std::vector<double, std::allocator<double> >&)’
[3.347s]    82 |   bool validateJointLimits(const std::vector<double> & joint_positions);
[3.347s]       |                            ~~~~~~~~~~~~~~~~~~~~~~~~~~~~^~~~~~~~~~~~~~~
[3.347s] /home/jack/ros2_ws/src/DoosanBootcamp3rd/soma_cube_rl_bridge/src/motion_proxy_node.cpp:135:15: error: ‘using element_type = struct dsr_msgs2::srv::MoveJoint_Response_<std::allocator<void> >’ {aka ‘struct dsr_msgs2::srv::MoveJoint_Response_<std::allocator<void> >’} has no member named ‘message’
[3.347s]   135 |     response->message = "Motion rejected: Joint limits exceeded";
[3.347s]       |               ^~~~~~~
[3.348s] /home/jack/ros2_ws/src/DoosanBootcamp3rd/soma_cube_rl_bridge/src/motion_proxy_node.cpp:143:15: error: ‘using element_type = struct dsr_msgs2::srv::MoveJoint_Response_<std::allocator<void> >’ {aka ‘struct dsr_msgs2::srv::MoveJoint_Response_<std::allocator<void> >’} has no member named ‘message’
[3.348s]   143 |     response->message = "Motion rejected: Velocity limits exceeded";
[3.348s]       |               ^~~~~~~
[3.348s] /home/jack/ros2_ws/src/DoosanBootcamp3rd/soma_cube_rl_bridge/src/motion_proxy_node.cpp:151:15: error: ‘using element_type = struct dsr_msgs2::srv::MoveJoint_Response_<std::allocator<void> >’ {aka ‘struct dsr_msgs2::srv::MoveJoint_Response_<std::allocator<void> >’} has no member named ‘message’
[3.348s]   151 |     response->message = "Motion rejected: Acceleration limits exceeded";
[3.348s]       |               ^~~~~~~
[3.350s] /home/jack/ros2_ws/src/DoosanBootcamp3rd/soma_cube_rl_bridge/src/motion_proxy_node.cpp:159:15: error: ‘using element_type = struct dsr_msgs2::srv::MoveJoint_Response_<std::allocator<void> >’ {aka ‘struct dsr_msgs2::srv::MoveJoint_Response_<std::allocator<void> >’} has no member named ‘message’
[3.350s]   159 |     response->message = "Doosan move_joint service not available";
[3.350s]       |               ^~~~~~~
[3.358s] /home/jack/ros2_ws/src/DoosanBootcamp3rd/soma_cube_rl_bridge/src/motion_proxy_node.cpp:172:15: error: ‘using element_type = struct dsr_msgs2::srv::MoveJoint_Response_<std::allocator<void> >’ {aka ‘struct dsr_msgs2::srv::MoveJoint_Response_<std::allocator<void> >’} has no member named ‘message’
[3.358s]   172 |     response->message = doosan_response->message;
[3.358s]       |               ^~~~~~~
[3.358s] /home/jack/ros2_ws/src/DoosanBootcamp3rd/soma_cube_rl_bridge/src/motion_proxy_node.cpp:172:42: error: ‘using element_type = struct dsr_msgs2::srv::MoveJoint_Response_<std::allocator<void> >’ {aka ‘struct dsr_msgs2::srv::MoveJoint_Response_<std::allocator<void> >’} has no member named ‘message’
[3.358s]   172 |     response->message = doosan_response->message;
[3.358s]       |                                          ^~~~~~~
[3.358s] /home/jack/ros2_ws/src/DoosanBootcamp3rd/soma_cube_rl_bridge/src/motion_proxy_node.cpp:178:15: error: ‘using element_type = struct dsr_msgs2::srv::MoveJoint_Response_<std::allocator<void> >’ {aka ‘struct dsr_msgs2::srv::MoveJoint_Response_<std::allocator<void> >’} has no member named ‘message’
[3.358s]   178 |     response->message = "Timeout waiting for Doosan move_joint response";
[3.358s]       |               ^~~~~~~
[3.358s] /home/jack/ros2_ws/src/DoosanBootcamp3rd/soma_cube_rl_bridge/src/motion_proxy_node.cpp: In member function ‘void soma_cube_rl_bridge::MotionProxyNode::moveStopCallback(std::shared_ptr<dsr_msgs2::srv::MoveStop_Request_<std::allocator<void> > >, std::shared_ptr<dsr_msgs2::srv::MoveStop_Response_<std::allocator<void> > >)’:
[3.358s] /home/jack/ros2_ws/src/DoosanBootcamp3rd/soma_cube_rl_bridge/src/motion_proxy_node.cpp:192:15: error: ‘using element_type = struct dsr_msgs2::srv::MoveStop_Response_<std::allocator<void> >’ {aka ‘struct dsr_msgs2::srv::MoveStop_Response_<std::allocator<void> >’} has no member named ‘message’
[3.358s]   192 |     response->message = "Doosan move_stop service not available";
[3.358s]       |               ^~~~~~~
[3.359s] /home/jack/ros2_ws/src/DoosanBootcamp3rd/soma_cube_rl_bridge/src/motion_proxy_node.cpp:205:15: error: ‘using element_type = struct dsr_msgs2::srv::MoveStop_Response_<std::allocator<void> >’ {aka ‘struct dsr_msgs2::srv::MoveStop_Response_<std::allocator<void> >’} has no member named ‘message’
[3.359s]   205 |     response->message = doosan_response->message;
[3.359s]       |               ^~~~~~~
[3.359s] /home/jack/ros2_ws/src/DoosanBootcamp3rd/soma_cube_rl_bridge/src/motion_proxy_node.cpp:205:42: error: ‘using element_type = struct dsr_msgs2::srv::MoveStop_Response_<std::allocator<void> >’ {aka ‘struct dsr_msgs2::srv::MoveStop_Response_<std::allocator<void> >’} has no member named ‘message’
[3.359s]   205 |     response->message = doosan_response->message;
[3.359s]       |                                          ^~~~~~~
[3.359s] /home/jack/ros2_ws/src/DoosanBootcamp3rd/soma_cube_rl_bridge/src/motion_proxy_node.cpp:211:15: error: ‘using element_type = struct dsr_msgs2::srv::MoveStop_Response_<std::allocator<void> >’ {aka ‘struct dsr_msgs2::srv::MoveStop_Response_<std::allocator<void> >’} has no member named ‘message’
[3.359s]   211 |     response->message = "Timeout waiting for Doosan move_stop response";
[3.359s]       |               ^~~~~~~
[8.231s] gmake[2]: *** [CMakeFiles/safety_monitor_node.dir/build.make:76: CMakeFiles/safety_monitor_node.dir/src/safety_monitor_node.cpp.o] Error 1
[8.231s] gmake[1]: *** [CMakeFiles/Makefile2:624: CMakeFiles/safety_monitor_node.dir/all] Error 2
[8.231s] gmake[1]: *** Waiting for unfinished jobs....
[9.873s] gmake[2]: *** [CMakeFiles/motion_proxy_node.dir/build.make:76: CMakeFiles/motion_proxy_node.dir/src/motion_proxy_node.cpp.o] Error 1
[9.873s] gmake[1]: *** [CMakeFiles/Makefile2:597: CMakeFiles/motion_proxy_node.dir/all] Error 2
[16.356s] [ 57%] Linking CXX executable rl_env_node
[17.280s] [ 57%] Built target rl_env_node
[17.281s] gmake: *** [Makefile:146: all] Error 2
[17.284s] Invoked command in '/home/jack/ros2_ws/build/soma_cube_rl_bridge' returned '2': AMENT_PREFIX_PATH=/home/jack/ros2_ws/install/dsr_msgs2:/home/jack/ros2_ws/install/dsr_common2:${AMENT_PREFIX_PATH} CMAKE_PREFIX_PATH=/home/jack/ros2_ws/install/dsr_msgs2:/home/jack/ros2_ws/install/dsr_common2:/opt/ros/humble LD_LIBRARY_PATH=/home/jack/ros2_ws/install/dsr_msgs2/lib:${LD_LIBRARY_PATH} PYTHONPATH=/home/jack/ros2_ws/install/dsr_msgs2/local/lib/python3.10/dist-packages:${PYTHONPATH} /usr/bin/cmake --build /home/jack/ros2_ws/build/soma_cube_rl_bridge -- -j16 -l16
