[1.816s] Invoking command in '/home/jack/ros2_ws/src/DoosanBootcamp3rd/dsr_example2/dsr_visualservoing': PYTHONPATH=/home/jack/ros2_ws/build/dsr_visualservoing/prefix_override:/home/jack/.local/lib/python3.10/site-packages/colcon_core/task/python/colcon_distutils_commands:/home/jack/ros2_ws/install/dsr_visualservoing/lib/python3.10/site-packages:${PYTHONPATH} /usr/bin/python3 -W ignore:setup.py install is deprecated -W ignore:easy_install command is deprecated setup.py egg_info --egg-base ../../../../build/dsr_visualservoing build --build-base /home/jack/ros2_ws/build/dsr_visualservoing/build install --record /home/jack/ros2_ws/build/dsr_visualservoing/install.log --single-version-externally-managed install_data
[2.052s] running egg_info
[2.053s] creating ../../../../build/dsr_visualservoing/dsr_visualservoing.egg-info
[2.053s] writing ../../../../build/dsr_visualservoing/dsr_visualservoing.egg-info/PKG-INFO
[2.053s] writing dependency_links to ../../../../build/dsr_visualservoing/dsr_visualservoing.egg-info/dependency_links.txt
[2.053s] writing entry points to ../../../../build/dsr_visualservoing/dsr_visualservoing.egg-info/entry_points.txt
[2.053s] writing requirements to ../../../../build/dsr_visualservoing/dsr_visualservoing.egg-info/requires.txt
[2.053s] writing top-level names to ../../../../build/dsr_visualservoing/dsr_visualservoing.egg-info/top_level.txt
[2.054s] writing manifest file '../../../../build/dsr_visualservoing/dsr_visualservoing.egg-info/SOURCES.txt'
[2.055s] reading manifest file '../../../../build/dsr_visualservoing/dsr_visualservoing.egg-info/SOURCES.txt'
[2.055s] writing manifest file '../../../../build/dsr_visualservoing/dsr_visualservoing.egg-info/SOURCES.txt'
[2.055s] running build
[2.056s] running build_py
[2.056s] creating /home/jack/ros2_ws/build/dsr_visualservoing/build
[2.056s] creating /home/jack/ros2_ws/build/dsr_visualservoing/build/lib
[2.056s] creating /home/jack/ros2_ws/build/dsr_visualservoing/build/lib/dsr_visualservoing
[2.056s] copying dsr_visualservoing/joint90.py -> /home/jack/ros2_ws/build/dsr_visualservoing/build/lib/dsr_visualservoing
[2.056s] copying dsr_visualservoing/send_pose_servol_gz.py -> /home/jack/ros2_ws/build/dsr_visualservoing/build/lib/dsr_visualservoing
[2.056s] copying dsr_visualservoing/__init__.py -> /home/jack/ros2_ws/build/dsr_visualservoing/build/lib/dsr_visualservoing
[2.056s] copying dsr_visualservoing/detect_marker_gz.py -> /home/jack/ros2_ws/build/dsr_visualservoing/build/lib/dsr_visualservoing
[2.056s] copying dsr_visualservoing/camera_publisher.py -> /home/jack/ros2_ws/build/dsr_visualservoing/build/lib/dsr_visualservoing
[2.056s] running install
[2.057s] running install_lib
[2.057s] creating /home/jack/ros2_ws/install/dsr_visualservoing/lib/python3.10/site-packages/dsr_visualservoing
[2.057s] copying /home/jack/ros2_ws/build/dsr_visualservoing/build/lib/dsr_visualservoing/joint90.py -> /home/jack/ros2_ws/install/dsr_visualservoing/lib/python3.10/site-packages/dsr_visualservoing
[2.057s] copying /home/jack/ros2_ws/build/dsr_visualservoing/build/lib/dsr_visualservoing/send_pose_servol_gz.py -> /home/jack/ros2_ws/install/dsr_visualservoing/lib/python3.10/site-packages/dsr_visualservoing
[2.057s] copying /home/jack/ros2_ws/build/dsr_visualservoing/build/lib/dsr_visualservoing/__init__.py -> /home/jack/ros2_ws/install/dsr_visualservoing/lib/python3.10/site-packages/dsr_visualservoing
[2.058s] copying /home/jack/ros2_ws/build/dsr_visualservoing/build/lib/dsr_visualservoing/detect_marker_gz.py -> /home/jack/ros2_ws/install/dsr_visualservoing/lib/python3.10/site-packages/dsr_visualservoing
[2.058s] copying /home/jack/ros2_ws/build/dsr_visualservoing/build/lib/dsr_visualservoing/camera_publisher.py -> /home/jack/ros2_ws/install/dsr_visualservoing/lib/python3.10/site-packages/dsr_visualservoing
[2.058s] byte-compiling /home/jack/ros2_ws/install/dsr_visualservoing/lib/python3.10/site-packages/dsr_visualservoing/joint90.py to joint90.cpython-310.pyc
[2.058s] byte-compiling /home/jack/ros2_ws/install/dsr_visualservoing/lib/python3.10/site-packages/dsr_visualservoing/send_pose_servol_gz.py to send_pose_servol_gz.cpython-310.pyc
[2.059s] byte-compiling /home/jack/ros2_ws/install/dsr_visualservoing/lib/python3.10/site-packages/dsr_visualservoing/__init__.py to __init__.cpython-310.pyc
[2.059s] byte-compiling /home/jack/ros2_ws/install/dsr_visualservoing/lib/python3.10/site-packages/dsr_visualservoing/detect_marker_gz.py to detect_marker_gz.cpython-310.pyc
[2.061s] byte-compiling /home/jack/ros2_ws/install/dsr_visualservoing/lib/python3.10/site-packages/dsr_visualservoing/camera_publisher.py to camera_publisher.cpython-310.pyc
[2.061s] running install_data
[2.061s] creating /home/jack/ros2_ws/install/dsr_visualservoing/share/ament_index
[2.061s] creating /home/jack/ros2_ws/install/dsr_visualservoing/share/ament_index/resource_index
[2.061s] creating /home/jack/ros2_ws/install/dsr_visualservoing/share/ament_index/resource_index/packages
[2.061s] copying resource/dsr_visualservoing -> /home/jack/ros2_ws/install/dsr_visualservoing/share/ament_index/resource_index/packages
[2.062s] copying package.xml -> /home/jack/ros2_ws/install/dsr_visualservoing/share/dsr_visualservoing
[2.062s] creating /home/jack/ros2_ws/install/dsr_visualservoing/share/dsr_visualservoing/launch
[2.062s] copying launch/camera_calibration.launch.py -> /home/jack/ros2_ws/install/dsr_visualservoing/share/dsr_visualservoing/launch
[2.062s] copying launch/dsr_gazebo_visual_servoing.launch.py -> /home/jack/ros2_ws/install/dsr_visualservoing/share/dsr_visualservoing/launch
[2.062s] copying launch/rgbd_camera.launch.py -> /home/jack/ros2_ws/install/dsr_visualservoing/share/dsr_visualservoing/launch
[2.062s] copying launch/visual_servoing_gz.launch.py -> /home/jack/ros2_ws/install/dsr_visualservoing/share/dsr_visualservoing/launch
[2.062s] copying launch/dsr_bringup2_visual_servoing_gazebo.launch.py -> /home/jack/ros2_ws/install/dsr_visualservoing/share/dsr_visualservoing/launch
[2.062s] creating /home/jack/ros2_ws/install/dsr_visualservoing/share/dsr_visualservoing/config
[2.062s] copying config/rgbd_camera_gz.yaml -> /home/jack/ros2_ws/install/dsr_visualservoing/share/dsr_visualservoing/config
[2.062s] copying config/real_camera.yaml -> /home/jack/ros2_ws/install/dsr_visualservoing/share/dsr_visualservoing/config
[2.062s] creating /home/jack/ros2_ws/install/dsr_visualservoing/share/dsr_visualservoing/description
[2.063s] copying description/checker_board.sdf -> /home/jack/ros2_ws/install/dsr_visualservoing/share/dsr_visualservoing/description
[2.063s] copying description/visual_servoing.sdf -> /home/jack/ros2_ws/install/dsr_visualservoing/share/dsr_visualservoing/description
[2.063s] copying description/markerbox1.sdf -> /home/jack/ros2_ws/install/dsr_visualservoing/share/dsr_visualservoing/description
[2.063s] copying description/markerbox2.sdf -> /home/jack/ros2_ws/install/dsr_visualservoing/share/dsr_visualservoing/description
[2.063s] copying description/camera_calibration.sdf -> /home/jack/ros2_ws/install/dsr_visualservoing/share/dsr_visualservoing/description
[2.063s] copying description/markerbox3.sdf -> /home/jack/ros2_ws/install/dsr_visualservoing/share/dsr_visualservoing/description
[2.063s] creating /home/jack/ros2_ws/install/dsr_visualservoing/share/dsr_visualservoing/description/textures
[2.063s] copying description/textures/4x4_1000-1_115.png -> /home/jack/ros2_ws/install/dsr_visualservoing/share/dsr_visualservoing/description/textures
[2.063s] copying description/textures/4x4_1000-2_115.png -> /home/jack/ros2_ws/install/dsr_visualservoing/share/dsr_visualservoing/description/textures
[2.063s] copying description/textures/4x4_1000-0.png -> /home/jack/ros2_ws/install/dsr_visualservoing/share/dsr_visualservoing/description/textures
[2.063s] copying description/textures/4x4_1000-3_115.png -> /home/jack/ros2_ws/install/dsr_visualservoing/share/dsr_visualservoing/description/textures
[2.063s] running install_egg_info
[2.064s] Copying ../../../../build/dsr_visualservoing/dsr_visualservoing.egg-info to /home/jack/ros2_ws/install/dsr_visualservoing/lib/python3.10/site-packages/dsr_visualservoing-0.0.0-py3.10.egg-info
[2.065s] running install_scripts
[2.078s] Installing camera_publisher script to /home/jack/ros2_ws/install/dsr_visualservoing/lib/dsr_visualservoing
[2.078s] Installing detect_marker_gz script to /home/jack/ros2_ws/install/dsr_visualservoing/lib/dsr_visualservoing
[2.078s] Installing joint90 script to /home/jack/ros2_ws/install/dsr_visualservoing/lib/dsr_visualservoing
[2.078s] Installing send_pose_servol_gz script to /home/jack/ros2_ws/install/dsr_visualservoing/lib/dsr_visualservoing
[2.078s] writing list of installed files to '/home/jack/ros2_ws/build/dsr_visualservoing/install.log'
[2.101s] Invoked command in '/home/jack/ros2_ws/src/DoosanBootcamp3rd/dsr_example2/dsr_visualservoing' returned '0': PYTHONPATH=/home/jack/ros2_ws/build/dsr_visualservoing/prefix_override:/home/jack/.local/lib/python3.10/site-packages/colcon_core/task/python/colcon_distutils_commands:/home/jack/ros2_ws/install/dsr_visualservoing/lib/python3.10/site-packages:${PYTHONPATH} /usr/bin/python3 -W ignore:setup.py install is deprecated -W ignore:easy_install command is deprecated setup.py egg_info --egg-base ../../../../build/dsr_visualservoing build --build-base /home/jack/ros2_ws/build/dsr_visualservoing/build install --record /home/jack/ros2_ws/build/dsr_visualservoing/install.log --single-version-externally-managed install_data
