[1.672s] Invoking command in '/home/jack/ros2_ws/src/DoosanBootcamp3rd/dsr_example2/dsr_visualservoing': PYTHONPATH=/home/jack/ros2_ws/build/dsr_visualservoing/prefix_override:/home/jack/.local/lib/python3.10/site-packages/colcon_core/task/python/colcon_distutils_commands:/home/jack/ros2_ws/install/dsr_visualservoing/lib/python3.10/site-packages:${PYTHONPATH} /usr/bin/python3 -W ignore:setup.py install is deprecated -W ignore:easy_install command is deprecated setup.py egg_info --egg-base ../../../../build/dsr_visualservoing build --build-base /home/jack/ros2_ws/build/dsr_visualservoing/build install --record /home/jack/ros2_ws/build/dsr_visualservoing/install.log --single-version-externally-managed install_data
[1.891s] running egg_info
[1.892s] writing ../../../../build/dsr_visualservoing/dsr_visualservoing.egg-info/PKG-INFO
[1.892s] writing dependency_links to ../../../../build/dsr_visualservoing/dsr_visualservoing.egg-info/dependency_links.txt
[1.892s] writing entry points to ../../../../build/dsr_visualservoing/dsr_visualservoing.egg-info/entry_points.txt
[1.892s] writing requirements to ../../../../build/dsr_visualservoing/dsr_visualservoing.egg-info/requires.txt
[1.892s] writing top-level names to ../../../../build/dsr_visualservoing/dsr_visualservoing.egg-info/top_level.txt
[1.893s] reading manifest file '../../../../build/dsr_visualservoing/dsr_visualservoing.egg-info/SOURCES.txt'
[1.894s] writing manifest file '../../../../build/dsr_visualservoing/dsr_visualservoing.egg-info/SOURCES.txt'
[1.894s] running build
[1.894s] running build_py
[1.895s] running install
[1.895s] running install_lib
[1.896s] running install_data
[1.896s] running install_egg_info
[1.897s] removing '/home/jack/ros2_ws/install/dsr_visualservoing/lib/python3.10/site-packages/dsr_visualservoing-0.0.0-py3.10.egg-info' (and everything under it)
[1.898s] Copying ../../../../build/dsr_visualservoing/dsr_visualservoing.egg-info to /home/jack/ros2_ws/install/dsr_visualservoing/lib/python3.10/site-packages/dsr_visualservoing-0.0.0-py3.10.egg-info
[1.898s] running install_scripts
[1.911s] Installing camera_publisher script to /home/jack/ros2_ws/install/dsr_visualservoing/lib/dsr_visualservoing
[1.911s] Installing detect_marker_gz script to /home/jack/ros2_ws/install/dsr_visualservoing/lib/dsr_visualservoing
[1.911s] Installing joint90 script to /home/jack/ros2_ws/install/dsr_visualservoing/lib/dsr_visualservoing
[1.911s] Installing send_pose_servol_gz script to /home/jack/ros2_ws/install/dsr_visualservoing/lib/dsr_visualservoing
[1.912s] writing list of installed files to '/home/jack/ros2_ws/build/dsr_visualservoing/install.log'
[2.217s] Invoked command in '/home/jack/ros2_ws/src/DoosanBootcamp3rd/dsr_example2/dsr_visualservoing' returned '0': PYTHONPATH=/home/jack/ros2_ws/build/dsr_visualservoing/prefix_override:/home/jack/.local/lib/python3.10/site-packages/colcon_core/task/python/colcon_distutils_commands:/home/jack/ros2_ws/install/dsr_visualservoing/lib/python3.10/site-packages:${PYTHONPATH} /usr/bin/python3 -W ignore:setup.py install is deprecated -W ignore:easy_install command is deprecated setup.py egg_info --egg-base ../../../../build/dsr_visualservoing build --build-base /home/jack/ros2_ws/build/dsr_visualservoing/build install --record /home/jack/ros2_ws/build/dsr_visualservoing/install.log --single-version-externally-managed install_data
