/home/jack/ros2_ws/install/soma_cube_rl_training/lib/python3.10/site-packages/soma_cube_rl_training/__init__.py
/home/jack/ros2_ws/install/soma_cube_rl_training/lib/python3.10/site-packages/soma_cube_rl_training/sac_trainer.py
/home/jack/ros2_ws/install/soma_cube_rl_training/lib/python3.10/site-packages/soma_cube_rl_training/demo_training.py
/home/jack/ros2_ws/install/soma_cube_rl_training/lib/python3.10/site-packages/soma_cube_rl_training/rl_client.py
/home/jack/ros2_ws/install/soma_cube_rl_training/lib/python3.10/site-packages/soma_cube_rl_training/train_somacube.py
/home/jack/ros2_ws/install/soma_cube_rl_training/lib/python3.10/site-packages/soma_cube_rl_training/__pycache__/__init__.cpython-310.pyc
/home/jack/ros2_ws/install/soma_cube_rl_training/lib/python3.10/site-packages/soma_cube_rl_training/__pycache__/sac_trainer.cpython-310.pyc
/home/jack/ros2_ws/install/soma_cube_rl_training/lib/python3.10/site-packages/soma_cube_rl_training/__pycache__/demo_training.cpython-310.pyc
/home/jack/ros2_ws/install/soma_cube_rl_training/lib/python3.10/site-packages/soma_cube_rl_training/__pycache__/rl_client.cpython-310.pyc
/home/jack/ros2_ws/install/soma_cube_rl_training/lib/python3.10/site-packages/soma_cube_rl_training/__pycache__/train_somacube.cpython-310.pyc
/home/jack/ros2_ws/install/soma_cube_rl_training/share/ament_index/resource_index/packages/soma_cube_rl_training
/home/jack/ros2_ws/install/soma_cube_rl_training/share/soma_cube_rl_training/package.xml
/home/jack/ros2_ws/install/soma_cube_rl_training/share/soma_cube_rl_training/launch
/home/jack/ros2_ws/install/soma_cube_rl_training/share/soma_cube_rl_training/config
/home/jack/ros2_ws/install/soma_cube_rl_training/lib/python3.10/site-packages/soma_cube_rl_training-1.0.0-py3.10.egg-info/SOURCES.txt
/home/jack/ros2_ws/install/soma_cube_rl_training/lib/python3.10/site-packages/soma_cube_rl_training-1.0.0-py3.10.egg-info/entry_points.txt
/home/jack/ros2_ws/install/soma_cube_rl_training/lib/python3.10/site-packages/soma_cube_rl_training-1.0.0-py3.10.egg-info/PKG-INFO
/home/jack/ros2_ws/install/soma_cube_rl_training/lib/python3.10/site-packages/soma_cube_rl_training-1.0.0-py3.10.egg-info/dependency_links.txt
/home/jack/ros2_ws/install/soma_cube_rl_training/lib/python3.10/site-packages/soma_cube_rl_training-1.0.0-py3.10.egg-info/top_level.txt
/home/jack/ros2_ws/install/soma_cube_rl_training/lib/python3.10/site-packages/soma_cube_rl_training-1.0.0-py3.10.egg-info/zip-safe
/home/jack/ros2_ws/install/soma_cube_rl_training/lib/python3.10/site-packages/soma_cube_rl_training-1.0.0-py3.10.egg-info/requires.txt
/home/jack/ros2_ws/install/soma_cube_rl_training/lib/soma_cube_rl_training/demo_training
/home/jack/ros2_ws/install/soma_cube_rl_training/lib/soma_cube_rl_training/rl_client
/home/jack/ros2_ws/install/soma_cube_rl_training/lib/soma_cube_rl_training/train_somacube
