[0.057s] Invoking command in '/home/jack/ros2_ws/build/dsr_hardware2': CMAKE_PREFIX_PATH=/home/jack/ros2_ws/install/dsr_msgs2:/home/jack/ros2_ws/install/rokey:/home/jack/ros2_ws/install/pick_and_place_voice:/home/jack/ros2_ws/install/pick_and_place_text:/home/jack/ros2_ws/install/m0609_block_assembly_rl:/home/jack/ros2_ws/install/dsr_visualservoing:/home/jack/ros2_ws/install/dsr_bringup2:/home/jack/ros2_ws/install/dsr_example:/opt/ros/humble:/home/jack/ros2_ws/install/od_msg:/home/jack/ros2_ws/install/dsr_moveit_config_p3020:/home/jack/ros2_ws/install/dsr_moveit_config_m1509:/home/jack/ros2_ws/install/dsr_moveit_config_m1013:/home/jack/ros2_ws/install/dsr_moveit_config_m0617:/home/jack/ros2_ws/install/dsr_moveit_config_m0609:/home/jack/ros2_ws/install/dsr_moveit_config_h2515:/home/jack/ros2_ws/install/dsr_moveit_config_h2017:/home/jack/ros2_ws/install/dsr_moveit_config_e0509:/home/jack/ros2_ws/install/dsr_moveit_config_a0912:/home/jack/ros2_ws/install/dsr_moveit_config_a0509:/home/jack/ros2_ws/install/dsr_description2:/home/jack/ros2_ws/install/dsr_common2 LD_LIBRARY_PATH=/home/jack/ros2_ws/install/dsr_msgs2/lib:/home/jack/ros2_ws/install/od_msg/lib:/usr/local/cuda-11.8/lib64:/usr/local/lib:/opt/ros/humble/opt/rviz_ogre_vendor/lib:/opt/ros/humble/lib/x86_64-linux-gnu:/opt/ros/humble/lib:/home/jack/ORB_SLAM2/lib /usr/bin/cmake /home/jack/ros2_ws/src/DoosanBootcamp3rd/dsr_hardware2 -DCMAKE_INSTALL_PREFIX=/home/jack/ros2_ws/install/dsr_hardware2
[0.305s] -- Found ament_cmake: 1.3.11 (/opt/ros/humble/share/ament_cmake/cmake)
[0.305s] -- Found pluginlib: 5.1.0 (/opt/ros/humble/share/pluginlib/cmake)
[0.305s] -- Configuring incomplete, errors occurred!
[0.305s] See also "/home/jack/ros2_ws/build/dsr_hardware2/CMakeFiles/CMakeOutput.log".
[0.305s] [31mCMake Error at CMakeLists.txt:37 (find_package):
[0.305s]   By not providing "Findhardware_interface.cmake" in CMAKE_MODULE_PATH this
[0.305s]   project has asked CMake to find a package configuration file provided by
[0.305s]   "hardware_interface", but CMake did not find one.
[0.305s] 
[0.305s]   Could not find a package configuration file provided by
[0.305s]   "hardware_interface" with any of the following names:
[0.305s] 
[0.306s]     hardware_interfaceConfig.cmake
[0.306s]     hardware_interface-config.cmake
[0.306s] 
[0.306s]   Add the installation prefix of "hardware_interface" to CMAKE_PREFIX_PATH or
[0.306s]   set "hardware_interface_DIR" to a directory containing one of the above
[0.306s]   files.  If "hardware_interface" provides a separate development package or
[0.306s]   SDK, be sure it has been installed.
[0.306s] 
[0.306s] [0m
[0.535s] Invoked command in '/home/jack/ros2_ws/build/dsr_hardware2' returned '1': CMAKE_PREFIX_PATH=/home/jack/ros2_ws/install/dsr_msgs2:/home/jack/ros2_ws/install/rokey:/home/jack/ros2_ws/install/pick_and_place_voice:/home/jack/ros2_ws/install/pick_and_place_text:/home/jack/ros2_ws/install/m0609_block_assembly_rl:/home/jack/ros2_ws/install/dsr_visualservoing:/home/jack/ros2_ws/install/dsr_bringup2:/home/jack/ros2_ws/install/dsr_example:/opt/ros/humble:/home/jack/ros2_ws/install/od_msg:/home/jack/ros2_ws/install/dsr_moveit_config_p3020:/home/jack/ros2_ws/install/dsr_moveit_config_m1509:/home/jack/ros2_ws/install/dsr_moveit_config_m1013:/home/jack/ros2_ws/install/dsr_moveit_config_m0617:/home/jack/ros2_ws/install/dsr_moveit_config_m0609:/home/jack/ros2_ws/install/dsr_moveit_config_h2515:/home/jack/ros2_ws/install/dsr_moveit_config_h2017:/home/jack/ros2_ws/install/dsr_moveit_config_e0509:/home/jack/ros2_ws/install/dsr_moveit_config_a0912:/home/jack/ros2_ws/install/dsr_moveit_config_a0509:/home/jack/ros2_ws/install/dsr_description2:/home/jack/ros2_ws/install/dsr_common2 LD_LIBRARY_PATH=/home/jack/ros2_ws/install/dsr_msgs2/lib:/home/jack/ros2_ws/install/od_msg/lib:/usr/local/cuda-11.8/lib64:/usr/local/lib:/opt/ros/humble/opt/rviz_ogre_vendor/lib:/opt/ros/humble/lib/x86_64-linux-gnu:/opt/ros/humble/lib:/home/jack/ORB_SLAM2/lib /usr/bin/cmake /home/jack/ros2_ws/src/DoosanBootcamp3rd/dsr_hardware2 -DCMAKE_INSTALL_PREFIX=/home/jack/ros2_ws/install/dsr_hardware2
