running egg_info
creating ../../build/soma_cube_rl_training/soma_cube_rl_training.egg-info
writing ../../build/soma_cube_rl_training/soma_cube_rl_training.egg-info/PKG-INFO
writing dependency_links to ../../build/soma_cube_rl_training/soma_cube_rl_training.egg-info/dependency_links.txt
writing entry points to ../../build/soma_cube_rl_training/soma_cube_rl_training.egg-info/entry_points.txt
writing requirements to ../../build/soma_cube_rl_training/soma_cube_rl_training.egg-info/requires.txt
writing top-level names to ../../build/soma_cube_rl_training/soma_cube_rl_training.egg-info/top_level.txt
writing manifest file '../../build/soma_cube_rl_training/soma_cube_rl_training.egg-info/SOURCES.txt'
reading manifest file '../../build/soma_cube_rl_training/soma_cube_rl_training.egg-info/SOURCES.txt'
writing manifest file '../../build/soma_cube_rl_training/soma_cube_rl_training.egg-info/SOURCES.txt'
running build
running build_py
creating /home/jack/ros2_ws/build/soma_cube_rl_training/build
creating /home/jack/ros2_ws/build/soma_cube_rl_training/build/lib
creating /home/jack/ros2_ws/build/soma_cube_rl_training/build/lib/soma_cube_rl_training
copying soma_cube_rl_training/__init__.py -> /home/jack/ros2_ws/build/soma_cube_rl_training/build/lib/soma_cube_rl_training
copying soma_cube_rl_training/sac_trainer.py -> /home/jack/ros2_ws/build/soma_cube_rl_training/build/lib/soma_cube_rl_training
copying soma_cube_rl_training/demo_training.py -> /home/jack/ros2_ws/build/soma_cube_rl_training/build/lib/soma_cube_rl_training
copying soma_cube_rl_training/rl_client.py -> /home/jack/ros2_ws/build/soma_cube_rl_training/build/lib/soma_cube_rl_training
copying soma_cube_rl_training/train_somacube.py -> /home/jack/ros2_ws/build/soma_cube_rl_training/build/lib/soma_cube_rl_training
running install
running install_lib
creating /home/jack/ros2_ws/install/soma_cube_rl_training/lib/python3.10/site-packages/soma_cube_rl_training
copying /home/jack/ros2_ws/build/soma_cube_rl_training/build/lib/soma_cube_rl_training/__init__.py -> /home/jack/ros2_ws/install/soma_cube_rl_training/lib/python3.10/site-packages/soma_cube_rl_training
copying /home/jack/ros2_ws/build/soma_cube_rl_training/build/lib/soma_cube_rl_training/sac_trainer.py -> /home/jack/ros2_ws/install/soma_cube_rl_training/lib/python3.10/site-packages/soma_cube_rl_training
copying /home/jack/ros2_ws/build/soma_cube_rl_training/build/lib/soma_cube_rl_training/demo_training.py -> /home/jack/ros2_ws/install/soma_cube_rl_training/lib/python3.10/site-packages/soma_cube_rl_training
copying /home/jack/ros2_ws/build/soma_cube_rl_training/build/lib/soma_cube_rl_training/rl_client.py -> /home/jack/ros2_ws/install/soma_cube_rl_training/lib/python3.10/site-packages/soma_cube_rl_training
copying /home/jack/ros2_ws/build/soma_cube_rl_training/build/lib/soma_cube_rl_training/train_somacube.py -> /home/jack/ros2_ws/install/soma_cube_rl_training/lib/python3.10/site-packages/soma_cube_rl_training
byte-compiling /home/jack/ros2_ws/install/soma_cube_rl_training/lib/python3.10/site-packages/soma_cube_rl_training/__init__.py to __init__.cpython-310.pyc
byte-compiling /home/jack/ros2_ws/install/soma_cube_rl_training/lib/python3.10/site-packages/soma_cube_rl_training/sac_trainer.py to sac_trainer.cpython-310.pyc
byte-compiling /home/jack/ros2_ws/install/soma_cube_rl_training/lib/python3.10/site-packages/soma_cube_rl_training/demo_training.py to demo_training.cpython-310.pyc
byte-compiling /home/jack/ros2_ws/install/soma_cube_rl_training/lib/python3.10/site-packages/soma_cube_rl_training/rl_client.py to rl_client.cpython-310.pyc
byte-compiling /home/jack/ros2_ws/install/soma_cube_rl_training/lib/python3.10/site-packages/soma_cube_rl_training/train_somacube.py to train_somacube.cpython-310.pyc
running install_data
creating /home/jack/ros2_ws/install/soma_cube_rl_training/share/ament_index
creating /home/jack/ros2_ws/install/soma_cube_rl_training/share/ament_index/resource_index
creating /home/jack/ros2_ws/install/soma_cube_rl_training/share/ament_index/resource_index/packages
copying resource/soma_cube_rl_training -> /home/jack/ros2_ws/install/soma_cube_rl_training/share/ament_index/resource_index/packages
copying package.xml -> /home/jack/ros2_ws/install/soma_cube_rl_training/share/soma_cube_rl_training
creating /home/jack/ros2_ws/install/soma_cube_rl_training/share/soma_cube_rl_training/launch
creating /home/jack/ros2_ws/install/soma_cube_rl_training/share/soma_cube_rl_training/config
running install_egg_info
Copying ../../build/soma_cube_rl_training/soma_cube_rl_training.egg-info to /home/jack/ros2_ws/install/soma_cube_rl_training/lib/python3.10/site-packages/soma_cube_rl_training-1.0.0-py3.10.egg-info
running install_scripts
Installing demo_training script to /home/jack/ros2_ws/install/soma_cube_rl_training/lib/soma_cube_rl_training
Installing rl_client script to /home/jack/ros2_ws/install/soma_cube_rl_training/lib/soma_cube_rl_training
Installing train_somacube script to /home/jack/ros2_ws/install/soma_cube_rl_training/lib/soma_cube_rl_training
writing list of installed files to '/home/jack/ros2_ws/build/soma_cube_rl_training/install.log'
