[0.042s] Invoking command in '/home/jack/ros2_ws/build/dsr_moveit_config_m1509': CMAKE_PREFIX_PATH=/home/jack/ros2_ws/install/rokey:/home/jack/ros2_ws/install/pick_and_place_voice:/home/jack/ros2_ws/install/pick_and_place_text:/home/jack/ros2_ws/install/m0609_block_assembly_rl:/home/jack/ros2_ws/install/dsr_visualservoing:/home/jack/ros2_ws/install/dsr_bringup2:/home/jack/ros2_ws/install/dsr_example:/opt/ros/humble:${CMAKE_PREFIX_PATH} /usr/bin/cmake --build /home/jack/ros2_ws/build/dsr_moveit_config_m1509 -- -j16 -l16
[0.524s] Invoked command in '/home/jack/ros2_ws/build/dsr_moveit_config_m1509' returned '0': CMAKE_PREFIX_PATH=/home/jack/ros2_ws/install/rokey:/home/jack/ros2_ws/install/pick_and_place_voice:/home/jack/ros2_ws/install/pick_and_place_text:/home/jack/ros2_ws/install/m0609_block_assembly_rl:/home/jack/ros2_ws/install/dsr_visualservoing:/home/jack/ros2_ws/install/dsr_bringup2:/home/jack/ros2_ws/install/dsr_example:/opt/ros/humble:${CMAKE_PREFIX_PATH} /usr/bin/cmake --build /home/jack/ros2_ws/build/dsr_moveit_config_m1509 -- -j16 -l16
[0.525s] Invoking command in '/home/jack/ros2_ws/build/dsr_moveit_config_m1509': CMAKE_PREFIX_PATH=/home/jack/ros2_ws/install/rokey:/home/jack/ros2_ws/install/pick_and_place_voice:/home/jack/ros2_ws/install/pick_and_place_text:/home/jack/ros2_ws/install/m0609_block_assembly_rl:/home/jack/ros2_ws/install/dsr_visualservoing:/home/jack/ros2_ws/install/dsr_bringup2:/home/jack/ros2_ws/install/dsr_example:/opt/ros/humble:${CMAKE_PREFIX_PATH} /usr/bin/cmake --install /home/jack/ros2_ws/build/dsr_moveit_config_m1509
[0.609s] -- Install configuration: ""
[0.610s] -- Up-to-date: /home/jack/ros2_ws/install/dsr_moveit_config_m1509/share/ament_index/resource_index/package_run_dependencies/dsr_moveit_config_m1509
[0.610s] -- Up-to-date: /home/jack/ros2_ws/install/dsr_moveit_config_m1509/share/ament_index/resource_index/parent_prefix_path/dsr_moveit_config_m1509
[0.611s] -- Up-to-date: /home/jack/ros2_ws/install/dsr_moveit_config_m1509/share/dsr_moveit_config_m1509/environment/ament_prefix_path.sh
[0.611s] -- Up-to-date: /home/jack/ros2_ws/install/dsr_moveit_config_m1509/share/dsr_moveit_config_m1509/environment/ament_prefix_path.dsv
[0.611s] -- Up-to-date: /home/jack/ros2_ws/install/dsr_moveit_config_m1509/share/dsr_moveit_config_m1509/environment/path.sh
[0.611s] -- Up-to-date: /home/jack/ros2_ws/install/dsr_moveit_config_m1509/share/dsr_moveit_config_m1509/environment/path.dsv
[0.611s] -- Up-to-date: /home/jack/ros2_ws/install/dsr_moveit_config_m1509/share/dsr_moveit_config_m1509/local_setup.bash
[0.611s] -- Up-to-date: /home/jack/ros2_ws/install/dsr_moveit_config_m1509/share/dsr_moveit_config_m1509/local_setup.sh
[0.611s] -- Up-to-date: /home/jack/ros2_ws/install/dsr_moveit_config_m1509/share/dsr_moveit_config_m1509/local_setup.zsh
[0.612s] -- Up-to-date: /home/jack/ros2_ws/install/dsr_moveit_config_m1509/share/dsr_moveit_config_m1509/local_setup.dsv
[0.612s] -- Up-to-date: /home/jack/ros2_ws/install/dsr_moveit_config_m1509/share/dsr_moveit_config_m1509/package.dsv
[0.612s] -- Up-to-date: /home/jack/ros2_ws/install/dsr_moveit_config_m1509/share/ament_index/resource_index/packages/dsr_moveit_config_m1509
[0.612s] -- Up-to-date: /home/jack/ros2_ws/install/dsr_moveit_config_m1509/share/dsr_moveit_config_m1509/cmake/dsr_moveit_config_m1509Config.cmake
[0.612s] -- Up-to-date: /home/jack/ros2_ws/install/dsr_moveit_config_m1509/share/dsr_moveit_config_m1509/cmake/dsr_moveit_config_m1509Config-version.cmake
[0.612s] -- Up-to-date: /home/jack/ros2_ws/install/dsr_moveit_config_m1509/share/dsr_moveit_config_m1509/package.xml
[0.612s] -- Up-to-date: /home/jack/ros2_ws/install/dsr_moveit_config_m1509/share/dsr_moveit_config_m1509/launch
[0.613s] -- Up-to-date: /home/jack/ros2_ws/install/dsr_moveit_config_m1509/share/dsr_moveit_config_m1509/launch/demo.launch.py
[0.613s] -- Up-to-date: /home/jack/ros2_ws/install/dsr_moveit_config_m1509/share/dsr_moveit_config_m1509/launch/start.launch.py
[0.613s] -- Up-to-date: /home/jack/ros2_ws/install/dsr_moveit_config_m1509/share/dsr_moveit_config_m1509/launch/moveit.rviz
[0.613s] -- Up-to-date: /home/jack/ros2_ws/install/dsr_moveit_config_m1509/share/dsr_moveit_config_m1509/config
[0.614s] -- Up-to-date: /home/jack/ros2_ws/install/dsr_moveit_config_m1509/share/dsr_moveit_config_m1509/config/pilz_cartesian_limits.yaml
[0.614s] -- Up-to-date: /home/jack/ros2_ws/install/dsr_moveit_config_m1509/share/dsr_moveit_config_m1509/config/m1509.urdf.xacro
[0.614s] -- Up-to-date: /home/jack/ros2_ws/install/dsr_moveit_config_m1509/share/dsr_moveit_config_m1509/config/dsr.ros2_control.xacro
[0.614s] -- Up-to-date: /home/jack/ros2_ws/install/dsr_moveit_config_m1509/share/dsr_moveit_config_m1509/config/kinematics.yaml
[0.614s] -- Up-to-date: /home/jack/ros2_ws/install/dsr_moveit_config_m1509/share/dsr_moveit_config_m1509/config/sensors_3d.yaml
[0.614s] -- Up-to-date: /home/jack/ros2_ws/install/dsr_moveit_config_m1509/share/dsr_moveit_config_m1509/config/joint_limits.yaml
[0.614s] -- Up-to-date: /home/jack/ros2_ws/install/dsr_moveit_config_m1509/share/dsr_moveit_config_m1509/config/chomp_planning.yaml
[0.614s] -- Up-to-date: /home/jack/ros2_ws/install/dsr_moveit_config_m1509/share/dsr_moveit_config_m1509/config/initial_positions.yaml
[0.614s] -- Up-to-date: /home/jack/ros2_ws/install/dsr_moveit_config_m1509/share/dsr_moveit_config_m1509/config/dsr.srdf
[0.614s] -- Up-to-date: /home/jack/ros2_ws/install/dsr_moveit_config_m1509/share/dsr_moveit_config_m1509/config/moveit_controllers.yaml
[0.614s] -- Up-to-date: /home/jack/ros2_ws/install/dsr_moveit_config_m1509/share/dsr_moveit_config_m1509/config/ompl_planning.yaml
[0.614s] -- Up-to-date: /home/jack/ros2_ws/install/dsr_moveit_config_m1509/share/dsr_moveit_config_m1509/config/ros2_controllers.yaml
[0.615s] -- Up-to-date: /home/jack/ros2_ws/install/dsr_moveit_config_m1509/share/dsr_moveit_config_m1509/.setup_assistant
[0.700s] Invoked command in '/home/jack/ros2_ws/build/dsr_moveit_config_m1509' returned '0': CMAKE_PREFIX_PATH=/home/jack/ros2_ws/install/rokey:/home/jack/ros2_ws/install/pick_and_place_voice:/home/jack/ros2_ws/install/pick_and_place_text:/home/jack/ros2_ws/install/m0609_block_assembly_rl:/home/jack/ros2_ws/install/dsr_visualservoing:/home/jack/ros2_ws/install/dsr_bringup2:/home/jack/ros2_ws/install/dsr_example:/opt/ros/humble:${CMAKE_PREFIX_PATH} /usr/bin/cmake --install /home/jack/ros2_ws/build/dsr_moveit_config_m1509
