[0.012s] Invoking command in '/home/jack/ros2_ws/build/soma_cube_rl_bridge': AMENT_PREFIX_PATH=/home/jack/ros2_ws/install/dsr_msgs2:/home/jack/ros2_ws/install/dsr_common2:${AMENT_PREFIX_PATH} CMAKE_PREFIX_PATH=/home/jack/ros2_ws/install/dsr_msgs2:/home/jack/ros2_ws/install/dsr_common2:/opt/ros/humble LD_LIBRARY_PATH=/home/jack/ros2_ws/install/dsr_msgs2/lib:${LD_LIBRARY_PATH} PYTHONPATH=/home/jack/ros2_ws/install/dsr_msgs2/local/lib/python3.10/dist-packages:${PYTHONPATH} /usr/bin/cmake --build /home/jack/ros2_ws/build/soma_cube_rl_bridge -- -j16 -l16
[0.068s] [  1%] Built target soma_cube_rl_bridge__cpp
[0.075s] [ 11%] Built target soma_cube_rl_bridge__rosidl_generator_c
[0.085s] [ 11%] Built target ament_cmake_python_copy_soma_cube_rl_bridge
[0.108s] [ 21%] Built target soma_cube_rl_bridge__rosidl_typesupport_cpp
[0.112s] [ 31%] Built target soma_cube_rl_bridge__rosidl_typesupport_fastrtps_cpp
[0.113s] [ 42%] Built target soma_cube_rl_bridge__rosidl_typesupport_introspection_cpp
[0.116s] [ 52%] Built target soma_cube_rl_bridge__rosidl_typesupport_introspection_c
[0.116s] [ 62%] Built target soma_cube_rl_bridge__rosidl_typesupport_c
[0.119s] [ 72%] Built target soma_cube_rl_bridge__rosidl_typesupport_fastrtps_c
[0.137s] [ 75%] Built target motion_proxy_node
[0.138s] [ 78%] Built target safety_monitor_node
[0.146s] [ 81%] Built target rl_env_node
[0.146s] [ 81%] Built target soma_cube_rl_bridge
[0.166s] [ 82%] Built target soma_cube_rl_bridge__py
[0.191s] [ 91%] Built target soma_cube_rl_bridge__rosidl_generator_py
[0.220s] [ 94%] Built target soma_cube_rl_bridge__rosidl_typesupport_fastrtps_c__pyext
[0.224s] [ 97%] Built target soma_cube_rl_bridge__rosidl_typesupport_introspection_c__pyext
[0.224s] [100%] Built target soma_cube_rl_bridge__rosidl_typesupport_c__pyext
[0.395s] running egg_info
[0.395s] writing soma_cube_rl_bridge.egg-info/PKG-INFO
[0.395s] writing dependency_links to soma_cube_rl_bridge.egg-info/dependency_links.txt
[0.395s] writing top-level names to soma_cube_rl_bridge.egg-info/top_level.txt
[0.398s] reading manifest file 'soma_cube_rl_bridge.egg-info/SOURCES.txt'
[0.398s] writing manifest file 'soma_cube_rl_bridge.egg-info/SOURCES.txt'
[0.435s] [100%] Built target ament_cmake_python_build_soma_cube_rl_bridge_egg
[0.447s] Invoked command in '/home/jack/ros2_ws/build/soma_cube_rl_bridge' returned '0': AMENT_PREFIX_PATH=/home/jack/ros2_ws/install/dsr_msgs2:/home/jack/ros2_ws/install/dsr_common2:${AMENT_PREFIX_PATH} CMAKE_PREFIX_PATH=/home/jack/ros2_ws/install/dsr_msgs2:/home/jack/ros2_ws/install/dsr_common2:/opt/ros/humble LD_LIBRARY_PATH=/home/jack/ros2_ws/install/dsr_msgs2/lib:${LD_LIBRARY_PATH} PYTHONPATH=/home/jack/ros2_ws/install/dsr_msgs2/local/lib/python3.10/dist-packages:${PYTHONPATH} /usr/bin/cmake --build /home/jack/ros2_ws/build/soma_cube_rl_bridge -- -j16 -l16
[0.458s] Invoking command in '/home/jack/ros2_ws/build/soma_cube_rl_bridge': AMENT_PREFIX_PATH=/home/jack/ros2_ws/install/dsr_msgs2:/home/jack/ros2_ws/install/dsr_common2:${AMENT_PREFIX_PATH} CMAKE_PREFIX_PATH=/home/jack/ros2_ws/install/dsr_msgs2:/home/jack/ros2_ws/install/dsr_common2:/opt/ros/humble LD_LIBRARY_PATH=/home/jack/ros2_ws/install/dsr_msgs2/lib:${LD_LIBRARY_PATH} PYTHONPATH=/home/jack/ros2_ws/install/dsr_msgs2/local/lib/python3.10/dist-packages:${PYTHONPATH} /usr/bin/cmake --install /home/jack/ros2_ws/build/soma_cube_rl_bridge
[0.475s] -- Install configuration: ""
[0.475s] -- Up-to-date: /home/jack/ros2_ws/install/soma_cube_rl_bridge/share/ament_index/resource_index/rosidl_interfaces/soma_cube_rl_bridge
[0.475s] -- Up-to-date: /home/jack/ros2_ws/install/soma_cube_rl_bridge/include/soma_cube_rl_bridge/soma_cube_rl_bridge
[0.476s] -- Up-to-date: /home/jack/ros2_ws/install/soma_cube_rl_bridge/include/soma_cube_rl_bridge/soma_cube_rl_bridge/srv
[0.476s] -- Up-to-date: /home/jack/ros2_ws/install/soma_cube_rl_bridge/include/soma_cube_rl_bridge/soma_cube_rl_bridge/srv/detail
[0.476s] -- Up-to-date: /home/jack/ros2_ws/install/soma_cube_rl_bridge/include/soma_cube_rl_bridge/soma_cube_rl_bridge/srv/detail/get_safety_state__functions.h
[0.476s] -- Up-to-date: /home/jack/ros2_ws/install/soma_cube_rl_bridge/include/soma_cube_rl_bridge/soma_cube_rl_bridge/srv/detail/rl_step__type_support.h
[0.476s] -- Up-to-date: /home/jack/ros2_ws/install/soma_cube_rl_bridge/include/soma_cube_rl_bridge/soma_cube_rl_bridge/srv/detail/rl_step__struct.h
[0.476s] -- Up-to-date: /home/jack/ros2_ws/install/soma_cube_rl_bridge/include/soma_cube_rl_bridge/soma_cube_rl_bridge/srv/detail/get_safety_state__struct.h
[0.476s] -- Up-to-date: /home/jack/ros2_ws/install/soma_cube_rl_bridge/include/soma_cube_rl_bridge/soma_cube_rl_bridge/srv/detail/rl_step__functions.c
[0.476s] -- Up-to-date: /home/jack/ros2_ws/install/soma_cube_rl_bridge/include/soma_cube_rl_bridge/soma_cube_rl_bridge/srv/detail/rl_reset__functions.c
[0.476s] -- Up-to-date: /home/jack/ros2_ws/install/soma_cube_rl_bridge/include/soma_cube_rl_bridge/soma_cube_rl_bridge/srv/detail/rl_reset__type_support.h
[0.476s] -- Up-to-date: /home/jack/ros2_ws/install/soma_cube_rl_bridge/include/soma_cube_rl_bridge/soma_cube_rl_bridge/srv/detail/get_safety_state__functions.c
[0.476s] -- Up-to-date: /home/jack/ros2_ws/install/soma_cube_rl_bridge/include/soma_cube_rl_bridge/soma_cube_rl_bridge/srv/detail/rl_reset__struct.h
[0.476s] -- Up-to-date: /home/jack/ros2_ws/install/soma_cube_rl_bridge/include/soma_cube_rl_bridge/soma_cube_rl_bridge/srv/detail/rl_reset__functions.h
[0.476s] -- Up-to-date: /home/jack/ros2_ws/install/soma_cube_rl_bridge/include/soma_cube_rl_bridge/soma_cube_rl_bridge/srv/detail/rl_step__functions.h
[0.476s] -- Up-to-date: /home/jack/ros2_ws/install/soma_cube_rl_bridge/include/soma_cube_rl_bridge/soma_cube_rl_bridge/srv/detail/get_safety_state__type_support.h
[0.476s] -- Up-to-date: /home/jack/ros2_ws/install/soma_cube_rl_bridge/include/soma_cube_rl_bridge/soma_cube_rl_bridge/srv/rl_step.h
[0.476s] -- Up-to-date: /home/jack/ros2_ws/install/soma_cube_rl_bridge/include/soma_cube_rl_bridge/soma_cube_rl_bridge/srv/get_safety_state.h
[0.476s] -- Up-to-date: /home/jack/ros2_ws/install/soma_cube_rl_bridge/include/soma_cube_rl_bridge/soma_cube_rl_bridge/srv/rl_reset.h
[0.477s] -- Up-to-date: /home/jack/ros2_ws/install/soma_cube_rl_bridge/include/soma_cube_rl_bridge/soma_cube_rl_bridge/msg
[0.477s] -- Up-to-date: /home/jack/ros2_ws/install/soma_cube_rl_bridge/include/soma_cube_rl_bridge/soma_cube_rl_bridge/msg/detail
[0.477s] -- Up-to-date: /home/jack/ros2_ws/install/soma_cube_rl_bridge/include/soma_cube_rl_bridge/soma_cube_rl_bridge/msg/detail/safety_state__struct.h
[0.477s] -- Up-to-date: /home/jack/ros2_ws/install/soma_cube_rl_bridge/include/soma_cube_rl_bridge/soma_cube_rl_bridge/msg/detail/rl_observation__functions.c
[0.477s] -- Up-to-date: /home/jack/ros2_ws/install/soma_cube_rl_bridge/include/soma_cube_rl_bridge/soma_cube_rl_bridge/msg/detail/safety_state__type_support.h
[0.477s] -- Up-to-date: /home/jack/ros2_ws/install/soma_cube_rl_bridge/include/soma_cube_rl_bridge/soma_cube_rl_bridge/msg/detail/safety_state__functions.h
[0.477s] -- Up-to-date: /home/jack/ros2_ws/install/soma_cube_rl_bridge/include/soma_cube_rl_bridge/soma_cube_rl_bridge/msg/detail/rl_observation__type_support.h
[0.477s] -- Up-to-date: /home/jack/ros2_ws/install/soma_cube_rl_bridge/include/soma_cube_rl_bridge/soma_cube_rl_bridge/msg/detail/safety_state__functions.c
[0.477s] -- Up-to-date: /home/jack/ros2_ws/install/soma_cube_rl_bridge/include/soma_cube_rl_bridge/soma_cube_rl_bridge/msg/detail/rl_observation__struct.h
[0.477s] -- Up-to-date: /home/jack/ros2_ws/install/soma_cube_rl_bridge/include/soma_cube_rl_bridge/soma_cube_rl_bridge/msg/detail/rl_observation__functions.h
[0.477s] -- Up-to-date: /home/jack/ros2_ws/install/soma_cube_rl_bridge/include/soma_cube_rl_bridge/soma_cube_rl_bridge/msg/rl_observation.h
[0.477s] -- Up-to-date: /home/jack/ros2_ws/install/soma_cube_rl_bridge/include/soma_cube_rl_bridge/soma_cube_rl_bridge/msg/safety_state.h
[0.477s] -- Up-to-date: /home/jack/ros2_ws/install/soma_cube_rl_bridge/include/soma_cube_rl_bridge/soma_cube_rl_bridge/msg/rosidl_generator_c__visibility_control.h
[0.477s] -- Up-to-date: /home/jack/ros2_ws/install/soma_cube_rl_bridge/share/soma_cube_rl_bridge/environment/library_path.sh
[0.477s] -- Up-to-date: /home/jack/ros2_ws/install/soma_cube_rl_bridge/share/soma_cube_rl_bridge/environment/library_path.dsv
[0.477s] -- Up-to-date: /home/jack/ros2_ws/install/soma_cube_rl_bridge/lib/libsoma_cube_rl_bridge__rosidl_generator_c.so
[0.477s] -- Up-to-date: /home/jack/ros2_ws/install/soma_cube_rl_bridge/include/soma_cube_rl_bridge/soma_cube_rl_bridge
[0.477s] -- Up-to-date: /home/jack/ros2_ws/install/soma_cube_rl_bridge/include/soma_cube_rl_bridge/soma_cube_rl_bridge/srv
[0.477s] -- Up-to-date: /home/jack/ros2_ws/install/soma_cube_rl_bridge/include/soma_cube_rl_bridge/soma_cube_rl_bridge/srv/detail
[0.478s] -- Up-to-date: /home/jack/ros2_ws/install/soma_cube_rl_bridge/include/soma_cube_rl_bridge/soma_cube_rl_bridge/srv/detail/get_safety_state__rosidl_typesupport_fastrtps_c.h
[0.478s] -- Up-to-date: /home/jack/ros2_ws/install/soma_cube_rl_bridge/include/soma_cube_rl_bridge/soma_cube_rl_bridge/srv/detail/rl_reset__rosidl_typesupport_fastrtps_c.h
[0.478s] -- Up-to-date: /home/jack/ros2_ws/install/soma_cube_rl_bridge/include/soma_cube_rl_bridge/soma_cube_rl_bridge/srv/detail/rl_step__rosidl_typesupport_fastrtps_c.h
[0.478s] -- Up-to-date: /home/jack/ros2_ws/install/soma_cube_rl_bridge/include/soma_cube_rl_bridge/soma_cube_rl_bridge/msg
[0.478s] -- Up-to-date: /home/jack/ros2_ws/install/soma_cube_rl_bridge/include/soma_cube_rl_bridge/soma_cube_rl_bridge/msg/detail
[0.478s] -- Up-to-date: /home/jack/ros2_ws/install/soma_cube_rl_bridge/include/soma_cube_rl_bridge/soma_cube_rl_bridge/msg/detail/rl_observation__rosidl_typesupport_fastrtps_c.h
[0.478s] -- Up-to-date: /home/jack/ros2_ws/install/soma_cube_rl_bridge/include/soma_cube_rl_bridge/soma_cube_rl_bridge/msg/detail/safety_state__rosidl_typesupport_fastrtps_c.h
[0.478s] -- Up-to-date: /home/jack/ros2_ws/install/soma_cube_rl_bridge/include/soma_cube_rl_bridge/soma_cube_rl_bridge/msg/rosidl_typesupport_fastrtps_c__visibility_control.h
[0.485s] -- Up-to-date: /home/jack/ros2_ws/install/soma_cube_rl_bridge/lib/libsoma_cube_rl_bridge__rosidl_typesupport_fastrtps_c.so
[0.485s] -- Up-to-date: /home/jack/ros2_ws/install/soma_cube_rl_bridge/include/soma_cube_rl_bridge/soma_cube_rl_bridge
[0.485s] -- Up-to-date: /home/jack/ros2_ws/install/soma_cube_rl_bridge/include/soma_cube_rl_bridge/soma_cube_rl_bridge/srv
[0.485s] -- Up-to-date: /home/jack/ros2_ws/install/soma_cube_rl_bridge/include/soma_cube_rl_bridge/soma_cube_rl_bridge/srv/detail
[0.485s] -- Up-to-date: /home/jack/ros2_ws/install/soma_cube_rl_bridge/include/soma_cube_rl_bridge/soma_cube_rl_bridge/srv/detail/rl_reset__traits.hpp
[0.486s] -- Up-to-date: /home/jack/ros2_ws/install/soma_cube_rl_bridge/include/soma_cube_rl_bridge/soma_cube_rl_bridge/srv/detail/rl_reset__type_support.hpp
[0.486s] -- Up-to-date: /home/jack/ros2_ws/install/soma_cube_rl_bridge/include/soma_cube_rl_bridge/soma_cube_rl_bridge/srv/detail/get_safety_state__builder.hpp
[0.486s] -- Up-to-date: /home/jack/ros2_ws/install/soma_cube_rl_bridge/include/soma_cube_rl_bridge/soma_cube_rl_bridge/srv/detail/get_safety_state__type_support.hpp
[0.486s] -- Up-to-date: /home/jack/ros2_ws/install/soma_cube_rl_bridge/include/soma_cube_rl_bridge/soma_cube_rl_bridge/srv/detail/rl_reset__builder.hpp
[0.489s] -- Up-to-date: /home/jack/ros2_ws/install/soma_cube_rl_bridge/include/soma_cube_rl_bridge/soma_cube_rl_bridge/srv/detail/get_safety_state__traits.hpp
[0.489s] -- Up-to-date: /home/jack/ros2_ws/install/soma_cube_rl_bridge/include/soma_cube_rl_bridge/soma_cube_rl_bridge/srv/detail/rl_step__builder.hpp
[0.489s] -- Up-to-date: /home/jack/ros2_ws/install/soma_cube_rl_bridge/include/soma_cube_rl_bridge/soma_cube_rl_bridge/srv/detail/rl_step__traits.hpp
[0.489s] -- Up-to-date: /home/jack/ros2_ws/install/soma_cube_rl_bridge/include/soma_cube_rl_bridge/soma_cube_rl_bridge/srv/detail/rl_reset__struct.hpp
[0.489s] -- Up-to-date: /home/jack/ros2_ws/install/soma_cube_rl_bridge/include/soma_cube_rl_bridge/soma_cube_rl_bridge/srv/detail/rl_step__type_support.hpp
[0.489s] -- Up-to-date: /home/jack/ros2_ws/install/soma_cube_rl_bridge/include/soma_cube_rl_bridge/soma_cube_rl_bridge/srv/detail/get_safety_state__struct.hpp
[0.490s] -- Up-to-date: /home/jack/ros2_ws/install/soma_cube_rl_bridge/include/soma_cube_rl_bridge/soma_cube_rl_bridge/srv/detail/rl_step__struct.hpp
[0.490s] -- Up-to-date: /home/jack/ros2_ws/install/soma_cube_rl_bridge/include/soma_cube_rl_bridge/soma_cube_rl_bridge/srv/rl_step.hpp
[0.490s] -- Up-to-date: /home/jack/ros2_ws/install/soma_cube_rl_bridge/include/soma_cube_rl_bridge/soma_cube_rl_bridge/srv/rl_reset.hpp
[0.490s] -- Up-to-date: /home/jack/ros2_ws/install/soma_cube_rl_bridge/include/soma_cube_rl_bridge/soma_cube_rl_bridge/srv/get_safety_state.hpp
[0.490s] -- Up-to-date: /home/jack/ros2_ws/install/soma_cube_rl_bridge/include/soma_cube_rl_bridge/soma_cube_rl_bridge/msg
[0.490s] -- Up-to-date: /home/jack/ros2_ws/install/soma_cube_rl_bridge/include/soma_cube_rl_bridge/soma_cube_rl_bridge/msg/detail
[0.490s] -- Up-to-date: /home/jack/ros2_ws/install/soma_cube_rl_bridge/include/soma_cube_rl_bridge/soma_cube_rl_bridge/msg/detail/rl_observation__builder.hpp
[0.490s] -- Up-to-date: /home/jack/ros2_ws/install/soma_cube_rl_bridge/include/soma_cube_rl_bridge/soma_cube_rl_bridge/msg/detail/rl_observation__type_support.hpp
[0.490s] -- Up-to-date: /home/jack/ros2_ws/install/soma_cube_rl_bridge/include/soma_cube_rl_bridge/soma_cube_rl_bridge/msg/detail/rl_observation__traits.hpp
[0.490s] -- Up-to-date: /home/jack/ros2_ws/install/soma_cube_rl_bridge/include/soma_cube_rl_bridge/soma_cube_rl_bridge/msg/detail/rl_observation__struct.hpp
[0.490s] -- Up-to-date: /home/jack/ros2_ws/install/soma_cube_rl_bridge/include/soma_cube_rl_bridge/soma_cube_rl_bridge/msg/detail/safety_state__builder.hpp
[0.490s] -- Up-to-date: /home/jack/ros2_ws/install/soma_cube_rl_bridge/include/soma_cube_rl_bridge/soma_cube_rl_bridge/msg/detail/safety_state__traits.hpp
[0.490s] -- Up-to-date: /home/jack/ros2_ws/install/soma_cube_rl_bridge/include/soma_cube_rl_bridge/soma_cube_rl_bridge/msg/detail/safety_state__struct.hpp
[0.490s] -- Up-to-date: /home/jack/ros2_ws/install/soma_cube_rl_bridge/include/soma_cube_rl_bridge/soma_cube_rl_bridge/msg/detail/safety_state__type_support.hpp
[0.490s] -- Up-to-date: /home/jack/ros2_ws/install/soma_cube_rl_bridge/include/soma_cube_rl_bridge/soma_cube_rl_bridge/msg/safety_state.hpp
[0.490s] -- Up-to-date: /home/jack/ros2_ws/install/soma_cube_rl_bridge/include/soma_cube_rl_bridge/soma_cube_rl_bridge/msg/rosidl_generator_cpp__visibility_control.hpp
[0.491s] -- Up-to-date: /home/jack/ros2_ws/install/soma_cube_rl_bridge/include/soma_cube_rl_bridge/soma_cube_rl_bridge/msg/rl_observation.hpp
[0.491s] -- Up-to-date: /home/jack/ros2_ws/install/soma_cube_rl_bridge/include/soma_cube_rl_bridge/soma_cube_rl_bridge
[0.491s] -- Up-to-date: /home/jack/ros2_ws/install/soma_cube_rl_bridge/include/soma_cube_rl_bridge/soma_cube_rl_bridge/srv
[0.491s] -- Up-to-date: /home/jack/ros2_ws/install/soma_cube_rl_bridge/include/soma_cube_rl_bridge/soma_cube_rl_bridge/srv/detail
[0.491s] -- Up-to-date: /home/jack/ros2_ws/install/soma_cube_rl_bridge/include/soma_cube_rl_bridge/soma_cube_rl_bridge/srv/detail/rl_step__rosidl_typesupport_fastrtps_cpp.hpp
[0.491s] -- Up-to-date: /home/jack/ros2_ws/install/soma_cube_rl_bridge/include/soma_cube_rl_bridge/soma_cube_rl_bridge/srv/detail/dds_fastrtps
[0.491s] -- Up-to-date: /home/jack/ros2_ws/install/soma_cube_rl_bridge/include/soma_cube_rl_bridge/soma_cube_rl_bridge/srv/detail/get_safety_state__rosidl_typesupport_fastrtps_cpp.hpp
[0.491s] -- Up-to-date: /home/jack/ros2_ws/install/soma_cube_rl_bridge/include/soma_cube_rl_bridge/soma_cube_rl_bridge/srv/detail/rl_reset__rosidl_typesupport_fastrtps_cpp.hpp
[0.491s] -- Up-to-date: /home/jack/ros2_ws/install/soma_cube_rl_bridge/include/soma_cube_rl_bridge/soma_cube_rl_bridge/msg
[0.491s] -- Up-to-date: /home/jack/ros2_ws/install/soma_cube_rl_bridge/include/soma_cube_rl_bridge/soma_cube_rl_bridge/msg/detail
[0.491s] -- Up-to-date: /home/jack/ros2_ws/install/soma_cube_rl_bridge/include/soma_cube_rl_bridge/soma_cube_rl_bridge/msg/detail/dds_fastrtps
[0.491s] -- Up-to-date: /home/jack/ros2_ws/install/soma_cube_rl_bridge/include/soma_cube_rl_bridge/soma_cube_rl_bridge/msg/detail/rl_observation__rosidl_typesupport_fastrtps_cpp.hpp
[0.491s] -- Up-to-date: /home/jack/ros2_ws/install/soma_cube_rl_bridge/include/soma_cube_rl_bridge/soma_cube_rl_bridge/msg/detail/safety_state__rosidl_typesupport_fastrtps_cpp.hpp
[0.492s] -- Up-to-date: /home/jack/ros2_ws/install/soma_cube_rl_bridge/include/soma_cube_rl_bridge/soma_cube_rl_bridge/msg/rosidl_typesupport_fastrtps_cpp__visibility_control.h
[0.492s] -- Up-to-date: /home/jack/ros2_ws/install/soma_cube_rl_bridge/lib/libsoma_cube_rl_bridge__rosidl_typesupport_fastrtps_cpp.so
[0.492s] -- Up-to-date: /home/jack/ros2_ws/install/soma_cube_rl_bridge/include/soma_cube_rl_bridge/soma_cube_rl_bridge
[0.492s] -- Up-to-date: /home/jack/ros2_ws/install/soma_cube_rl_bridge/include/soma_cube_rl_bridge/soma_cube_rl_bridge/srv
[0.492s] -- Up-to-date: /home/jack/ros2_ws/install/soma_cube_rl_bridge/include/soma_cube_rl_bridge/soma_cube_rl_bridge/srv/detail
[0.492s] -- Up-to-date: /home/jack/ros2_ws/install/soma_cube_rl_bridge/include/soma_cube_rl_bridge/soma_cube_rl_bridge/srv/detail/rl_reset__type_support.c
[0.492s] -- Up-to-date: /home/jack/ros2_ws/install/soma_cube_rl_bridge/include/soma_cube_rl_bridge/soma_cube_rl_bridge/srv/detail/get_safety_state__rosidl_typesupport_introspection_c.h
[0.492s] -- Up-to-date: /home/jack/ros2_ws/install/soma_cube_rl_bridge/include/soma_cube_rl_bridge/soma_cube_rl_bridge/srv/detail/rl_reset__rosidl_typesupport_introspection_c.h
[0.492s] -- Up-to-date: /home/jack/ros2_ws/install/soma_cube_rl_bridge/include/soma_cube_rl_bridge/soma_cube_rl_bridge/srv/detail/get_safety_state__type_support.c
[0.492s] -- Up-to-date: /home/jack/ros2_ws/install/soma_cube_rl_bridge/include/soma_cube_rl_bridge/soma_cube_rl_bridge/srv/detail/rl_step__type_support.c
[0.492s] -- Up-to-date: /home/jack/ros2_ws/install/soma_cube_rl_bridge/include/soma_cube_rl_bridge/soma_cube_rl_bridge/srv/detail/rl_step__rosidl_typesupport_introspection_c.h
[0.492s] -- Up-to-date: /home/jack/ros2_ws/install/soma_cube_rl_bridge/include/soma_cube_rl_bridge/soma_cube_rl_bridge/msg
[0.492s] -- Up-to-date: /home/jack/ros2_ws/install/soma_cube_rl_bridge/include/soma_cube_rl_bridge/soma_cube_rl_bridge/msg/detail
[0.492s] -- Up-to-date: /home/jack/ros2_ws/install/soma_cube_rl_bridge/include/soma_cube_rl_bridge/soma_cube_rl_bridge/msg/detail/safety_state__type_support.c
[0.492s] -- Up-to-date: /home/jack/ros2_ws/install/soma_cube_rl_bridge/include/soma_cube_rl_bridge/soma_cube_rl_bridge/msg/detail/safety_state__rosidl_typesupport_introspection_c.h
[0.492s] -- Up-to-date: /home/jack/ros2_ws/install/soma_cube_rl_bridge/include/soma_cube_rl_bridge/soma_cube_rl_bridge/msg/detail/rl_observation__type_support.c
[0.493s] -- Up-to-date: /home/jack/ros2_ws/install/soma_cube_rl_bridge/include/soma_cube_rl_bridge/soma_cube_rl_bridge/msg/detail/rl_observation__rosidl_typesupport_introspection_c.h
[0.493s] -- Up-to-date: /home/jack/ros2_ws/install/soma_cube_rl_bridge/include/soma_cube_rl_bridge/soma_cube_rl_bridge/msg/rosidl_typesupport_introspection_c__visibility_control.h
[0.493s] -- Up-to-date: /home/jack/ros2_ws/install/soma_cube_rl_bridge/lib/libsoma_cube_rl_bridge__rosidl_typesupport_introspection_c.so
[0.493s] -- Up-to-date: /home/jack/ros2_ws/install/soma_cube_rl_bridge/lib/libsoma_cube_rl_bridge__rosidl_typesupport_c.so
[0.493s] -- Up-to-date: /home/jack/ros2_ws/install/soma_cube_rl_bridge/include/soma_cube_rl_bridge/soma_cube_rl_bridge
[0.493s] -- Up-to-date: /home/jack/ros2_ws/install/soma_cube_rl_bridge/include/soma_cube_rl_bridge/soma_cube_rl_bridge/srv
[0.493s] -- Up-to-date: /home/jack/ros2_ws/install/soma_cube_rl_bridge/include/soma_cube_rl_bridge/soma_cube_rl_bridge/srv/detail
[0.493s] -- Up-to-date: /home/jack/ros2_ws/install/soma_cube_rl_bridge/include/soma_cube_rl_bridge/soma_cube_rl_bridge/srv/detail/rl_reset__rosidl_typesupport_introspection_cpp.hpp
[0.493s] -- Up-to-date: /home/jack/ros2_ws/install/soma_cube_rl_bridge/include/soma_cube_rl_bridge/soma_cube_rl_bridge/srv/detail/get_safety_state__rosidl_typesupport_introspection_cpp.hpp
[0.496s] -- Up-to-date: /home/jack/ros2_ws/install/soma_cube_rl_bridge/include/soma_cube_rl_bridge/soma_cube_rl_bridge/srv/detail/rl_step__rosidl_typesupport_introspection_cpp.hpp
[0.496s] -- Up-to-date: /home/jack/ros2_ws/install/soma_cube_rl_bridge/include/soma_cube_rl_bridge/soma_cube_rl_bridge/srv/detail/rl_step__type_support.cpp
[0.496s] -- Up-to-date: /home/jack/ros2_ws/install/soma_cube_rl_bridge/include/soma_cube_rl_bridge/soma_cube_rl_bridge/srv/detail/get_safety_state__type_support.cpp
[0.496s] -- Up-to-date: /home/jack/ros2_ws/install/soma_cube_rl_bridge/include/soma_cube_rl_bridge/soma_cube_rl_bridge/srv/detail/rl_reset__type_support.cpp
[0.496s] -- Up-to-date: /home/jack/ros2_ws/install/soma_cube_rl_bridge/include/soma_cube_rl_bridge/soma_cube_rl_bridge/msg
[0.496s] -- Up-to-date: /home/jack/ros2_ws/install/soma_cube_rl_bridge/include/soma_cube_rl_bridge/soma_cube_rl_bridge/msg/detail
[0.496s] -- Up-to-date: /home/jack/ros2_ws/install/soma_cube_rl_bridge/include/soma_cube_rl_bridge/soma_cube_rl_bridge/msg/detail/rl_observation__rosidl_typesupport_introspection_cpp.hpp
[0.496s] -- Up-to-date: /home/jack/ros2_ws/install/soma_cube_rl_bridge/include/soma_cube_rl_bridge/soma_cube_rl_bridge/msg/detail/safety_state__rosidl_typesupport_introspection_cpp.hpp
[0.496s] -- Up-to-date: /home/jack/ros2_ws/install/soma_cube_rl_bridge/include/soma_cube_rl_bridge/soma_cube_rl_bridge/msg/detail/safety_state__type_support.cpp
[0.496s] -- Up-to-date: /home/jack/ros2_ws/install/soma_cube_rl_bridge/include/soma_cube_rl_bridge/soma_cube_rl_bridge/msg/detail/rl_observation__type_support.cpp
[0.496s] -- Up-to-date: /home/jack/ros2_ws/install/soma_cube_rl_bridge/lib/libsoma_cube_rl_bridge__rosidl_typesupport_introspection_cpp.so
[0.496s] -- Up-to-date: /home/jack/ros2_ws/install/soma_cube_rl_bridge/lib/libsoma_cube_rl_bridge__rosidl_typesupport_cpp.so
[0.497s] -- Up-to-date: /home/jack/ros2_ws/install/soma_cube_rl_bridge/share/soma_cube_rl_bridge/environment/pythonpath.sh
[0.497s] -- Up-to-date: /home/jack/ros2_ws/install/soma_cube_rl_bridge/share/soma_cube_rl_bridge/environment/pythonpath.dsv
[0.497s] -- Up-to-date: /home/jack/ros2_ws/install/soma_cube_rl_bridge/local/lib/python3.10/dist-packages/soma_cube_rl_bridge-1.0.0-py3.10.egg-info
[0.497s] -- Installing: /home/jack/ros2_ws/install/soma_cube_rl_bridge/local/lib/python3.10/dist-packages/soma_cube_rl_bridge-1.0.0-py3.10.egg-info/SOURCES.txt
[0.497s] -- Installing: /home/jack/ros2_ws/install/soma_cube_rl_bridge/local/lib/python3.10/dist-packages/soma_cube_rl_bridge-1.0.0-py3.10.egg-info/PKG-INFO
[0.497s] -- Installing: /home/jack/ros2_ws/install/soma_cube_rl_bridge/local/lib/python3.10/dist-packages/soma_cube_rl_bridge-1.0.0-py3.10.egg-info/dependency_links.txt
[0.497s] -- Installing: /home/jack/ros2_ws/install/soma_cube_rl_bridge/local/lib/python3.10/dist-packages/soma_cube_rl_bridge-1.0.0-py3.10.egg-info/top_level.txt
[0.497s] -- Up-to-date: /home/jack/ros2_ws/install/soma_cube_rl_bridge/local/lib/python3.10/dist-packages/soma_cube_rl_bridge
[0.497s] -- Up-to-date: /home/jack/ros2_ws/install/soma_cube_rl_bridge/local/lib/python3.10/dist-packages/soma_cube_rl_bridge/soma_cube_rl_bridge_s__rosidl_typesupport_c.cpython-310-x86_64-linux-gnu.so
[0.497s] -- Up-to-date: /home/jack/ros2_ws/install/soma_cube_rl_bridge/local/lib/python3.10/dist-packages/soma_cube_rl_bridge/libsoma_cube_rl_bridge__rosidl_generator_py.so
[0.497s] -- Up-to-date: /home/jack/ros2_ws/install/soma_cube_rl_bridge/local/lib/python3.10/dist-packages/soma_cube_rl_bridge/soma_cube_rl_bridge_s__rosidl_typesupport_fastrtps_c.cpython-310-x86_64-linux-gnu.so
[0.497s] -- Up-to-date: /home/jack/ros2_ws/install/soma_cube_rl_bridge/local/lib/python3.10/dist-packages/soma_cube_rl_bridge/srv
[0.497s] -- Up-to-date: /home/jack/ros2_ws/install/soma_cube_rl_bridge/local/lib/python3.10/dist-packages/soma_cube_rl_bridge/srv/_rl_step_s.c
[0.497s] -- Up-to-date: /home/jack/ros2_ws/install/soma_cube_rl_bridge/local/lib/python3.10/dist-packages/soma_cube_rl_bridge/srv/_get_safety_state_s.c
[0.497s] -- Up-to-date: /home/jack/ros2_ws/install/soma_cube_rl_bridge/local/lib/python3.10/dist-packages/soma_cube_rl_bridge/srv/_rl_reset_s.c
[0.497s] -- Up-to-date: /home/jack/ros2_ws/install/soma_cube_rl_bridge/local/lib/python3.10/dist-packages/soma_cube_rl_bridge/srv/__init__.py
[0.497s] -- Up-to-date: /home/jack/ros2_ws/install/soma_cube_rl_bridge/local/lib/python3.10/dist-packages/soma_cube_rl_bridge/srv/_rl_reset.py
[0.498s] -- Up-to-date: /home/jack/ros2_ws/install/soma_cube_rl_bridge/local/lib/python3.10/dist-packages/soma_cube_rl_bridge/srv/_rl_step.py
[0.498s] -- Up-to-date: /home/jack/ros2_ws/install/soma_cube_rl_bridge/local/lib/python3.10/dist-packages/soma_cube_rl_bridge/srv/_get_safety_state.py
[0.498s] -- Up-to-date: /home/jack/ros2_ws/install/soma_cube_rl_bridge/local/lib/python3.10/dist-packages/soma_cube_rl_bridge/msg
[0.498s] -- Up-to-date: /home/jack/ros2_ws/install/soma_cube_rl_bridge/local/lib/python3.10/dist-packages/soma_cube_rl_bridge/msg/_rl_observation.py
[0.498s] -- Up-to-date: /home/jack/ros2_ws/install/soma_cube_rl_bridge/local/lib/python3.10/dist-packages/soma_cube_rl_bridge/msg/_safety_state_s.c
[0.498s] -- Up-to-date: /home/jack/ros2_ws/install/soma_cube_rl_bridge/local/lib/python3.10/dist-packages/soma_cube_rl_bridge/msg/_rl_observation_s.c
[0.498s] -- Up-to-date: /home/jack/ros2_ws/install/soma_cube_rl_bridge/local/lib/python3.10/dist-packages/soma_cube_rl_bridge/msg/__init__.py
[0.498s] -- Up-to-date: /home/jack/ros2_ws/install/soma_cube_rl_bridge/local/lib/python3.10/dist-packages/soma_cube_rl_bridge/msg/_safety_state.py
[0.498s] -- Up-to-date: /home/jack/ros2_ws/install/soma_cube_rl_bridge/local/lib/python3.10/dist-packages/soma_cube_rl_bridge/__init__.py
[0.498s] -- Up-to-date: /home/jack/ros2_ws/install/soma_cube_rl_bridge/local/lib/python3.10/dist-packages/soma_cube_rl_bridge/_soma_cube_rl_bridge_s.ep.rosidl_typesupport_c.c
[0.498s] -- Up-to-date: /home/jack/ros2_ws/install/soma_cube_rl_bridge/local/lib/python3.10/dist-packages/soma_cube_rl_bridge/_soma_cube_rl_bridge_s.ep.rosidl_typesupport_introspection_c.c
[0.498s] -- Up-to-date: /home/jack/ros2_ws/install/soma_cube_rl_bridge/local/lib/python3.10/dist-packages/soma_cube_rl_bridge/soma_cube_rl_bridge_s__rosidl_typesupport_introspection_c.cpython-310-x86_64-linux-gnu.so
[0.498s] -- Up-to-date: /home/jack/ros2_ws/install/soma_cube_rl_bridge/local/lib/python3.10/dist-packages/soma_cube_rl_bridge/_soma_cube_rl_bridge_s.ep.rosidl_typesupport_fastrtps_c.c
[0.536s] Listing '/home/jack/ros2_ws/install/soma_cube_rl_bridge/local/lib/python3.10/dist-packages/soma_cube_rl_bridge'...
[0.536s] Listing '/home/jack/ros2_ws/install/soma_cube_rl_bridge/local/lib/python3.10/dist-packages/soma_cube_rl_bridge/msg'...
[0.536s] Listing '/home/jack/ros2_ws/install/soma_cube_rl_bridge/local/lib/python3.10/dist-packages/soma_cube_rl_bridge/srv'...
[0.536s] -- Up-to-date: /home/jack/ros2_ws/install/soma_cube_rl_bridge/local/lib/python3.10/dist-packages/soma_cube_rl_bridge/soma_cube_rl_bridge_s__rosidl_typesupport_fastrtps_c.cpython-310-x86_64-linux-gnu.so
[0.537s] -- Up-to-date: /home/jack/ros2_ws/install/soma_cube_rl_bridge/local/lib/python3.10/dist-packages/soma_cube_rl_bridge/soma_cube_rl_bridge_s__rosidl_typesupport_introspection_c.cpython-310-x86_64-linux-gnu.so
[0.537s] -- Up-to-date: /home/jack/ros2_ws/install/soma_cube_rl_bridge/local/lib/python3.10/dist-packages/soma_cube_rl_bridge/soma_cube_rl_bridge_s__rosidl_typesupport_c.cpython-310-x86_64-linux-gnu.so
[0.537s] -- Up-to-date: /home/jack/ros2_ws/install/soma_cube_rl_bridge/lib/libsoma_cube_rl_bridge__rosidl_generator_py.so
[0.537s] -- Up-to-date: /home/jack/ros2_ws/install/soma_cube_rl_bridge/share/soma_cube_rl_bridge/srv/RLReset.idl
[0.537s] -- Up-to-date: /home/jack/ros2_ws/install/soma_cube_rl_bridge/share/soma_cube_rl_bridge/srv/RLStep.idl
[0.537s] -- Up-to-date: /home/jack/ros2_ws/install/soma_cube_rl_bridge/share/soma_cube_rl_bridge/srv/GetSafetyState.idl
[0.537s] -- Up-to-date: /home/jack/ros2_ws/install/soma_cube_rl_bridge/share/soma_cube_rl_bridge/msg/RLObservation.idl
[0.537s] -- Up-to-date: /home/jack/ros2_ws/install/soma_cube_rl_bridge/share/soma_cube_rl_bridge/msg/SafetyState.idl
[0.537s] -- Up-to-date: /home/jack/ros2_ws/install/soma_cube_rl_bridge/share/soma_cube_rl_bridge/srv/RLReset.srv
[0.537s] -- Up-to-date: /home/jack/ros2_ws/install/soma_cube_rl_bridge/share/soma_cube_rl_bridge/srv/RLReset_Request.msg
[0.537s] -- Up-to-date: /home/jack/ros2_ws/install/soma_cube_rl_bridge/share/soma_cube_rl_bridge/srv/RLReset_Response.msg
[0.537s] -- Up-to-date: /home/jack/ros2_ws/install/soma_cube_rl_bridge/share/soma_cube_rl_bridge/srv/RLStep.srv
[0.537s] -- Up-to-date: /home/jack/ros2_ws/install/soma_cube_rl_bridge/share/soma_cube_rl_bridge/srv/RLStep_Request.msg
[0.538s] -- Up-to-date: /home/jack/ros2_ws/install/soma_cube_rl_bridge/share/soma_cube_rl_bridge/srv/RLStep_Response.msg
[0.538s] -- Up-to-date: /home/jack/ros2_ws/install/soma_cube_rl_bridge/share/soma_cube_rl_bridge/srv/GetSafetyState.srv
[0.538s] -- Up-to-date: /home/jack/ros2_ws/install/soma_cube_rl_bridge/share/soma_cube_rl_bridge/srv/GetSafetyState_Request.msg
[0.538s] -- Up-to-date: /home/jack/ros2_ws/install/soma_cube_rl_bridge/share/soma_cube_rl_bridge/srv/GetSafetyState_Response.msg
[0.538s] -- Up-to-date: /home/jack/ros2_ws/install/soma_cube_rl_bridge/share/soma_cube_rl_bridge/msg/RLObservation.msg
[0.538s] -- Up-to-date: /home/jack/ros2_ws/install/soma_cube_rl_bridge/share/soma_cube_rl_bridge/msg/SafetyState.msg
[0.538s] -- Up-to-date: /home/jack/ros2_ws/install/soma_cube_rl_bridge/lib/soma_cube_rl_bridge/motion_proxy_node
[0.538s] -- Up-to-date: /home/jack/ros2_ws/install/soma_cube_rl_bridge/lib/soma_cube_rl_bridge/safety_monitor_node
[0.538s] -- Up-to-date: /home/jack/ros2_ws/install/soma_cube_rl_bridge/lib/soma_cube_rl_bridge/rl_env_node
[0.538s] -- Up-to-date: /home/jack/ros2_ws/install/soma_cube_rl_bridge/share/soma_cube_rl_bridge/launch
[0.538s] -- Up-to-date: /home/jack/ros2_ws/install/soma_cube_rl_bridge/share/soma_cube_rl_bridge/launch/soma_cube_rl.launch.py
[0.538s] -- Up-to-date: /home/jack/ros2_ws/install/soma_cube_rl_bridge/share/soma_cube_rl_bridge/config
[0.538s] -- Up-to-date: /home/jack/ros2_ws/install/soma_cube_rl_bridge/share/soma_cube_rl_bridge/config/soma_cube_rl_real.yaml
[0.538s] -- Up-to-date: /home/jack/ros2_ws/install/soma_cube_rl_bridge/share/soma_cube_rl_bridge/config/soma_cube_rl_sim.yaml
[0.538s] -- Up-to-date: /home/jack/ros2_ws/install/soma_cube_rl_bridge/share/soma_cube_rl_bridge/training_system
[0.538s] -- Up-to-date: /home/jack/ros2_ws/install/soma_cube_rl_bridge/share/soma_cube_rl_bridge/training_system/soma_cube_rl_training
[0.538s] -- Up-to-date: /home/jack/ros2_ws/install/soma_cube_rl_bridge/share/soma_cube_rl_bridge/training_system/soma_cube_rl_training/__init__.py
[0.539s] -- Up-to-date: /home/jack/ros2_ws/install/soma_cube_rl_bridge/share/soma_cube_rl_bridge/training_system/soma_cube_rl_training/sac_trainer.py
[0.539s] -- Up-to-date: /home/jack/ros2_ws/install/soma_cube_rl_bridge/share/soma_cube_rl_bridge/training_system/soma_cube_rl_training/demo_training.py
[0.539s] -- Up-to-date: /home/jack/ros2_ws/install/soma_cube_rl_bridge/share/soma_cube_rl_bridge/training_system/soma_cube_rl_training/rl_client.py
[0.539s] -- Up-to-date: /home/jack/ros2_ws/install/soma_cube_rl_bridge/share/soma_cube_rl_bridge/training_system/soma_cube_rl_training/train_somacube.py
[0.539s] -- Up-to-date: /home/jack/ros2_ws/install/soma_cube_rl_bridge/share/soma_cube_rl_bridge/training_system/setup.cfg
[0.539s] -- Up-to-date: /home/jack/ros2_ws/install/soma_cube_rl_bridge/share/soma_cube_rl_bridge/training_system/requirements.txt
[0.539s] -- Up-to-date: /home/jack/ros2_ws/install/soma_cube_rl_bridge/share/soma_cube_rl_bridge/training_system/package.xml
[0.539s] -- Installing: /home/jack/ros2_ws/install/soma_cube_rl_bridge/share/soma_cube_rl_bridge/training_system/run_training.sh
[0.539s] -- Up-to-date: /home/jack/ros2_ws/install/soma_cube_rl_bridge/share/soma_cube_rl_bridge/training_system/resource
[0.539s] -- Up-to-date: /home/jack/ros2_ws/install/soma_cube_rl_bridge/share/soma_cube_rl_bridge/training_system/resource/soma_cube_training_system
[0.539s] -- Up-to-date: /home/jack/ros2_ws/install/soma_cube_rl_bridge/share/soma_cube_rl_bridge/training_system/EXECUTION_GUIDE.md
[0.539s] -- Up-to-date: /home/jack/ros2_ws/install/soma_cube_rl_bridge/share/soma_cube_rl_bridge/training_system/setup.py
[0.539s] -- Up-to-date: /home/jack/ros2_ws/install/soma_cube_rl_bridge/include/soma_cube_rl_bridge
[0.539s] -- Up-to-date: /home/jack/ros2_ws/install/soma_cube_rl_bridge/include/soma_cube_rl_bridge/rl_env_node.hpp
[0.539s] -- Up-to-date: /home/jack/ros2_ws/install/soma_cube_rl_bridge/include/soma_cube_rl_bridge/motion_proxy_node.hpp
[0.539s] -- Up-to-date: /home/jack/ros2_ws/install/soma_cube_rl_bridge/include/soma_cube_rl_bridge/safety_monitor_node.hpp
[0.539s] -- Up-to-date: /home/jack/ros2_ws/install/soma_cube_rl_bridge/share/ament_index/resource_index/package_run_dependencies/soma_cube_rl_bridge
[0.539s] -- Up-to-date: /home/jack/ros2_ws/install/soma_cube_rl_bridge/share/ament_index/resource_index/parent_prefix_path/soma_cube_rl_bridge
[0.539s] -- Up-to-date: /home/jack/ros2_ws/install/soma_cube_rl_bridge/share/soma_cube_rl_bridge/environment/ament_prefix_path.sh
[0.539s] -- Up-to-date: /home/jack/ros2_ws/install/soma_cube_rl_bridge/share/soma_cube_rl_bridge/environment/ament_prefix_path.dsv
[0.540s] -- Up-to-date: /home/jack/ros2_ws/install/soma_cube_rl_bridge/share/soma_cube_rl_bridge/environment/path.sh
[0.540s] -- Up-to-date: /home/jack/ros2_ws/install/soma_cube_rl_bridge/share/soma_cube_rl_bridge/environment/path.dsv
[0.540s] -- Up-to-date: /home/jack/ros2_ws/install/soma_cube_rl_bridge/share/soma_cube_rl_bridge/local_setup.bash
[0.540s] -- Up-to-date: /home/jack/ros2_ws/install/soma_cube_rl_bridge/share/soma_cube_rl_bridge/local_setup.sh
[0.540s] -- Up-to-date: /home/jack/ros2_ws/install/soma_cube_rl_bridge/share/soma_cube_rl_bridge/local_setup.zsh
[0.540s] -- Up-to-date: /home/jack/ros2_ws/install/soma_cube_rl_bridge/share/soma_cube_rl_bridge/local_setup.dsv
[0.540s] -- Up-to-date: /home/jack/ros2_ws/install/soma_cube_rl_bridge/share/soma_cube_rl_bridge/package.dsv
[0.541s] -- Up-to-date: /home/jack/ros2_ws/install/soma_cube_rl_bridge/share/ament_index/resource_index/packages/soma_cube_rl_bridge
[0.541s] -- Up-to-date: /home/jack/ros2_ws/install/soma_cube_rl_bridge/share/soma_cube_rl_bridge/cmake/export_soma_cube_rl_bridge__rosidl_generator_cExport.cmake
[0.541s] -- Up-to-date: /home/jack/ros2_ws/install/soma_cube_rl_bridge/share/soma_cube_rl_bridge/cmake/export_soma_cube_rl_bridge__rosidl_generator_cExport-noconfig.cmake
[0.541s] -- Up-to-date: /home/jack/ros2_ws/install/soma_cube_rl_bridge/share/soma_cube_rl_bridge/cmake/export_soma_cube_rl_bridge__rosidl_typesupport_fastrtps_cExport.cmake
[0.541s] -- Up-to-date: /home/jack/ros2_ws/install/soma_cube_rl_bridge/share/soma_cube_rl_bridge/cmake/export_soma_cube_rl_bridge__rosidl_typesupport_fastrtps_cExport-noconfig.cmake
[0.541s] -- Up-to-date: /home/jack/ros2_ws/install/soma_cube_rl_bridge/share/soma_cube_rl_bridge/cmake/export_soma_cube_rl_bridge__rosidl_generator_cppExport.cmake
[0.541s] -- Up-to-date: /home/jack/ros2_ws/install/soma_cube_rl_bridge/share/soma_cube_rl_bridge/cmake/export_soma_cube_rl_bridge__rosidl_typesupport_fastrtps_cppExport.cmake
[0.541s] -- Up-to-date: /home/jack/ros2_ws/install/soma_cube_rl_bridge/share/soma_cube_rl_bridge/cmake/export_soma_cube_rl_bridge__rosidl_typesupport_fastrtps_cppExport-noconfig.cmake
[0.541s] -- Up-to-date: /home/jack/ros2_ws/install/soma_cube_rl_bridge/share/soma_cube_rl_bridge/cmake/soma_cube_rl_bridge__rosidl_typesupport_introspection_cExport.cmake
[0.541s] -- Up-to-date: /home/jack/ros2_ws/install/soma_cube_rl_bridge/share/soma_cube_rl_bridge/cmake/soma_cube_rl_bridge__rosidl_typesupport_introspection_cExport-noconfig.cmake
[0.541s] -- Up-to-date: /home/jack/ros2_ws/install/soma_cube_rl_bridge/share/soma_cube_rl_bridge/cmake/soma_cube_rl_bridge__rosidl_typesupport_cExport.cmake
[0.541s] -- Up-to-date: /home/jack/ros2_ws/install/soma_cube_rl_bridge/share/soma_cube_rl_bridge/cmake/soma_cube_rl_bridge__rosidl_typesupport_cExport-noconfig.cmake
[0.541s] -- Up-to-date: /home/jack/ros2_ws/install/soma_cube_rl_bridge/share/soma_cube_rl_bridge/cmake/soma_cube_rl_bridge__rosidl_typesupport_introspection_cppExport.cmake
[0.541s] -- Up-to-date: /home/jack/ros2_ws/install/soma_cube_rl_bridge/share/soma_cube_rl_bridge/cmake/soma_cube_rl_bridge__rosidl_typesupport_introspection_cppExport-noconfig.cmake
[0.541s] -- Up-to-date: /home/jack/ros2_ws/install/soma_cube_rl_bridge/share/soma_cube_rl_bridge/cmake/soma_cube_rl_bridge__rosidl_typesupport_cppExport.cmake
[0.541s] -- Up-to-date: /home/jack/ros2_ws/install/soma_cube_rl_bridge/share/soma_cube_rl_bridge/cmake/soma_cube_rl_bridge__rosidl_typesupport_cppExport-noconfig.cmake
[0.541s] -- Up-to-date: /home/jack/ros2_ws/install/soma_cube_rl_bridge/share/soma_cube_rl_bridge/cmake/export_soma_cube_rl_bridge__rosidl_generator_pyExport.cmake
[0.541s] -- Up-to-date: /home/jack/ros2_ws/install/soma_cube_rl_bridge/share/soma_cube_rl_bridge/cmake/export_soma_cube_rl_bridge__rosidl_generator_pyExport-noconfig.cmake
[0.542s] -- Up-to-date: /home/jack/ros2_ws/install/soma_cube_rl_bridge/share/soma_cube_rl_bridge/cmake/rosidl_cmake-extras.cmake
[0.542s] -- Up-to-date: /home/jack/ros2_ws/install/soma_cube_rl_bridge/share/soma_cube_rl_bridge/cmake/ament_cmake_export_dependencies-extras.cmake
[0.542s] -- Up-to-date: /home/jack/ros2_ws/install/soma_cube_rl_bridge/share/soma_cube_rl_bridge/cmake/ament_cmake_export_include_directories-extras.cmake
[0.542s] -- Up-to-date: /home/jack/ros2_ws/install/soma_cube_rl_bridge/share/soma_cube_rl_bridge/cmake/ament_cmake_export_libraries-extras.cmake
[0.542s] -- Up-to-date: /home/jack/ros2_ws/install/soma_cube_rl_bridge/share/soma_cube_rl_bridge/cmake/ament_cmake_export_targets-extras.cmake
[0.542s] -- Up-to-date: /home/jack/ros2_ws/install/soma_cube_rl_bridge/share/soma_cube_rl_bridge/cmake/rosidl_cmake_export_typesupport_targets-extras.cmake
[0.542s] -- Up-to-date: /home/jack/ros2_ws/install/soma_cube_rl_bridge/share/soma_cube_rl_bridge/cmake/rosidl_cmake_export_typesupport_libraries-extras.cmake
[0.542s] -- Up-to-date: /home/jack/ros2_ws/install/soma_cube_rl_bridge/share/soma_cube_rl_bridge/cmake/soma_cube_rl_bridgeConfig.cmake
[0.542s] -- Up-to-date: /home/jack/ros2_ws/install/soma_cube_rl_bridge/share/soma_cube_rl_bridge/cmake/soma_cube_rl_bridgeConfig-version.cmake
[0.542s] -- Up-to-date: /home/jack/ros2_ws/install/soma_cube_rl_bridge/share/soma_cube_rl_bridge/package.xml
[0.545s] Invoked command in '/home/jack/ros2_ws/build/soma_cube_rl_bridge' returned '0': AMENT_PREFIX_PATH=/home/jack/ros2_ws/install/dsr_msgs2:/home/jack/ros2_ws/install/dsr_common2:${AMENT_PREFIX_PATH} CMAKE_PREFIX_PATH=/home/jack/ros2_ws/install/dsr_msgs2:/home/jack/ros2_ws/install/dsr_common2:/opt/ros/humble LD_LIBRARY_PATH=/home/jack/ros2_ws/install/dsr_msgs2/lib:${LD_LIBRARY_PATH} PYTHONPATH=/home/jack/ros2_ws/install/dsr_msgs2/local/lib/python3.10/dist-packages:${PYTHONPATH} /usr/bin/cmake --install /home/jack/ros2_ws/build/soma_cube_rl_bridge
